ARM GAS  C:\Users\nosak\AppData\Local\Temp\cc1zpZSv.s 			page 1


   1              		.syntax unified
   2              		.cpu cortex-m3
   3              		.fpu softvfp
   4              		.eabi_attribute 20, 1
   5              		.eabi_attribute 21, 1
   6              		.eabi_attribute 23, 3
   7              		.eabi_attribute 24, 1
   8              		.eabi_attribute 25, 1
   9              		.eabi_attribute 26, 1
  10              		.eabi_attribute 30, 1
  11              		.eabi_attribute 34, 1
  12              		.eabi_attribute 18, 4
  13              		.thumb
  14              		.file	"KeisokuTimer_isr.c"
  15              		.text
  16              	.Ltext0:
  17              		.cfi_sections	.debug_frame
  18              		.section	.text.KeisokuTimer_isr_Interrupt,"ax",%progbits
  19              		.align	2
  20              		.global	KeisokuTimer_isr_Interrupt
  21              		.thumb
  22              		.thumb_func
  23              		.type	KeisokuTimer_isr_Interrupt, %function
  24              	KeisokuTimer_isr_Interrupt:
  25              	.LFB3:
  26              		.file 1 ".\\Generated_Source\\PSoC5\\KeisokuTimer_isr.c"
   1:.\Generated_Source\PSoC5/KeisokuTimer_isr.c **** /*******************************************************************************
   2:.\Generated_Source\PSoC5/KeisokuTimer_isr.c **** * File Name: KeisokuTimer_isr.c  
   3:.\Generated_Source\PSoC5/KeisokuTimer_isr.c **** * Version 1.70
   4:.\Generated_Source\PSoC5/KeisokuTimer_isr.c **** *
   5:.\Generated_Source\PSoC5/KeisokuTimer_isr.c **** *  Description:
   6:.\Generated_Source\PSoC5/KeisokuTimer_isr.c **** *   API for controlling the state of an interrupt.
   7:.\Generated_Source\PSoC5/KeisokuTimer_isr.c **** *
   8:.\Generated_Source\PSoC5/KeisokuTimer_isr.c **** *
   9:.\Generated_Source\PSoC5/KeisokuTimer_isr.c **** *  Note:
  10:.\Generated_Source\PSoC5/KeisokuTimer_isr.c **** *
  11:.\Generated_Source\PSoC5/KeisokuTimer_isr.c **** ********************************************************************************
  12:.\Generated_Source\PSoC5/KeisokuTimer_isr.c **** * Copyright 2008-2015, Cypress Semiconductor Corporation.  All rights reserved.
  13:.\Generated_Source\PSoC5/KeisokuTimer_isr.c **** * You may use this file only in accordance with the license, terms, conditions, 
  14:.\Generated_Source\PSoC5/KeisokuTimer_isr.c **** * disclaimers, and limitations in the end user license agreement accompanying 
  15:.\Generated_Source\PSoC5/KeisokuTimer_isr.c **** * the software package with which this file was provided.
  16:.\Generated_Source\PSoC5/KeisokuTimer_isr.c **** *******************************************************************************/
  17:.\Generated_Source\PSoC5/KeisokuTimer_isr.c **** 
  18:.\Generated_Source\PSoC5/KeisokuTimer_isr.c **** 
  19:.\Generated_Source\PSoC5/KeisokuTimer_isr.c **** #include <cydevice_trm.h>
  20:.\Generated_Source\PSoC5/KeisokuTimer_isr.c **** #include <CyLib.h>
  21:.\Generated_Source\PSoC5/KeisokuTimer_isr.c **** #include <KeisokuTimer_isr.h>
  22:.\Generated_Source\PSoC5/KeisokuTimer_isr.c **** #include "cyapicallbacks.h"
  23:.\Generated_Source\PSoC5/KeisokuTimer_isr.c **** 
  24:.\Generated_Source\PSoC5/KeisokuTimer_isr.c **** #if !defined(KeisokuTimer_isr__REMOVED) /* Check for removal by optimization */
  25:.\Generated_Source\PSoC5/KeisokuTimer_isr.c **** 
  26:.\Generated_Source\PSoC5/KeisokuTimer_isr.c **** /*******************************************************************************
  27:.\Generated_Source\PSoC5/KeisokuTimer_isr.c **** *  Place your includes, defines and code here 
  28:.\Generated_Source\PSoC5/KeisokuTimer_isr.c **** ********************************************************************************/
  29:.\Generated_Source\PSoC5/KeisokuTimer_isr.c **** /* `#START KeisokuTimer_isr_intc` */
  30:.\Generated_Source\PSoC5/KeisokuTimer_isr.c **** extern void     My_KeisokuTimer_isr_Interrupt(void);
  31:.\Generated_Source\PSoC5/KeisokuTimer_isr.c **** /* `#END` */
ARM GAS  C:\Users\nosak\AppData\Local\Temp\cc1zpZSv.s 			page 2


  32:.\Generated_Source\PSoC5/KeisokuTimer_isr.c **** 
  33:.\Generated_Source\PSoC5/KeisokuTimer_isr.c **** #ifndef CYINT_IRQ_BASE
  34:.\Generated_Source\PSoC5/KeisokuTimer_isr.c **** #define CYINT_IRQ_BASE      16
  35:.\Generated_Source\PSoC5/KeisokuTimer_isr.c **** #endif /* CYINT_IRQ_BASE */
  36:.\Generated_Source\PSoC5/KeisokuTimer_isr.c **** #ifndef CYINT_VECT_TABLE
  37:.\Generated_Source\PSoC5/KeisokuTimer_isr.c **** #define CYINT_VECT_TABLE    ((cyisraddress **) CYREG_NVIC_VECT_OFFSET)
  38:.\Generated_Source\PSoC5/KeisokuTimer_isr.c **** #endif /* CYINT_VECT_TABLE */
  39:.\Generated_Source\PSoC5/KeisokuTimer_isr.c **** 
  40:.\Generated_Source\PSoC5/KeisokuTimer_isr.c **** /* Declared in startup, used to set unused interrupts to. */
  41:.\Generated_Source\PSoC5/KeisokuTimer_isr.c **** CY_ISR_PROTO(IntDefaultHandler);
  42:.\Generated_Source\PSoC5/KeisokuTimer_isr.c **** 
  43:.\Generated_Source\PSoC5/KeisokuTimer_isr.c **** 
  44:.\Generated_Source\PSoC5/KeisokuTimer_isr.c **** /*******************************************************************************
  45:.\Generated_Source\PSoC5/KeisokuTimer_isr.c **** * Function Name: KeisokuTimer_isr_Start
  46:.\Generated_Source\PSoC5/KeisokuTimer_isr.c **** ********************************************************************************
  47:.\Generated_Source\PSoC5/KeisokuTimer_isr.c **** *
  48:.\Generated_Source\PSoC5/KeisokuTimer_isr.c **** * Summary:
  49:.\Generated_Source\PSoC5/KeisokuTimer_isr.c **** *  Set up the interrupt and enable it. This function disables the interrupt, 
  50:.\Generated_Source\PSoC5/KeisokuTimer_isr.c **** *  sets the default interrupt vector, sets the priority from the value in the
  51:.\Generated_Source\PSoC5/KeisokuTimer_isr.c **** *  Design Wide Resources Interrupt Editor, then enables the interrupt to the 
  52:.\Generated_Source\PSoC5/KeisokuTimer_isr.c **** *  interrupt controller.
  53:.\Generated_Source\PSoC5/KeisokuTimer_isr.c **** *
  54:.\Generated_Source\PSoC5/KeisokuTimer_isr.c **** * Parameters:  
  55:.\Generated_Source\PSoC5/KeisokuTimer_isr.c **** *   None
  56:.\Generated_Source\PSoC5/KeisokuTimer_isr.c **** *
  57:.\Generated_Source\PSoC5/KeisokuTimer_isr.c **** * Return:
  58:.\Generated_Source\PSoC5/KeisokuTimer_isr.c **** *   None
  59:.\Generated_Source\PSoC5/KeisokuTimer_isr.c **** *
  60:.\Generated_Source\PSoC5/KeisokuTimer_isr.c **** *******************************************************************************/
  61:.\Generated_Source\PSoC5/KeisokuTimer_isr.c **** void KeisokuTimer_isr_Start(void)
  62:.\Generated_Source\PSoC5/KeisokuTimer_isr.c **** {
  63:.\Generated_Source\PSoC5/KeisokuTimer_isr.c ****     /* For all we know the interrupt is active. */
  64:.\Generated_Source\PSoC5/KeisokuTimer_isr.c ****     KeisokuTimer_isr_Disable();
  65:.\Generated_Source\PSoC5/KeisokuTimer_isr.c **** 
  66:.\Generated_Source\PSoC5/KeisokuTimer_isr.c ****     /* Set the ISR to point to the KeisokuTimer_isr Interrupt. */
  67:.\Generated_Source\PSoC5/KeisokuTimer_isr.c ****     KeisokuTimer_isr_SetVector(&KeisokuTimer_isr_Interrupt);
  68:.\Generated_Source\PSoC5/KeisokuTimer_isr.c **** 
  69:.\Generated_Source\PSoC5/KeisokuTimer_isr.c ****     /* Set the priority. */
  70:.\Generated_Source\PSoC5/KeisokuTimer_isr.c ****     KeisokuTimer_isr_SetPriority((uint8)KeisokuTimer_isr_INTC_PRIOR_NUMBER);
  71:.\Generated_Source\PSoC5/KeisokuTimer_isr.c **** 
  72:.\Generated_Source\PSoC5/KeisokuTimer_isr.c ****     /* Enable it. */
  73:.\Generated_Source\PSoC5/KeisokuTimer_isr.c ****     KeisokuTimer_isr_Enable();
  74:.\Generated_Source\PSoC5/KeisokuTimer_isr.c **** }
  75:.\Generated_Source\PSoC5/KeisokuTimer_isr.c **** 
  76:.\Generated_Source\PSoC5/KeisokuTimer_isr.c **** 
  77:.\Generated_Source\PSoC5/KeisokuTimer_isr.c **** /*******************************************************************************
  78:.\Generated_Source\PSoC5/KeisokuTimer_isr.c **** * Function Name: KeisokuTimer_isr_StartEx
  79:.\Generated_Source\PSoC5/KeisokuTimer_isr.c **** ********************************************************************************
  80:.\Generated_Source\PSoC5/KeisokuTimer_isr.c **** *
  81:.\Generated_Source\PSoC5/KeisokuTimer_isr.c **** * Summary:
  82:.\Generated_Source\PSoC5/KeisokuTimer_isr.c **** *  Sets up the interrupt and enables it. This function disables the interrupt,
  83:.\Generated_Source\PSoC5/KeisokuTimer_isr.c **** *  sets the interrupt vector based on the address passed in, sets the priority 
  84:.\Generated_Source\PSoC5/KeisokuTimer_isr.c **** *  from the value in the Design Wide Resources Interrupt Editor, then enables 
  85:.\Generated_Source\PSoC5/KeisokuTimer_isr.c **** *  the interrupt to the interrupt controller.
  86:.\Generated_Source\PSoC5/KeisokuTimer_isr.c **** *  
  87:.\Generated_Source\PSoC5/KeisokuTimer_isr.c **** *  When defining ISR functions, the CY_ISR and CY_ISR_PROTO macros should be 
  88:.\Generated_Source\PSoC5/KeisokuTimer_isr.c **** *  used to provide consistent definition across compilers:
ARM GAS  C:\Users\nosak\AppData\Local\Temp\cc1zpZSv.s 			page 3


  89:.\Generated_Source\PSoC5/KeisokuTimer_isr.c **** *  
  90:.\Generated_Source\PSoC5/KeisokuTimer_isr.c **** *  Function definition example:
  91:.\Generated_Source\PSoC5/KeisokuTimer_isr.c **** *   CY_ISR(MyISR)
  92:.\Generated_Source\PSoC5/KeisokuTimer_isr.c **** *   {
  93:.\Generated_Source\PSoC5/KeisokuTimer_isr.c **** *   }
  94:.\Generated_Source\PSoC5/KeisokuTimer_isr.c **** *   Function prototype example:
  95:.\Generated_Source\PSoC5/KeisokuTimer_isr.c **** *   CY_ISR_PROTO(MyISR);
  96:.\Generated_Source\PSoC5/KeisokuTimer_isr.c **** *
  97:.\Generated_Source\PSoC5/KeisokuTimer_isr.c **** * Parameters:  
  98:.\Generated_Source\PSoC5/KeisokuTimer_isr.c **** *   address: Address of the ISR to set in the interrupt vector table.
  99:.\Generated_Source\PSoC5/KeisokuTimer_isr.c **** *
 100:.\Generated_Source\PSoC5/KeisokuTimer_isr.c **** * Return:
 101:.\Generated_Source\PSoC5/KeisokuTimer_isr.c **** *   None
 102:.\Generated_Source\PSoC5/KeisokuTimer_isr.c **** *
 103:.\Generated_Source\PSoC5/KeisokuTimer_isr.c **** *******************************************************************************/
 104:.\Generated_Source\PSoC5/KeisokuTimer_isr.c **** void KeisokuTimer_isr_StartEx(cyisraddress address)
 105:.\Generated_Source\PSoC5/KeisokuTimer_isr.c **** {
 106:.\Generated_Source\PSoC5/KeisokuTimer_isr.c ****     /* For all we know the interrupt is active. */
 107:.\Generated_Source\PSoC5/KeisokuTimer_isr.c ****     KeisokuTimer_isr_Disable();
 108:.\Generated_Source\PSoC5/KeisokuTimer_isr.c **** 
 109:.\Generated_Source\PSoC5/KeisokuTimer_isr.c ****     /* Set the ISR to point to the KeisokuTimer_isr Interrupt. */
 110:.\Generated_Source\PSoC5/KeisokuTimer_isr.c ****     KeisokuTimer_isr_SetVector(address);
 111:.\Generated_Source\PSoC5/KeisokuTimer_isr.c **** 
 112:.\Generated_Source\PSoC5/KeisokuTimer_isr.c ****     /* Set the priority. */
 113:.\Generated_Source\PSoC5/KeisokuTimer_isr.c ****     KeisokuTimer_isr_SetPriority((uint8)KeisokuTimer_isr_INTC_PRIOR_NUMBER);
 114:.\Generated_Source\PSoC5/KeisokuTimer_isr.c **** 
 115:.\Generated_Source\PSoC5/KeisokuTimer_isr.c ****     /* Enable it. */
 116:.\Generated_Source\PSoC5/KeisokuTimer_isr.c ****     KeisokuTimer_isr_Enable();
 117:.\Generated_Source\PSoC5/KeisokuTimer_isr.c **** }
 118:.\Generated_Source\PSoC5/KeisokuTimer_isr.c **** 
 119:.\Generated_Source\PSoC5/KeisokuTimer_isr.c **** 
 120:.\Generated_Source\PSoC5/KeisokuTimer_isr.c **** /*******************************************************************************
 121:.\Generated_Source\PSoC5/KeisokuTimer_isr.c **** * Function Name: KeisokuTimer_isr_Stop
 122:.\Generated_Source\PSoC5/KeisokuTimer_isr.c **** ********************************************************************************
 123:.\Generated_Source\PSoC5/KeisokuTimer_isr.c **** *
 124:.\Generated_Source\PSoC5/KeisokuTimer_isr.c **** * Summary:
 125:.\Generated_Source\PSoC5/KeisokuTimer_isr.c **** *   Disables and removes the interrupt.
 126:.\Generated_Source\PSoC5/KeisokuTimer_isr.c **** *
 127:.\Generated_Source\PSoC5/KeisokuTimer_isr.c **** * Parameters:  
 128:.\Generated_Source\PSoC5/KeisokuTimer_isr.c **** *   None
 129:.\Generated_Source\PSoC5/KeisokuTimer_isr.c **** *
 130:.\Generated_Source\PSoC5/KeisokuTimer_isr.c **** * Return:
 131:.\Generated_Source\PSoC5/KeisokuTimer_isr.c **** *   None
 132:.\Generated_Source\PSoC5/KeisokuTimer_isr.c **** *
 133:.\Generated_Source\PSoC5/KeisokuTimer_isr.c **** *******************************************************************************/
 134:.\Generated_Source\PSoC5/KeisokuTimer_isr.c **** void KeisokuTimer_isr_Stop(void)
 135:.\Generated_Source\PSoC5/KeisokuTimer_isr.c **** {
 136:.\Generated_Source\PSoC5/KeisokuTimer_isr.c ****     /* Disable this interrupt. */
 137:.\Generated_Source\PSoC5/KeisokuTimer_isr.c ****     KeisokuTimer_isr_Disable();
 138:.\Generated_Source\PSoC5/KeisokuTimer_isr.c **** 
 139:.\Generated_Source\PSoC5/KeisokuTimer_isr.c ****     /* Set the ISR to point to the passive one. */
 140:.\Generated_Source\PSoC5/KeisokuTimer_isr.c ****     KeisokuTimer_isr_SetVector(&IntDefaultHandler);
 141:.\Generated_Source\PSoC5/KeisokuTimer_isr.c **** }
 142:.\Generated_Source\PSoC5/KeisokuTimer_isr.c **** 
 143:.\Generated_Source\PSoC5/KeisokuTimer_isr.c **** 
 144:.\Generated_Source\PSoC5/KeisokuTimer_isr.c **** /*******************************************************************************
 145:.\Generated_Source\PSoC5/KeisokuTimer_isr.c **** * Function Name: KeisokuTimer_isr_Interrupt
ARM GAS  C:\Users\nosak\AppData\Local\Temp\cc1zpZSv.s 			page 4


 146:.\Generated_Source\PSoC5/KeisokuTimer_isr.c **** ********************************************************************************
 147:.\Generated_Source\PSoC5/KeisokuTimer_isr.c **** *
 148:.\Generated_Source\PSoC5/KeisokuTimer_isr.c **** * Summary:
 149:.\Generated_Source\PSoC5/KeisokuTimer_isr.c **** *   The default Interrupt Service Routine for KeisokuTimer_isr.
 150:.\Generated_Source\PSoC5/KeisokuTimer_isr.c **** *
 151:.\Generated_Source\PSoC5/KeisokuTimer_isr.c **** *   Add custom code between the coments to keep the next version of this file
 152:.\Generated_Source\PSoC5/KeisokuTimer_isr.c **** *   from over writting your code.
 153:.\Generated_Source\PSoC5/KeisokuTimer_isr.c **** *
 154:.\Generated_Source\PSoC5/KeisokuTimer_isr.c **** * Parameters:  
 155:.\Generated_Source\PSoC5/KeisokuTimer_isr.c **** *
 156:.\Generated_Source\PSoC5/KeisokuTimer_isr.c **** * Return:
 157:.\Generated_Source\PSoC5/KeisokuTimer_isr.c **** *   None
 158:.\Generated_Source\PSoC5/KeisokuTimer_isr.c **** *
 159:.\Generated_Source\PSoC5/KeisokuTimer_isr.c **** *******************************************************************************/
 160:.\Generated_Source\PSoC5/KeisokuTimer_isr.c **** CY_ISR(KeisokuTimer_isr_Interrupt)
 161:.\Generated_Source\PSoC5/KeisokuTimer_isr.c **** {
  27              		.loc 1 161 0
  28              		.cfi_startproc
  29              		@ args = 0, pretend = 0, frame = 0
  30              		@ frame_needed = 0, uses_anonymous_args = 0
  31 0000 08B5     		push	{r3, lr}
  32              		.cfi_def_cfa_offset 8
  33              		.cfi_offset 3, -8
  34              		.cfi_offset 14, -4
 162:.\Generated_Source\PSoC5/KeisokuTimer_isr.c ****     #ifdef KeisokuTimer_isr_INTERRUPT_INTERRUPT_CALLBACK
 163:.\Generated_Source\PSoC5/KeisokuTimer_isr.c ****         KeisokuTimer_isr_Interrupt_InterruptCallback();
 164:.\Generated_Source\PSoC5/KeisokuTimer_isr.c ****     #endif /* KeisokuTimer_isr_INTERRUPT_INTERRUPT_CALLBACK */ 
 165:.\Generated_Source\PSoC5/KeisokuTimer_isr.c **** 
 166:.\Generated_Source\PSoC5/KeisokuTimer_isr.c ****     /*  Place your Interrupt code here. */
 167:.\Generated_Source\PSoC5/KeisokuTimer_isr.c ****     /* `#START KeisokuTimer_isr_Interrupt` */
 168:.\Generated_Source\PSoC5/KeisokuTimer_isr.c ****     My_KeisokuTimer_isr_Interrupt();
  35              		.loc 1 168 0
  36 0002 FFF7FEFF 		bl	My_KeisokuTimer_isr_Interrupt
  37              	.LVL0:
  38 0006 08BD     		pop	{r3, pc}
  39              		.cfi_endproc
  40              	.LFE3:
  41              		.size	KeisokuTimer_isr_Interrupt, .-KeisokuTimer_isr_Interrupt
  42              		.section	.text.KeisokuTimer_isr_SetVector,"ax",%progbits
  43              		.align	2
  44              		.global	KeisokuTimer_isr_SetVector
  45              		.thumb
  46              		.thumb_func
  47              		.type	KeisokuTimer_isr_SetVector, %function
  48              	KeisokuTimer_isr_SetVector:
  49              	.LFB4:
 169:.\Generated_Source\PSoC5/KeisokuTimer_isr.c ****     /* `#END` */
 170:.\Generated_Source\PSoC5/KeisokuTimer_isr.c **** }
 171:.\Generated_Source\PSoC5/KeisokuTimer_isr.c **** 
 172:.\Generated_Source\PSoC5/KeisokuTimer_isr.c **** 
 173:.\Generated_Source\PSoC5/KeisokuTimer_isr.c **** /*******************************************************************************
 174:.\Generated_Source\PSoC5/KeisokuTimer_isr.c **** * Function Name: KeisokuTimer_isr_SetVector
 175:.\Generated_Source\PSoC5/KeisokuTimer_isr.c **** ********************************************************************************
 176:.\Generated_Source\PSoC5/KeisokuTimer_isr.c **** *
 177:.\Generated_Source\PSoC5/KeisokuTimer_isr.c **** * Summary:
 178:.\Generated_Source\PSoC5/KeisokuTimer_isr.c **** *   Change the ISR vector for the Interrupt. Note calling KeisokuTimer_isr_Start
 179:.\Generated_Source\PSoC5/KeisokuTimer_isr.c **** *   will override any effect this method would have had. To set the vector 
ARM GAS  C:\Users\nosak\AppData\Local\Temp\cc1zpZSv.s 			page 5


 180:.\Generated_Source\PSoC5/KeisokuTimer_isr.c **** *   before the component has been started use KeisokuTimer_isr_StartEx instead.
 181:.\Generated_Source\PSoC5/KeisokuTimer_isr.c **** * 
 182:.\Generated_Source\PSoC5/KeisokuTimer_isr.c **** *   When defining ISR functions, the CY_ISR and CY_ISR_PROTO macros should be 
 183:.\Generated_Source\PSoC5/KeisokuTimer_isr.c **** *   used to provide consistent definition across compilers:
 184:.\Generated_Source\PSoC5/KeisokuTimer_isr.c **** *
 185:.\Generated_Source\PSoC5/KeisokuTimer_isr.c **** *   Function definition example:
 186:.\Generated_Source\PSoC5/KeisokuTimer_isr.c **** *   CY_ISR(MyISR)
 187:.\Generated_Source\PSoC5/KeisokuTimer_isr.c **** *   {
 188:.\Generated_Source\PSoC5/KeisokuTimer_isr.c **** *   }
 189:.\Generated_Source\PSoC5/KeisokuTimer_isr.c **** *
 190:.\Generated_Source\PSoC5/KeisokuTimer_isr.c **** *   Function prototype example:
 191:.\Generated_Source\PSoC5/KeisokuTimer_isr.c **** *     CY_ISR_PROTO(MyISR);
 192:.\Generated_Source\PSoC5/KeisokuTimer_isr.c **** *
 193:.\Generated_Source\PSoC5/KeisokuTimer_isr.c **** * Parameters:
 194:.\Generated_Source\PSoC5/KeisokuTimer_isr.c **** *   address: Address of the ISR to set in the interrupt vector table.
 195:.\Generated_Source\PSoC5/KeisokuTimer_isr.c **** *
 196:.\Generated_Source\PSoC5/KeisokuTimer_isr.c **** * Return:
 197:.\Generated_Source\PSoC5/KeisokuTimer_isr.c **** *   None
 198:.\Generated_Source\PSoC5/KeisokuTimer_isr.c **** *
 199:.\Generated_Source\PSoC5/KeisokuTimer_isr.c **** *******************************************************************************/
 200:.\Generated_Source\PSoC5/KeisokuTimer_isr.c **** void KeisokuTimer_isr_SetVector(cyisraddress address)
 201:.\Generated_Source\PSoC5/KeisokuTimer_isr.c **** {
  50              		.loc 1 201 0
  51              		.cfi_startproc
  52              		@ args = 0, pretend = 0, frame = 0
  53              		@ frame_needed = 0, uses_anonymous_args = 0
  54              		@ link register save eliminated.
  55              	.LVL1:
 202:.\Generated_Source\PSoC5/KeisokuTimer_isr.c ****     cyisraddress * ramVectorTable;
 203:.\Generated_Source\PSoC5/KeisokuTimer_isr.c **** 
 204:.\Generated_Source\PSoC5/KeisokuTimer_isr.c ****     ramVectorTable = (cyisraddress *) *CYINT_VECT_TABLE;
  56              		.loc 1 204 0
  57 0000 024B     		ldr	r3, .L4
  58 0002 1B68     		ldr	r3, [r3]
  59              	.LVL2:
 205:.\Generated_Source\PSoC5/KeisokuTimer_isr.c **** 
 206:.\Generated_Source\PSoC5/KeisokuTimer_isr.c ****     ramVectorTable[CYINT_IRQ_BASE + (uint32)KeisokuTimer_isr__INTC_NUMBER] = address;
  60              		.loc 1 206 0
  61 0004 C3F88400 		str	r0, [r3, #132]
  62 0008 7047     		bx	lr
  63              	.L5:
  64 000a 00BF     		.align	2
  65              	.L4:
  66 000c 08ED00E0 		.word	-536810232
  67              		.cfi_endproc
  68              	.LFE4:
  69              		.size	KeisokuTimer_isr_SetVector, .-KeisokuTimer_isr_SetVector
  70              		.section	.text.KeisokuTimer_isr_GetVector,"ax",%progbits
  71              		.align	2
  72              		.global	KeisokuTimer_isr_GetVector
  73              		.thumb
  74              		.thumb_func
  75              		.type	KeisokuTimer_isr_GetVector, %function
  76              	KeisokuTimer_isr_GetVector:
  77              	.LFB5:
 207:.\Generated_Source\PSoC5/KeisokuTimer_isr.c **** }
 208:.\Generated_Source\PSoC5/KeisokuTimer_isr.c **** 
ARM GAS  C:\Users\nosak\AppData\Local\Temp\cc1zpZSv.s 			page 6


 209:.\Generated_Source\PSoC5/KeisokuTimer_isr.c **** 
 210:.\Generated_Source\PSoC5/KeisokuTimer_isr.c **** /*******************************************************************************
 211:.\Generated_Source\PSoC5/KeisokuTimer_isr.c **** * Function Name: KeisokuTimer_isr_GetVector
 212:.\Generated_Source\PSoC5/KeisokuTimer_isr.c **** ********************************************************************************
 213:.\Generated_Source\PSoC5/KeisokuTimer_isr.c **** *
 214:.\Generated_Source\PSoC5/KeisokuTimer_isr.c **** * Summary:
 215:.\Generated_Source\PSoC5/KeisokuTimer_isr.c **** *   Gets the "address" of the current ISR vector for the Interrupt.
 216:.\Generated_Source\PSoC5/KeisokuTimer_isr.c **** *
 217:.\Generated_Source\PSoC5/KeisokuTimer_isr.c **** * Parameters:
 218:.\Generated_Source\PSoC5/KeisokuTimer_isr.c **** *   None
 219:.\Generated_Source\PSoC5/KeisokuTimer_isr.c **** *
 220:.\Generated_Source\PSoC5/KeisokuTimer_isr.c **** * Return:
 221:.\Generated_Source\PSoC5/KeisokuTimer_isr.c **** *   Address of the ISR in the interrupt vector table.
 222:.\Generated_Source\PSoC5/KeisokuTimer_isr.c **** *
 223:.\Generated_Source\PSoC5/KeisokuTimer_isr.c **** *******************************************************************************/
 224:.\Generated_Source\PSoC5/KeisokuTimer_isr.c **** cyisraddress KeisokuTimer_isr_GetVector(void)
 225:.\Generated_Source\PSoC5/KeisokuTimer_isr.c **** {
  78              		.loc 1 225 0
  79              		.cfi_startproc
  80              		@ args = 0, pretend = 0, frame = 0
  81              		@ frame_needed = 0, uses_anonymous_args = 0
  82              		@ link register save eliminated.
 226:.\Generated_Source\PSoC5/KeisokuTimer_isr.c ****     cyisraddress * ramVectorTable;
 227:.\Generated_Source\PSoC5/KeisokuTimer_isr.c **** 
 228:.\Generated_Source\PSoC5/KeisokuTimer_isr.c ****     ramVectorTable = (cyisraddress *) *CYINT_VECT_TABLE;
  83              		.loc 1 228 0
  84 0000 024B     		ldr	r3, .L7
  85 0002 1B68     		ldr	r3, [r3]
  86              	.LVL3:
 229:.\Generated_Source\PSoC5/KeisokuTimer_isr.c **** 
 230:.\Generated_Source\PSoC5/KeisokuTimer_isr.c ****     return ramVectorTable[CYINT_IRQ_BASE + (uint32)KeisokuTimer_isr__INTC_NUMBER];
 231:.\Generated_Source\PSoC5/KeisokuTimer_isr.c **** }
  87              		.loc 1 231 0
  88 0004 D3F88400 		ldr	r0, [r3, #132]
  89 0008 7047     		bx	lr
  90              	.L8:
  91 000a 00BF     		.align	2
  92              	.L7:
  93 000c 08ED00E0 		.word	-536810232
  94              		.cfi_endproc
  95              	.LFE5:
  96              		.size	KeisokuTimer_isr_GetVector, .-KeisokuTimer_isr_GetVector
  97              		.section	.text.KeisokuTimer_isr_SetPriority,"ax",%progbits
  98              		.align	2
  99              		.global	KeisokuTimer_isr_SetPriority
 100              		.thumb
 101              		.thumb_func
 102              		.type	KeisokuTimer_isr_SetPriority, %function
 103              	KeisokuTimer_isr_SetPriority:
 104              	.LFB6:
 232:.\Generated_Source\PSoC5/KeisokuTimer_isr.c **** 
 233:.\Generated_Source\PSoC5/KeisokuTimer_isr.c **** 
 234:.\Generated_Source\PSoC5/KeisokuTimer_isr.c **** /*******************************************************************************
 235:.\Generated_Source\PSoC5/KeisokuTimer_isr.c **** * Function Name: KeisokuTimer_isr_SetPriority
 236:.\Generated_Source\PSoC5/KeisokuTimer_isr.c **** ********************************************************************************
 237:.\Generated_Source\PSoC5/KeisokuTimer_isr.c **** *
 238:.\Generated_Source\PSoC5/KeisokuTimer_isr.c **** * Summary:
ARM GAS  C:\Users\nosak\AppData\Local\Temp\cc1zpZSv.s 			page 7


 239:.\Generated_Source\PSoC5/KeisokuTimer_isr.c **** *   Sets the Priority of the Interrupt. 
 240:.\Generated_Source\PSoC5/KeisokuTimer_isr.c **** *
 241:.\Generated_Source\PSoC5/KeisokuTimer_isr.c **** *   Note calling KeisokuTimer_isr_Start or KeisokuTimer_isr_StartEx will 
 242:.\Generated_Source\PSoC5/KeisokuTimer_isr.c **** *   override any effect this API would have had. This API should only be called
 243:.\Generated_Source\PSoC5/KeisokuTimer_isr.c **** *   after KeisokuTimer_isr_Start or KeisokuTimer_isr_StartEx has been called. 
 244:.\Generated_Source\PSoC5/KeisokuTimer_isr.c **** *   To set the initial priority for the component, use the Design-Wide Resources
 245:.\Generated_Source\PSoC5/KeisokuTimer_isr.c **** *   Interrupt Editor.
 246:.\Generated_Source\PSoC5/KeisokuTimer_isr.c **** *
 247:.\Generated_Source\PSoC5/KeisokuTimer_isr.c **** *   Note This API has no effect on Non-maskable interrupt NMI).
 248:.\Generated_Source\PSoC5/KeisokuTimer_isr.c **** *
 249:.\Generated_Source\PSoC5/KeisokuTimer_isr.c **** * Parameters:
 250:.\Generated_Source\PSoC5/KeisokuTimer_isr.c **** *   priority: Priority of the interrupt, 0 being the highest priority
 251:.\Generated_Source\PSoC5/KeisokuTimer_isr.c **** *             PSoC 3 and PSoC 5LP: Priority is from 0 to 7.
 252:.\Generated_Source\PSoC5/KeisokuTimer_isr.c **** *             PSoC 4: Priority is from 0 to 3.
 253:.\Generated_Source\PSoC5/KeisokuTimer_isr.c **** *
 254:.\Generated_Source\PSoC5/KeisokuTimer_isr.c **** * Return:
 255:.\Generated_Source\PSoC5/KeisokuTimer_isr.c **** *   None
 256:.\Generated_Source\PSoC5/KeisokuTimer_isr.c **** *
 257:.\Generated_Source\PSoC5/KeisokuTimer_isr.c **** *******************************************************************************/
 258:.\Generated_Source\PSoC5/KeisokuTimer_isr.c **** void KeisokuTimer_isr_SetPriority(uint8 priority)
 259:.\Generated_Source\PSoC5/KeisokuTimer_isr.c **** {
 105              		.loc 1 259 0
 106              		.cfi_startproc
 107              		@ args = 0, pretend = 0, frame = 0
 108              		@ frame_needed = 0, uses_anonymous_args = 0
 109              		@ link register save eliminated.
 110              	.LVL4:
 260:.\Generated_Source\PSoC5/KeisokuTimer_isr.c ****     *KeisokuTimer_isr_INTC_PRIOR = priority << 5;
 111              		.loc 1 260 0
 112 0000 4001     		lsls	r0, r0, #5
 113              	.LVL5:
 114 0002 C0B2     		uxtb	r0, r0
 115 0004 014B     		ldr	r3, .L10
 116 0006 1870     		strb	r0, [r3]
 117 0008 7047     		bx	lr
 118              	.L11:
 119 000a 00BF     		.align	2
 120              	.L10:
 121 000c 11E400E0 		.word	-536812527
 122              		.cfi_endproc
 123              	.LFE6:
 124              		.size	KeisokuTimer_isr_SetPriority, .-KeisokuTimer_isr_SetPriority
 125              		.section	.text.KeisokuTimer_isr_GetPriority,"ax",%progbits
 126              		.align	2
 127              		.global	KeisokuTimer_isr_GetPriority
 128              		.thumb
 129              		.thumb_func
 130              		.type	KeisokuTimer_isr_GetPriority, %function
 131              	KeisokuTimer_isr_GetPriority:
 132              	.LFB7:
 261:.\Generated_Source\PSoC5/KeisokuTimer_isr.c **** }
 262:.\Generated_Source\PSoC5/KeisokuTimer_isr.c **** 
 263:.\Generated_Source\PSoC5/KeisokuTimer_isr.c **** 
 264:.\Generated_Source\PSoC5/KeisokuTimer_isr.c **** /*******************************************************************************
 265:.\Generated_Source\PSoC5/KeisokuTimer_isr.c **** * Function Name: KeisokuTimer_isr_GetPriority
 266:.\Generated_Source\PSoC5/KeisokuTimer_isr.c **** ********************************************************************************
 267:.\Generated_Source\PSoC5/KeisokuTimer_isr.c **** *
ARM GAS  C:\Users\nosak\AppData\Local\Temp\cc1zpZSv.s 			page 8


 268:.\Generated_Source\PSoC5/KeisokuTimer_isr.c **** * Summary:
 269:.\Generated_Source\PSoC5/KeisokuTimer_isr.c **** *   Gets the Priority of the Interrupt.
 270:.\Generated_Source\PSoC5/KeisokuTimer_isr.c **** *
 271:.\Generated_Source\PSoC5/KeisokuTimer_isr.c **** * Parameters:
 272:.\Generated_Source\PSoC5/KeisokuTimer_isr.c **** *   None
 273:.\Generated_Source\PSoC5/KeisokuTimer_isr.c **** *
 274:.\Generated_Source\PSoC5/KeisokuTimer_isr.c **** * Return:
 275:.\Generated_Source\PSoC5/KeisokuTimer_isr.c **** *   Priority of the interrupt, 0 being the highest priority
 276:.\Generated_Source\PSoC5/KeisokuTimer_isr.c **** *    PSoC 3 and PSoC 5LP: Priority is from 0 to 7.
 277:.\Generated_Source\PSoC5/KeisokuTimer_isr.c **** *    PSoC 4: Priority is from 0 to 3.
 278:.\Generated_Source\PSoC5/KeisokuTimer_isr.c **** *
 279:.\Generated_Source\PSoC5/KeisokuTimer_isr.c **** *******************************************************************************/
 280:.\Generated_Source\PSoC5/KeisokuTimer_isr.c **** uint8 KeisokuTimer_isr_GetPriority(void)
 281:.\Generated_Source\PSoC5/KeisokuTimer_isr.c **** {
 133              		.loc 1 281 0
 134              		.cfi_startproc
 135              		@ args = 0, pretend = 0, frame = 0
 136              		@ frame_needed = 0, uses_anonymous_args = 0
 137              		@ link register save eliminated.
 282:.\Generated_Source\PSoC5/KeisokuTimer_isr.c ****     uint8 priority;
 283:.\Generated_Source\PSoC5/KeisokuTimer_isr.c **** 
 284:.\Generated_Source\PSoC5/KeisokuTimer_isr.c **** 
 285:.\Generated_Source\PSoC5/KeisokuTimer_isr.c ****     priority = *KeisokuTimer_isr_INTC_PRIOR >> 5;
 138              		.loc 1 285 0
 139 0000 014B     		ldr	r3, .L13
 140 0002 1878     		ldrb	r0, [r3]	@ zero_extendqisi2
 141              	.LVL6:
 286:.\Generated_Source\PSoC5/KeisokuTimer_isr.c **** 
 287:.\Generated_Source\PSoC5/KeisokuTimer_isr.c ****     return priority;
 288:.\Generated_Source\PSoC5/KeisokuTimer_isr.c **** }
 142              		.loc 1 288 0
 143 0004 4009     		lsrs	r0, r0, #5
 144              	.LVL7:
 145 0006 7047     		bx	lr
 146              	.L14:
 147              		.align	2
 148              	.L13:
 149 0008 11E400E0 		.word	-536812527
 150              		.cfi_endproc
 151              	.LFE7:
 152              		.size	KeisokuTimer_isr_GetPriority, .-KeisokuTimer_isr_GetPriority
 153              		.section	.text.KeisokuTimer_isr_Enable,"ax",%progbits
 154              		.align	2
 155              		.global	KeisokuTimer_isr_Enable
 156              		.thumb
 157              		.thumb_func
 158              		.type	KeisokuTimer_isr_Enable, %function
 159              	KeisokuTimer_isr_Enable:
 160              	.LFB8:
 289:.\Generated_Source\PSoC5/KeisokuTimer_isr.c **** 
 290:.\Generated_Source\PSoC5/KeisokuTimer_isr.c **** 
 291:.\Generated_Source\PSoC5/KeisokuTimer_isr.c **** /*******************************************************************************
 292:.\Generated_Source\PSoC5/KeisokuTimer_isr.c **** * Function Name: KeisokuTimer_isr_Enable
 293:.\Generated_Source\PSoC5/KeisokuTimer_isr.c **** ********************************************************************************
 294:.\Generated_Source\PSoC5/KeisokuTimer_isr.c **** *
 295:.\Generated_Source\PSoC5/KeisokuTimer_isr.c **** * Summary:
 296:.\Generated_Source\PSoC5/KeisokuTimer_isr.c **** *   Enables the interrupt to the interrupt controller. Do not call this function
ARM GAS  C:\Users\nosak\AppData\Local\Temp\cc1zpZSv.s 			page 9


 297:.\Generated_Source\PSoC5/KeisokuTimer_isr.c **** *   unless ISR_Start() has been called or the functionality of the ISR_Start() 
 298:.\Generated_Source\PSoC5/KeisokuTimer_isr.c **** *   function, which sets the vector and the priority, has been called.
 299:.\Generated_Source\PSoC5/KeisokuTimer_isr.c **** *
 300:.\Generated_Source\PSoC5/KeisokuTimer_isr.c **** * Parameters:
 301:.\Generated_Source\PSoC5/KeisokuTimer_isr.c **** *   None
 302:.\Generated_Source\PSoC5/KeisokuTimer_isr.c **** *
 303:.\Generated_Source\PSoC5/KeisokuTimer_isr.c **** * Return:
 304:.\Generated_Source\PSoC5/KeisokuTimer_isr.c **** *   None
 305:.\Generated_Source\PSoC5/KeisokuTimer_isr.c **** *
 306:.\Generated_Source\PSoC5/KeisokuTimer_isr.c **** *******************************************************************************/
 307:.\Generated_Source\PSoC5/KeisokuTimer_isr.c **** void KeisokuTimer_isr_Enable(void)
 308:.\Generated_Source\PSoC5/KeisokuTimer_isr.c **** {
 161              		.loc 1 308 0
 162              		.cfi_startproc
 163              		@ args = 0, pretend = 0, frame = 0
 164              		@ frame_needed = 0, uses_anonymous_args = 0
 165              		@ link register save eliminated.
 309:.\Generated_Source\PSoC5/KeisokuTimer_isr.c ****     /* Enable the general interrupt. */
 310:.\Generated_Source\PSoC5/KeisokuTimer_isr.c ****     *KeisokuTimer_isr_INTC_SET_EN = KeisokuTimer_isr__INTC_MASK;
 166              		.loc 1 310 0
 167 0000 4FF40032 		mov	r2, #131072
 168 0004 014B     		ldr	r3, .L16
 169 0006 1A60     		str	r2, [r3]
 170 0008 7047     		bx	lr
 171              	.L17:
 172 000a 00BF     		.align	2
 173              	.L16:
 174 000c 00E100E0 		.word	-536813312
 175              		.cfi_endproc
 176              	.LFE8:
 177              		.size	KeisokuTimer_isr_Enable, .-KeisokuTimer_isr_Enable
 178              		.section	.text.KeisokuTimer_isr_GetState,"ax",%progbits
 179              		.align	2
 180              		.global	KeisokuTimer_isr_GetState
 181              		.thumb
 182              		.thumb_func
 183              		.type	KeisokuTimer_isr_GetState, %function
 184              	KeisokuTimer_isr_GetState:
 185              	.LFB9:
 311:.\Generated_Source\PSoC5/KeisokuTimer_isr.c **** }
 312:.\Generated_Source\PSoC5/KeisokuTimer_isr.c **** 
 313:.\Generated_Source\PSoC5/KeisokuTimer_isr.c **** 
 314:.\Generated_Source\PSoC5/KeisokuTimer_isr.c **** /*******************************************************************************
 315:.\Generated_Source\PSoC5/KeisokuTimer_isr.c **** * Function Name: KeisokuTimer_isr_GetState
 316:.\Generated_Source\PSoC5/KeisokuTimer_isr.c **** ********************************************************************************
 317:.\Generated_Source\PSoC5/KeisokuTimer_isr.c **** *
 318:.\Generated_Source\PSoC5/KeisokuTimer_isr.c **** * Summary:
 319:.\Generated_Source\PSoC5/KeisokuTimer_isr.c **** *   Gets the state (enabled, disabled) of the Interrupt.
 320:.\Generated_Source\PSoC5/KeisokuTimer_isr.c **** *
 321:.\Generated_Source\PSoC5/KeisokuTimer_isr.c **** * Parameters:
 322:.\Generated_Source\PSoC5/KeisokuTimer_isr.c **** *   None
 323:.\Generated_Source\PSoC5/KeisokuTimer_isr.c **** *
 324:.\Generated_Source\PSoC5/KeisokuTimer_isr.c **** * Return:
 325:.\Generated_Source\PSoC5/KeisokuTimer_isr.c **** *   1 if enabled, 0 if disabled.
 326:.\Generated_Source\PSoC5/KeisokuTimer_isr.c **** *
 327:.\Generated_Source\PSoC5/KeisokuTimer_isr.c **** *******************************************************************************/
 328:.\Generated_Source\PSoC5/KeisokuTimer_isr.c **** uint8 KeisokuTimer_isr_GetState(void)
ARM GAS  C:\Users\nosak\AppData\Local\Temp\cc1zpZSv.s 			page 10


 329:.\Generated_Source\PSoC5/KeisokuTimer_isr.c **** {
 186              		.loc 1 329 0
 187              		.cfi_startproc
 188              		@ args = 0, pretend = 0, frame = 0
 189              		@ frame_needed = 0, uses_anonymous_args = 0
 190              		@ link register save eliminated.
 330:.\Generated_Source\PSoC5/KeisokuTimer_isr.c ****     /* Get the state of the general interrupt. */
 331:.\Generated_Source\PSoC5/KeisokuTimer_isr.c ****     return ((*KeisokuTimer_isr_INTC_SET_EN & (uint32)KeisokuTimer_isr__INTC_MASK) != 0u) ? 1u:0u;
 191              		.loc 1 331 0
 192 0000 044B     		ldr	r3, .L21
 193 0002 1B68     		ldr	r3, [r3]
 194 0004 13F4003F 		tst	r3, #131072
 195 0008 01D0     		beq	.L20
 196 000a 0120     		movs	r0, #1
 197 000c 7047     		bx	lr
 198              	.L20:
 199 000e 0020     		movs	r0, #0
 332:.\Generated_Source\PSoC5/KeisokuTimer_isr.c **** }
 200              		.loc 1 332 0
 201 0010 7047     		bx	lr
 202              	.L22:
 203 0012 00BF     		.align	2
 204              	.L21:
 205 0014 00E100E0 		.word	-536813312
 206              		.cfi_endproc
 207              	.LFE9:
 208              		.size	KeisokuTimer_isr_GetState, .-KeisokuTimer_isr_GetState
 209              		.section	.text.KeisokuTimer_isr_Disable,"ax",%progbits
 210              		.align	2
 211              		.global	KeisokuTimer_isr_Disable
 212              		.thumb
 213              		.thumb_func
 214              		.type	KeisokuTimer_isr_Disable, %function
 215              	KeisokuTimer_isr_Disable:
 216              	.LFB10:
 333:.\Generated_Source\PSoC5/KeisokuTimer_isr.c **** 
 334:.\Generated_Source\PSoC5/KeisokuTimer_isr.c **** 
 335:.\Generated_Source\PSoC5/KeisokuTimer_isr.c **** /*******************************************************************************
 336:.\Generated_Source\PSoC5/KeisokuTimer_isr.c **** * Function Name: KeisokuTimer_isr_Disable
 337:.\Generated_Source\PSoC5/KeisokuTimer_isr.c **** ********************************************************************************
 338:.\Generated_Source\PSoC5/KeisokuTimer_isr.c **** *
 339:.\Generated_Source\PSoC5/KeisokuTimer_isr.c **** * Summary:
 340:.\Generated_Source\PSoC5/KeisokuTimer_isr.c **** *   Disables the Interrupt in the interrupt controller.
 341:.\Generated_Source\PSoC5/KeisokuTimer_isr.c **** *
 342:.\Generated_Source\PSoC5/KeisokuTimer_isr.c **** * Parameters:
 343:.\Generated_Source\PSoC5/KeisokuTimer_isr.c **** *   None
 344:.\Generated_Source\PSoC5/KeisokuTimer_isr.c **** *
 345:.\Generated_Source\PSoC5/KeisokuTimer_isr.c **** * Return:
 346:.\Generated_Source\PSoC5/KeisokuTimer_isr.c **** *   None
 347:.\Generated_Source\PSoC5/KeisokuTimer_isr.c **** *
 348:.\Generated_Source\PSoC5/KeisokuTimer_isr.c **** *******************************************************************************/
 349:.\Generated_Source\PSoC5/KeisokuTimer_isr.c **** void KeisokuTimer_isr_Disable(void)
 350:.\Generated_Source\PSoC5/KeisokuTimer_isr.c **** {
 217              		.loc 1 350 0
 218              		.cfi_startproc
 219              		@ args = 0, pretend = 0, frame = 0
 220              		@ frame_needed = 0, uses_anonymous_args = 0
ARM GAS  C:\Users\nosak\AppData\Local\Temp\cc1zpZSv.s 			page 11


 221              		@ link register save eliminated.
 351:.\Generated_Source\PSoC5/KeisokuTimer_isr.c ****     /* Disable the general interrupt. */
 352:.\Generated_Source\PSoC5/KeisokuTimer_isr.c ****     *KeisokuTimer_isr_INTC_CLR_EN = KeisokuTimer_isr__INTC_MASK;
 222              		.loc 1 352 0
 223 0000 4FF40032 		mov	r2, #131072
 224 0004 014B     		ldr	r3, .L24
 225 0006 1A60     		str	r2, [r3]
 226 0008 7047     		bx	lr
 227              	.L25:
 228 000a 00BF     		.align	2
 229              	.L24:
 230 000c 80E100E0 		.word	-536813184
 231              		.cfi_endproc
 232              	.LFE10:
 233              		.size	KeisokuTimer_isr_Disable, .-KeisokuTimer_isr_Disable
 234              		.section	.text.KeisokuTimer_isr_Start,"ax",%progbits
 235              		.align	2
 236              		.global	KeisokuTimer_isr_Start
 237              		.thumb
 238              		.thumb_func
 239              		.type	KeisokuTimer_isr_Start, %function
 240              	KeisokuTimer_isr_Start:
 241              	.LFB0:
  62:.\Generated_Source\PSoC5/KeisokuTimer_isr.c ****     /* For all we know the interrupt is active. */
 242              		.loc 1 62 0
 243              		.cfi_startproc
 244              		@ args = 0, pretend = 0, frame = 0
 245              		@ frame_needed = 0, uses_anonymous_args = 0
 246 0000 08B5     		push	{r3, lr}
 247              		.cfi_def_cfa_offset 8
 248              		.cfi_offset 3, -8
 249              		.cfi_offset 14, -4
  64:.\Generated_Source\PSoC5/KeisokuTimer_isr.c **** 
 250              		.loc 1 64 0
 251 0002 FFF7FEFF 		bl	KeisokuTimer_isr_Disable
 252              	.LVL8:
  67:.\Generated_Source\PSoC5/KeisokuTimer_isr.c **** 
 253              		.loc 1 67 0
 254 0006 0448     		ldr	r0, .L28
 255 0008 FFF7FEFF 		bl	KeisokuTimer_isr_SetVector
 256              	.LVL9:
  70:.\Generated_Source\PSoC5/KeisokuTimer_isr.c **** 
 257              		.loc 1 70 0
 258 000c 0720     		movs	r0, #7
 259 000e FFF7FEFF 		bl	KeisokuTimer_isr_SetPriority
 260              	.LVL10:
  73:.\Generated_Source\PSoC5/KeisokuTimer_isr.c **** }
 261              		.loc 1 73 0
 262 0012 FFF7FEFF 		bl	KeisokuTimer_isr_Enable
 263              	.LVL11:
 264 0016 08BD     		pop	{r3, pc}
 265              	.L29:
 266              		.align	2
 267              	.L28:
 268 0018 00000000 		.word	KeisokuTimer_isr_Interrupt
 269              		.cfi_endproc
 270              	.LFE0:
ARM GAS  C:\Users\nosak\AppData\Local\Temp\cc1zpZSv.s 			page 12


 271              		.size	KeisokuTimer_isr_Start, .-KeisokuTimer_isr_Start
 272              		.section	.text.KeisokuTimer_isr_StartEx,"ax",%progbits
 273              		.align	2
 274              		.global	KeisokuTimer_isr_StartEx
 275              		.thumb
 276              		.thumb_func
 277              		.type	KeisokuTimer_isr_StartEx, %function
 278              	KeisokuTimer_isr_StartEx:
 279              	.LFB1:
 105:.\Generated_Source\PSoC5/KeisokuTimer_isr.c ****     /* For all we know the interrupt is active. */
 280              		.loc 1 105 0
 281              		.cfi_startproc
 282              		@ args = 0, pretend = 0, frame = 0
 283              		@ frame_needed = 0, uses_anonymous_args = 0
 284              	.LVL12:
 285 0000 10B5     		push	{r4, lr}
 286              		.cfi_def_cfa_offset 8
 287              		.cfi_offset 4, -8
 288              		.cfi_offset 14, -4
 289 0002 0446     		mov	r4, r0
 107:.\Generated_Source\PSoC5/KeisokuTimer_isr.c **** 
 290              		.loc 1 107 0
 291 0004 FFF7FEFF 		bl	KeisokuTimer_isr_Disable
 292              	.LVL13:
 110:.\Generated_Source\PSoC5/KeisokuTimer_isr.c **** 
 293              		.loc 1 110 0
 294 0008 2046     		mov	r0, r4
 295 000a FFF7FEFF 		bl	KeisokuTimer_isr_SetVector
 296              	.LVL14:
 113:.\Generated_Source\PSoC5/KeisokuTimer_isr.c **** 
 297              		.loc 1 113 0
 298 000e 0720     		movs	r0, #7
 299 0010 FFF7FEFF 		bl	KeisokuTimer_isr_SetPriority
 300              	.LVL15:
 116:.\Generated_Source\PSoC5/KeisokuTimer_isr.c **** }
 301              		.loc 1 116 0
 302 0014 FFF7FEFF 		bl	KeisokuTimer_isr_Enable
 303              	.LVL16:
 304 0018 10BD     		pop	{r4, pc}
 305              		.cfi_endproc
 306              	.LFE1:
 307              		.size	KeisokuTimer_isr_StartEx, .-KeisokuTimer_isr_StartEx
 308 001a 00BF     		.section	.text.KeisokuTimer_isr_Stop,"ax",%progbits
 309              		.align	2
 310              		.global	KeisokuTimer_isr_Stop
 311              		.thumb
 312              		.thumb_func
 313              		.type	KeisokuTimer_isr_Stop, %function
 314              	KeisokuTimer_isr_Stop:
 315              	.LFB2:
 135:.\Generated_Source\PSoC5/KeisokuTimer_isr.c ****     /* Disable this interrupt. */
 316              		.loc 1 135 0
 317              		.cfi_startproc
 318              		@ args = 0, pretend = 0, frame = 0
 319              		@ frame_needed = 0, uses_anonymous_args = 0
 320 0000 08B5     		push	{r3, lr}
 321              		.cfi_def_cfa_offset 8
ARM GAS  C:\Users\nosak\AppData\Local\Temp\cc1zpZSv.s 			page 13


 322              		.cfi_offset 3, -8
 323              		.cfi_offset 14, -4
 137:.\Generated_Source\PSoC5/KeisokuTimer_isr.c **** 
 324              		.loc 1 137 0
 325 0002 FFF7FEFF 		bl	KeisokuTimer_isr_Disable
 326              	.LVL17:
 140:.\Generated_Source\PSoC5/KeisokuTimer_isr.c **** }
 327              		.loc 1 140 0
 328 0006 0248     		ldr	r0, .L34
 329 0008 FFF7FEFF 		bl	KeisokuTimer_isr_SetVector
 330              	.LVL18:
 331 000c 08BD     		pop	{r3, pc}
 332              	.L35:
 333 000e 00BF     		.align	2
 334              	.L34:
 335 0010 00000000 		.word	IntDefaultHandler
 336              		.cfi_endproc
 337              	.LFE2:
 338              		.size	KeisokuTimer_isr_Stop, .-KeisokuTimer_isr_Stop
 339              		.section	.text.KeisokuTimer_isr_SetPending,"ax",%progbits
 340              		.align	2
 341              		.global	KeisokuTimer_isr_SetPending
 342              		.thumb
 343              		.thumb_func
 344              		.type	KeisokuTimer_isr_SetPending, %function
 345              	KeisokuTimer_isr_SetPending:
 346              	.LFB11:
 353:.\Generated_Source\PSoC5/KeisokuTimer_isr.c **** }
 354:.\Generated_Source\PSoC5/KeisokuTimer_isr.c **** 
 355:.\Generated_Source\PSoC5/KeisokuTimer_isr.c **** 
 356:.\Generated_Source\PSoC5/KeisokuTimer_isr.c **** /*******************************************************************************
 357:.\Generated_Source\PSoC5/KeisokuTimer_isr.c **** * Function Name: KeisokuTimer_isr_SetPending
 358:.\Generated_Source\PSoC5/KeisokuTimer_isr.c **** ********************************************************************************
 359:.\Generated_Source\PSoC5/KeisokuTimer_isr.c **** *
 360:.\Generated_Source\PSoC5/KeisokuTimer_isr.c **** * Summary:
 361:.\Generated_Source\PSoC5/KeisokuTimer_isr.c **** *   Causes the Interrupt to enter the pending state, a software method of
 362:.\Generated_Source\PSoC5/KeisokuTimer_isr.c **** *   generating the interrupt.
 363:.\Generated_Source\PSoC5/KeisokuTimer_isr.c **** *
 364:.\Generated_Source\PSoC5/KeisokuTimer_isr.c **** * Parameters:
 365:.\Generated_Source\PSoC5/KeisokuTimer_isr.c **** *   None
 366:.\Generated_Source\PSoC5/KeisokuTimer_isr.c **** *
 367:.\Generated_Source\PSoC5/KeisokuTimer_isr.c **** * Return:
 368:.\Generated_Source\PSoC5/KeisokuTimer_isr.c **** *   None
 369:.\Generated_Source\PSoC5/KeisokuTimer_isr.c **** *
 370:.\Generated_Source\PSoC5/KeisokuTimer_isr.c **** * Side Effects:
 371:.\Generated_Source\PSoC5/KeisokuTimer_isr.c **** *   If interrupts are enabled and the interrupt is set up properly, the ISR is
 372:.\Generated_Source\PSoC5/KeisokuTimer_isr.c **** *   entered (depending on the priority of this interrupt and other pending 
 373:.\Generated_Source\PSoC5/KeisokuTimer_isr.c **** *   interrupts).
 374:.\Generated_Source\PSoC5/KeisokuTimer_isr.c **** *
 375:.\Generated_Source\PSoC5/KeisokuTimer_isr.c **** *******************************************************************************/
 376:.\Generated_Source\PSoC5/KeisokuTimer_isr.c **** void KeisokuTimer_isr_SetPending(void)
 377:.\Generated_Source\PSoC5/KeisokuTimer_isr.c **** {
 347              		.loc 1 377 0
 348              		.cfi_startproc
 349              		@ args = 0, pretend = 0, frame = 0
 350              		@ frame_needed = 0, uses_anonymous_args = 0
 351              		@ link register save eliminated.
ARM GAS  C:\Users\nosak\AppData\Local\Temp\cc1zpZSv.s 			page 14


 378:.\Generated_Source\PSoC5/KeisokuTimer_isr.c ****     *KeisokuTimer_isr_INTC_SET_PD = KeisokuTimer_isr__INTC_MASK;
 352              		.loc 1 378 0
 353 0000 4FF40032 		mov	r2, #131072
 354 0004 014B     		ldr	r3, .L37
 355 0006 1A60     		str	r2, [r3]
 356 0008 7047     		bx	lr
 357              	.L38:
 358 000a 00BF     		.align	2
 359              	.L37:
 360 000c 00E200E0 		.word	-536813056
 361              		.cfi_endproc
 362              	.LFE11:
 363              		.size	KeisokuTimer_isr_SetPending, .-KeisokuTimer_isr_SetPending
 364              		.section	.text.KeisokuTimer_isr_ClearPending,"ax",%progbits
 365              		.align	2
 366              		.global	KeisokuTimer_isr_ClearPending
 367              		.thumb
 368              		.thumb_func
 369              		.type	KeisokuTimer_isr_ClearPending, %function
 370              	KeisokuTimer_isr_ClearPending:
 371              	.LFB12:
 379:.\Generated_Source\PSoC5/KeisokuTimer_isr.c **** }
 380:.\Generated_Source\PSoC5/KeisokuTimer_isr.c **** 
 381:.\Generated_Source\PSoC5/KeisokuTimer_isr.c **** 
 382:.\Generated_Source\PSoC5/KeisokuTimer_isr.c **** /*******************************************************************************
 383:.\Generated_Source\PSoC5/KeisokuTimer_isr.c **** * Function Name: KeisokuTimer_isr_ClearPending
 384:.\Generated_Source\PSoC5/KeisokuTimer_isr.c **** ********************************************************************************
 385:.\Generated_Source\PSoC5/KeisokuTimer_isr.c **** *
 386:.\Generated_Source\PSoC5/KeisokuTimer_isr.c **** * Summary:
 387:.\Generated_Source\PSoC5/KeisokuTimer_isr.c **** *   Clears a pending interrupt in the interrupt controller.
 388:.\Generated_Source\PSoC5/KeisokuTimer_isr.c **** *
 389:.\Generated_Source\PSoC5/KeisokuTimer_isr.c **** *   Note Some interrupt sources are clear-on-read and require the block 
 390:.\Generated_Source\PSoC5/KeisokuTimer_isr.c **** *   interrupt/status register to be read/cleared with the appropriate block API 
 391:.\Generated_Source\PSoC5/KeisokuTimer_isr.c **** *   (GPIO, UART, and so on). Otherwise the ISR will continue to remain in 
 392:.\Generated_Source\PSoC5/KeisokuTimer_isr.c **** *   pending state even though the interrupt itself is cleared using this API.
 393:.\Generated_Source\PSoC5/KeisokuTimer_isr.c **** *
 394:.\Generated_Source\PSoC5/KeisokuTimer_isr.c **** * Parameters:
 395:.\Generated_Source\PSoC5/KeisokuTimer_isr.c **** *   None
 396:.\Generated_Source\PSoC5/KeisokuTimer_isr.c **** *
 397:.\Generated_Source\PSoC5/KeisokuTimer_isr.c **** * Return:
 398:.\Generated_Source\PSoC5/KeisokuTimer_isr.c **** *   None
 399:.\Generated_Source\PSoC5/KeisokuTimer_isr.c **** *
 400:.\Generated_Source\PSoC5/KeisokuTimer_isr.c **** *******************************************************************************/
 401:.\Generated_Source\PSoC5/KeisokuTimer_isr.c **** void KeisokuTimer_isr_ClearPending(void)
 402:.\Generated_Source\PSoC5/KeisokuTimer_isr.c **** {
 372              		.loc 1 402 0
 373              		.cfi_startproc
 374              		@ args = 0, pretend = 0, frame = 0
 375              		@ frame_needed = 0, uses_anonymous_args = 0
 376              		@ link register save eliminated.
 403:.\Generated_Source\PSoC5/KeisokuTimer_isr.c ****     *KeisokuTimer_isr_INTC_CLR_PD = KeisokuTimer_isr__INTC_MASK;
 377              		.loc 1 403 0
 378 0000 4FF40032 		mov	r2, #131072
 379 0004 014B     		ldr	r3, .L40
 380 0006 1A60     		str	r2, [r3]
 381 0008 7047     		bx	lr
 382              	.L41:
ARM GAS  C:\Users\nosak\AppData\Local\Temp\cc1zpZSv.s 			page 15


 383 000a 00BF     		.align	2
 384              	.L40:
 385 000c 80E200E0 		.word	-536812928
 386              		.cfi_endproc
 387              	.LFE12:
 388              		.size	KeisokuTimer_isr_ClearPending, .-KeisokuTimer_isr_ClearPending
 389              		.text
 390              	.Letext0:
 391              		.file 2 "Generated_Source\\PSoC5/cytypes.h"
 392              		.section	.debug_info,"",%progbits
 393              	.Ldebug_info0:
 394 0000 DC020000 		.4byte	0x2dc
 395 0004 0400     		.2byte	0x4
 396 0006 00000000 		.4byte	.Ldebug_abbrev0
 397 000a 04       		.byte	0x4
 398 000b 01       		.uleb128 0x1
 399 000c 69010000 		.4byte	.LASF33
 400 0010 01       		.byte	0x1
 401 0011 AC020000 		.4byte	.LASF34
 402 0015 CB000000 		.4byte	.LASF35
 403 0019 00000000 		.4byte	.Ldebug_ranges0+0
 404 001d 00000000 		.4byte	0
 405 0021 00000000 		.4byte	.Ldebug_line0
 406 0025 02       		.uleb128 0x2
 407 0026 04       		.byte	0x4
 408 0027 05       		.byte	0x5
 409 0028 696E7400 		.ascii	"int\000"
 410 002c 03       		.uleb128 0x3
 411 002d 04       		.byte	0x4
 412 002e 07       		.byte	0x7
 413 002f F7010000 		.4byte	.LASF0
 414 0033 03       		.uleb128 0x3
 415 0034 01       		.byte	0x1
 416 0035 06       		.byte	0x6
 417 0036 2E030000 		.4byte	.LASF1
 418 003a 03       		.uleb128 0x3
 419 003b 01       		.byte	0x1
 420 003c 08       		.byte	0x8
 421 003d 17010000 		.4byte	.LASF2
 422 0041 03       		.uleb128 0x3
 423 0042 02       		.byte	0x2
 424 0043 05       		.byte	0x5
 425 0044 36000000 		.4byte	.LASF3
 426 0048 03       		.uleb128 0x3
 427 0049 02       		.byte	0x2
 428 004a 07       		.byte	0x7
 429 004b 23000000 		.4byte	.LASF4
 430 004f 03       		.uleb128 0x3
 431 0050 04       		.byte	0x4
 432 0051 05       		.byte	0x5
 433 0052 EE020000 		.4byte	.LASF5
 434 0056 03       		.uleb128 0x3
 435 0057 04       		.byte	0x4
 436 0058 07       		.byte	0x7
 437 0059 B3000000 		.4byte	.LASF6
 438 005d 03       		.uleb128 0x3
 439 005e 08       		.byte	0x8
ARM GAS  C:\Users\nosak\AppData\Local\Temp\cc1zpZSv.s 			page 16


 440 005f 05       		.byte	0x5
 441 0060 72020000 		.4byte	.LASF7
 442 0064 03       		.uleb128 0x3
 443 0065 08       		.byte	0x8
 444 0066 07       		.byte	0x7
 445 0067 0C020000 		.4byte	.LASF8
 446 006b 03       		.uleb128 0x3
 447 006c 04       		.byte	0x4
 448 006d 07       		.byte	0x7
 449 006e 4B020000 		.4byte	.LASF9
 450 0072 04       		.uleb128 0x4
 451 0073 04       		.byte	0x4
 452 0074 78000000 		.4byte	0x78
 453 0078 05       		.uleb128 0x5
 454 0079 03       		.uleb128 0x3
 455 007a 01       		.byte	0x1
 456 007b 08       		.byte	0x8
 457 007c 80020000 		.4byte	.LASF10
 458 0080 06       		.uleb128 0x6
 459 0081 C5000000 		.4byte	.LASF11
 460 0085 02       		.byte	0x2
 461 0086 9201     		.2byte	0x192
 462 0088 3A000000 		.4byte	0x3a
 463 008c 06       		.uleb128 0x6
 464 008d 62010000 		.4byte	.LASF12
 465 0091 02       		.byte	0x2
 466 0092 9401     		.2byte	0x194
 467 0094 56000000 		.4byte	0x56
 468 0098 03       		.uleb128 0x3
 469 0099 04       		.byte	0x4
 470 009a 04       		.byte	0x4
 471 009b 06000000 		.4byte	.LASF13
 472 009f 03       		.uleb128 0x3
 473 00a0 08       		.byte	0x8
 474 00a1 04       		.byte	0x4
 475 00a2 25010000 		.4byte	.LASF14
 476 00a6 06       		.uleb128 0x6
 477 00a7 AE000000 		.4byte	.LASF15
 478 00ab 02       		.byte	0x2
 479 00ac 3C02     		.2byte	0x23c
 480 00ae B2000000 		.4byte	0xb2
 481 00b2 07       		.uleb128 0x7
 482 00b3 80000000 		.4byte	0x80
 483 00b7 06       		.uleb128 0x6
 484 00b8 00000000 		.4byte	.LASF16
 485 00bc 02       		.byte	0x2
 486 00bd 3E02     		.2byte	0x23e
 487 00bf C3000000 		.4byte	0xc3
 488 00c3 07       		.uleb128 0x7
 489 00c4 8C000000 		.4byte	0x8c
 490 00c8 06       		.uleb128 0x6
 491 00c9 23020000 		.4byte	.LASF17
 492 00cd 02       		.byte	0x2
 493 00ce 4E02     		.2byte	0x24e
 494 00d0 72000000 		.4byte	0x72
 495 00d4 08       		.uleb128 0x8
 496 00d5 3A030000 		.4byte	.LASF18
ARM GAS  C:\Users\nosak\AppData\Local\Temp\cc1zpZSv.s 			page 17


 497 00d9 01       		.byte	0x1
 498 00da A0       		.byte	0xa0
 499 00db 00000000 		.4byte	.LFB3
 500 00df 08000000 		.4byte	.LFE3-.LFB3
 501 00e3 01       		.uleb128 0x1
 502 00e4 9C       		.byte	0x9c
 503 00e5 F3000000 		.4byte	0xf3
 504 00e9 09       		.uleb128 0x9
 505 00ea 06000000 		.4byte	.LVL0
 506 00ee D8020000 		.4byte	0x2d8
 507 00f2 00       		.byte	0
 508 00f3 08       		.uleb128 0x8
 509 00f4 7A000000 		.4byte	.LASF19
 510 00f8 01       		.byte	0x1
 511 00f9 C8       		.byte	0xc8
 512 00fa 00000000 		.4byte	.LFB4
 513 00fe 10000000 		.4byte	.LFE4-.LFB4
 514 0102 01       		.uleb128 0x1
 515 0103 9C       		.byte	0x9c
 516 0104 23010000 		.4byte	0x123
 517 0108 0A       		.uleb128 0xa
 518 0109 04020000 		.4byte	.LASF22
 519 010d 01       		.byte	0x1
 520 010e C8       		.byte	0xc8
 521 010f C8000000 		.4byte	0xc8
 522 0113 01       		.uleb128 0x1
 523 0114 50       		.byte	0x50
 524 0115 0B       		.uleb128 0xb
 525 0116 85020000 		.4byte	.LASF20
 526 011a 01       		.byte	0x1
 527 011b CA       		.byte	0xca
 528 011c 23010000 		.4byte	0x123
 529 0120 01       		.uleb128 0x1
 530 0121 53       		.byte	0x53
 531 0122 00       		.byte	0
 532 0123 04       		.uleb128 0x4
 533 0124 04       		.byte	0x4
 534 0125 C8000000 		.4byte	0xc8
 535 0129 0C       		.uleb128 0xc
 536 012a 30020000 		.4byte	.LASF24
 537 012e 01       		.byte	0x1
 538 012f E0       		.byte	0xe0
 539 0130 C8000000 		.4byte	0xc8
 540 0134 00000000 		.4byte	.LFB5
 541 0138 10000000 		.4byte	.LFE5-.LFB5
 542 013c 01       		.uleb128 0x1
 543 013d 9C       		.byte	0x9c
 544 013e 50010000 		.4byte	0x150
 545 0142 0B       		.uleb128 0xb
 546 0143 85020000 		.4byte	.LASF20
 547 0147 01       		.byte	0x1
 548 0148 E2       		.byte	0xe2
 549 0149 23010000 		.4byte	0x123
 550 014d 01       		.uleb128 0x1
 551 014e 53       		.byte	0x53
 552 014f 00       		.byte	0
 553 0150 0D       		.uleb128 0xd
ARM GAS  C:\Users\nosak\AppData\Local\Temp\cc1zpZSv.s 			page 18


 554 0151 11030000 		.4byte	.LASF21
 555 0155 01       		.byte	0x1
 556 0156 0201     		.2byte	0x102
 557 0158 00000000 		.4byte	.LFB6
 558 015c 10000000 		.4byte	.LFE6-.LFB6
 559 0160 01       		.uleb128 0x1
 560 0161 9C       		.byte	0x9c
 561 0162 77010000 		.4byte	0x177
 562 0166 0E       		.uleb128 0xe
 563 0167 0E010000 		.4byte	.LASF23
 564 016b 01       		.byte	0x1
 565 016c 0201     		.2byte	0x102
 566 016e 80000000 		.4byte	0x80
 567 0172 00000000 		.4byte	.LLST0
 568 0176 00       		.byte	0
 569 0177 0F       		.uleb128 0xf
 570 0178 45010000 		.4byte	.LASF25
 571 017c 01       		.byte	0x1
 572 017d 1801     		.2byte	0x118
 573 017f 80000000 		.4byte	0x80
 574 0183 00000000 		.4byte	.LFB7
 575 0187 0C000000 		.4byte	.LFE7-.LFB7
 576 018b 01       		.uleb128 0x1
 577 018c 9C       		.byte	0x9c
 578 018d A2010000 		.4byte	0x1a2
 579 0191 10       		.uleb128 0x10
 580 0192 0E010000 		.4byte	.LASF23
 581 0196 01       		.byte	0x1
 582 0197 1A01     		.2byte	0x11a
 583 0199 80000000 		.4byte	0x80
 584 019d 21000000 		.4byte	.LLST1
 585 01a1 00       		.byte	0
 586 01a2 11       		.uleb128 0x11
 587 01a3 94020000 		.4byte	.LASF26
 588 01a7 01       		.byte	0x1
 589 01a8 3301     		.2byte	0x133
 590 01aa 00000000 		.4byte	.LFB8
 591 01ae 10000000 		.4byte	.LFE8-.LFB8
 592 01b2 01       		.uleb128 0x1
 593 01b3 9C       		.byte	0x9c
 594 01b4 12       		.uleb128 0x12
 595 01b5 F7020000 		.4byte	.LASF36
 596 01b9 01       		.byte	0x1
 597 01ba 4801     		.2byte	0x148
 598 01bc 80000000 		.4byte	0x80
 599 01c0 00000000 		.4byte	.LFB9
 600 01c4 18000000 		.4byte	.LFE9-.LFB9
 601 01c8 01       		.uleb128 0x1
 602 01c9 9C       		.byte	0x9c
 603 01ca 11       		.uleb128 0x11
 604 01cb 2C010000 		.4byte	.LASF27
 605 01cf 01       		.byte	0x1
 606 01d0 5D01     		.2byte	0x15d
 607 01d2 00000000 		.4byte	.LFB10
 608 01d6 10000000 		.4byte	.LFE10-.LFB10
 609 01da 01       		.uleb128 0x1
 610 01db 9C       		.byte	0x9c
ARM GAS  C:\Users\nosak\AppData\Local\Temp\cc1zpZSv.s 			page 19


 611 01dc 08       		.uleb128 0x8
 612 01dd 0C000000 		.4byte	.LASF28
 613 01e1 01       		.byte	0x1
 614 01e2 3D       		.byte	0x3d
 615 01e3 00000000 		.4byte	.LFB0
 616 01e7 1C000000 		.4byte	.LFE0-.LFB0
 617 01eb 01       		.uleb128 0x1
 618 01ec 9C       		.byte	0x9c
 619 01ed 2E020000 		.4byte	0x22e
 620 01f1 09       		.uleb128 0x9
 621 01f2 06000000 		.4byte	.LVL8
 622 01f6 CA010000 		.4byte	0x1ca
 623 01fa 13       		.uleb128 0x13
 624 01fb 0C000000 		.4byte	.LVL9
 625 01ff F3000000 		.4byte	0xf3
 626 0203 11020000 		.4byte	0x211
 627 0207 14       		.uleb128 0x14
 628 0208 01       		.uleb128 0x1
 629 0209 50       		.byte	0x50
 630 020a 05       		.uleb128 0x5
 631 020b 03       		.byte	0x3
 632 020c 00000000 		.4byte	KeisokuTimer_isr_Interrupt
 633 0210 00       		.byte	0
 634 0211 13       		.uleb128 0x13
 635 0212 12000000 		.4byte	.LVL10
 636 0216 50010000 		.4byte	0x150
 637 021a 24020000 		.4byte	0x224
 638 021e 14       		.uleb128 0x14
 639 021f 01       		.uleb128 0x1
 640 0220 50       		.byte	0x50
 641 0221 01       		.uleb128 0x1
 642 0222 37       		.byte	0x37
 643 0223 00       		.byte	0
 644 0224 09       		.uleb128 0x9
 645 0225 16000000 		.4byte	.LVL11
 646 0229 A2010000 		.4byte	0x1a2
 647 022d 00       		.byte	0
 648 022e 08       		.uleb128 0x8
 649 022f 95000000 		.4byte	.LASF29
 650 0233 01       		.byte	0x1
 651 0234 68       		.byte	0x68
 652 0235 00000000 		.4byte	.LFB1
 653 0239 1A000000 		.4byte	.LFE1-.LFB1
 654 023d 01       		.uleb128 0x1
 655 023e 9C       		.byte	0x9c
 656 023f 8C020000 		.4byte	0x28c
 657 0243 15       		.uleb128 0x15
 658 0244 04020000 		.4byte	.LASF22
 659 0248 01       		.byte	0x1
 660 0249 68       		.byte	0x68
 661 024a C8000000 		.4byte	0xc8
 662 024e 38000000 		.4byte	.LLST2
 663 0252 09       		.uleb128 0x9
 664 0253 08000000 		.4byte	.LVL13
 665 0257 CA010000 		.4byte	0x1ca
 666 025b 13       		.uleb128 0x13
 667 025c 0E000000 		.4byte	.LVL14
ARM GAS  C:\Users\nosak\AppData\Local\Temp\cc1zpZSv.s 			page 20


 668 0260 F3000000 		.4byte	0xf3
 669 0264 6F020000 		.4byte	0x26f
 670 0268 14       		.uleb128 0x14
 671 0269 01       		.uleb128 0x1
 672 026a 50       		.byte	0x50
 673 026b 02       		.uleb128 0x2
 674 026c 74       		.byte	0x74
 675 026d 00       		.sleb128 0
 676 026e 00       		.byte	0
 677 026f 13       		.uleb128 0x13
 678 0270 14000000 		.4byte	.LVL15
 679 0274 50010000 		.4byte	0x150
 680 0278 82020000 		.4byte	0x282
 681 027c 14       		.uleb128 0x14
 682 027d 01       		.uleb128 0x1
 683 027e 50       		.byte	0x50
 684 027f 01       		.uleb128 0x1
 685 0280 37       		.byte	0x37
 686 0281 00       		.byte	0
 687 0282 09       		.uleb128 0x9
 688 0283 18000000 		.4byte	.LVL16
 689 0287 A2010000 		.4byte	0x1a2
 690 028b 00       		.byte	0
 691 028c 08       		.uleb128 0x8
 692 028d D8020000 		.4byte	.LASF30
 693 0291 01       		.byte	0x1
 694 0292 86       		.byte	0x86
 695 0293 00000000 		.4byte	.LFB2
 696 0297 14000000 		.4byte	.LFE2-.LFB2
 697 029b 01       		.uleb128 0x1
 698 029c 9C       		.byte	0x9c
 699 029d B4020000 		.4byte	0x2b4
 700 02a1 09       		.uleb128 0x9
 701 02a2 06000000 		.4byte	.LVL17
 702 02a6 CA010000 		.4byte	0x1ca
 703 02aa 09       		.uleb128 0x9
 704 02ab 0C000000 		.4byte	.LVL18
 705 02af F3000000 		.4byte	0xf3
 706 02b3 00       		.byte	0
 707 02b4 11       		.uleb128 0x11
 708 02b5 40000000 		.4byte	.LASF31
 709 02b9 01       		.byte	0x1
 710 02ba 7801     		.2byte	0x178
 711 02bc 00000000 		.4byte	.LFB11
 712 02c0 10000000 		.4byte	.LFE11-.LFB11
 713 02c4 01       		.uleb128 0x1
 714 02c5 9C       		.byte	0x9c
 715 02c6 11       		.uleb128 0x11
 716 02c7 54020000 		.4byte	.LASF32
 717 02cb 01       		.byte	0x1
 718 02cc 9101     		.2byte	0x191
 719 02ce 00000000 		.4byte	.LFB12
 720 02d2 10000000 		.4byte	.LFE12-.LFB12
 721 02d6 01       		.uleb128 0x1
 722 02d7 9C       		.byte	0x9c
 723 02d8 16       		.uleb128 0x16
 724 02d9 5C000000 		.4byte	.LASF37
ARM GAS  C:\Users\nosak\AppData\Local\Temp\cc1zpZSv.s 			page 21


 725 02dd 01       		.byte	0x1
 726 02de 1E       		.byte	0x1e
 727 02df 00       		.byte	0
 728              		.section	.debug_abbrev,"",%progbits
 729              	.Ldebug_abbrev0:
 730 0000 01       		.uleb128 0x1
 731 0001 11       		.uleb128 0x11
 732 0002 01       		.byte	0x1
 733 0003 25       		.uleb128 0x25
 734 0004 0E       		.uleb128 0xe
 735 0005 13       		.uleb128 0x13
 736 0006 0B       		.uleb128 0xb
 737 0007 03       		.uleb128 0x3
 738 0008 0E       		.uleb128 0xe
 739 0009 1B       		.uleb128 0x1b
 740 000a 0E       		.uleb128 0xe
 741 000b 55       		.uleb128 0x55
 742 000c 17       		.uleb128 0x17
 743 000d 11       		.uleb128 0x11
 744 000e 01       		.uleb128 0x1
 745 000f 10       		.uleb128 0x10
 746 0010 17       		.uleb128 0x17
 747 0011 00       		.byte	0
 748 0012 00       		.byte	0
 749 0013 02       		.uleb128 0x2
 750 0014 24       		.uleb128 0x24
 751 0015 00       		.byte	0
 752 0016 0B       		.uleb128 0xb
 753 0017 0B       		.uleb128 0xb
 754 0018 3E       		.uleb128 0x3e
 755 0019 0B       		.uleb128 0xb
 756 001a 03       		.uleb128 0x3
 757 001b 08       		.uleb128 0x8
 758 001c 00       		.byte	0
 759 001d 00       		.byte	0
 760 001e 03       		.uleb128 0x3
 761 001f 24       		.uleb128 0x24
 762 0020 00       		.byte	0
 763 0021 0B       		.uleb128 0xb
 764 0022 0B       		.uleb128 0xb
 765 0023 3E       		.uleb128 0x3e
 766 0024 0B       		.uleb128 0xb
 767 0025 03       		.uleb128 0x3
 768 0026 0E       		.uleb128 0xe
 769 0027 00       		.byte	0
 770 0028 00       		.byte	0
 771 0029 04       		.uleb128 0x4
 772 002a 0F       		.uleb128 0xf
 773 002b 00       		.byte	0
 774 002c 0B       		.uleb128 0xb
 775 002d 0B       		.uleb128 0xb
 776 002e 49       		.uleb128 0x49
 777 002f 13       		.uleb128 0x13
 778 0030 00       		.byte	0
 779 0031 00       		.byte	0
 780 0032 05       		.uleb128 0x5
 781 0033 15       		.uleb128 0x15
ARM GAS  C:\Users\nosak\AppData\Local\Temp\cc1zpZSv.s 			page 22


 782 0034 00       		.byte	0
 783 0035 27       		.uleb128 0x27
 784 0036 19       		.uleb128 0x19
 785 0037 00       		.byte	0
 786 0038 00       		.byte	0
 787 0039 06       		.uleb128 0x6
 788 003a 16       		.uleb128 0x16
 789 003b 00       		.byte	0
 790 003c 03       		.uleb128 0x3
 791 003d 0E       		.uleb128 0xe
 792 003e 3A       		.uleb128 0x3a
 793 003f 0B       		.uleb128 0xb
 794 0040 3B       		.uleb128 0x3b
 795 0041 05       		.uleb128 0x5
 796 0042 49       		.uleb128 0x49
 797 0043 13       		.uleb128 0x13
 798 0044 00       		.byte	0
 799 0045 00       		.byte	0
 800 0046 07       		.uleb128 0x7
 801 0047 35       		.uleb128 0x35
 802 0048 00       		.byte	0
 803 0049 49       		.uleb128 0x49
 804 004a 13       		.uleb128 0x13
 805 004b 00       		.byte	0
 806 004c 00       		.byte	0
 807 004d 08       		.uleb128 0x8
 808 004e 2E       		.uleb128 0x2e
 809 004f 01       		.byte	0x1
 810 0050 3F       		.uleb128 0x3f
 811 0051 19       		.uleb128 0x19
 812 0052 03       		.uleb128 0x3
 813 0053 0E       		.uleb128 0xe
 814 0054 3A       		.uleb128 0x3a
 815 0055 0B       		.uleb128 0xb
 816 0056 3B       		.uleb128 0x3b
 817 0057 0B       		.uleb128 0xb
 818 0058 27       		.uleb128 0x27
 819 0059 19       		.uleb128 0x19
 820 005a 11       		.uleb128 0x11
 821 005b 01       		.uleb128 0x1
 822 005c 12       		.uleb128 0x12
 823 005d 06       		.uleb128 0x6
 824 005e 40       		.uleb128 0x40
 825 005f 18       		.uleb128 0x18
 826 0060 9742     		.uleb128 0x2117
 827 0062 19       		.uleb128 0x19
 828 0063 01       		.uleb128 0x1
 829 0064 13       		.uleb128 0x13
 830 0065 00       		.byte	0
 831 0066 00       		.byte	0
 832 0067 09       		.uleb128 0x9
 833 0068 898201   		.uleb128 0x4109
 834 006b 00       		.byte	0
 835 006c 11       		.uleb128 0x11
 836 006d 01       		.uleb128 0x1
 837 006e 31       		.uleb128 0x31
 838 006f 13       		.uleb128 0x13
ARM GAS  C:\Users\nosak\AppData\Local\Temp\cc1zpZSv.s 			page 23


 839 0070 00       		.byte	0
 840 0071 00       		.byte	0
 841 0072 0A       		.uleb128 0xa
 842 0073 05       		.uleb128 0x5
 843 0074 00       		.byte	0
 844 0075 03       		.uleb128 0x3
 845 0076 0E       		.uleb128 0xe
 846 0077 3A       		.uleb128 0x3a
 847 0078 0B       		.uleb128 0xb
 848 0079 3B       		.uleb128 0x3b
 849 007a 0B       		.uleb128 0xb
 850 007b 49       		.uleb128 0x49
 851 007c 13       		.uleb128 0x13
 852 007d 02       		.uleb128 0x2
 853 007e 18       		.uleb128 0x18
 854 007f 00       		.byte	0
 855 0080 00       		.byte	0
 856 0081 0B       		.uleb128 0xb
 857 0082 34       		.uleb128 0x34
 858 0083 00       		.byte	0
 859 0084 03       		.uleb128 0x3
 860 0085 0E       		.uleb128 0xe
 861 0086 3A       		.uleb128 0x3a
 862 0087 0B       		.uleb128 0xb
 863 0088 3B       		.uleb128 0x3b
 864 0089 0B       		.uleb128 0xb
 865 008a 49       		.uleb128 0x49
 866 008b 13       		.uleb128 0x13
 867 008c 02       		.uleb128 0x2
 868 008d 18       		.uleb128 0x18
 869 008e 00       		.byte	0
 870 008f 00       		.byte	0
 871 0090 0C       		.uleb128 0xc
 872 0091 2E       		.uleb128 0x2e
 873 0092 01       		.byte	0x1
 874 0093 3F       		.uleb128 0x3f
 875 0094 19       		.uleb128 0x19
 876 0095 03       		.uleb128 0x3
 877 0096 0E       		.uleb128 0xe
 878 0097 3A       		.uleb128 0x3a
 879 0098 0B       		.uleb128 0xb
 880 0099 3B       		.uleb128 0x3b
 881 009a 0B       		.uleb128 0xb
 882 009b 27       		.uleb128 0x27
 883 009c 19       		.uleb128 0x19
 884 009d 49       		.uleb128 0x49
 885 009e 13       		.uleb128 0x13
 886 009f 11       		.uleb128 0x11
 887 00a0 01       		.uleb128 0x1
 888 00a1 12       		.uleb128 0x12
 889 00a2 06       		.uleb128 0x6
 890 00a3 40       		.uleb128 0x40
 891 00a4 18       		.uleb128 0x18
 892 00a5 9742     		.uleb128 0x2117
 893 00a7 19       		.uleb128 0x19
 894 00a8 01       		.uleb128 0x1
 895 00a9 13       		.uleb128 0x13
ARM GAS  C:\Users\nosak\AppData\Local\Temp\cc1zpZSv.s 			page 24


 896 00aa 00       		.byte	0
 897 00ab 00       		.byte	0
 898 00ac 0D       		.uleb128 0xd
 899 00ad 2E       		.uleb128 0x2e
 900 00ae 01       		.byte	0x1
 901 00af 3F       		.uleb128 0x3f
 902 00b0 19       		.uleb128 0x19
 903 00b1 03       		.uleb128 0x3
 904 00b2 0E       		.uleb128 0xe
 905 00b3 3A       		.uleb128 0x3a
 906 00b4 0B       		.uleb128 0xb
 907 00b5 3B       		.uleb128 0x3b
 908 00b6 05       		.uleb128 0x5
 909 00b7 27       		.uleb128 0x27
 910 00b8 19       		.uleb128 0x19
 911 00b9 11       		.uleb128 0x11
 912 00ba 01       		.uleb128 0x1
 913 00bb 12       		.uleb128 0x12
 914 00bc 06       		.uleb128 0x6
 915 00bd 40       		.uleb128 0x40
 916 00be 18       		.uleb128 0x18
 917 00bf 9742     		.uleb128 0x2117
 918 00c1 19       		.uleb128 0x19
 919 00c2 01       		.uleb128 0x1
 920 00c3 13       		.uleb128 0x13
 921 00c4 00       		.byte	0
 922 00c5 00       		.byte	0
 923 00c6 0E       		.uleb128 0xe
 924 00c7 05       		.uleb128 0x5
 925 00c8 00       		.byte	0
 926 00c9 03       		.uleb128 0x3
 927 00ca 0E       		.uleb128 0xe
 928 00cb 3A       		.uleb128 0x3a
 929 00cc 0B       		.uleb128 0xb
 930 00cd 3B       		.uleb128 0x3b
 931 00ce 05       		.uleb128 0x5
 932 00cf 49       		.uleb128 0x49
 933 00d0 13       		.uleb128 0x13
 934 00d1 02       		.uleb128 0x2
 935 00d2 17       		.uleb128 0x17
 936 00d3 00       		.byte	0
 937 00d4 00       		.byte	0
 938 00d5 0F       		.uleb128 0xf
 939 00d6 2E       		.uleb128 0x2e
 940 00d7 01       		.byte	0x1
 941 00d8 3F       		.uleb128 0x3f
 942 00d9 19       		.uleb128 0x19
 943 00da 03       		.uleb128 0x3
 944 00db 0E       		.uleb128 0xe
 945 00dc 3A       		.uleb128 0x3a
 946 00dd 0B       		.uleb128 0xb
 947 00de 3B       		.uleb128 0x3b
 948 00df 05       		.uleb128 0x5
 949 00e0 27       		.uleb128 0x27
 950 00e1 19       		.uleb128 0x19
 951 00e2 49       		.uleb128 0x49
 952 00e3 13       		.uleb128 0x13
ARM GAS  C:\Users\nosak\AppData\Local\Temp\cc1zpZSv.s 			page 25


 953 00e4 11       		.uleb128 0x11
 954 00e5 01       		.uleb128 0x1
 955 00e6 12       		.uleb128 0x12
 956 00e7 06       		.uleb128 0x6
 957 00e8 40       		.uleb128 0x40
 958 00e9 18       		.uleb128 0x18
 959 00ea 9742     		.uleb128 0x2117
 960 00ec 19       		.uleb128 0x19
 961 00ed 01       		.uleb128 0x1
 962 00ee 13       		.uleb128 0x13
 963 00ef 00       		.byte	0
 964 00f0 00       		.byte	0
 965 00f1 10       		.uleb128 0x10
 966 00f2 34       		.uleb128 0x34
 967 00f3 00       		.byte	0
 968 00f4 03       		.uleb128 0x3
 969 00f5 0E       		.uleb128 0xe
 970 00f6 3A       		.uleb128 0x3a
 971 00f7 0B       		.uleb128 0xb
 972 00f8 3B       		.uleb128 0x3b
 973 00f9 05       		.uleb128 0x5
 974 00fa 49       		.uleb128 0x49
 975 00fb 13       		.uleb128 0x13
 976 00fc 02       		.uleb128 0x2
 977 00fd 17       		.uleb128 0x17
 978 00fe 00       		.byte	0
 979 00ff 00       		.byte	0
 980 0100 11       		.uleb128 0x11
 981 0101 2E       		.uleb128 0x2e
 982 0102 00       		.byte	0
 983 0103 3F       		.uleb128 0x3f
 984 0104 19       		.uleb128 0x19
 985 0105 03       		.uleb128 0x3
 986 0106 0E       		.uleb128 0xe
 987 0107 3A       		.uleb128 0x3a
 988 0108 0B       		.uleb128 0xb
 989 0109 3B       		.uleb128 0x3b
 990 010a 05       		.uleb128 0x5
 991 010b 27       		.uleb128 0x27
 992 010c 19       		.uleb128 0x19
 993 010d 11       		.uleb128 0x11
 994 010e 01       		.uleb128 0x1
 995 010f 12       		.uleb128 0x12
 996 0110 06       		.uleb128 0x6
 997 0111 40       		.uleb128 0x40
 998 0112 18       		.uleb128 0x18
 999 0113 9742     		.uleb128 0x2117
 1000 0115 19       		.uleb128 0x19
 1001 0116 00       		.byte	0
 1002 0117 00       		.byte	0
 1003 0118 12       		.uleb128 0x12
 1004 0119 2E       		.uleb128 0x2e
 1005 011a 00       		.byte	0
 1006 011b 3F       		.uleb128 0x3f
 1007 011c 19       		.uleb128 0x19
 1008 011d 03       		.uleb128 0x3
 1009 011e 0E       		.uleb128 0xe
ARM GAS  C:\Users\nosak\AppData\Local\Temp\cc1zpZSv.s 			page 26


 1010 011f 3A       		.uleb128 0x3a
 1011 0120 0B       		.uleb128 0xb
 1012 0121 3B       		.uleb128 0x3b
 1013 0122 05       		.uleb128 0x5
 1014 0123 27       		.uleb128 0x27
 1015 0124 19       		.uleb128 0x19
 1016 0125 49       		.uleb128 0x49
 1017 0126 13       		.uleb128 0x13
 1018 0127 11       		.uleb128 0x11
 1019 0128 01       		.uleb128 0x1
 1020 0129 12       		.uleb128 0x12
 1021 012a 06       		.uleb128 0x6
 1022 012b 40       		.uleb128 0x40
 1023 012c 18       		.uleb128 0x18
 1024 012d 9742     		.uleb128 0x2117
 1025 012f 19       		.uleb128 0x19
 1026 0130 00       		.byte	0
 1027 0131 00       		.byte	0
 1028 0132 13       		.uleb128 0x13
 1029 0133 898201   		.uleb128 0x4109
 1030 0136 01       		.byte	0x1
 1031 0137 11       		.uleb128 0x11
 1032 0138 01       		.uleb128 0x1
 1033 0139 31       		.uleb128 0x31
 1034 013a 13       		.uleb128 0x13
 1035 013b 01       		.uleb128 0x1
 1036 013c 13       		.uleb128 0x13
 1037 013d 00       		.byte	0
 1038 013e 00       		.byte	0
 1039 013f 14       		.uleb128 0x14
 1040 0140 8A8201   		.uleb128 0x410a
 1041 0143 00       		.byte	0
 1042 0144 02       		.uleb128 0x2
 1043 0145 18       		.uleb128 0x18
 1044 0146 9142     		.uleb128 0x2111
 1045 0148 18       		.uleb128 0x18
 1046 0149 00       		.byte	0
 1047 014a 00       		.byte	0
 1048 014b 15       		.uleb128 0x15
 1049 014c 05       		.uleb128 0x5
 1050 014d 00       		.byte	0
 1051 014e 03       		.uleb128 0x3
 1052 014f 0E       		.uleb128 0xe
 1053 0150 3A       		.uleb128 0x3a
 1054 0151 0B       		.uleb128 0xb
 1055 0152 3B       		.uleb128 0x3b
 1056 0153 0B       		.uleb128 0xb
 1057 0154 49       		.uleb128 0x49
 1058 0155 13       		.uleb128 0x13
 1059 0156 02       		.uleb128 0x2
 1060 0157 17       		.uleb128 0x17
 1061 0158 00       		.byte	0
 1062 0159 00       		.byte	0
 1063 015a 16       		.uleb128 0x16
 1064 015b 2E       		.uleb128 0x2e
 1065 015c 00       		.byte	0
 1066 015d 3F       		.uleb128 0x3f
ARM GAS  C:\Users\nosak\AppData\Local\Temp\cc1zpZSv.s 			page 27


 1067 015e 19       		.uleb128 0x19
 1068 015f 03       		.uleb128 0x3
 1069 0160 0E       		.uleb128 0xe
 1070 0161 3A       		.uleb128 0x3a
 1071 0162 0B       		.uleb128 0xb
 1072 0163 3B       		.uleb128 0x3b
 1073 0164 0B       		.uleb128 0xb
 1074 0165 27       		.uleb128 0x27
 1075 0166 19       		.uleb128 0x19
 1076 0167 3C       		.uleb128 0x3c
 1077 0168 19       		.uleb128 0x19
 1078 0169 00       		.byte	0
 1079 016a 00       		.byte	0
 1080 016b 00       		.byte	0
 1081              		.section	.debug_loc,"",%progbits
 1082              	.Ldebug_loc0:
 1083              	.LLST0:
 1084 0000 00000000 		.4byte	.LVL4
 1085 0004 02000000 		.4byte	.LVL5
 1086 0008 0100     		.2byte	0x1
 1087 000a 50       		.byte	0x50
 1088 000b 02000000 		.4byte	.LVL5
 1089 000f 10000000 		.4byte	.LFE6
 1090 0013 0400     		.2byte	0x4
 1091 0015 F3       		.byte	0xf3
 1092 0016 01       		.uleb128 0x1
 1093 0017 50       		.byte	0x50
 1094 0018 9F       		.byte	0x9f
 1095 0019 00000000 		.4byte	0
 1096 001d 00000000 		.4byte	0
 1097              	.LLST1:
 1098 0021 04000000 		.4byte	.LVL6
 1099 0025 06000000 		.4byte	.LVL7
 1100 0029 0500     		.2byte	0x5
 1101 002b 70       		.byte	0x70
 1102 002c 00       		.sleb128 0
 1103 002d 35       		.byte	0x35
 1104 002e 25       		.byte	0x25
 1105 002f 9F       		.byte	0x9f
 1106 0030 00000000 		.4byte	0
 1107 0034 00000000 		.4byte	0
 1108              	.LLST2:
 1109 0038 00000000 		.4byte	.LVL12
 1110 003c 07000000 		.4byte	.LVL13-1
 1111 0040 0100     		.2byte	0x1
 1112 0042 50       		.byte	0x50
 1113 0043 07000000 		.4byte	.LVL13-1
 1114 0047 1A000000 		.4byte	.LFE1
 1115 004b 0100     		.2byte	0x1
 1116 004d 54       		.byte	0x54
 1117 004e 00000000 		.4byte	0
 1118 0052 00000000 		.4byte	0
 1119              		.section	.debug_aranges,"",%progbits
 1120 0000 7C000000 		.4byte	0x7c
 1121 0004 0200     		.2byte	0x2
 1122 0006 00000000 		.4byte	.Ldebug_info0
 1123 000a 04       		.byte	0x4
ARM GAS  C:\Users\nosak\AppData\Local\Temp\cc1zpZSv.s 			page 28


 1124 000b 00       		.byte	0
 1125 000c 0000     		.2byte	0
 1126 000e 0000     		.2byte	0
 1127 0010 00000000 		.4byte	.LFB3
 1128 0014 08000000 		.4byte	.LFE3-.LFB3
 1129 0018 00000000 		.4byte	.LFB4
 1130 001c 10000000 		.4byte	.LFE4-.LFB4
 1131 0020 00000000 		.4byte	.LFB5
 1132 0024 10000000 		.4byte	.LFE5-.LFB5
 1133 0028 00000000 		.4byte	.LFB6
 1134 002c 10000000 		.4byte	.LFE6-.LFB6
 1135 0030 00000000 		.4byte	.LFB7
 1136 0034 0C000000 		.4byte	.LFE7-.LFB7
 1137 0038 00000000 		.4byte	.LFB8
 1138 003c 10000000 		.4byte	.LFE8-.LFB8
 1139 0040 00000000 		.4byte	.LFB9
 1140 0044 18000000 		.4byte	.LFE9-.LFB9
 1141 0048 00000000 		.4byte	.LFB10
 1142 004c 10000000 		.4byte	.LFE10-.LFB10
 1143 0050 00000000 		.4byte	.LFB0
 1144 0054 1C000000 		.4byte	.LFE0-.LFB0
 1145 0058 00000000 		.4byte	.LFB1
 1146 005c 1A000000 		.4byte	.LFE1-.LFB1
 1147 0060 00000000 		.4byte	.LFB2
 1148 0064 14000000 		.4byte	.LFE2-.LFB2
 1149 0068 00000000 		.4byte	.LFB11
 1150 006c 10000000 		.4byte	.LFE11-.LFB11
 1151 0070 00000000 		.4byte	.LFB12
 1152 0074 10000000 		.4byte	.LFE12-.LFB12
 1153 0078 00000000 		.4byte	0
 1154 007c 00000000 		.4byte	0
 1155              		.section	.debug_ranges,"",%progbits
 1156              	.Ldebug_ranges0:
 1157 0000 00000000 		.4byte	.LFB3
 1158 0004 08000000 		.4byte	.LFE3
 1159 0008 00000000 		.4byte	.LFB4
 1160 000c 10000000 		.4byte	.LFE4
 1161 0010 00000000 		.4byte	.LFB5
 1162 0014 10000000 		.4byte	.LFE5
 1163 0018 00000000 		.4byte	.LFB6
 1164 001c 10000000 		.4byte	.LFE6
 1165 0020 00000000 		.4byte	.LFB7
 1166 0024 0C000000 		.4byte	.LFE7
 1167 0028 00000000 		.4byte	.LFB8
 1168 002c 10000000 		.4byte	.LFE8
 1169 0030 00000000 		.4byte	.LFB9
 1170 0034 18000000 		.4byte	.LFE9
 1171 0038 00000000 		.4byte	.LFB10
 1172 003c 10000000 		.4byte	.LFE10
 1173 0040 00000000 		.4byte	.LFB0
 1174 0044 1C000000 		.4byte	.LFE0
 1175 0048 00000000 		.4byte	.LFB1
 1176 004c 1A000000 		.4byte	.LFE1
 1177 0050 00000000 		.4byte	.LFB2
 1178 0054 14000000 		.4byte	.LFE2
 1179 0058 00000000 		.4byte	.LFB11
 1180 005c 10000000 		.4byte	.LFE11
ARM GAS  C:\Users\nosak\AppData\Local\Temp\cc1zpZSv.s 			page 29


 1181 0060 00000000 		.4byte	.LFB12
 1182 0064 10000000 		.4byte	.LFE12
 1183 0068 00000000 		.4byte	0
 1184 006c 00000000 		.4byte	0
 1185              		.section	.debug_line,"",%progbits
 1186              	.Ldebug_line0:
 1187 0000 53010000 		.section	.debug_str,"MS",%progbits,1
 1187      02006600 
 1187      00000201 
 1187      FB0E0D00 
 1187      01010101 
 1188              	.LASF16:
 1189 0000 72656733 		.ascii	"reg32\000"
 1189      3200
 1190              	.LASF13:
 1191 0006 666C6F61 		.ascii	"float\000"
 1191      7400
 1192              	.LASF28:
 1193 000c 4B656973 		.ascii	"KeisokuTimer_isr_Start\000"
 1193      6F6B7554 
 1193      696D6572 
 1193      5F697372 
 1193      5F537461 
 1194              	.LASF4:
 1195 0023 73686F72 		.ascii	"short unsigned int\000"
 1195      7420756E 
 1195      7369676E 
 1195      65642069 
 1195      6E7400
 1196              	.LASF3:
 1197 0036 73686F72 		.ascii	"short int\000"
 1197      7420696E 
 1197      7400
 1198              	.LASF31:
 1199 0040 4B656973 		.ascii	"KeisokuTimer_isr_SetPending\000"
 1199      6F6B7554 
 1199      696D6572 
 1199      5F697372 
 1199      5F536574 
 1200              	.LASF37:
 1201 005c 4D795F4B 		.ascii	"My_KeisokuTimer_isr_Interrupt\000"
 1201      6569736F 
 1201      6B755469 
 1201      6D65725F 
 1201      6973725F 
 1202              	.LASF19:
 1203 007a 4B656973 		.ascii	"KeisokuTimer_isr_SetVector\000"
 1203      6F6B7554 
 1203      696D6572 
 1203      5F697372 
 1203      5F536574 
 1204              	.LASF29:
 1205 0095 4B656973 		.ascii	"KeisokuTimer_isr_StartEx\000"
 1205      6F6B7554 
 1205      696D6572 
 1205      5F697372 
 1205      5F537461 
ARM GAS  C:\Users\nosak\AppData\Local\Temp\cc1zpZSv.s 			page 30


 1206              	.LASF15:
 1207 00ae 72656738 		.ascii	"reg8\000"
 1207      00
 1208              	.LASF6:
 1209 00b3 6C6F6E67 		.ascii	"long unsigned int\000"
 1209      20756E73 
 1209      69676E65 
 1209      6420696E 
 1209      7400
 1210              	.LASF11:
 1211 00c5 75696E74 		.ascii	"uint8\000"
 1211      3800
 1212              	.LASF35:
 1213 00cb 433A5C54 		.ascii	"C:\\TIRI\\k3g2pmpm_20211223\\trobot_psoc_v6_73\\tro"
 1213      4952495C 
 1213      6B336732 
 1213      706D706D 
 1213      5F323032 
 1214 00fa 626F7436 		.ascii	"bot6_cir2_2wd.cydsn\000"
 1214      5F636972 
 1214      325F3277 
 1214      642E6379 
 1214      64736E00 
 1215              	.LASF23:
 1216 010e 7072696F 		.ascii	"priority\000"
 1216      72697479 
 1216      00
 1217              	.LASF2:
 1218 0117 756E7369 		.ascii	"unsigned char\000"
 1218      676E6564 
 1218      20636861 
 1218      7200
 1219              	.LASF14:
 1220 0125 646F7562 		.ascii	"double\000"
 1220      6C6500
 1221              	.LASF27:
 1222 012c 4B656973 		.ascii	"KeisokuTimer_isr_Disable\000"
 1222      6F6B7554 
 1222      696D6572 
 1222      5F697372 
 1222      5F446973 
 1223              	.LASF25:
 1224 0145 4B656973 		.ascii	"KeisokuTimer_isr_GetPriority\000"
 1224      6F6B7554 
 1224      696D6572 
 1224      5F697372 
 1224      5F476574 
 1225              	.LASF12:
 1226 0162 75696E74 		.ascii	"uint32\000"
 1226      333200
 1227              	.LASF33:
 1228 0169 474E5520 		.ascii	"GNU C 4.9.3 20150303 (release) [ARM/embedded-4_9-br"
 1228      4320342E 
 1228      392E3320 
 1228      32303135 
 1228      30333033 
 1229 019c 616E6368 		.ascii	"anch revision 221220] -mcpu=cortex-m3 -mthumb -g -O"
ARM GAS  C:\Users\nosak\AppData\Local\Temp\cc1zpZSv.s 			page 31


 1229      20726576 
 1229      6973696F 
 1229      6E203232 
 1229      31323230 
 1230 01cf 67202D66 		.ascii	"g -ffunction-sections -ffat-lto-objects\000"
 1230      66756E63 
 1230      74696F6E 
 1230      2D736563 
 1230      74696F6E 
 1231              	.LASF0:
 1232 01f7 756E7369 		.ascii	"unsigned int\000"
 1232      676E6564 
 1232      20696E74 
 1232      00
 1233              	.LASF22:
 1234 0204 61646472 		.ascii	"address\000"
 1234      65737300 
 1235              	.LASF8:
 1236 020c 6C6F6E67 		.ascii	"long long unsigned int\000"
 1236      206C6F6E 
 1236      6720756E 
 1236      7369676E 
 1236      65642069 
 1237              	.LASF17:
 1238 0223 63796973 		.ascii	"cyisraddress\000"
 1238      72616464 
 1238      72657373 
 1238      00
 1239              	.LASF24:
 1240 0230 4B656973 		.ascii	"KeisokuTimer_isr_GetVector\000"
 1240      6F6B7554 
 1240      696D6572 
 1240      5F697372 
 1240      5F476574 
 1241              	.LASF9:
 1242 024b 73697A65 		.ascii	"sizetype\000"
 1242      74797065 
 1242      00
 1243              	.LASF32:
 1244 0254 4B656973 		.ascii	"KeisokuTimer_isr_ClearPending\000"
 1244      6F6B7554 
 1244      696D6572 
 1244      5F697372 
 1244      5F436C65 
 1245              	.LASF7:
 1246 0272 6C6F6E67 		.ascii	"long long int\000"
 1246      206C6F6E 
 1246      6720696E 
 1246      7400
 1247              	.LASF10:
 1248 0280 63686172 		.ascii	"char\000"
 1248      00
 1249              	.LASF20:
 1250 0285 72616D56 		.ascii	"ramVectorTable\000"
 1250      6563746F 
 1250      72546162 
 1250      6C6500
ARM GAS  C:\Users\nosak\AppData\Local\Temp\cc1zpZSv.s 			page 32


 1251              	.LASF26:
 1252 0294 4B656973 		.ascii	"KeisokuTimer_isr_Enable\000"
 1252      6F6B7554 
 1252      696D6572 
 1252      5F697372 
 1252      5F456E61 
 1253              	.LASF34:
 1254 02ac 2E5C4765 		.ascii	".\\Generated_Source\\PSoC5\\KeisokuTimer_isr.c\000"
 1254      6E657261 
 1254      7465645F 
 1254      536F7572 
 1254      63655C50 
 1255              	.LASF30:
 1256 02d8 4B656973 		.ascii	"KeisokuTimer_isr_Stop\000"
 1256      6F6B7554 
 1256      696D6572 
 1256      5F697372 
 1256      5F53746F 
 1257              	.LASF5:
 1258 02ee 6C6F6E67 		.ascii	"long int\000"
 1258      20696E74 
 1258      00
 1259              	.LASF36:
 1260 02f7 4B656973 		.ascii	"KeisokuTimer_isr_GetState\000"
 1260      6F6B7554 
 1260      696D6572 
 1260      5F697372 
 1260      5F476574 
 1261              	.LASF21:
 1262 0311 4B656973 		.ascii	"KeisokuTimer_isr_SetPriority\000"
 1262      6F6B7554 
 1262      696D6572 
 1262      5F697372 
 1262      5F536574 
 1263              	.LASF1:
 1264 032e 7369676E 		.ascii	"signed char\000"
 1264      65642063 
 1264      68617200 
 1265              	.LASF18:
 1266 033a 4B656973 		.ascii	"KeisokuTimer_isr_Interrupt\000"
 1266      6F6B7554 
 1266      696D6572 
 1266      5F697372 
 1266      5F496E74 
 1267              		.ident	"GCC: (GNU Tools for ARM Embedded Processors) 4.9.3 20150303 (release) [ARM/embedded-4_9-br
