ARM GAS  C:\Users\nosak\AppData\Local\Temp\ccE56Vzl.s 			page 1


   1              		.syntax unified
   2              		.cpu cortex-m3
   3              		.fpu softvfp
   4              		.eabi_attribute 20, 1
   5              		.eabi_attribute 21, 1
   6              		.eabi_attribute 23, 3
   7              		.eabi_attribute 24, 1
   8              		.eabi_attribute 25, 1
   9              		.eabi_attribute 26, 1
  10              		.eabi_attribute 30, 1
  11              		.eabi_attribute 34, 1
  12              		.eabi_attribute 18, 4
  13              		.thumb
  14              		.file	"Motor_Contl4_3_data.c"
  15              		.text
  16              	.Ltext0:
  17              		.cfi_sections	.debug_frame
  18              		.global	Motor_Contl4_3_P
  19              		.data
  20              		.align	3
  21              		.type	Motor_Contl4_3_P, %object
  22              		.size	Motor_Contl4_3_P, 160
  23              	Motor_Contl4_3_P:
  24 0000 00000000 		.word	0
  25 0004 00000000 		.word	0
  26 0008 00000000 		.word	0
  27 000c 00000840 		.word	1074266112
  28 0010 00000000 		.word	0
  29 0014 0000F03F 		.word	1072693248
  30 0018 00000000 		.word	0
  31 001c 00002440 		.word	1076101120
  32 0020 00000000 		.word	0
  33 0024 000024C0 		.word	-1071382528
  34 0028 00000000 		.word	0
  35 002c 00000000 		.word	0
  36 0030 00000000 		.word	0
  37 0034 00000840 		.word	1074266112
  38 0038 00000000 		.word	0
  39 003c 0000F03F 		.word	1072693248
  40 0040 00000000 		.word	0
  41 0044 00002440 		.word	1076101120
  42 0048 00000000 		.word	0
  43 004c 000024C0 		.word	-1071382528
  44 0050 00000000 		.word	0
  45 0054 00000000 		.word	0
  46 0058 00000000 		.word	0
  47 005c 00000840 		.word	1074266112
  48 0060 00000000 		.word	0
  49 0064 0000F03F 		.word	1072693248
  50 0068 00000000 		.word	0
  51 006c 00002440 		.word	1076101120
  52 0070 00000000 		.word	0
  53 0074 000024C0 		.word	-1071382528
  54 0078 00000000 		.word	0
  55 007c 00000000 		.word	0
  56 0080 00000000 		.word	0
  57 0084 00000840 		.word	1074266112
ARM GAS  C:\Users\nosak\AppData\Local\Temp\ccE56Vzl.s 			page 2


  58 0088 00000000 		.word	0
  59 008c 0000F03F 		.word	1072693248
  60 0090 00000000 		.word	0
  61 0094 00002440 		.word	1076101120
  62 0098 00000000 		.word	0
  63 009c 000024C0 		.word	-1071382528
  64              		.text
  65              	.Letext0:
  66              		.file 1 ".\\rtwtypes.h"
  67              		.file 2 ".\\Motor_Contl4_3_types.h"
  68              		.file 3 ".\\Motor_Contl4_3.h"
  69              		.file 4 ".\\Motor_Contl4_3_data.c"
  70              		.section	.debug_info,"",%progbits
  71              	.Ldebug_info0:
  72 0000 A0010000 		.4byte	0x1a0
  73 0004 0400     		.2byte	0x4
  74 0006 00000000 		.4byte	.Ldebug_abbrev0
  75 000a 04       		.byte	0x4
  76 000b 01       		.uleb128 0x1
  77 000c 48010000 		.4byte	.LASF35
  78 0010 01       		.byte	0x1
  79 0011 D6010000 		.4byte	.LASF36
  80 0015 B7000000 		.4byte	.LASF37
  81 0019 00000000 		.4byte	.Ldebug_line0
  82 001d 02       		.uleb128 0x2
  83 001e 04       		.byte	0x4
  84 001f 05       		.byte	0x5
  85 0020 696E7400 		.ascii	"int\000"
  86 0024 03       		.uleb128 0x3
  87 0025 04       		.byte	0x4
  88 0026 07       		.byte	0x7
  89 0027 EE010000 		.4byte	.LASF0
  90 002b 03       		.uleb128 0x3
  91 002c 01       		.byte	0x1
  92 002d 06       		.byte	0x6
  93 002e 04030000 		.4byte	.LASF1
  94 0032 03       		.uleb128 0x3
  95 0033 01       		.byte	0x1
  96 0034 08       		.byte	0x8
  97 0035 6E000000 		.4byte	.LASF2
  98 0039 03       		.uleb128 0x3
  99 003a 02       		.byte	0x2
 100 003b 05       		.byte	0x5
 101 003c 8F020000 		.4byte	.LASF3
 102 0040 03       		.uleb128 0x3
 103 0041 02       		.byte	0x2
 104 0042 07       		.byte	0x7
 105 0043 A4000000 		.4byte	.LASF4
 106 0047 03       		.uleb128 0x3
 107 0048 04       		.byte	0x4
 108 0049 05       		.byte	0x5
 109 004a F6020000 		.4byte	.LASF5
 110 004e 03       		.uleb128 0x3
 111 004f 04       		.byte	0x4
 112 0050 07       		.byte	0x7
 113 0051 92000000 		.4byte	.LASF6
 114 0055 03       		.uleb128 0x3
ARM GAS  C:\Users\nosak\AppData\Local\Temp\ccE56Vzl.s 			page 3


 115 0056 08       		.byte	0x8
 116 0057 05       		.byte	0x5
 117 0058 3A020000 		.4byte	.LASF7
 118 005c 03       		.uleb128 0x3
 119 005d 08       		.byte	0x8
 120 005e 07       		.byte	0x7
 121 005f FB010000 		.4byte	.LASF8
 122 0063 03       		.uleb128 0x3
 123 0064 04       		.byte	0x4
 124 0065 07       		.byte	0x7
 125 0066 2A020000 		.4byte	.LASF9
 126 006a 03       		.uleb128 0x3
 127 006b 01       		.byte	0x1
 128 006c 08       		.byte	0x8
 129 006d FF020000 		.4byte	.LASF10
 130 0071 03       		.uleb128 0x3
 131 0072 04       		.byte	0x4
 132 0073 04       		.byte	0x4
 133 0074 3C000000 		.4byte	.LASF11
 134 0078 03       		.uleb128 0x3
 135 0079 08       		.byte	0x8
 136 007a 04       		.byte	0x4
 137 007b 26010000 		.4byte	.LASF12
 138 007f 04       		.uleb128 0x4
 139 0080 33020000 		.4byte	.LASF13
 140 0084 01       		.byte	0x1
 141 0085 44       		.byte	0x44
 142 0086 78000000 		.4byte	0x78
 143 008a 04       		.uleb128 0x4
 144 008b 0C010000 		.4byte	.LASF14
 145 008f 02       		.byte	0x2
 146 0090 16       		.byte	0x16
 147 0091 95000000 		.4byte	0x95
 148 0095 05       		.uleb128 0x5
 149 0096 2D010000 		.4byte	.LASF38
 150 009a A0       		.byte	0xa0
 151 009b 03       		.byte	0x3
 152 009c 7A       		.byte	0x7a
 153 009d 92010000 		.4byte	0x192
 154 00a1 06       		.uleb128 0x6
 155 00a2 E7020000 		.4byte	.LASF15
 156 00a6 03       		.byte	0x3
 157 00a7 7B       		.byte	0x7b
 158 00a8 7F000000 		.4byte	0x7f
 159 00ac 00       		.byte	0
 160 00ad 06       		.uleb128 0x6
 161 00ae 00000000 		.4byte	.LASF16
 162 00b2 03       		.byte	0x3
 163 00b3 7E       		.byte	0x7e
 164 00b4 7F000000 		.4byte	0x7f
 165 00b8 08       		.byte	0x8
 166 00b9 06       		.uleb128 0x6
 167 00ba 18000000 		.4byte	.LASF17
 168 00be 03       		.byte	0x3
 169 00bf 81       		.byte	0x81
 170 00c0 7F000000 		.4byte	0x7f
 171 00c4 10       		.byte	0x10
ARM GAS  C:\Users\nosak\AppData\Local\Temp\ccE56Vzl.s 			page 4


 172 00c5 06       		.uleb128 0x6
 173 00c6 10030000 		.4byte	.LASF18
 174 00ca 03       		.byte	0x3
 175 00cb 84       		.byte	0x84
 176 00cc 7F000000 		.4byte	0x7f
 177 00d0 18       		.byte	0x18
 178 00d1 06       		.uleb128 0x6
 179 00d2 6A020000 		.4byte	.LASF19
 180 00d6 03       		.byte	0x3
 181 00d7 87       		.byte	0x87
 182 00d8 7F000000 		.4byte	0x7f
 183 00dc 20       		.byte	0x20
 184 00dd 06       		.uleb128 0x6
 185 00de 7E020000 		.4byte	.LASF20
 186 00e2 03       		.byte	0x3
 187 00e3 8A       		.byte	0x8a
 188 00e4 7F000000 		.4byte	0x7f
 189 00e8 28       		.byte	0x28
 190 00e9 06       		.uleb128 0x6
 191 00ea 0B000000 		.4byte	.LASF21
 192 00ee 03       		.byte	0x3
 193 00ef 8D       		.byte	0x8d
 194 00f0 7F000000 		.4byte	0x7f
 195 00f4 30       		.byte	0x30
 196 00f5 06       		.uleb128 0x6
 197 00f6 12020000 		.4byte	.LASF22
 198 00fa 03       		.byte	0x3
 199 00fb 90       		.byte	0x90
 200 00fc 7F000000 		.4byte	0x7f
 201 0100 38       		.byte	0x38
 202 0101 06       		.uleb128 0x6
 203 0102 42000000 		.4byte	.LASF23
 204 0106 03       		.byte	0x3
 205 0107 93       		.byte	0x93
 206 0108 7F000000 		.4byte	0x7f
 207 010c 40       		.byte	0x40
 208 010d 06       		.uleb128 0x6
 209 010e 99020000 		.4byte	.LASF24
 210 0112 03       		.byte	0x3
 211 0113 96       		.byte	0x96
 212 0114 7F000000 		.4byte	0x7f
 213 0118 48       		.byte	0x48
 214 0119 06       		.uleb128 0x6
 215 011a D6020000 		.4byte	.LASF25
 216 011e 03       		.byte	0x3
 217 011f 99       		.byte	0x99
 218 0120 7F000000 		.4byte	0x7f
 219 0124 50       		.byte	0x50
 220 0125 06       		.uleb128 0x6
 221 0126 2F000000 		.4byte	.LASF26
 222 012a 03       		.byte	0x3
 223 012b 9C       		.byte	0x9c
 224 012c 7F000000 		.4byte	0x7f
 225 0130 58       		.byte	0x58
 226 0131 06       		.uleb128 0x6
 227 0132 1E020000 		.4byte	.LASF27
 228 0136 03       		.byte	0x3
ARM GAS  C:\Users\nosak\AppData\Local\Temp\ccE56Vzl.s 			page 5


 229 0137 9F       		.byte	0x9f
 230 0138 7F000000 		.4byte	0x7f
 231 013c 60       		.byte	0x60
 232 013d 06       		.uleb128 0x6
 233 013e 7C000000 		.4byte	.LASF28
 234 0142 03       		.byte	0x3
 235 0143 A2       		.byte	0xa2
 236 0144 7F000000 		.4byte	0x7f
 237 0148 68       		.byte	0x68
 238 0149 06       		.uleb128 0x6
 239 014a 54020000 		.4byte	.LASF29
 240 014e 03       		.byte	0x3
 241 014f A5       		.byte	0xa5
 242 0150 7F000000 		.4byte	0x7f
 243 0154 70       		.byte	0x70
 244 0155 06       		.uleb128 0x6
 245 0156 FA000000 		.4byte	.LASF30
 246 015a 03       		.byte	0x3
 247 015b A8       		.byte	0xa8
 248 015c 7F000000 		.4byte	0x7f
 249 0160 78       		.byte	0x78
 250 0161 06       		.uleb128 0x6
 251 0162 22000000 		.4byte	.LASF31
 252 0166 03       		.byte	0x3
 253 0167 AB       		.byte	0xab
 254 0168 7F000000 		.4byte	0x7f
 255 016c 80       		.byte	0x80
 256 016d 06       		.uleb128 0x6
 257 016e 48020000 		.4byte	.LASF32
 258 0172 03       		.byte	0x3
 259 0173 AE       		.byte	0xae
 260 0174 7F000000 		.4byte	0x7f
 261 0178 88       		.byte	0x88
 262 0179 06       		.uleb128 0x6
 263 017a 58000000 		.4byte	.LASF33
 264 017e 03       		.byte	0x3
 265 017f B1       		.byte	0xb1
 266 0180 7F000000 		.4byte	0x7f
 267 0184 90       		.byte	0x90
 268 0185 06       		.uleb128 0x6
 269 0186 AF020000 		.4byte	.LASF34
 270 018a 03       		.byte	0x3
 271 018b B4       		.byte	0xb4
 272 018c 7F000000 		.4byte	0x7f
 273 0190 98       		.byte	0x98
 274 0191 00       		.byte	0
 275 0192 07       		.uleb128 0x7
 276 0193 C5020000 		.4byte	.LASF39
 277 0197 04       		.byte	0x4
 278 0198 1C       		.byte	0x1c
 279 0199 8A000000 		.4byte	0x8a
 280 019d 05       		.uleb128 0x5
 281 019e 03       		.byte	0x3
 282 019f 00000000 		.4byte	Motor_Contl4_3_P
 283 01a3 00       		.byte	0
 284              		.section	.debug_abbrev,"",%progbits
 285              	.Ldebug_abbrev0:
ARM GAS  C:\Users\nosak\AppData\Local\Temp\ccE56Vzl.s 			page 6


 286 0000 01       		.uleb128 0x1
 287 0001 11       		.uleb128 0x11
 288 0002 01       		.byte	0x1
 289 0003 25       		.uleb128 0x25
 290 0004 0E       		.uleb128 0xe
 291 0005 13       		.uleb128 0x13
 292 0006 0B       		.uleb128 0xb
 293 0007 03       		.uleb128 0x3
 294 0008 0E       		.uleb128 0xe
 295 0009 1B       		.uleb128 0x1b
 296 000a 0E       		.uleb128 0xe
 297 000b 10       		.uleb128 0x10
 298 000c 17       		.uleb128 0x17
 299 000d 00       		.byte	0
 300 000e 00       		.byte	0
 301 000f 02       		.uleb128 0x2
 302 0010 24       		.uleb128 0x24
 303 0011 00       		.byte	0
 304 0012 0B       		.uleb128 0xb
 305 0013 0B       		.uleb128 0xb
 306 0014 3E       		.uleb128 0x3e
 307 0015 0B       		.uleb128 0xb
 308 0016 03       		.uleb128 0x3
 309 0017 08       		.uleb128 0x8
 310 0018 00       		.byte	0
 311 0019 00       		.byte	0
 312 001a 03       		.uleb128 0x3
 313 001b 24       		.uleb128 0x24
 314 001c 00       		.byte	0
 315 001d 0B       		.uleb128 0xb
 316 001e 0B       		.uleb128 0xb
 317 001f 3E       		.uleb128 0x3e
 318 0020 0B       		.uleb128 0xb
 319 0021 03       		.uleb128 0x3
 320 0022 0E       		.uleb128 0xe
 321 0023 00       		.byte	0
 322 0024 00       		.byte	0
 323 0025 04       		.uleb128 0x4
 324 0026 16       		.uleb128 0x16
 325 0027 00       		.byte	0
 326 0028 03       		.uleb128 0x3
 327 0029 0E       		.uleb128 0xe
 328 002a 3A       		.uleb128 0x3a
 329 002b 0B       		.uleb128 0xb
 330 002c 3B       		.uleb128 0x3b
 331 002d 0B       		.uleb128 0xb
 332 002e 49       		.uleb128 0x49
 333 002f 13       		.uleb128 0x13
 334 0030 00       		.byte	0
 335 0031 00       		.byte	0
 336 0032 05       		.uleb128 0x5
 337 0033 13       		.uleb128 0x13
 338 0034 01       		.byte	0x1
 339 0035 03       		.uleb128 0x3
 340 0036 0E       		.uleb128 0xe
 341 0037 0B       		.uleb128 0xb
 342 0038 0B       		.uleb128 0xb
ARM GAS  C:\Users\nosak\AppData\Local\Temp\ccE56Vzl.s 			page 7


 343 0039 3A       		.uleb128 0x3a
 344 003a 0B       		.uleb128 0xb
 345 003b 3B       		.uleb128 0x3b
 346 003c 0B       		.uleb128 0xb
 347 003d 01       		.uleb128 0x1
 348 003e 13       		.uleb128 0x13
 349 003f 00       		.byte	0
 350 0040 00       		.byte	0
 351 0041 06       		.uleb128 0x6
 352 0042 0D       		.uleb128 0xd
 353 0043 00       		.byte	0
 354 0044 03       		.uleb128 0x3
 355 0045 0E       		.uleb128 0xe
 356 0046 3A       		.uleb128 0x3a
 357 0047 0B       		.uleb128 0xb
 358 0048 3B       		.uleb128 0x3b
 359 0049 0B       		.uleb128 0xb
 360 004a 49       		.uleb128 0x49
 361 004b 13       		.uleb128 0x13
 362 004c 38       		.uleb128 0x38
 363 004d 0B       		.uleb128 0xb
 364 004e 00       		.byte	0
 365 004f 00       		.byte	0
 366 0050 07       		.uleb128 0x7
 367 0051 34       		.uleb128 0x34
 368 0052 00       		.byte	0
 369 0053 03       		.uleb128 0x3
 370 0054 0E       		.uleb128 0xe
 371 0055 3A       		.uleb128 0x3a
 372 0056 0B       		.uleb128 0xb
 373 0057 3B       		.uleb128 0x3b
 374 0058 0B       		.uleb128 0xb
 375 0059 49       		.uleb128 0x49
 376 005a 13       		.uleb128 0x13
 377 005b 3F       		.uleb128 0x3f
 378 005c 19       		.uleb128 0x19
 379 005d 02       		.uleb128 0x2
 380 005e 18       		.uleb128 0x18
 381 005f 00       		.byte	0
 382 0060 00       		.byte	0
 383 0061 00       		.byte	0
 384              		.section	.debug_aranges,"",%progbits
 385 0000 14000000 		.4byte	0x14
 386 0004 0200     		.2byte	0x2
 387 0006 00000000 		.4byte	.Ldebug_info0
 388 000a 04       		.byte	0x4
 389 000b 00       		.byte	0
 390 000c 0000     		.2byte	0
 391 000e 0000     		.2byte	0
 392 0010 00000000 		.4byte	0
 393 0014 00000000 		.4byte	0
 394              		.section	.debug_line,"",%progbits
 395              	.Ldebug_line0:
 396 0000 76000000 		.section	.debug_str,"MS",%progbits,1
 396      02007000 
 396      00000201 
 396      FB0E0D00 
ARM GAS  C:\Users\nosak\AppData\Local\Temp\ccE56Vzl.s 			page 8


 396      01010101 
 397              	.LASF16:
 398 0000 4761696E 		.ascii	"Gain2_Gain\000"
 398      325F4761 
 398      696E00
 399              	.LASF21:
 400 000b 4761696E 		.ascii	"Gain2_Gain_a\000"
 400      325F4761 
 400      696E5F61 
 400      00
 401              	.LASF17:
 402 0018 4761696E 		.ascii	"Gain_Gain\000"
 402      5F476169 
 402      6E00
 403              	.LASF31:
 404 0022 4761696E 		.ascii	"Gain2_Gain_e\000"
 404      325F4761 
 404      696E5F65 
 404      00
 405              	.LASF26:
 406 002f 4761696E 		.ascii	"Gain2_Gain_j\000"
 406      325F4761 
 406      696E5F6A 
 406      00
 407              	.LASF11:
 408 003c 666C6F61 		.ascii	"float\000"
 408      7400
 409              	.LASF23:
 410 0042 53617475 		.ascii	"Saturation_UpperSat_o\000"
 410      72617469 
 410      6F6E5F55 
 410      70706572 
 410      5361745F 
 411              	.LASF33:
 412 0058 53617475 		.ascii	"Saturation_UpperSat_g\000"
 412      72617469 
 412      6F6E5F55 
 412      70706572 
 412      5361745F 
 413              	.LASF2:
 414 006e 756E7369 		.ascii	"unsigned char\000"
 414      676E6564 
 414      20636861 
 414      7200
 415              	.LASF28:
 416 007c 53617475 		.ascii	"Saturation_UpperSat_j\000"
 416      72617469 
 416      6F6E5F55 
 416      70706572 
 416      5361745F 
 417              	.LASF6:
 418 0092 6C6F6E67 		.ascii	"long unsigned int\000"
 418      20756E73 
 418      69676E65 
 418      6420696E 
 418      7400
 419              	.LASF4:
ARM GAS  C:\Users\nosak\AppData\Local\Temp\ccE56Vzl.s 			page 9


 420 00a4 73686F72 		.ascii	"short unsigned int\000"
 420      7420756E 
 420      7369676E 
 420      65642069 
 420      6E7400
 421              	.LASF37:
 422 00b7 433A5C54 		.ascii	"C:\\TIRI\\k3g2pmpm_20211223\\trobot_psoc_v6_73\\tro"
 422      4952495C 
 422      6B336732 
 422      706D706D 
 422      5F323032 
 423 00e6 626F7436 		.ascii	"bot6_cir2_2wd.cydsn\000"
 423      5F636972 
 423      325F3277 
 423      642E6379 
 423      64736E00 
 424              	.LASF30:
 425 00fa 496E7465 		.ascii	"Integrator1_IC_ik\000"
 425      67726174 
 425      6F72315F 
 425      49435F69 
 425      6B00
 426              	.LASF14:
 427 010c 50617261 		.ascii	"Parameters_Motor_Contl4_3\000"
 427      6D657465 
 427      72735F4D 
 427      6F746F72 
 427      5F436F6E 
 428              	.LASF12:
 429 0126 646F7562 		.ascii	"double\000"
 429      6C6500
 430              	.LASF38:
 431 012d 50617261 		.ascii	"Parameters_Motor_Contl4_3_\000"
 431      6D657465 
 431      72735F4D 
 431      6F746F72 
 431      5F436F6E 
 432              	.LASF35:
 433 0148 474E5520 		.ascii	"GNU C 4.9.3 20150303 (release) [ARM/embedded-4_9-br"
 433      4320342E 
 433      392E3320 
 433      32303135 
 433      30333033 
 434 017b 616E6368 		.ascii	"anch revision 221220] -mcpu=cortex-m3 -mthumb -g -O"
 434      20726576 
 434      6973696F 
 434      6E203232 
 434      31323230 
 435 01ae 67202D66 		.ascii	"g -ffunction-sections -ffat-lto-objects\000"
 435      66756E63 
 435      74696F6E 
 435      2D736563 
 435      74696F6E 
 436              	.LASF36:
 437 01d6 2E5C4D6F 		.ascii	".\\Motor_Contl4_3_data.c\000"
 437      746F725F 
 437      436F6E74 
ARM GAS  C:\Users\nosak\AppData\Local\Temp\ccE56Vzl.s 			page 10


 437      6C345F33 
 437      5F646174 
 438              	.LASF0:
 439 01ee 756E7369 		.ascii	"unsigned int\000"
 439      676E6564 
 439      20696E74 
 439      00
 440              	.LASF8:
 441 01fb 6C6F6E67 		.ascii	"long long unsigned int\000"
 441      206C6F6E 
 441      6720756E 
 441      7369676E 
 441      65642069 
 442              	.LASF22:
 443 0212 4761696E 		.ascii	"Gain_Gain_a\000"
 443      5F476169 
 443      6E5F6100 
 444              	.LASF27:
 445 021e 4761696E 		.ascii	"Gain_Gain_i\000"
 445      5F476169 
 445      6E5F6900 
 446              	.LASF9:
 447 022a 73697A65 		.ascii	"sizetype\000"
 447      74797065 
 447      00
 448              	.LASF13:
 449 0233 7265616C 		.ascii	"real_T\000"
 449      5F5400
 450              	.LASF7:
 451 023a 6C6F6E67 		.ascii	"long long int\000"
 451      206C6F6E 
 451      6720696E 
 451      7400
 452              	.LASF32:
 453 0248 4761696E 		.ascii	"Gain_Gain_o\000"
 453      5F476169 
 453      6E5F6F00 
 454              	.LASF29:
 455 0254 53617475 		.ascii	"Saturation_LowerSat_a\000"
 455      72617469 
 455      6F6E5F4C 
 455      6F776572 
 455      5361745F 
 456              	.LASF19:
 457 026a 53617475 		.ascii	"Saturation_LowerSat\000"
 457      72617469 
 457      6F6E5F4C 
 457      6F776572 
 457      53617400 
 458              	.LASF20:
 459 027e 496E7465 		.ascii	"Integrator1_IC_i\000"
 459      67726174 
 459      6F72315F 
 459      49435F69 
 459      00
 460              	.LASF3:
 461 028f 73686F72 		.ascii	"short int\000"
ARM GAS  C:\Users\nosak\AppData\Local\Temp\ccE56Vzl.s 			page 11


 461      7420696E 
 461      7400
 462              	.LASF24:
 463 0299 53617475 		.ascii	"Saturation_LowerSat_j\000"
 463      72617469 
 463      6F6E5F4C 
 463      6F776572 
 463      5361745F 
 464              	.LASF34:
 465 02af 53617475 		.ascii	"Saturation_LowerSat_l\000"
 465      72617469 
 465      6F6E5F4C 
 465      6F776572 
 465      5361745F 
 466              	.LASF39:
 467 02c5 4D6F746F 		.ascii	"Motor_Contl4_3_P\000"
 467      725F436F 
 467      6E746C34 
 467      5F335F50 
 467      00
 468              	.LASF25:
 469 02d6 496E7465 		.ascii	"Integrator1_IC_p\000"
 469      67726174 
 469      6F72315F 
 469      49435F70 
 469      00
 470              	.LASF15:
 471 02e7 496E7465 		.ascii	"Integrator1_IC\000"
 471      67726174 
 471      6F72315F 
 471      494300
 472              	.LASF5:
 473 02f6 6C6F6E67 		.ascii	"long int\000"
 473      20696E74 
 473      00
 474              	.LASF10:
 475 02ff 63686172 		.ascii	"char\000"
 475      00
 476              	.LASF1:
 477 0304 7369676E 		.ascii	"signed char\000"
 477      65642063 
 477      68617200 
 478              	.LASF18:
 479 0310 53617475 		.ascii	"Saturation_UpperSat\000"
 479      72617469 
 479      6F6E5F55 
 479      70706572 
 479      53617400 
 480              		.ident	"GCC: (GNU Tools for ARM Embedded Processors) 4.9.3 20150303 (release) [ARM/embedded-4_9-br
