ARM GAS  C:\Users\nosak\AppData\Local\Temp\cccoiAe0.s 			page 1


   1              		.syntax unified
   2              		.cpu cortex-m3
   3              		.fpu softvfp
   4              		.eabi_attribute 20, 1
   5              		.eabi_attribute 21, 1
   6              		.eabi_attribute 23, 3
   7              		.eabi_attribute 24, 1
   8              		.eabi_attribute 25, 1
   9              		.eabi_attribute 26, 1
  10              		.eabi_attribute 30, 1
  11              		.eabi_attribute 34, 1
  12              		.eabi_attribute 18, 4
  13              		.thumb
  14              		.file	"P_out.c"
  15              		.text
  16              	.Ltext0:
  17              		.cfi_sections	.debug_frame
  18              		.section	.text.P_out_Write,"ax",%progbits
  19              		.align	2
  20              		.global	P_out_Write
  21              		.thumb
  22              		.thumb_func
  23              		.type	P_out_Write, %function
  24              	P_out_Write:
  25              	.LFB0:
  26              		.file 1 ".\\Generated_Source\\PSoC5\\P_out.c"
   1:.\Generated_Source\PSoC5/P_out.c **** /*******************************************************************************
   2:.\Generated_Source\PSoC5/P_out.c **** * File Name: P_out.c  
   3:.\Generated_Source\PSoC5/P_out.c **** * Version 2.20
   4:.\Generated_Source\PSoC5/P_out.c **** *
   5:.\Generated_Source\PSoC5/P_out.c **** * Description:
   6:.\Generated_Source\PSoC5/P_out.c **** *  This file contains API to enable firmware control of a Pins component.
   7:.\Generated_Source\PSoC5/P_out.c **** *
   8:.\Generated_Source\PSoC5/P_out.c **** * Note:
   9:.\Generated_Source\PSoC5/P_out.c **** *
  10:.\Generated_Source\PSoC5/P_out.c **** ********************************************************************************
  11:.\Generated_Source\PSoC5/P_out.c **** * Copyright 2008-2015, Cypress Semiconductor Corporation.  All rights reserved.
  12:.\Generated_Source\PSoC5/P_out.c **** * You may use this file only in accordance with the license, terms, conditions, 
  13:.\Generated_Source\PSoC5/P_out.c **** * disclaimers, and limitations in the end user license agreement accompanying 
  14:.\Generated_Source\PSoC5/P_out.c **** * the software package with which this file was provided.
  15:.\Generated_Source\PSoC5/P_out.c **** *******************************************************************************/
  16:.\Generated_Source\PSoC5/P_out.c **** 
  17:.\Generated_Source\PSoC5/P_out.c **** #include "cytypes.h"
  18:.\Generated_Source\PSoC5/P_out.c **** #include "P_out.h"
  19:.\Generated_Source\PSoC5/P_out.c **** 
  20:.\Generated_Source\PSoC5/P_out.c **** /* APIs are not generated for P15[7:6] on PSoC 5 */
  21:.\Generated_Source\PSoC5/P_out.c **** #if !(CY_PSOC5A &&\
  22:.\Generated_Source\PSoC5/P_out.c **** 	 P_out__PORT == 15 && ((P_out__MASK & 0xC0) != 0))
  23:.\Generated_Source\PSoC5/P_out.c **** 
  24:.\Generated_Source\PSoC5/P_out.c **** 
  25:.\Generated_Source\PSoC5/P_out.c **** /*******************************************************************************
  26:.\Generated_Source\PSoC5/P_out.c **** * Function Name: P_out_Write
  27:.\Generated_Source\PSoC5/P_out.c **** ****************************************************************************//**
  28:.\Generated_Source\PSoC5/P_out.c **** *
  29:.\Generated_Source\PSoC5/P_out.c **** * \brief Writes the value to the physical port (data output register), masking
  30:.\Generated_Source\PSoC5/P_out.c **** *  and shifting the bits appropriately. 
  31:.\Generated_Source\PSoC5/P_out.c **** *
ARM GAS  C:\Users\nosak\AppData\Local\Temp\cccoiAe0.s 			page 2


  32:.\Generated_Source\PSoC5/P_out.c **** * The data output register controls the signal applied to the physical pin in 
  33:.\Generated_Source\PSoC5/P_out.c **** * conjunction with the drive mode parameter. This function avoids changing 
  34:.\Generated_Source\PSoC5/P_out.c **** * other bits in the port by using the appropriate method (read-modify-write or
  35:.\Generated_Source\PSoC5/P_out.c **** * bit banding).
  36:.\Generated_Source\PSoC5/P_out.c **** *
  37:.\Generated_Source\PSoC5/P_out.c **** * <b>Note</b> This function should not be used on a hardware digital output pin 
  38:.\Generated_Source\PSoC5/P_out.c **** * as it is driven by the hardware signal attached to it.
  39:.\Generated_Source\PSoC5/P_out.c **** *
  40:.\Generated_Source\PSoC5/P_out.c **** * \param value
  41:.\Generated_Source\PSoC5/P_out.c **** *  Value to write to the component instance.
  42:.\Generated_Source\PSoC5/P_out.c **** *
  43:.\Generated_Source\PSoC5/P_out.c **** * \return 
  44:.\Generated_Source\PSoC5/P_out.c **** *  None 
  45:.\Generated_Source\PSoC5/P_out.c **** *
  46:.\Generated_Source\PSoC5/P_out.c **** * \sideeffect
  47:.\Generated_Source\PSoC5/P_out.c **** *  If you use read-modify-write operations that are not atomic; the Interrupt 
  48:.\Generated_Source\PSoC5/P_out.c **** *  Service Routines (ISR) can cause corruption of this function. An ISR that 
  49:.\Generated_Source\PSoC5/P_out.c **** *  interrupts this function and performs writes to the Pins component data 
  50:.\Generated_Source\PSoC5/P_out.c **** *  register can cause corrupted port data. To avoid this issue, you should 
  51:.\Generated_Source\PSoC5/P_out.c **** *  either use the Per-Pin APIs (primary method) or disable interrupts around 
  52:.\Generated_Source\PSoC5/P_out.c **** *  this function.
  53:.\Generated_Source\PSoC5/P_out.c **** *
  54:.\Generated_Source\PSoC5/P_out.c **** * \funcusage
  55:.\Generated_Source\PSoC5/P_out.c **** *  \snippet P_out_SUT.c usage_P_out_Write
  56:.\Generated_Source\PSoC5/P_out.c **** *******************************************************************************/
  57:.\Generated_Source\PSoC5/P_out.c **** void P_out_Write(uint8 value)
  58:.\Generated_Source\PSoC5/P_out.c **** {
  27              		.loc 1 58 0
  28              		.cfi_startproc
  29              		@ args = 0, pretend = 0, frame = 0
  30              		@ frame_needed = 0, uses_anonymous_args = 0
  31              		@ link register save eliminated.
  32              	.LVL0:
  59:.\Generated_Source\PSoC5/P_out.c ****     uint8 staticBits = (P_out_DR & (uint8)(~P_out_MASK));
  33              		.loc 1 59 0
  34 0000 044A     		ldr	r2, .L2
  35 0002 1378     		ldrb	r3, [r2]	@ zero_extendqisi2
  36 0004 03F00F03 		and	r3, r3, #15
  37              	.LVL1:
  60:.\Generated_Source\PSoC5/P_out.c ****     P_out_DR = staticBits | ((uint8)(value << P_out_SHIFT) & P_out_MASK);
  38              		.loc 1 60 0
  39 0008 0001     		lsls	r0, r0, #4
  40              	.LVL2:
  41 000a C0B2     		uxtb	r0, r0
  42 000c 0343     		orrs	r3, r3, r0
  43              	.LVL3:
  44 000e 1370     		strb	r3, [r2]
  45 0010 7047     		bx	lr
  46              	.L3:
  47 0012 00BF     		.align	2
  48              	.L2:
  49 0014 20510040 		.word	1073762592
  50              		.cfi_endproc
  51              	.LFE0:
  52              		.size	P_out_Write, .-P_out_Write
  53              		.section	.text.P_out_SetDriveMode,"ax",%progbits
  54              		.align	2
ARM GAS  C:\Users\nosak\AppData\Local\Temp\cccoiAe0.s 			page 3


  55              		.global	P_out_SetDriveMode
  56              		.thumb
  57              		.thumb_func
  58              		.type	P_out_SetDriveMode, %function
  59              	P_out_SetDriveMode:
  60              	.LFB1:
  61:.\Generated_Source\PSoC5/P_out.c **** }
  62:.\Generated_Source\PSoC5/P_out.c **** 
  63:.\Generated_Source\PSoC5/P_out.c **** 
  64:.\Generated_Source\PSoC5/P_out.c **** /*******************************************************************************
  65:.\Generated_Source\PSoC5/P_out.c **** * Function Name: P_out_SetDriveMode
  66:.\Generated_Source\PSoC5/P_out.c **** ****************************************************************************//**
  67:.\Generated_Source\PSoC5/P_out.c **** *
  68:.\Generated_Source\PSoC5/P_out.c **** * \brief Sets the drive mode for each of the Pins component's pins.
  69:.\Generated_Source\PSoC5/P_out.c **** * 
  70:.\Generated_Source\PSoC5/P_out.c **** * <b>Note</b> This affects all pins in the Pins component instance. Use the
  71:.\Generated_Source\PSoC5/P_out.c **** * Per-Pin APIs if you wish to control individual pin's drive modes.
  72:.\Generated_Source\PSoC5/P_out.c **** *
  73:.\Generated_Source\PSoC5/P_out.c **** * \param mode
  74:.\Generated_Source\PSoC5/P_out.c **** *  Mode for the selected signals. Valid options are documented in 
  75:.\Generated_Source\PSoC5/P_out.c **** *  \ref driveMode.
  76:.\Generated_Source\PSoC5/P_out.c **** *
  77:.\Generated_Source\PSoC5/P_out.c **** * \return
  78:.\Generated_Source\PSoC5/P_out.c **** *  None
  79:.\Generated_Source\PSoC5/P_out.c **** *
  80:.\Generated_Source\PSoC5/P_out.c **** * \sideeffect
  81:.\Generated_Source\PSoC5/P_out.c **** *  If you use read-modify-write operations that are not atomic, the ISR can
  82:.\Generated_Source\PSoC5/P_out.c **** *  cause corruption of this function. An ISR that interrupts this function 
  83:.\Generated_Source\PSoC5/P_out.c **** *  and performs writes to the Pins component Drive Mode registers can cause 
  84:.\Generated_Source\PSoC5/P_out.c **** *  corrupted port data. To avoid this issue, you should either use the Per-Pin
  85:.\Generated_Source\PSoC5/P_out.c **** *  APIs (primary method) or disable interrupts around this function.
  86:.\Generated_Source\PSoC5/P_out.c **** *
  87:.\Generated_Source\PSoC5/P_out.c **** * \funcusage
  88:.\Generated_Source\PSoC5/P_out.c **** *  \snippet P_out_SUT.c usage_P_out_SetDriveMode
  89:.\Generated_Source\PSoC5/P_out.c **** *******************************************************************************/
  90:.\Generated_Source\PSoC5/P_out.c **** void P_out_SetDriveMode(uint8 mode)
  91:.\Generated_Source\PSoC5/P_out.c **** {
  61              		.loc 1 91 0
  62              		.cfi_startproc
  63              		@ args = 0, pretend = 0, frame = 0
  64              		@ frame_needed = 0, uses_anonymous_args = 0
  65              		@ link register save eliminated.
  66              	.LVL4:
  92:.\Generated_Source\PSoC5/P_out.c **** 	CyPins_SetPinDriveMode(P_out_0, mode);
  67              		.loc 1 92 0
  68 0000 0D4A     		ldr	r2, .L5
  69 0002 1378     		ldrb	r3, [r2]	@ zero_extendqisi2
  70 0004 00F00E00 		and	r0, r0, #14
  71              	.LVL5:
  72 0008 03F0F103 		and	r3, r3, #241
  73 000c 0343     		orrs	r3, r3, r0
  74 000e 1370     		strb	r3, [r2]
  93:.\Generated_Source\PSoC5/P_out.c **** 	CyPins_SetPinDriveMode(P_out_1, mode);
  75              		.loc 1 93 0
  76 0010 0132     		adds	r2, r2, #1
  77 0012 1378     		ldrb	r3, [r2]	@ zero_extendqisi2
  78 0014 03F0F103 		and	r3, r3, #241
ARM GAS  C:\Users\nosak\AppData\Local\Temp\cccoiAe0.s 			page 4


  79 0018 0343     		orrs	r3, r3, r0
  80 001a 1370     		strb	r3, [r2]
  94:.\Generated_Source\PSoC5/P_out.c **** 	CyPins_SetPinDriveMode(P_out_2, mode);
  81              		.loc 1 94 0
  82 001c 0132     		adds	r2, r2, #1
  83 001e 1378     		ldrb	r3, [r2]	@ zero_extendqisi2
  84 0020 03F0F103 		and	r3, r3, #241
  85 0024 0343     		orrs	r3, r3, r0
  86 0026 1370     		strb	r3, [r2]
  95:.\Generated_Source\PSoC5/P_out.c **** 	CyPins_SetPinDriveMode(P_out_3, mode);
  87              		.loc 1 95 0
  88 0028 0132     		adds	r2, r2, #1
  89 002a 1378     		ldrb	r3, [r2]	@ zero_extendqisi2
  90 002c 03F0F103 		and	r3, r3, #241
  91 0030 1843     		orrs	r0, r0, r3
  92 0032 1070     		strb	r0, [r2]
  93 0034 7047     		bx	lr
  94              	.L6:
  95 0036 00BF     		.align	2
  96              	.L5:
  97 0038 14500040 		.word	1073762324
  98              		.cfi_endproc
  99              	.LFE1:
 100              		.size	P_out_SetDriveMode, .-P_out_SetDriveMode
 101              		.section	.text.P_out_Read,"ax",%progbits
 102              		.align	2
 103              		.global	P_out_Read
 104              		.thumb
 105              		.thumb_func
 106              		.type	P_out_Read, %function
 107              	P_out_Read:
 108              	.LFB2:
  96:.\Generated_Source\PSoC5/P_out.c **** }
  97:.\Generated_Source\PSoC5/P_out.c **** 
  98:.\Generated_Source\PSoC5/P_out.c **** 
  99:.\Generated_Source\PSoC5/P_out.c **** /*******************************************************************************
 100:.\Generated_Source\PSoC5/P_out.c **** * Function Name: P_out_Read
 101:.\Generated_Source\PSoC5/P_out.c **** ****************************************************************************//**
 102:.\Generated_Source\PSoC5/P_out.c **** *
 103:.\Generated_Source\PSoC5/P_out.c **** * \brief Reads the associated physical port (pin status register) and masks 
 104:.\Generated_Source\PSoC5/P_out.c **** *  the required bits according to the width and bit position of the component
 105:.\Generated_Source\PSoC5/P_out.c **** *  instance. 
 106:.\Generated_Source\PSoC5/P_out.c **** *
 107:.\Generated_Source\PSoC5/P_out.c **** * The pin's status register returns the current logic level present on the 
 108:.\Generated_Source\PSoC5/P_out.c **** * physical pin.
 109:.\Generated_Source\PSoC5/P_out.c **** *
 110:.\Generated_Source\PSoC5/P_out.c **** * \return 
 111:.\Generated_Source\PSoC5/P_out.c **** *  The current value for the pins in the component as a right justified number.
 112:.\Generated_Source\PSoC5/P_out.c **** *
 113:.\Generated_Source\PSoC5/P_out.c **** * \funcusage
 114:.\Generated_Source\PSoC5/P_out.c **** *  \snippet P_out_SUT.c usage_P_out_Read  
 115:.\Generated_Source\PSoC5/P_out.c **** *******************************************************************************/
 116:.\Generated_Source\PSoC5/P_out.c **** uint8 P_out_Read(void)
 117:.\Generated_Source\PSoC5/P_out.c **** {
 109              		.loc 1 117 0
 110              		.cfi_startproc
 111              		@ args = 0, pretend = 0, frame = 0
ARM GAS  C:\Users\nosak\AppData\Local\Temp\cccoiAe0.s 			page 5


 112              		@ frame_needed = 0, uses_anonymous_args = 0
 113              		@ link register save eliminated.
 118:.\Generated_Source\PSoC5/P_out.c ****     return (P_out_PS & P_out_MASK) >> P_out_SHIFT;
 114              		.loc 1 118 0
 115 0000 014B     		ldr	r3, .L8
 116 0002 1878     		ldrb	r0, [r3]	@ zero_extendqisi2
 119:.\Generated_Source\PSoC5/P_out.c **** }
 117              		.loc 1 119 0
 118 0004 0009     		lsrs	r0, r0, #4
 119 0006 7047     		bx	lr
 120              	.L9:
 121              		.align	2
 122              	.L8:
 123 0008 21510040 		.word	1073762593
 124              		.cfi_endproc
 125              	.LFE2:
 126              		.size	P_out_Read, .-P_out_Read
 127              		.section	.text.P_out_ReadDataReg,"ax",%progbits
 128              		.align	2
 129              		.global	P_out_ReadDataReg
 130              		.thumb
 131              		.thumb_func
 132              		.type	P_out_ReadDataReg, %function
 133              	P_out_ReadDataReg:
 134              	.LFB3:
 120:.\Generated_Source\PSoC5/P_out.c **** 
 121:.\Generated_Source\PSoC5/P_out.c **** 
 122:.\Generated_Source\PSoC5/P_out.c **** /*******************************************************************************
 123:.\Generated_Source\PSoC5/P_out.c **** * Function Name: P_out_ReadDataReg
 124:.\Generated_Source\PSoC5/P_out.c **** ****************************************************************************//**
 125:.\Generated_Source\PSoC5/P_out.c **** *
 126:.\Generated_Source\PSoC5/P_out.c **** * \brief Reads the associated physical port's data output register and masks 
 127:.\Generated_Source\PSoC5/P_out.c **** *  the correct bits according to the width and bit position of the component 
 128:.\Generated_Source\PSoC5/P_out.c **** *  instance. 
 129:.\Generated_Source\PSoC5/P_out.c **** *
 130:.\Generated_Source\PSoC5/P_out.c **** * The data output register controls the signal applied to the physical pin in 
 131:.\Generated_Source\PSoC5/P_out.c **** * conjunction with the drive mode parameter. This is not the same as the 
 132:.\Generated_Source\PSoC5/P_out.c **** * preferred P_out_Read() API because the 
 133:.\Generated_Source\PSoC5/P_out.c **** * P_out_ReadDataReg() reads the data register instead of the status 
 134:.\Generated_Source\PSoC5/P_out.c **** * register. For output pins this is a useful function to determine the value 
 135:.\Generated_Source\PSoC5/P_out.c **** * just written to the pin.
 136:.\Generated_Source\PSoC5/P_out.c **** *
 137:.\Generated_Source\PSoC5/P_out.c **** * \return 
 138:.\Generated_Source\PSoC5/P_out.c **** *  The current value of the data register masked and shifted into a right 
 139:.\Generated_Source\PSoC5/P_out.c **** *  justified number for the component instance.
 140:.\Generated_Source\PSoC5/P_out.c **** *
 141:.\Generated_Source\PSoC5/P_out.c **** * \funcusage
 142:.\Generated_Source\PSoC5/P_out.c **** *  \snippet P_out_SUT.c usage_P_out_ReadDataReg 
 143:.\Generated_Source\PSoC5/P_out.c **** *******************************************************************************/
 144:.\Generated_Source\PSoC5/P_out.c **** uint8 P_out_ReadDataReg(void)
 145:.\Generated_Source\PSoC5/P_out.c **** {
 135              		.loc 1 145 0
 136              		.cfi_startproc
 137              		@ args = 0, pretend = 0, frame = 0
 138              		@ frame_needed = 0, uses_anonymous_args = 0
 139              		@ link register save eliminated.
 146:.\Generated_Source\PSoC5/P_out.c ****     return (P_out_DR & P_out_MASK) >> P_out_SHIFT;
ARM GAS  C:\Users\nosak\AppData\Local\Temp\cccoiAe0.s 			page 6


 140              		.loc 1 146 0
 141 0000 014B     		ldr	r3, .L11
 142 0002 1878     		ldrb	r0, [r3]	@ zero_extendqisi2
 147:.\Generated_Source\PSoC5/P_out.c **** }
 143              		.loc 1 147 0
 144 0004 0009     		lsrs	r0, r0, #4
 145 0006 7047     		bx	lr
 146              	.L12:
 147              		.align	2
 148              	.L11:
 149 0008 20510040 		.word	1073762592
 150              		.cfi_endproc
 151              	.LFE3:
 152              		.size	P_out_ReadDataReg, .-P_out_ReadDataReg
 153              		.text
 154              	.Letext0:
 155              		.file 2 ".\\Generated_Source\\PSoC5\\cytypes.h"
 156              		.section	.debug_info,"",%progbits
 157              	.Ldebug_info0:
 158 0000 1D010000 		.4byte	0x11d
 159 0004 0400     		.2byte	0x4
 160 0006 00000000 		.4byte	.Ldebug_abbrev0
 161 000a 04       		.byte	0x4
 162 000b 01       		.uleb128 0x1
 163 000c AF000000 		.4byte	.LASF20
 164 0010 01       		.byte	0x1
 165 0011 97010000 		.4byte	.LASF21
 166 0015 5B000000 		.4byte	.LASF22
 167 0019 00000000 		.4byte	.Ldebug_ranges0+0
 168 001d 00000000 		.4byte	0
 169 0021 00000000 		.4byte	.Ldebug_line0
 170 0025 02       		.uleb128 0x2
 171 0026 01       		.byte	0x1
 172 0027 06       		.byte	0x6
 173 0028 D9010000 		.4byte	.LASF0
 174 002c 02       		.uleb128 0x2
 175 002d 01       		.byte	0x1
 176 002e 08       		.byte	0x8
 177 002f 17000000 		.4byte	.LASF1
 178 0033 02       		.uleb128 0x2
 179 0034 02       		.byte	0x2
 180 0035 05       		.byte	0x5
 181 0036 A5000000 		.4byte	.LASF2
 182 003a 02       		.uleb128 0x2
 183 003b 02       		.byte	0x2
 184 003c 07       		.byte	0x7
 185 003d 48000000 		.4byte	.LASF3
 186 0041 02       		.uleb128 0x2
 187 0042 04       		.byte	0x4
 188 0043 05       		.byte	0x5
 189 0044 BE010000 		.4byte	.LASF4
 190 0048 02       		.uleb128 0x2
 191 0049 04       		.byte	0x4
 192 004a 07       		.byte	0x7
 193 004b 36000000 		.4byte	.LASF5
 194 004f 02       		.uleb128 0x2
 195 0050 08       		.byte	0x8
ARM GAS  C:\Users\nosak\AppData\Local\Temp\cccoiAe0.s 			page 7


 196 0051 05       		.byte	0x5
 197 0052 84010000 		.4byte	.LASF6
 198 0056 02       		.uleb128 0x2
 199 0057 08       		.byte	0x8
 200 0058 07       		.byte	0x7
 201 0059 55010000 		.4byte	.LASF7
 202 005d 03       		.uleb128 0x3
 203 005e 04       		.byte	0x4
 204 005f 05       		.byte	0x5
 205 0060 696E7400 		.ascii	"int\000"
 206 0064 02       		.uleb128 0x2
 207 0065 04       		.byte	0x4
 208 0066 07       		.byte	0x7
 209 0067 3D010000 		.4byte	.LASF8
 210 006b 04       		.uleb128 0x4
 211 006c B8010000 		.4byte	.LASF12
 212 0070 02       		.byte	0x2
 213 0071 9201     		.2byte	0x192
 214 0073 2C000000 		.4byte	0x2c
 215 0077 02       		.uleb128 0x2
 216 0078 04       		.byte	0x4
 217 0079 04       		.byte	0x4
 218 007a 11000000 		.4byte	.LASF9
 219 007e 02       		.uleb128 0x2
 220 007f 08       		.byte	0x8
 221 0080 04       		.byte	0x4
 222 0081 9E000000 		.4byte	.LASF10
 223 0085 02       		.uleb128 0x2
 224 0086 01       		.byte	0x1
 225 0087 08       		.byte	0x8
 226 0088 92010000 		.4byte	.LASF11
 227 008c 04       		.uleb128 0x4
 228 008d 31000000 		.4byte	.LASF13
 229 0091 02       		.byte	0x2
 230 0092 3C02     		.2byte	0x23c
 231 0094 98000000 		.4byte	0x98
 232 0098 05       		.uleb128 0x5
 233 0099 6B000000 		.4byte	0x6b
 234 009d 06       		.uleb128 0x6
 235 009e 25000000 		.4byte	.LASF14
 236 00a2 01       		.byte	0x1
 237 00a3 39       		.byte	0x39
 238 00a4 00000000 		.4byte	.LFB0
 239 00a8 18000000 		.4byte	.LFE0-.LFB0
 240 00ac 01       		.uleb128 0x1
 241 00ad 9C       		.byte	0x9c
 242 00ae D1000000 		.4byte	0xd1
 243 00b2 07       		.uleb128 0x7
 244 00b3 00000000 		.4byte	.LASF16
 245 00b7 01       		.byte	0x1
 246 00b8 39       		.byte	0x39
 247 00b9 6B000000 		.4byte	0x6b
 248 00bd 00000000 		.4byte	.LLST0
 249 00c1 08       		.uleb128 0x8
 250 00c2 06000000 		.4byte	.LASF23
 251 00c6 01       		.byte	0x1
 252 00c7 3B       		.byte	0x3b
ARM GAS  C:\Users\nosak\AppData\Local\Temp\cccoiAe0.s 			page 8


 253 00c8 6B000000 		.4byte	0x6b
 254 00cc 21000000 		.4byte	.LLST1
 255 00d0 00       		.byte	0
 256 00d1 06       		.uleb128 0x6
 257 00d2 71010000 		.4byte	.LASF15
 258 00d6 01       		.byte	0x1
 259 00d7 5A       		.byte	0x5a
 260 00d8 00000000 		.4byte	.LFB1
 261 00dc 3C000000 		.4byte	.LFE1-.LFB1
 262 00e0 01       		.uleb128 0x1
 263 00e1 9C       		.byte	0x9c
 264 00e2 F6000000 		.4byte	0xf6
 265 00e6 07       		.uleb128 0x7
 266 00e7 6C010000 		.4byte	.LASF17
 267 00eb 01       		.byte	0x1
 268 00ec 5A       		.byte	0x5a
 269 00ed 6B000000 		.4byte	0x6b
 270 00f1 34000000 		.4byte	.LLST2
 271 00f5 00       		.byte	0
 272 00f6 09       		.uleb128 0x9
 273 00f7 4A010000 		.4byte	.LASF18
 274 00fb 01       		.byte	0x1
 275 00fc 74       		.byte	0x74
 276 00fd 6B000000 		.4byte	0x6b
 277 0101 00000000 		.4byte	.LFB2
 278 0105 0C000000 		.4byte	.LFE2-.LFB2
 279 0109 01       		.uleb128 0x1
 280 010a 9C       		.byte	0x9c
 281 010b 09       		.uleb128 0x9
 282 010c C7010000 		.4byte	.LASF19
 283 0110 01       		.byte	0x1
 284 0111 90       		.byte	0x90
 285 0112 6B000000 		.4byte	0x6b
 286 0116 00000000 		.4byte	.LFB3
 287 011a 0C000000 		.4byte	.LFE3-.LFB3
 288 011e 01       		.uleb128 0x1
 289 011f 9C       		.byte	0x9c
 290 0120 00       		.byte	0
 291              		.section	.debug_abbrev,"",%progbits
 292              	.Ldebug_abbrev0:
 293 0000 01       		.uleb128 0x1
 294 0001 11       		.uleb128 0x11
 295 0002 01       		.byte	0x1
 296 0003 25       		.uleb128 0x25
 297 0004 0E       		.uleb128 0xe
 298 0005 13       		.uleb128 0x13
 299 0006 0B       		.uleb128 0xb
 300 0007 03       		.uleb128 0x3
 301 0008 0E       		.uleb128 0xe
 302 0009 1B       		.uleb128 0x1b
 303 000a 0E       		.uleb128 0xe
 304 000b 55       		.uleb128 0x55
 305 000c 17       		.uleb128 0x17
 306 000d 11       		.uleb128 0x11
 307 000e 01       		.uleb128 0x1
 308 000f 10       		.uleb128 0x10
 309 0010 17       		.uleb128 0x17
ARM GAS  C:\Users\nosak\AppData\Local\Temp\cccoiAe0.s 			page 9


 310 0011 00       		.byte	0
 311 0012 00       		.byte	0
 312 0013 02       		.uleb128 0x2
 313 0014 24       		.uleb128 0x24
 314 0015 00       		.byte	0
 315 0016 0B       		.uleb128 0xb
 316 0017 0B       		.uleb128 0xb
 317 0018 3E       		.uleb128 0x3e
 318 0019 0B       		.uleb128 0xb
 319 001a 03       		.uleb128 0x3
 320 001b 0E       		.uleb128 0xe
 321 001c 00       		.byte	0
 322 001d 00       		.byte	0
 323 001e 03       		.uleb128 0x3
 324 001f 24       		.uleb128 0x24
 325 0020 00       		.byte	0
 326 0021 0B       		.uleb128 0xb
 327 0022 0B       		.uleb128 0xb
 328 0023 3E       		.uleb128 0x3e
 329 0024 0B       		.uleb128 0xb
 330 0025 03       		.uleb128 0x3
 331 0026 08       		.uleb128 0x8
 332 0027 00       		.byte	0
 333 0028 00       		.byte	0
 334 0029 04       		.uleb128 0x4
 335 002a 16       		.uleb128 0x16
 336 002b 00       		.byte	0
 337 002c 03       		.uleb128 0x3
 338 002d 0E       		.uleb128 0xe
 339 002e 3A       		.uleb128 0x3a
 340 002f 0B       		.uleb128 0xb
 341 0030 3B       		.uleb128 0x3b
 342 0031 05       		.uleb128 0x5
 343 0032 49       		.uleb128 0x49
 344 0033 13       		.uleb128 0x13
 345 0034 00       		.byte	0
 346 0035 00       		.byte	0
 347 0036 05       		.uleb128 0x5
 348 0037 35       		.uleb128 0x35
 349 0038 00       		.byte	0
 350 0039 49       		.uleb128 0x49
 351 003a 13       		.uleb128 0x13
 352 003b 00       		.byte	0
 353 003c 00       		.byte	0
 354 003d 06       		.uleb128 0x6
 355 003e 2E       		.uleb128 0x2e
 356 003f 01       		.byte	0x1
 357 0040 3F       		.uleb128 0x3f
 358 0041 19       		.uleb128 0x19
 359 0042 03       		.uleb128 0x3
 360 0043 0E       		.uleb128 0xe
 361 0044 3A       		.uleb128 0x3a
 362 0045 0B       		.uleb128 0xb
 363 0046 3B       		.uleb128 0x3b
 364 0047 0B       		.uleb128 0xb
 365 0048 27       		.uleb128 0x27
 366 0049 19       		.uleb128 0x19
ARM GAS  C:\Users\nosak\AppData\Local\Temp\cccoiAe0.s 			page 10


 367 004a 11       		.uleb128 0x11
 368 004b 01       		.uleb128 0x1
 369 004c 12       		.uleb128 0x12
 370 004d 06       		.uleb128 0x6
 371 004e 40       		.uleb128 0x40
 372 004f 18       		.uleb128 0x18
 373 0050 9742     		.uleb128 0x2117
 374 0052 19       		.uleb128 0x19
 375 0053 01       		.uleb128 0x1
 376 0054 13       		.uleb128 0x13
 377 0055 00       		.byte	0
 378 0056 00       		.byte	0
 379 0057 07       		.uleb128 0x7
 380 0058 05       		.uleb128 0x5
 381 0059 00       		.byte	0
 382 005a 03       		.uleb128 0x3
 383 005b 0E       		.uleb128 0xe
 384 005c 3A       		.uleb128 0x3a
 385 005d 0B       		.uleb128 0xb
 386 005e 3B       		.uleb128 0x3b
 387 005f 0B       		.uleb128 0xb
 388 0060 49       		.uleb128 0x49
 389 0061 13       		.uleb128 0x13
 390 0062 02       		.uleb128 0x2
 391 0063 17       		.uleb128 0x17
 392 0064 00       		.byte	0
 393 0065 00       		.byte	0
 394 0066 08       		.uleb128 0x8
 395 0067 34       		.uleb128 0x34
 396 0068 00       		.byte	0
 397 0069 03       		.uleb128 0x3
 398 006a 0E       		.uleb128 0xe
 399 006b 3A       		.uleb128 0x3a
 400 006c 0B       		.uleb128 0xb
 401 006d 3B       		.uleb128 0x3b
 402 006e 0B       		.uleb128 0xb
 403 006f 49       		.uleb128 0x49
 404 0070 13       		.uleb128 0x13
 405 0071 02       		.uleb128 0x2
 406 0072 17       		.uleb128 0x17
 407 0073 00       		.byte	0
 408 0074 00       		.byte	0
 409 0075 09       		.uleb128 0x9
 410 0076 2E       		.uleb128 0x2e
 411 0077 00       		.byte	0
 412 0078 3F       		.uleb128 0x3f
 413 0079 19       		.uleb128 0x19
 414 007a 03       		.uleb128 0x3
 415 007b 0E       		.uleb128 0xe
 416 007c 3A       		.uleb128 0x3a
 417 007d 0B       		.uleb128 0xb
 418 007e 3B       		.uleb128 0x3b
 419 007f 0B       		.uleb128 0xb
 420 0080 27       		.uleb128 0x27
 421 0081 19       		.uleb128 0x19
 422 0082 49       		.uleb128 0x49
 423 0083 13       		.uleb128 0x13
ARM GAS  C:\Users\nosak\AppData\Local\Temp\cccoiAe0.s 			page 11


 424 0084 11       		.uleb128 0x11
 425 0085 01       		.uleb128 0x1
 426 0086 12       		.uleb128 0x12
 427 0087 06       		.uleb128 0x6
 428 0088 40       		.uleb128 0x40
 429 0089 18       		.uleb128 0x18
 430 008a 9742     		.uleb128 0x2117
 431 008c 19       		.uleb128 0x19
 432 008d 00       		.byte	0
 433 008e 00       		.byte	0
 434 008f 00       		.byte	0
 435              		.section	.debug_loc,"",%progbits
 436              	.Ldebug_loc0:
 437              	.LLST0:
 438 0000 00000000 		.4byte	.LVL0
 439 0004 0A000000 		.4byte	.LVL2
 440 0008 0100     		.2byte	0x1
 441 000a 50       		.byte	0x50
 442 000b 0A000000 		.4byte	.LVL2
 443 000f 18000000 		.4byte	.LFE0
 444 0013 0400     		.2byte	0x4
 445 0015 F3       		.byte	0xf3
 446 0016 01       		.uleb128 0x1
 447 0017 50       		.byte	0x50
 448 0018 9F       		.byte	0x9f
 449 0019 00000000 		.4byte	0
 450 001d 00000000 		.4byte	0
 451              	.LLST1:
 452 0021 08000000 		.4byte	.LVL1
 453 0025 0E000000 		.4byte	.LVL3
 454 0029 0100     		.2byte	0x1
 455 002b 53       		.byte	0x53
 456 002c 00000000 		.4byte	0
 457 0030 00000000 		.4byte	0
 458              	.LLST2:
 459 0034 00000000 		.4byte	.LVL4
 460 0038 08000000 		.4byte	.LVL5
 461 003c 0100     		.2byte	0x1
 462 003e 50       		.byte	0x50
 463 003f 08000000 		.4byte	.LVL5
 464 0043 3C000000 		.4byte	.LFE1
 465 0047 0400     		.2byte	0x4
 466 0049 F3       		.byte	0xf3
 467 004a 01       		.uleb128 0x1
 468 004b 50       		.byte	0x50
 469 004c 9F       		.byte	0x9f
 470 004d 00000000 		.4byte	0
 471 0051 00000000 		.4byte	0
 472              		.section	.debug_aranges,"",%progbits
 473 0000 34000000 		.4byte	0x34
 474 0004 0200     		.2byte	0x2
 475 0006 00000000 		.4byte	.Ldebug_info0
 476 000a 04       		.byte	0x4
 477 000b 00       		.byte	0
 478 000c 0000     		.2byte	0
 479 000e 0000     		.2byte	0
 480 0010 00000000 		.4byte	.LFB0
ARM GAS  C:\Users\nosak\AppData\Local\Temp\cccoiAe0.s 			page 12


 481 0014 18000000 		.4byte	.LFE0-.LFB0
 482 0018 00000000 		.4byte	.LFB1
 483 001c 3C000000 		.4byte	.LFE1-.LFB1
 484 0020 00000000 		.4byte	.LFB2
 485 0024 0C000000 		.4byte	.LFE2-.LFB2
 486 0028 00000000 		.4byte	.LFB3
 487 002c 0C000000 		.4byte	.LFE3-.LFB3
 488 0030 00000000 		.4byte	0
 489 0034 00000000 		.4byte	0
 490              		.section	.debug_ranges,"",%progbits
 491              	.Ldebug_ranges0:
 492 0000 00000000 		.4byte	.LFB0
 493 0004 18000000 		.4byte	.LFE0
 494 0008 00000000 		.4byte	.LFB1
 495 000c 3C000000 		.4byte	.LFE1
 496 0010 00000000 		.4byte	.LFB2
 497 0014 0C000000 		.4byte	.LFE2
 498 0018 00000000 		.4byte	.LFB3
 499 001c 0C000000 		.4byte	.LFE3
 500 0020 00000000 		.4byte	0
 501 0024 00000000 		.4byte	0
 502              		.section	.debug_line,"",%progbits
 503              	.Ldebug_line0:
 504 0000 93000000 		.section	.debug_str,"MS",%progbits,1
 504      02004400 
 504      00000201 
 504      FB0E0D00 
 504      01010101 
 505              	.LASF16:
 506 0000 76616C75 		.ascii	"value\000"
 506      6500
 507              	.LASF23:
 508 0006 73746174 		.ascii	"staticBits\000"
 508      69634269 
 508      747300
 509              	.LASF9:
 510 0011 666C6F61 		.ascii	"float\000"
 510      7400
 511              	.LASF1:
 512 0017 756E7369 		.ascii	"unsigned char\000"
 512      676E6564 
 512      20636861 
 512      7200
 513              	.LASF14:
 514 0025 505F6F75 		.ascii	"P_out_Write\000"
 514      745F5772 
 514      69746500 
 515              	.LASF13:
 516 0031 72656738 		.ascii	"reg8\000"
 516      00
 517              	.LASF5:
 518 0036 6C6F6E67 		.ascii	"long unsigned int\000"
 518      20756E73 
 518      69676E65 
 518      6420696E 
 518      7400
 519              	.LASF3:
ARM GAS  C:\Users\nosak\AppData\Local\Temp\cccoiAe0.s 			page 13


 520 0048 73686F72 		.ascii	"short unsigned int\000"
 520      7420756E 
 520      7369676E 
 520      65642069 
 520      6E7400
 521              	.LASF22:
 522 005b 433A5C54 		.ascii	"C:\\TIRI\\k3g2pmpm_20211223\\trobot_psoc_v6_73\\tro"
 522      4952495C 
 522      6B336732 
 522      706D706D 
 522      5F323032 
 523 008a 626F7436 		.ascii	"bot6_cir2_2wd.cydsn\000"
 523      5F636972 
 523      325F3277 
 523      642E6379 
 523      64736E00 
 524              	.LASF10:
 525 009e 646F7562 		.ascii	"double\000"
 525      6C6500
 526              	.LASF2:
 527 00a5 73686F72 		.ascii	"short int\000"
 527      7420696E 
 527      7400
 528              	.LASF20:
 529 00af 474E5520 		.ascii	"GNU C 4.9.3 20150303 (release) [ARM/embedded-4_9-br"
 529      4320342E 
 529      392E3320 
 529      32303135 
 529      30333033 
 530 00e2 616E6368 		.ascii	"anch revision 221220] -mcpu=cortex-m3 -mthumb -g -O"
 530      20726576 
 530      6973696F 
 530      6E203232 
 530      31323230 
 531 0115 67202D66 		.ascii	"g -ffunction-sections -ffat-lto-objects\000"
 531      66756E63 
 531      74696F6E 
 531      2D736563 
 531      74696F6E 
 532              	.LASF8:
 533 013d 756E7369 		.ascii	"unsigned int\000"
 533      676E6564 
 533      20696E74 
 533      00
 534              	.LASF18:
 535 014a 505F6F75 		.ascii	"P_out_Read\000"
 535      745F5265 
 535      616400
 536              	.LASF7:
 537 0155 6C6F6E67 		.ascii	"long long unsigned int\000"
 537      206C6F6E 
 537      6720756E 
 537      7369676E 
 537      65642069 
 538              	.LASF17:
 539 016c 6D6F6465 		.ascii	"mode\000"
 539      00
ARM GAS  C:\Users\nosak\AppData\Local\Temp\cccoiAe0.s 			page 14


 540              	.LASF15:
 541 0171 505F6F75 		.ascii	"P_out_SetDriveMode\000"
 541      745F5365 
 541      74447269 
 541      76654D6F 
 541      646500
 542              	.LASF6:
 543 0184 6C6F6E67 		.ascii	"long long int\000"
 543      206C6F6E 
 543      6720696E 
 543      7400
 544              	.LASF11:
 545 0192 63686172 		.ascii	"char\000"
 545      00
 546              	.LASF21:
 547 0197 2E5C4765 		.ascii	".\\Generated_Source\\PSoC5\\P_out.c\000"
 547      6E657261 
 547      7465645F 
 547      536F7572 
 547      63655C50 
 548              	.LASF12:
 549 01b8 75696E74 		.ascii	"uint8\000"
 549      3800
 550              	.LASF4:
 551 01be 6C6F6E67 		.ascii	"long int\000"
 551      20696E74 
 551      00
 552              	.LASF19:
 553 01c7 505F6F75 		.ascii	"P_out_ReadDataReg\000"
 553      745F5265 
 553      61644461 
 553      74615265 
 553      6700
 554              	.LASF0:
 555 01d9 7369676E 		.ascii	"signed char\000"
 555      65642063 
 555      68617200 
 556              		.ident	"GCC: (GNU Tools for ARM Embedded Processors) 4.9.3 20150303 (release) [ARM/embedded-4_9-br
