ARM GAS  C:\Users\nosak\AppData\Local\Temp\ccgDbZYI.s 			page 1


   1              		.syntax unified
   2              		.cpu cortex-m3
   3              		.fpu softvfp
   4              		.eabi_attribute 20, 1
   5              		.eabi_attribute 21, 1
   6              		.eabi_attribute 23, 3
   7              		.eabi_attribute 24, 1
   8              		.eabi_attribute 25, 1
   9              		.eabi_attribute 26, 1
  10              		.eabi_attribute 30, 1
  11              		.eabi_attribute 34, 1
  12              		.eabi_attribute 18, 4
  13              		.thumb
  14              		.file	"WDT_int.c"
  15              		.text
  16              	.Ltext0:
  17              		.cfi_sections	.debug_frame
  18              		.section	.text.WDT_int_Interrupt,"ax",%progbits
  19              		.align	2
  20              		.global	WDT_int_Interrupt
  21              		.thumb
  22              		.thumb_func
  23              		.type	WDT_int_Interrupt, %function
  24              	WDT_int_Interrupt:
  25              	.LFB3:
  26              		.file 1 ".\\Generated_Source\\PSoC5\\WDT_int.c"
   1:.\Generated_Source\PSoC5/WDT_int.c **** /*******************************************************************************
   2:.\Generated_Source\PSoC5/WDT_int.c **** * File Name: WDT_int.c  
   3:.\Generated_Source\PSoC5/WDT_int.c **** * Version 1.70
   4:.\Generated_Source\PSoC5/WDT_int.c **** *
   5:.\Generated_Source\PSoC5/WDT_int.c **** *  Description:
   6:.\Generated_Source\PSoC5/WDT_int.c **** *   API for controlling the state of an interrupt.
   7:.\Generated_Source\PSoC5/WDT_int.c **** *
   8:.\Generated_Source\PSoC5/WDT_int.c **** *
   9:.\Generated_Source\PSoC5/WDT_int.c **** *  Note:
  10:.\Generated_Source\PSoC5/WDT_int.c **** *
  11:.\Generated_Source\PSoC5/WDT_int.c **** ********************************************************************************
  12:.\Generated_Source\PSoC5/WDT_int.c **** * Copyright 2008-2015, Cypress Semiconductor Corporation.  All rights reserved.
  13:.\Generated_Source\PSoC5/WDT_int.c **** * You may use this file only in accordance with the license, terms, conditions, 
  14:.\Generated_Source\PSoC5/WDT_int.c **** * disclaimers, and limitations in the end user license agreement accompanying 
  15:.\Generated_Source\PSoC5/WDT_int.c **** * the software package with which this file was provided.
  16:.\Generated_Source\PSoC5/WDT_int.c **** *******************************************************************************/
  17:.\Generated_Source\PSoC5/WDT_int.c **** 
  18:.\Generated_Source\PSoC5/WDT_int.c **** 
  19:.\Generated_Source\PSoC5/WDT_int.c **** #include <cydevice_trm.h>
  20:.\Generated_Source\PSoC5/WDT_int.c **** #include <CyLib.h>
  21:.\Generated_Source\PSoC5/WDT_int.c **** #include <WDT_int.h>
  22:.\Generated_Source\PSoC5/WDT_int.c **** #include "cyapicallbacks.h"
  23:.\Generated_Source\PSoC5/WDT_int.c **** 
  24:.\Generated_Source\PSoC5/WDT_int.c **** #if !defined(WDT_int__REMOVED) /* Check for removal by optimization */
  25:.\Generated_Source\PSoC5/WDT_int.c **** 
  26:.\Generated_Source\PSoC5/WDT_int.c **** /*******************************************************************************
  27:.\Generated_Source\PSoC5/WDT_int.c **** *  Place your includes, defines and code here 
  28:.\Generated_Source\PSoC5/WDT_int.c **** ********************************************************************************/
  29:.\Generated_Source\PSoC5/WDT_int.c **** /* `#START WDT_int_intc` */
  30:.\Generated_Source\PSoC5/WDT_int.c **** extern void sk_log_int(char8 *string,uint16 data);
  31:.\Generated_Source\PSoC5/WDT_int.c **** /* `#END` */
ARM GAS  C:\Users\nosak\AppData\Local\Temp\ccgDbZYI.s 			page 2


  32:.\Generated_Source\PSoC5/WDT_int.c **** 
  33:.\Generated_Source\PSoC5/WDT_int.c **** #ifndef CYINT_IRQ_BASE
  34:.\Generated_Source\PSoC5/WDT_int.c **** #define CYINT_IRQ_BASE      16
  35:.\Generated_Source\PSoC5/WDT_int.c **** #endif /* CYINT_IRQ_BASE */
  36:.\Generated_Source\PSoC5/WDT_int.c **** #ifndef CYINT_VECT_TABLE
  37:.\Generated_Source\PSoC5/WDT_int.c **** #define CYINT_VECT_TABLE    ((cyisraddress **) CYREG_NVIC_VECT_OFFSET)
  38:.\Generated_Source\PSoC5/WDT_int.c **** #endif /* CYINT_VECT_TABLE */
  39:.\Generated_Source\PSoC5/WDT_int.c **** 
  40:.\Generated_Source\PSoC5/WDT_int.c **** /* Declared in startup, used to set unused interrupts to. */
  41:.\Generated_Source\PSoC5/WDT_int.c **** CY_ISR_PROTO(IntDefaultHandler);
  42:.\Generated_Source\PSoC5/WDT_int.c **** 
  43:.\Generated_Source\PSoC5/WDT_int.c **** 
  44:.\Generated_Source\PSoC5/WDT_int.c **** /*******************************************************************************
  45:.\Generated_Source\PSoC5/WDT_int.c **** * Function Name: WDT_int_Start
  46:.\Generated_Source\PSoC5/WDT_int.c **** ********************************************************************************
  47:.\Generated_Source\PSoC5/WDT_int.c **** *
  48:.\Generated_Source\PSoC5/WDT_int.c **** * Summary:
  49:.\Generated_Source\PSoC5/WDT_int.c **** *  Set up the interrupt and enable it. This function disables the interrupt, 
  50:.\Generated_Source\PSoC5/WDT_int.c **** *  sets the default interrupt vector, sets the priority from the value in the
  51:.\Generated_Source\PSoC5/WDT_int.c **** *  Design Wide Resources Interrupt Editor, then enables the interrupt to the 
  52:.\Generated_Source\PSoC5/WDT_int.c **** *  interrupt controller.
  53:.\Generated_Source\PSoC5/WDT_int.c **** *
  54:.\Generated_Source\PSoC5/WDT_int.c **** * Parameters:  
  55:.\Generated_Source\PSoC5/WDT_int.c **** *   None
  56:.\Generated_Source\PSoC5/WDT_int.c **** *
  57:.\Generated_Source\PSoC5/WDT_int.c **** * Return:
  58:.\Generated_Source\PSoC5/WDT_int.c **** *   None
  59:.\Generated_Source\PSoC5/WDT_int.c **** *
  60:.\Generated_Source\PSoC5/WDT_int.c **** *******************************************************************************/
  61:.\Generated_Source\PSoC5/WDT_int.c **** void WDT_int_Start(void)
  62:.\Generated_Source\PSoC5/WDT_int.c **** {
  63:.\Generated_Source\PSoC5/WDT_int.c ****     /* For all we know the interrupt is active. */
  64:.\Generated_Source\PSoC5/WDT_int.c ****     WDT_int_Disable();
  65:.\Generated_Source\PSoC5/WDT_int.c **** 
  66:.\Generated_Source\PSoC5/WDT_int.c ****     /* Set the ISR to point to the WDT_int Interrupt. */
  67:.\Generated_Source\PSoC5/WDT_int.c ****     WDT_int_SetVector(&WDT_int_Interrupt);
  68:.\Generated_Source\PSoC5/WDT_int.c **** 
  69:.\Generated_Source\PSoC5/WDT_int.c ****     /* Set the priority. */
  70:.\Generated_Source\PSoC5/WDT_int.c ****     WDT_int_SetPriority((uint8)WDT_int_INTC_PRIOR_NUMBER);
  71:.\Generated_Source\PSoC5/WDT_int.c **** 
  72:.\Generated_Source\PSoC5/WDT_int.c ****     /* Enable it. */
  73:.\Generated_Source\PSoC5/WDT_int.c ****     WDT_int_Enable();
  74:.\Generated_Source\PSoC5/WDT_int.c **** }
  75:.\Generated_Source\PSoC5/WDT_int.c **** 
  76:.\Generated_Source\PSoC5/WDT_int.c **** 
  77:.\Generated_Source\PSoC5/WDT_int.c **** /*******************************************************************************
  78:.\Generated_Source\PSoC5/WDT_int.c **** * Function Name: WDT_int_StartEx
  79:.\Generated_Source\PSoC5/WDT_int.c **** ********************************************************************************
  80:.\Generated_Source\PSoC5/WDT_int.c **** *
  81:.\Generated_Source\PSoC5/WDT_int.c **** * Summary:
  82:.\Generated_Source\PSoC5/WDT_int.c **** *  Sets up the interrupt and enables it. This function disables the interrupt,
  83:.\Generated_Source\PSoC5/WDT_int.c **** *  sets the interrupt vector based on the address passed in, sets the priority 
  84:.\Generated_Source\PSoC5/WDT_int.c **** *  from the value in the Design Wide Resources Interrupt Editor, then enables 
  85:.\Generated_Source\PSoC5/WDT_int.c **** *  the interrupt to the interrupt controller.
  86:.\Generated_Source\PSoC5/WDT_int.c **** *  
  87:.\Generated_Source\PSoC5/WDT_int.c **** *  When defining ISR functions, the CY_ISR and CY_ISR_PROTO macros should be 
  88:.\Generated_Source\PSoC5/WDT_int.c **** *  used to provide consistent definition across compilers:
ARM GAS  C:\Users\nosak\AppData\Local\Temp\ccgDbZYI.s 			page 3


  89:.\Generated_Source\PSoC5/WDT_int.c **** *  
  90:.\Generated_Source\PSoC5/WDT_int.c **** *  Function definition example:
  91:.\Generated_Source\PSoC5/WDT_int.c **** *   CY_ISR(MyISR)
  92:.\Generated_Source\PSoC5/WDT_int.c **** *   {
  93:.\Generated_Source\PSoC5/WDT_int.c **** *   }
  94:.\Generated_Source\PSoC5/WDT_int.c **** *   Function prototype example:
  95:.\Generated_Source\PSoC5/WDT_int.c **** *   CY_ISR_PROTO(MyISR);
  96:.\Generated_Source\PSoC5/WDT_int.c **** *
  97:.\Generated_Source\PSoC5/WDT_int.c **** * Parameters:  
  98:.\Generated_Source\PSoC5/WDT_int.c **** *   address: Address of the ISR to set in the interrupt vector table.
  99:.\Generated_Source\PSoC5/WDT_int.c **** *
 100:.\Generated_Source\PSoC5/WDT_int.c **** * Return:
 101:.\Generated_Source\PSoC5/WDT_int.c **** *   None
 102:.\Generated_Source\PSoC5/WDT_int.c **** *
 103:.\Generated_Source\PSoC5/WDT_int.c **** *******************************************************************************/
 104:.\Generated_Source\PSoC5/WDT_int.c **** void WDT_int_StartEx(cyisraddress address)
 105:.\Generated_Source\PSoC5/WDT_int.c **** {
 106:.\Generated_Source\PSoC5/WDT_int.c ****     /* For all we know the interrupt is active. */
 107:.\Generated_Source\PSoC5/WDT_int.c ****     WDT_int_Disable();
 108:.\Generated_Source\PSoC5/WDT_int.c **** 
 109:.\Generated_Source\PSoC5/WDT_int.c ****     /* Set the ISR to point to the WDT_int Interrupt. */
 110:.\Generated_Source\PSoC5/WDT_int.c ****     WDT_int_SetVector(address);
 111:.\Generated_Source\PSoC5/WDT_int.c **** 
 112:.\Generated_Source\PSoC5/WDT_int.c ****     /* Set the priority. */
 113:.\Generated_Source\PSoC5/WDT_int.c ****     WDT_int_SetPriority((uint8)WDT_int_INTC_PRIOR_NUMBER);
 114:.\Generated_Source\PSoC5/WDT_int.c **** 
 115:.\Generated_Source\PSoC5/WDT_int.c ****     /* Enable it. */
 116:.\Generated_Source\PSoC5/WDT_int.c ****     WDT_int_Enable();
 117:.\Generated_Source\PSoC5/WDT_int.c **** }
 118:.\Generated_Source\PSoC5/WDT_int.c **** 
 119:.\Generated_Source\PSoC5/WDT_int.c **** 
 120:.\Generated_Source\PSoC5/WDT_int.c **** /*******************************************************************************
 121:.\Generated_Source\PSoC5/WDT_int.c **** * Function Name: WDT_int_Stop
 122:.\Generated_Source\PSoC5/WDT_int.c **** ********************************************************************************
 123:.\Generated_Source\PSoC5/WDT_int.c **** *
 124:.\Generated_Source\PSoC5/WDT_int.c **** * Summary:
 125:.\Generated_Source\PSoC5/WDT_int.c **** *   Disables and removes the interrupt.
 126:.\Generated_Source\PSoC5/WDT_int.c **** *
 127:.\Generated_Source\PSoC5/WDT_int.c **** * Parameters:  
 128:.\Generated_Source\PSoC5/WDT_int.c **** *   None
 129:.\Generated_Source\PSoC5/WDT_int.c **** *
 130:.\Generated_Source\PSoC5/WDT_int.c **** * Return:
 131:.\Generated_Source\PSoC5/WDT_int.c **** *   None
 132:.\Generated_Source\PSoC5/WDT_int.c **** *
 133:.\Generated_Source\PSoC5/WDT_int.c **** *******************************************************************************/
 134:.\Generated_Source\PSoC5/WDT_int.c **** void WDT_int_Stop(void)
 135:.\Generated_Source\PSoC5/WDT_int.c **** {
 136:.\Generated_Source\PSoC5/WDT_int.c ****     /* Disable this interrupt. */
 137:.\Generated_Source\PSoC5/WDT_int.c ****     WDT_int_Disable();
 138:.\Generated_Source\PSoC5/WDT_int.c **** 
 139:.\Generated_Source\PSoC5/WDT_int.c ****     /* Set the ISR to point to the passive one. */
 140:.\Generated_Source\PSoC5/WDT_int.c ****     WDT_int_SetVector(&IntDefaultHandler);
 141:.\Generated_Source\PSoC5/WDT_int.c **** }
 142:.\Generated_Source\PSoC5/WDT_int.c **** 
 143:.\Generated_Source\PSoC5/WDT_int.c **** 
 144:.\Generated_Source\PSoC5/WDT_int.c **** /*******************************************************************************
 145:.\Generated_Source\PSoC5/WDT_int.c **** * Function Name: WDT_int_Interrupt
ARM GAS  C:\Users\nosak\AppData\Local\Temp\ccgDbZYI.s 			page 4


 146:.\Generated_Source\PSoC5/WDT_int.c **** ********************************************************************************
 147:.\Generated_Source\PSoC5/WDT_int.c **** *
 148:.\Generated_Source\PSoC5/WDT_int.c **** * Summary:
 149:.\Generated_Source\PSoC5/WDT_int.c **** *   The default Interrupt Service Routine for WDT_int.
 150:.\Generated_Source\PSoC5/WDT_int.c **** *
 151:.\Generated_Source\PSoC5/WDT_int.c **** *   Add custom code between the coments to keep the next version of this file
 152:.\Generated_Source\PSoC5/WDT_int.c **** *   from over writting your code.
 153:.\Generated_Source\PSoC5/WDT_int.c **** *
 154:.\Generated_Source\PSoC5/WDT_int.c **** * Parameters:  
 155:.\Generated_Source\PSoC5/WDT_int.c **** *
 156:.\Generated_Source\PSoC5/WDT_int.c **** * Return:
 157:.\Generated_Source\PSoC5/WDT_int.c **** *   None
 158:.\Generated_Source\PSoC5/WDT_int.c **** *
 159:.\Generated_Source\PSoC5/WDT_int.c **** *******************************************************************************/
 160:.\Generated_Source\PSoC5/WDT_int.c **** CY_ISR(WDT_int_Interrupt)
 161:.\Generated_Source\PSoC5/WDT_int.c **** {
  27              		.loc 1 161 0
  28              		.cfi_startproc
  29              		@ args = 0, pretend = 0, frame = 0
  30              		@ frame_needed = 0, uses_anonymous_args = 0
  31 0000 08B5     		push	{r3, lr}
  32              		.cfi_def_cfa_offset 8
  33              		.cfi_offset 3, -8
  34              		.cfi_offset 14, -4
 162:.\Generated_Source\PSoC5/WDT_int.c ****     #ifdef WDT_int_INTERRUPT_INTERRUPT_CALLBACK
 163:.\Generated_Source\PSoC5/WDT_int.c ****         WDT_int_Interrupt_InterruptCallback();
 164:.\Generated_Source\PSoC5/WDT_int.c ****     #endif /* WDT_int_INTERRUPT_INTERRUPT_CALLBACK */ 
 165:.\Generated_Source\PSoC5/WDT_int.c **** 
 166:.\Generated_Source\PSoC5/WDT_int.c ****     /*  Place your Interrupt code here. */
 167:.\Generated_Source\PSoC5/WDT_int.c ****     /* `#START WDT_int_Interrupt` */
 168:.\Generated_Source\PSoC5/WDT_int.c ****     sk_log_int("WDT_int_Interrupt:001",0);
  35              		.loc 1 168 0
  36 0002 0248     		ldr	r0, .L3
  37 0004 0021     		movs	r1, #0
  38 0006 FFF7FEFF 		bl	sk_log_int
  39              	.LVL0:
  40 000a 08BD     		pop	{r3, pc}
  41              	.L4:
  42              		.align	2
  43              	.L3:
  44 000c 00000000 		.word	.LC0
  45              		.cfi_endproc
  46              	.LFE3:
  47              		.size	WDT_int_Interrupt, .-WDT_int_Interrupt
  48              		.section	.text.WDT_int_SetVector,"ax",%progbits
  49              		.align	2
  50              		.global	WDT_int_SetVector
  51              		.thumb
  52              		.thumb_func
  53              		.type	WDT_int_SetVector, %function
  54              	WDT_int_SetVector:
  55              	.LFB4:
 169:.\Generated_Source\PSoC5/WDT_int.c ****     /* `#END` */
 170:.\Generated_Source\PSoC5/WDT_int.c **** }
 171:.\Generated_Source\PSoC5/WDT_int.c **** 
 172:.\Generated_Source\PSoC5/WDT_int.c **** 
 173:.\Generated_Source\PSoC5/WDT_int.c **** /*******************************************************************************
ARM GAS  C:\Users\nosak\AppData\Local\Temp\ccgDbZYI.s 			page 5


 174:.\Generated_Source\PSoC5/WDT_int.c **** * Function Name: WDT_int_SetVector
 175:.\Generated_Source\PSoC5/WDT_int.c **** ********************************************************************************
 176:.\Generated_Source\PSoC5/WDT_int.c **** *
 177:.\Generated_Source\PSoC5/WDT_int.c **** * Summary:
 178:.\Generated_Source\PSoC5/WDT_int.c **** *   Change the ISR vector for the Interrupt. Note calling WDT_int_Start
 179:.\Generated_Source\PSoC5/WDT_int.c **** *   will override any effect this method would have had. To set the vector 
 180:.\Generated_Source\PSoC5/WDT_int.c **** *   before the component has been started use WDT_int_StartEx instead.
 181:.\Generated_Source\PSoC5/WDT_int.c **** * 
 182:.\Generated_Source\PSoC5/WDT_int.c **** *   When defining ISR functions, the CY_ISR and CY_ISR_PROTO macros should be 
 183:.\Generated_Source\PSoC5/WDT_int.c **** *   used to provide consistent definition across compilers:
 184:.\Generated_Source\PSoC5/WDT_int.c **** *
 185:.\Generated_Source\PSoC5/WDT_int.c **** *   Function definition example:
 186:.\Generated_Source\PSoC5/WDT_int.c **** *   CY_ISR(MyISR)
 187:.\Generated_Source\PSoC5/WDT_int.c **** *   {
 188:.\Generated_Source\PSoC5/WDT_int.c **** *   }
 189:.\Generated_Source\PSoC5/WDT_int.c **** *
 190:.\Generated_Source\PSoC5/WDT_int.c **** *   Function prototype example:
 191:.\Generated_Source\PSoC5/WDT_int.c **** *     CY_ISR_PROTO(MyISR);
 192:.\Generated_Source\PSoC5/WDT_int.c **** *
 193:.\Generated_Source\PSoC5/WDT_int.c **** * Parameters:
 194:.\Generated_Source\PSoC5/WDT_int.c **** *   address: Address of the ISR to set in the interrupt vector table.
 195:.\Generated_Source\PSoC5/WDT_int.c **** *
 196:.\Generated_Source\PSoC5/WDT_int.c **** * Return:
 197:.\Generated_Source\PSoC5/WDT_int.c **** *   None
 198:.\Generated_Source\PSoC5/WDT_int.c **** *
 199:.\Generated_Source\PSoC5/WDT_int.c **** *******************************************************************************/
 200:.\Generated_Source\PSoC5/WDT_int.c **** void WDT_int_SetVector(cyisraddress address)
 201:.\Generated_Source\PSoC5/WDT_int.c **** {
  56              		.loc 1 201 0
  57              		.cfi_startproc
  58              		@ args = 0, pretend = 0, frame = 0
  59              		@ frame_needed = 0, uses_anonymous_args = 0
  60              		@ link register save eliminated.
  61              	.LVL1:
 202:.\Generated_Source\PSoC5/WDT_int.c ****     cyisraddress * ramVectorTable;
 203:.\Generated_Source\PSoC5/WDT_int.c **** 
 204:.\Generated_Source\PSoC5/WDT_int.c ****     ramVectorTable = (cyisraddress *) *CYINT_VECT_TABLE;
  62              		.loc 1 204 0
  63 0000 014B     		ldr	r3, .L6
  64 0002 1B68     		ldr	r3, [r3]
  65              	.LVL2:
 205:.\Generated_Source\PSoC5/WDT_int.c **** 
 206:.\Generated_Source\PSoC5/WDT_int.c ****     ramVectorTable[CYINT_IRQ_BASE + (uint32)WDT_int__INTC_NUMBER] = address;
  66              		.loc 1 206 0
  67 0004 1864     		str	r0, [r3, #64]
  68 0006 7047     		bx	lr
  69              	.L7:
  70              		.align	2
  71              	.L6:
  72 0008 08ED00E0 		.word	-536810232
  73              		.cfi_endproc
  74              	.LFE4:
  75              		.size	WDT_int_SetVector, .-WDT_int_SetVector
  76              		.section	.text.WDT_int_GetVector,"ax",%progbits
  77              		.align	2
  78              		.global	WDT_int_GetVector
  79              		.thumb
ARM GAS  C:\Users\nosak\AppData\Local\Temp\ccgDbZYI.s 			page 6


  80              		.thumb_func
  81              		.type	WDT_int_GetVector, %function
  82              	WDT_int_GetVector:
  83              	.LFB5:
 207:.\Generated_Source\PSoC5/WDT_int.c **** }
 208:.\Generated_Source\PSoC5/WDT_int.c **** 
 209:.\Generated_Source\PSoC5/WDT_int.c **** 
 210:.\Generated_Source\PSoC5/WDT_int.c **** /*******************************************************************************
 211:.\Generated_Source\PSoC5/WDT_int.c **** * Function Name: WDT_int_GetVector
 212:.\Generated_Source\PSoC5/WDT_int.c **** ********************************************************************************
 213:.\Generated_Source\PSoC5/WDT_int.c **** *
 214:.\Generated_Source\PSoC5/WDT_int.c **** * Summary:
 215:.\Generated_Source\PSoC5/WDT_int.c **** *   Gets the "address" of the current ISR vector for the Interrupt.
 216:.\Generated_Source\PSoC5/WDT_int.c **** *
 217:.\Generated_Source\PSoC5/WDT_int.c **** * Parameters:
 218:.\Generated_Source\PSoC5/WDT_int.c **** *   None
 219:.\Generated_Source\PSoC5/WDT_int.c **** *
 220:.\Generated_Source\PSoC5/WDT_int.c **** * Return:
 221:.\Generated_Source\PSoC5/WDT_int.c **** *   Address of the ISR in the interrupt vector table.
 222:.\Generated_Source\PSoC5/WDT_int.c **** *
 223:.\Generated_Source\PSoC5/WDT_int.c **** *******************************************************************************/
 224:.\Generated_Source\PSoC5/WDT_int.c **** cyisraddress WDT_int_GetVector(void)
 225:.\Generated_Source\PSoC5/WDT_int.c **** {
  84              		.loc 1 225 0
  85              		.cfi_startproc
  86              		@ args = 0, pretend = 0, frame = 0
  87              		@ frame_needed = 0, uses_anonymous_args = 0
  88              		@ link register save eliminated.
 226:.\Generated_Source\PSoC5/WDT_int.c ****     cyisraddress * ramVectorTable;
 227:.\Generated_Source\PSoC5/WDT_int.c **** 
 228:.\Generated_Source\PSoC5/WDT_int.c ****     ramVectorTable = (cyisraddress *) *CYINT_VECT_TABLE;
  89              		.loc 1 228 0
  90 0000 014B     		ldr	r3, .L9
  91 0002 1B68     		ldr	r3, [r3]
  92              	.LVL3:
 229:.\Generated_Source\PSoC5/WDT_int.c **** 
 230:.\Generated_Source\PSoC5/WDT_int.c ****     return ramVectorTable[CYINT_IRQ_BASE + (uint32)WDT_int__INTC_NUMBER];
 231:.\Generated_Source\PSoC5/WDT_int.c **** }
  93              		.loc 1 231 0
  94 0004 186C     		ldr	r0, [r3, #64]
  95 0006 7047     		bx	lr
  96              	.L10:
  97              		.align	2
  98              	.L9:
  99 0008 08ED00E0 		.word	-536810232
 100              		.cfi_endproc
 101              	.LFE5:
 102              		.size	WDT_int_GetVector, .-WDT_int_GetVector
 103              		.section	.text.WDT_int_SetPriority,"ax",%progbits
 104              		.align	2
 105              		.global	WDT_int_SetPriority
 106              		.thumb
 107              		.thumb_func
 108              		.type	WDT_int_SetPriority, %function
 109              	WDT_int_SetPriority:
 110              	.LFB6:
 232:.\Generated_Source\PSoC5/WDT_int.c **** 
ARM GAS  C:\Users\nosak\AppData\Local\Temp\ccgDbZYI.s 			page 7


 233:.\Generated_Source\PSoC5/WDT_int.c **** 
 234:.\Generated_Source\PSoC5/WDT_int.c **** /*******************************************************************************
 235:.\Generated_Source\PSoC5/WDT_int.c **** * Function Name: WDT_int_SetPriority
 236:.\Generated_Source\PSoC5/WDT_int.c **** ********************************************************************************
 237:.\Generated_Source\PSoC5/WDT_int.c **** *
 238:.\Generated_Source\PSoC5/WDT_int.c **** * Summary:
 239:.\Generated_Source\PSoC5/WDT_int.c **** *   Sets the Priority of the Interrupt. 
 240:.\Generated_Source\PSoC5/WDT_int.c **** *
 241:.\Generated_Source\PSoC5/WDT_int.c **** *   Note calling WDT_int_Start or WDT_int_StartEx will 
 242:.\Generated_Source\PSoC5/WDT_int.c **** *   override any effect this API would have had. This API should only be called
 243:.\Generated_Source\PSoC5/WDT_int.c **** *   after WDT_int_Start or WDT_int_StartEx has been called. 
 244:.\Generated_Source\PSoC5/WDT_int.c **** *   To set the initial priority for the component, use the Design-Wide Resources
 245:.\Generated_Source\PSoC5/WDT_int.c **** *   Interrupt Editor.
 246:.\Generated_Source\PSoC5/WDT_int.c **** *
 247:.\Generated_Source\PSoC5/WDT_int.c **** *   Note This API has no effect on Non-maskable interrupt NMI).
 248:.\Generated_Source\PSoC5/WDT_int.c **** *
 249:.\Generated_Source\PSoC5/WDT_int.c **** * Parameters:
 250:.\Generated_Source\PSoC5/WDT_int.c **** *   priority: Priority of the interrupt, 0 being the highest priority
 251:.\Generated_Source\PSoC5/WDT_int.c **** *             PSoC 3 and PSoC 5LP: Priority is from 0 to 7.
 252:.\Generated_Source\PSoC5/WDT_int.c **** *             PSoC 4: Priority is from 0 to 3.
 253:.\Generated_Source\PSoC5/WDT_int.c **** *
 254:.\Generated_Source\PSoC5/WDT_int.c **** * Return:
 255:.\Generated_Source\PSoC5/WDT_int.c **** *   None
 256:.\Generated_Source\PSoC5/WDT_int.c **** *
 257:.\Generated_Source\PSoC5/WDT_int.c **** *******************************************************************************/
 258:.\Generated_Source\PSoC5/WDT_int.c **** void WDT_int_SetPriority(uint8 priority)
 259:.\Generated_Source\PSoC5/WDT_int.c **** {
 111              		.loc 1 259 0
 112              		.cfi_startproc
 113              		@ args = 0, pretend = 0, frame = 0
 114              		@ frame_needed = 0, uses_anonymous_args = 0
 115              		@ link register save eliminated.
 116              	.LVL4:
 260:.\Generated_Source\PSoC5/WDT_int.c ****     *WDT_int_INTC_PRIOR = priority << 5;
 117              		.loc 1 260 0
 118 0000 4001     		lsls	r0, r0, #5
 119              	.LVL5:
 120 0002 C0B2     		uxtb	r0, r0
 121 0004 014B     		ldr	r3, .L12
 122 0006 1870     		strb	r0, [r3]
 123 0008 7047     		bx	lr
 124              	.L13:
 125 000a 00BF     		.align	2
 126              	.L12:
 127 000c 00E400E0 		.word	-536812544
 128              		.cfi_endproc
 129              	.LFE6:
 130              		.size	WDT_int_SetPriority, .-WDT_int_SetPriority
 131              		.section	.text.WDT_int_GetPriority,"ax",%progbits
 132              		.align	2
 133              		.global	WDT_int_GetPriority
 134              		.thumb
 135              		.thumb_func
 136              		.type	WDT_int_GetPriority, %function
 137              	WDT_int_GetPriority:
 138              	.LFB7:
 261:.\Generated_Source\PSoC5/WDT_int.c **** }
ARM GAS  C:\Users\nosak\AppData\Local\Temp\ccgDbZYI.s 			page 8


 262:.\Generated_Source\PSoC5/WDT_int.c **** 
 263:.\Generated_Source\PSoC5/WDT_int.c **** 
 264:.\Generated_Source\PSoC5/WDT_int.c **** /*******************************************************************************
 265:.\Generated_Source\PSoC5/WDT_int.c **** * Function Name: WDT_int_GetPriority
 266:.\Generated_Source\PSoC5/WDT_int.c **** ********************************************************************************
 267:.\Generated_Source\PSoC5/WDT_int.c **** *
 268:.\Generated_Source\PSoC5/WDT_int.c **** * Summary:
 269:.\Generated_Source\PSoC5/WDT_int.c **** *   Gets the Priority of the Interrupt.
 270:.\Generated_Source\PSoC5/WDT_int.c **** *
 271:.\Generated_Source\PSoC5/WDT_int.c **** * Parameters:
 272:.\Generated_Source\PSoC5/WDT_int.c **** *   None
 273:.\Generated_Source\PSoC5/WDT_int.c **** *
 274:.\Generated_Source\PSoC5/WDT_int.c **** * Return:
 275:.\Generated_Source\PSoC5/WDT_int.c **** *   Priority of the interrupt, 0 being the highest priority
 276:.\Generated_Source\PSoC5/WDT_int.c **** *    PSoC 3 and PSoC 5LP: Priority is from 0 to 7.
 277:.\Generated_Source\PSoC5/WDT_int.c **** *    PSoC 4: Priority is from 0 to 3.
 278:.\Generated_Source\PSoC5/WDT_int.c **** *
 279:.\Generated_Source\PSoC5/WDT_int.c **** *******************************************************************************/
 280:.\Generated_Source\PSoC5/WDT_int.c **** uint8 WDT_int_GetPriority(void)
 281:.\Generated_Source\PSoC5/WDT_int.c **** {
 139              		.loc 1 281 0
 140              		.cfi_startproc
 141              		@ args = 0, pretend = 0, frame = 0
 142              		@ frame_needed = 0, uses_anonymous_args = 0
 143              		@ link register save eliminated.
 282:.\Generated_Source\PSoC5/WDT_int.c ****     uint8 priority;
 283:.\Generated_Source\PSoC5/WDT_int.c **** 
 284:.\Generated_Source\PSoC5/WDT_int.c **** 
 285:.\Generated_Source\PSoC5/WDT_int.c ****     priority = *WDT_int_INTC_PRIOR >> 5;
 144              		.loc 1 285 0
 145 0000 014B     		ldr	r3, .L15
 146 0002 1878     		ldrb	r0, [r3]	@ zero_extendqisi2
 147              	.LVL6:
 286:.\Generated_Source\PSoC5/WDT_int.c **** 
 287:.\Generated_Source\PSoC5/WDT_int.c ****     return priority;
 288:.\Generated_Source\PSoC5/WDT_int.c **** }
 148              		.loc 1 288 0
 149 0004 4009     		lsrs	r0, r0, #5
 150              	.LVL7:
 151 0006 7047     		bx	lr
 152              	.L16:
 153              		.align	2
 154              	.L15:
 155 0008 00E400E0 		.word	-536812544
 156              		.cfi_endproc
 157              	.LFE7:
 158              		.size	WDT_int_GetPriority, .-WDT_int_GetPriority
 159              		.section	.text.WDT_int_Enable,"ax",%progbits
 160              		.align	2
 161              		.global	WDT_int_Enable
 162              		.thumb
 163              		.thumb_func
 164              		.type	WDT_int_Enable, %function
 165              	WDT_int_Enable:
 166              	.LFB8:
 289:.\Generated_Source\PSoC5/WDT_int.c **** 
 290:.\Generated_Source\PSoC5/WDT_int.c **** 
ARM GAS  C:\Users\nosak\AppData\Local\Temp\ccgDbZYI.s 			page 9


 291:.\Generated_Source\PSoC5/WDT_int.c **** /*******************************************************************************
 292:.\Generated_Source\PSoC5/WDT_int.c **** * Function Name: WDT_int_Enable
 293:.\Generated_Source\PSoC5/WDT_int.c **** ********************************************************************************
 294:.\Generated_Source\PSoC5/WDT_int.c **** *
 295:.\Generated_Source\PSoC5/WDT_int.c **** * Summary:
 296:.\Generated_Source\PSoC5/WDT_int.c **** *   Enables the interrupt to the interrupt controller. Do not call this function
 297:.\Generated_Source\PSoC5/WDT_int.c **** *   unless ISR_Start() has been called or the functionality of the ISR_Start() 
 298:.\Generated_Source\PSoC5/WDT_int.c **** *   function, which sets the vector and the priority, has been called.
 299:.\Generated_Source\PSoC5/WDT_int.c **** *
 300:.\Generated_Source\PSoC5/WDT_int.c **** * Parameters:
 301:.\Generated_Source\PSoC5/WDT_int.c **** *   None
 302:.\Generated_Source\PSoC5/WDT_int.c **** *
 303:.\Generated_Source\PSoC5/WDT_int.c **** * Return:
 304:.\Generated_Source\PSoC5/WDT_int.c **** *   None
 305:.\Generated_Source\PSoC5/WDT_int.c **** *
 306:.\Generated_Source\PSoC5/WDT_int.c **** *******************************************************************************/
 307:.\Generated_Source\PSoC5/WDT_int.c **** void WDT_int_Enable(void)
 308:.\Generated_Source\PSoC5/WDT_int.c **** {
 167              		.loc 1 308 0
 168              		.cfi_startproc
 169              		@ args = 0, pretend = 0, frame = 0
 170              		@ frame_needed = 0, uses_anonymous_args = 0
 171              		@ link register save eliminated.
 309:.\Generated_Source\PSoC5/WDT_int.c ****     /* Enable the general interrupt. */
 310:.\Generated_Source\PSoC5/WDT_int.c ****     *WDT_int_INTC_SET_EN = WDT_int__INTC_MASK;
 172              		.loc 1 310 0
 173 0000 0122     		movs	r2, #1
 174 0002 014B     		ldr	r3, .L18
 175 0004 1A60     		str	r2, [r3]
 176 0006 7047     		bx	lr
 177              	.L19:
 178              		.align	2
 179              	.L18:
 180 0008 00E100E0 		.word	-536813312
 181              		.cfi_endproc
 182              	.LFE8:
 183              		.size	WDT_int_Enable, .-WDT_int_Enable
 184              		.section	.text.WDT_int_GetState,"ax",%progbits
 185              		.align	2
 186              		.global	WDT_int_GetState
 187              		.thumb
 188              		.thumb_func
 189              		.type	WDT_int_GetState, %function
 190              	WDT_int_GetState:
 191              	.LFB9:
 311:.\Generated_Source\PSoC5/WDT_int.c **** }
 312:.\Generated_Source\PSoC5/WDT_int.c **** 
 313:.\Generated_Source\PSoC5/WDT_int.c **** 
 314:.\Generated_Source\PSoC5/WDT_int.c **** /*******************************************************************************
 315:.\Generated_Source\PSoC5/WDT_int.c **** * Function Name: WDT_int_GetState
 316:.\Generated_Source\PSoC5/WDT_int.c **** ********************************************************************************
 317:.\Generated_Source\PSoC5/WDT_int.c **** *
 318:.\Generated_Source\PSoC5/WDT_int.c **** * Summary:
 319:.\Generated_Source\PSoC5/WDT_int.c **** *   Gets the state (enabled, disabled) of the Interrupt.
 320:.\Generated_Source\PSoC5/WDT_int.c **** *
 321:.\Generated_Source\PSoC5/WDT_int.c **** * Parameters:
 322:.\Generated_Source\PSoC5/WDT_int.c **** *   None
ARM GAS  C:\Users\nosak\AppData\Local\Temp\ccgDbZYI.s 			page 10


 323:.\Generated_Source\PSoC5/WDT_int.c **** *
 324:.\Generated_Source\PSoC5/WDT_int.c **** * Return:
 325:.\Generated_Source\PSoC5/WDT_int.c **** *   1 if enabled, 0 if disabled.
 326:.\Generated_Source\PSoC5/WDT_int.c **** *
 327:.\Generated_Source\PSoC5/WDT_int.c **** *******************************************************************************/
 328:.\Generated_Source\PSoC5/WDT_int.c **** uint8 WDT_int_GetState(void)
 329:.\Generated_Source\PSoC5/WDT_int.c **** {
 192              		.loc 1 329 0
 193              		.cfi_startproc
 194              		@ args = 0, pretend = 0, frame = 0
 195              		@ frame_needed = 0, uses_anonymous_args = 0
 196              		@ link register save eliminated.
 330:.\Generated_Source\PSoC5/WDT_int.c ****     /* Get the state of the general interrupt. */
 331:.\Generated_Source\PSoC5/WDT_int.c ****     return ((*WDT_int_INTC_SET_EN & (uint32)WDT_int__INTC_MASK) != 0u) ? 1u:0u;
 197              		.loc 1 331 0
 198 0000 024B     		ldr	r3, .L21
 199 0002 1868     		ldr	r0, [r3]
 332:.\Generated_Source\PSoC5/WDT_int.c **** }
 200              		.loc 1 332 0
 201 0004 00F00100 		and	r0, r0, #1
 202 0008 7047     		bx	lr
 203              	.L22:
 204 000a 00BF     		.align	2
 205              	.L21:
 206 000c 00E100E0 		.word	-536813312
 207              		.cfi_endproc
 208              	.LFE9:
 209              		.size	WDT_int_GetState, .-WDT_int_GetState
 210              		.section	.text.WDT_int_Disable,"ax",%progbits
 211              		.align	2
 212              		.global	WDT_int_Disable
 213              		.thumb
 214              		.thumb_func
 215              		.type	WDT_int_Disable, %function
 216              	WDT_int_Disable:
 217              	.LFB10:
 333:.\Generated_Source\PSoC5/WDT_int.c **** 
 334:.\Generated_Source\PSoC5/WDT_int.c **** 
 335:.\Generated_Source\PSoC5/WDT_int.c **** /*******************************************************************************
 336:.\Generated_Source\PSoC5/WDT_int.c **** * Function Name: WDT_int_Disable
 337:.\Generated_Source\PSoC5/WDT_int.c **** ********************************************************************************
 338:.\Generated_Source\PSoC5/WDT_int.c **** *
 339:.\Generated_Source\PSoC5/WDT_int.c **** * Summary:
 340:.\Generated_Source\PSoC5/WDT_int.c **** *   Disables the Interrupt in the interrupt controller.
 341:.\Generated_Source\PSoC5/WDT_int.c **** *
 342:.\Generated_Source\PSoC5/WDT_int.c **** * Parameters:
 343:.\Generated_Source\PSoC5/WDT_int.c **** *   None
 344:.\Generated_Source\PSoC5/WDT_int.c **** *
 345:.\Generated_Source\PSoC5/WDT_int.c **** * Return:
 346:.\Generated_Source\PSoC5/WDT_int.c **** *   None
 347:.\Generated_Source\PSoC5/WDT_int.c **** *
 348:.\Generated_Source\PSoC5/WDT_int.c **** *******************************************************************************/
 349:.\Generated_Source\PSoC5/WDT_int.c **** void WDT_int_Disable(void)
 350:.\Generated_Source\PSoC5/WDT_int.c **** {
 218              		.loc 1 350 0
 219              		.cfi_startproc
 220              		@ args = 0, pretend = 0, frame = 0
ARM GAS  C:\Users\nosak\AppData\Local\Temp\ccgDbZYI.s 			page 11


 221              		@ frame_needed = 0, uses_anonymous_args = 0
 222              		@ link register save eliminated.
 351:.\Generated_Source\PSoC5/WDT_int.c ****     /* Disable the general interrupt. */
 352:.\Generated_Source\PSoC5/WDT_int.c ****     *WDT_int_INTC_CLR_EN = WDT_int__INTC_MASK;
 223              		.loc 1 352 0
 224 0000 0122     		movs	r2, #1
 225 0002 014B     		ldr	r3, .L24
 226 0004 1A60     		str	r2, [r3]
 227 0006 7047     		bx	lr
 228              	.L25:
 229              		.align	2
 230              	.L24:
 231 0008 80E100E0 		.word	-536813184
 232              		.cfi_endproc
 233              	.LFE10:
 234              		.size	WDT_int_Disable, .-WDT_int_Disable
 235              		.section	.text.WDT_int_Start,"ax",%progbits
 236              		.align	2
 237              		.global	WDT_int_Start
 238              		.thumb
 239              		.thumb_func
 240              		.type	WDT_int_Start, %function
 241              	WDT_int_Start:
 242              	.LFB0:
  62:.\Generated_Source\PSoC5/WDT_int.c ****     /* For all we know the interrupt is active. */
 243              		.loc 1 62 0
 244              		.cfi_startproc
 245              		@ args = 0, pretend = 0, frame = 0
 246              		@ frame_needed = 0, uses_anonymous_args = 0
 247 0000 08B5     		push	{r3, lr}
 248              		.cfi_def_cfa_offset 8
 249              		.cfi_offset 3, -8
 250              		.cfi_offset 14, -4
  64:.\Generated_Source\PSoC5/WDT_int.c **** 
 251              		.loc 1 64 0
 252 0002 FFF7FEFF 		bl	WDT_int_Disable
 253              	.LVL8:
  67:.\Generated_Source\PSoC5/WDT_int.c **** 
 254              		.loc 1 67 0
 255 0006 0448     		ldr	r0, .L28
 256 0008 FFF7FEFF 		bl	WDT_int_SetVector
 257              	.LVL9:
  70:.\Generated_Source\PSoC5/WDT_int.c **** 
 258              		.loc 1 70 0
 259 000c 0720     		movs	r0, #7
 260 000e FFF7FEFF 		bl	WDT_int_SetPriority
 261              	.LVL10:
  73:.\Generated_Source\PSoC5/WDT_int.c **** }
 262              		.loc 1 73 0
 263 0012 FFF7FEFF 		bl	WDT_int_Enable
 264              	.LVL11:
 265 0016 08BD     		pop	{r3, pc}
 266              	.L29:
 267              		.align	2
 268              	.L28:
 269 0018 00000000 		.word	WDT_int_Interrupt
 270              		.cfi_endproc
ARM GAS  C:\Users\nosak\AppData\Local\Temp\ccgDbZYI.s 			page 12


 271              	.LFE0:
 272              		.size	WDT_int_Start, .-WDT_int_Start
 273              		.section	.text.WDT_int_StartEx,"ax",%progbits
 274              		.align	2
 275              		.global	WDT_int_StartEx
 276              		.thumb
 277              		.thumb_func
 278              		.type	WDT_int_StartEx, %function
 279              	WDT_int_StartEx:
 280              	.LFB1:
 105:.\Generated_Source\PSoC5/WDT_int.c ****     /* For all we know the interrupt is active. */
 281              		.loc 1 105 0
 282              		.cfi_startproc
 283              		@ args = 0, pretend = 0, frame = 0
 284              		@ frame_needed = 0, uses_anonymous_args = 0
 285              	.LVL12:
 286 0000 10B5     		push	{r4, lr}
 287              		.cfi_def_cfa_offset 8
 288              		.cfi_offset 4, -8
 289              		.cfi_offset 14, -4
 290 0002 0446     		mov	r4, r0
 107:.\Generated_Source\PSoC5/WDT_int.c **** 
 291              		.loc 1 107 0
 292 0004 FFF7FEFF 		bl	WDT_int_Disable
 293              	.LVL13:
 110:.\Generated_Source\PSoC5/WDT_int.c **** 
 294              		.loc 1 110 0
 295 0008 2046     		mov	r0, r4
 296 000a FFF7FEFF 		bl	WDT_int_SetVector
 297              	.LVL14:
 113:.\Generated_Source\PSoC5/WDT_int.c **** 
 298              		.loc 1 113 0
 299 000e 0720     		movs	r0, #7
 300 0010 FFF7FEFF 		bl	WDT_int_SetPriority
 301              	.LVL15:
 116:.\Generated_Source\PSoC5/WDT_int.c **** }
 302              		.loc 1 116 0
 303 0014 FFF7FEFF 		bl	WDT_int_Enable
 304              	.LVL16:
 305 0018 10BD     		pop	{r4, pc}
 306              		.cfi_endproc
 307              	.LFE1:
 308              		.size	WDT_int_StartEx, .-WDT_int_StartEx
 309 001a 00BF     		.section	.text.WDT_int_Stop,"ax",%progbits
 310              		.align	2
 311              		.global	WDT_int_Stop
 312              		.thumb
 313              		.thumb_func
 314              		.type	WDT_int_Stop, %function
 315              	WDT_int_Stop:
 316              	.LFB2:
 135:.\Generated_Source\PSoC5/WDT_int.c ****     /* Disable this interrupt. */
 317              		.loc 1 135 0
 318              		.cfi_startproc
 319              		@ args = 0, pretend = 0, frame = 0
 320              		@ frame_needed = 0, uses_anonymous_args = 0
 321 0000 08B5     		push	{r3, lr}
ARM GAS  C:\Users\nosak\AppData\Local\Temp\ccgDbZYI.s 			page 13


 322              		.cfi_def_cfa_offset 8
 323              		.cfi_offset 3, -8
 324              		.cfi_offset 14, -4
 137:.\Generated_Source\PSoC5/WDT_int.c **** 
 325              		.loc 1 137 0
 326 0002 FFF7FEFF 		bl	WDT_int_Disable
 327              	.LVL17:
 140:.\Generated_Source\PSoC5/WDT_int.c **** }
 328              		.loc 1 140 0
 329 0006 0248     		ldr	r0, .L34
 330 0008 FFF7FEFF 		bl	WDT_int_SetVector
 331              	.LVL18:
 332 000c 08BD     		pop	{r3, pc}
 333              	.L35:
 334 000e 00BF     		.align	2
 335              	.L34:
 336 0010 00000000 		.word	IntDefaultHandler
 337              		.cfi_endproc
 338              	.LFE2:
 339              		.size	WDT_int_Stop, .-WDT_int_Stop
 340              		.section	.text.WDT_int_SetPending,"ax",%progbits
 341              		.align	2
 342              		.global	WDT_int_SetPending
 343              		.thumb
 344              		.thumb_func
 345              		.type	WDT_int_SetPending, %function
 346              	WDT_int_SetPending:
 347              	.LFB11:
 353:.\Generated_Source\PSoC5/WDT_int.c **** }
 354:.\Generated_Source\PSoC5/WDT_int.c **** 
 355:.\Generated_Source\PSoC5/WDT_int.c **** 
 356:.\Generated_Source\PSoC5/WDT_int.c **** /*******************************************************************************
 357:.\Generated_Source\PSoC5/WDT_int.c **** * Function Name: WDT_int_SetPending
 358:.\Generated_Source\PSoC5/WDT_int.c **** ********************************************************************************
 359:.\Generated_Source\PSoC5/WDT_int.c **** *
 360:.\Generated_Source\PSoC5/WDT_int.c **** * Summary:
 361:.\Generated_Source\PSoC5/WDT_int.c **** *   Causes the Interrupt to enter the pending state, a software method of
 362:.\Generated_Source\PSoC5/WDT_int.c **** *   generating the interrupt.
 363:.\Generated_Source\PSoC5/WDT_int.c **** *
 364:.\Generated_Source\PSoC5/WDT_int.c **** * Parameters:
 365:.\Generated_Source\PSoC5/WDT_int.c **** *   None
 366:.\Generated_Source\PSoC5/WDT_int.c **** *
 367:.\Generated_Source\PSoC5/WDT_int.c **** * Return:
 368:.\Generated_Source\PSoC5/WDT_int.c **** *   None
 369:.\Generated_Source\PSoC5/WDT_int.c **** *
 370:.\Generated_Source\PSoC5/WDT_int.c **** * Side Effects:
 371:.\Generated_Source\PSoC5/WDT_int.c **** *   If interrupts are enabled and the interrupt is set up properly, the ISR is
 372:.\Generated_Source\PSoC5/WDT_int.c **** *   entered (depending on the priority of this interrupt and other pending 
 373:.\Generated_Source\PSoC5/WDT_int.c **** *   interrupts).
 374:.\Generated_Source\PSoC5/WDT_int.c **** *
 375:.\Generated_Source\PSoC5/WDT_int.c **** *******************************************************************************/
 376:.\Generated_Source\PSoC5/WDT_int.c **** void WDT_int_SetPending(void)
 377:.\Generated_Source\PSoC5/WDT_int.c **** {
 348              		.loc 1 377 0
 349              		.cfi_startproc
 350              		@ args = 0, pretend = 0, frame = 0
 351              		@ frame_needed = 0, uses_anonymous_args = 0
ARM GAS  C:\Users\nosak\AppData\Local\Temp\ccgDbZYI.s 			page 14


 352              		@ link register save eliminated.
 378:.\Generated_Source\PSoC5/WDT_int.c ****     *WDT_int_INTC_SET_PD = WDT_int__INTC_MASK;
 353              		.loc 1 378 0
 354 0000 0122     		movs	r2, #1
 355 0002 014B     		ldr	r3, .L37
 356 0004 1A60     		str	r2, [r3]
 357 0006 7047     		bx	lr
 358              	.L38:
 359              		.align	2
 360              	.L37:
 361 0008 00E200E0 		.word	-536813056
 362              		.cfi_endproc
 363              	.LFE11:
 364              		.size	WDT_int_SetPending, .-WDT_int_SetPending
 365              		.section	.text.WDT_int_ClearPending,"ax",%progbits
 366              		.align	2
 367              		.global	WDT_int_ClearPending
 368              		.thumb
 369              		.thumb_func
 370              		.type	WDT_int_ClearPending, %function
 371              	WDT_int_ClearPending:
 372              	.LFB12:
 379:.\Generated_Source\PSoC5/WDT_int.c **** }
 380:.\Generated_Source\PSoC5/WDT_int.c **** 
 381:.\Generated_Source\PSoC5/WDT_int.c **** 
 382:.\Generated_Source\PSoC5/WDT_int.c **** /*******************************************************************************
 383:.\Generated_Source\PSoC5/WDT_int.c **** * Function Name: WDT_int_ClearPending
 384:.\Generated_Source\PSoC5/WDT_int.c **** ********************************************************************************
 385:.\Generated_Source\PSoC5/WDT_int.c **** *
 386:.\Generated_Source\PSoC5/WDT_int.c **** * Summary:
 387:.\Generated_Source\PSoC5/WDT_int.c **** *   Clears a pending interrupt in the interrupt controller.
 388:.\Generated_Source\PSoC5/WDT_int.c **** *
 389:.\Generated_Source\PSoC5/WDT_int.c **** *   Note Some interrupt sources are clear-on-read and require the block 
 390:.\Generated_Source\PSoC5/WDT_int.c **** *   interrupt/status register to be read/cleared with the appropriate block API 
 391:.\Generated_Source\PSoC5/WDT_int.c **** *   (GPIO, UART, and so on). Otherwise the ISR will continue to remain in 
 392:.\Generated_Source\PSoC5/WDT_int.c **** *   pending state even though the interrupt itself is cleared using this API.
 393:.\Generated_Source\PSoC5/WDT_int.c **** *
 394:.\Generated_Source\PSoC5/WDT_int.c **** * Parameters:
 395:.\Generated_Source\PSoC5/WDT_int.c **** *   None
 396:.\Generated_Source\PSoC5/WDT_int.c **** *
 397:.\Generated_Source\PSoC5/WDT_int.c **** * Return:
 398:.\Generated_Source\PSoC5/WDT_int.c **** *   None
 399:.\Generated_Source\PSoC5/WDT_int.c **** *
 400:.\Generated_Source\PSoC5/WDT_int.c **** *******************************************************************************/
 401:.\Generated_Source\PSoC5/WDT_int.c **** void WDT_int_ClearPending(void)
 402:.\Generated_Source\PSoC5/WDT_int.c **** {
 373              		.loc 1 402 0
 374              		.cfi_startproc
 375              		@ args = 0, pretend = 0, frame = 0
 376              		@ frame_needed = 0, uses_anonymous_args = 0
 377              		@ link register save eliminated.
 403:.\Generated_Source\PSoC5/WDT_int.c ****     *WDT_int_INTC_CLR_PD = WDT_int__INTC_MASK;
 378              		.loc 1 403 0
 379 0000 0122     		movs	r2, #1
 380 0002 014B     		ldr	r3, .L40
 381 0004 1A60     		str	r2, [r3]
 382 0006 7047     		bx	lr
ARM GAS  C:\Users\nosak\AppData\Local\Temp\ccgDbZYI.s 			page 15


 383              	.L41:
 384              		.align	2
 385              	.L40:
 386 0008 80E200E0 		.word	-536812928
 387              		.cfi_endproc
 388              	.LFE12:
 389              		.size	WDT_int_ClearPending, .-WDT_int_ClearPending
 390              		.section	.rodata.str1.4,"aMS",%progbits,1
 391              		.align	2
 392              	.LC0:
 393 0000 5744545F 		.ascii	"WDT_int_Interrupt:001\000"
 393      696E745F 
 393      496E7465 
 393      72727570 
 393      743A3030 
 394 0016 0000     		.text
 395              	.Letext0:
 396              		.file 2 "Generated_Source\\PSoC5/cytypes.h"
 397              		.section	.debug_info,"",%progbits
 398              	.Ldebug_info0:
 399 0000 18030000 		.4byte	0x318
 400 0004 0400     		.2byte	0x4
 401 0006 00000000 		.4byte	.Ldebug_abbrev0
 402 000a 04       		.byte	0x4
 403 000b 01       		.uleb128 0x1
 404 000c 40010000 		.4byte	.LASF35
 405 0010 01       		.byte	0x1
 406 0011 07020000 		.4byte	.LASF36
 407 0015 DF000000 		.4byte	.LASF37
 408 0019 00000000 		.4byte	.Ldebug_ranges0+0
 409 001d 00000000 		.4byte	0
 410 0021 00000000 		.4byte	.Ldebug_line0
 411 0025 02       		.uleb128 0x2
 412 0026 04       		.byte	0x4
 413 0027 05       		.byte	0x5
 414 0028 696E7400 		.ascii	"int\000"
 415 002c 03       		.uleb128 0x3
 416 002d 04       		.byte	0x4
 417 002e 07       		.byte	0x7
 418 002f CE010000 		.4byte	.LASF0
 419 0033 03       		.uleb128 0x3
 420 0034 01       		.byte	0x1
 421 0035 06       		.byte	0x6
 422 0036 B2020000 		.4byte	.LASF1
 423 003a 03       		.uleb128 0x3
 424 003b 01       		.byte	0x1
 425 003c 08       		.byte	0x8
 426 003d B4000000 		.4byte	.LASF2
 427 0041 03       		.uleb128 0x3
 428 0042 02       		.byte	0x2
 429 0043 05       		.byte	0x5
 430 0044 84020000 		.4byte	.LASF3
 431 0048 03       		.uleb128 0x3
 432 0049 02       		.byte	0x2
 433 004a 07       		.byte	0x7
 434 004b 6E000000 		.4byte	.LASF4
 435 004f 03       		.uleb128 0x3
ARM GAS  C:\Users\nosak\AppData\Local\Temp\ccgDbZYI.s 			page 16


 436 0050 04       		.byte	0x4
 437 0051 05       		.byte	0x5
 438 0052 A9020000 		.4byte	.LASF5
 439 0056 03       		.uleb128 0x3
 440 0057 04       		.byte	0x4
 441 0058 07       		.byte	0x7
 442 0059 C7000000 		.4byte	.LASF6
 443 005d 03       		.uleb128 0x3
 444 005e 08       		.byte	0x8
 445 005f 05       		.byte	0x5
 446 0060 4E020000 		.4byte	.LASF7
 447 0064 03       		.uleb128 0x3
 448 0065 08       		.byte	0x8
 449 0066 07       		.byte	0x7
 450 0067 E3010000 		.4byte	.LASF8
 451 006b 03       		.uleb128 0x3
 452 006c 04       		.byte	0x4
 453 006d 07       		.byte	0x7
 454 006e 2A020000 		.4byte	.LASF9
 455 0072 04       		.uleb128 0x4
 456 0073 04       		.byte	0x4
 457 0074 78000000 		.4byte	0x78
 458 0078 05       		.uleb128 0x5
 459 0079 03       		.uleb128 0x3
 460 007a 01       		.byte	0x1
 461 007b 08       		.byte	0x8
 462 007c 5C020000 		.4byte	.LASF10
 463 0080 06       		.uleb128 0x6
 464 0081 D9000000 		.4byte	.LASF11
 465 0085 02       		.byte	0x2
 466 0086 9201     		.2byte	0x192
 467 0088 3A000000 		.4byte	0x3a
 468 008c 06       		.uleb128 0x6
 469 008d 32010000 		.4byte	.LASF12
 470 0091 02       		.byte	0x2
 471 0092 9301     		.2byte	0x193
 472 0094 48000000 		.4byte	0x48
 473 0098 06       		.uleb128 0x6
 474 0099 39010000 		.4byte	.LASF13
 475 009d 02       		.byte	0x2
 476 009e 9401     		.2byte	0x194
 477 00a0 56000000 		.4byte	0x56
 478 00a4 03       		.uleb128 0x3
 479 00a5 04       		.byte	0x4
 480 00a6 04       		.byte	0x4
 481 00a7 9C000000 		.4byte	.LASF14
 482 00ab 03       		.uleb128 0x3
 483 00ac 08       		.byte	0x8
 484 00ad 04       		.byte	0x4
 485 00ae 2B010000 		.4byte	.LASF15
 486 00b2 06       		.uleb128 0x6
 487 00b3 33020000 		.4byte	.LASF16
 488 00b7 02       		.byte	0x2
 489 00b8 A301     		.2byte	0x1a3
 490 00ba 79000000 		.4byte	0x79
 491 00be 06       		.uleb128 0x6
 492 00bf C2000000 		.4byte	.LASF17
ARM GAS  C:\Users\nosak\AppData\Local\Temp\ccgDbZYI.s 			page 17


 493 00c3 02       		.byte	0x2
 494 00c4 3C02     		.2byte	0x23c
 495 00c6 CA000000 		.4byte	0xca
 496 00ca 07       		.uleb128 0x7
 497 00cb 80000000 		.4byte	0x80
 498 00cf 06       		.uleb128 0x6
 499 00d0 00000000 		.4byte	.LASF18
 500 00d4 02       		.byte	0x2
 501 00d5 3E02     		.2byte	0x23e
 502 00d7 DB000000 		.4byte	0xdb
 503 00db 07       		.uleb128 0x7
 504 00dc 98000000 		.4byte	0x98
 505 00e0 06       		.uleb128 0x6
 506 00e1 FA010000 		.4byte	.LASF19
 507 00e5 02       		.byte	0x2
 508 00e6 4E02     		.2byte	0x24e
 509 00e8 72000000 		.4byte	0x72
 510 00ec 08       		.uleb128 0x8
 511 00ed 2A000000 		.4byte	.LASF20
 512 00f1 01       		.byte	0x1
 513 00f2 A0       		.byte	0xa0
 514 00f3 00000000 		.4byte	.LFB3
 515 00f7 10000000 		.4byte	.LFE3-.LFB3
 516 00fb 01       		.uleb128 0x1
 517 00fc 9C       		.byte	0x9c
 518 00fd 1A010000 		.4byte	0x11a
 519 0101 09       		.uleb128 0x9
 520 0102 0A000000 		.4byte	.LVL0
 521 0106 FF020000 		.4byte	0x2ff
 522 010a 0A       		.uleb128 0xa
 523 010b 01       		.uleb128 0x1
 524 010c 51       		.byte	0x51
 525 010d 01       		.uleb128 0x1
 526 010e 30       		.byte	0x30
 527 010f 0A       		.uleb128 0xa
 528 0110 01       		.uleb128 0x1
 529 0111 50       		.byte	0x50
 530 0112 05       		.uleb128 0x5
 531 0113 03       		.byte	0x3
 532 0114 00000000 		.4byte	.LC0
 533 0118 00       		.byte	0
 534 0119 00       		.byte	0
 535 011a 08       		.uleb128 0x8
 536 011b 3C000000 		.4byte	.LASF21
 537 011f 01       		.byte	0x1
 538 0120 C8       		.byte	0xc8
 539 0121 00000000 		.4byte	.LFB4
 540 0125 0C000000 		.4byte	.LFE4-.LFB4
 541 0129 01       		.uleb128 0x1
 542 012a 9C       		.byte	0x9c
 543 012b 4A010000 		.4byte	0x14a
 544 012f 0B       		.uleb128 0xb
 545 0130 DB010000 		.4byte	.LASF24
 546 0134 01       		.byte	0x1
 547 0135 C8       		.byte	0xc8
 548 0136 E0000000 		.4byte	0xe0
 549 013a 01       		.uleb128 0x1
ARM GAS  C:\Users\nosak\AppData\Local\Temp\ccgDbZYI.s 			page 18


 550 013b 50       		.byte	0x50
 551 013c 0C       		.uleb128 0xc
 552 013d 61020000 		.4byte	.LASF22
 553 0141 01       		.byte	0x1
 554 0142 CA       		.byte	0xca
 555 0143 4A010000 		.4byte	0x14a
 556 0147 01       		.uleb128 0x1
 557 0148 53       		.byte	0x53
 558 0149 00       		.byte	0
 559 014a 04       		.uleb128 0x4
 560 014b 04       		.byte	0x4
 561 014c E0000000 		.4byte	0xe0
 562 0150 0D       		.uleb128 0xd
 563 0151 A2000000 		.4byte	.LASF26
 564 0155 01       		.byte	0x1
 565 0156 E0       		.byte	0xe0
 566 0157 E0000000 		.4byte	0xe0
 567 015b 00000000 		.4byte	.LFB5
 568 015f 0C000000 		.4byte	.LFE5-.LFB5
 569 0163 01       		.uleb128 0x1
 570 0164 9C       		.byte	0x9c
 571 0165 77010000 		.4byte	0x177
 572 0169 0C       		.uleb128 0xc
 573 016a 61020000 		.4byte	.LASF22
 574 016e 01       		.byte	0x1
 575 016f E2       		.byte	0xe2
 576 0170 4A010000 		.4byte	0x14a
 577 0174 01       		.uleb128 0x1
 578 0175 53       		.byte	0x53
 579 0176 00       		.byte	0
 580 0177 0E       		.uleb128 0xe
 581 0178 06000000 		.4byte	.LASF23
 582 017c 01       		.byte	0x1
 583 017d 0201     		.2byte	0x102
 584 017f 00000000 		.4byte	.LFB6
 585 0183 10000000 		.4byte	.LFE6-.LFB6
 586 0187 01       		.uleb128 0x1
 587 0188 9C       		.byte	0x9c
 588 0189 9E010000 		.4byte	0x19e
 589 018d 0F       		.uleb128 0xf
 590 018e 22010000 		.4byte	.LASF25
 591 0192 01       		.byte	0x1
 592 0193 0201     		.2byte	0x102
 593 0195 80000000 		.4byte	0x80
 594 0199 00000000 		.4byte	.LLST0
 595 019d 00       		.byte	0
 596 019e 10       		.uleb128 0x10
 597 019f 70020000 		.4byte	.LASF27
 598 01a3 01       		.byte	0x1
 599 01a4 1801     		.2byte	0x118
 600 01a6 80000000 		.4byte	0x80
 601 01aa 00000000 		.4byte	.LFB7
 602 01ae 0C000000 		.4byte	.LFE7-.LFB7
 603 01b2 01       		.uleb128 0x1
 604 01b3 9C       		.byte	0x9c
 605 01b4 C9010000 		.4byte	0x1c9
 606 01b8 11       		.uleb128 0x11
ARM GAS  C:\Users\nosak\AppData\Local\Temp\ccgDbZYI.s 			page 19


 607 01b9 22010000 		.4byte	.LASF25
 608 01bd 01       		.byte	0x1
 609 01be 1A01     		.2byte	0x11a
 610 01c0 80000000 		.4byte	0x80
 611 01c4 21000000 		.4byte	.LLST1
 612 01c8 00       		.byte	0
 613 01c9 12       		.uleb128 0x12
 614 01ca 4E000000 		.4byte	.LASF28
 615 01ce 01       		.byte	0x1
 616 01cf 3301     		.2byte	0x133
 617 01d1 00000000 		.4byte	.LFB8
 618 01d5 0C000000 		.4byte	.LFE8-.LFB8
 619 01d9 01       		.uleb128 0x1
 620 01da 9C       		.byte	0x9c
 621 01db 13       		.uleb128 0x13
 622 01dc 5D000000 		.4byte	.LASF38
 623 01e0 01       		.byte	0x1
 624 01e1 4801     		.2byte	0x148
 625 01e3 80000000 		.4byte	0x80
 626 01e7 00000000 		.4byte	.LFB9
 627 01eb 10000000 		.4byte	.LFE9-.LFB9
 628 01ef 01       		.uleb128 0x1
 629 01f0 9C       		.byte	0x9c
 630 01f1 12       		.uleb128 0x12
 631 01f2 81000000 		.4byte	.LASF29
 632 01f6 01       		.byte	0x1
 633 01f7 5D01     		.2byte	0x15d
 634 01f9 00000000 		.4byte	.LFB10
 635 01fd 0C000000 		.4byte	.LFE10-.LFB10
 636 0201 01       		.uleb128 0x1
 637 0202 9C       		.byte	0x9c
 638 0203 08       		.uleb128 0x8
 639 0204 9B020000 		.4byte	.LASF30
 640 0208 01       		.byte	0x1
 641 0209 3D       		.byte	0x3d
 642 020a 00000000 		.4byte	.LFB0
 643 020e 1C000000 		.4byte	.LFE0-.LFB0
 644 0212 01       		.uleb128 0x1
 645 0213 9C       		.byte	0x9c
 646 0214 55020000 		.4byte	0x255
 647 0218 14       		.uleb128 0x14
 648 0219 06000000 		.4byte	.LVL8
 649 021d F1010000 		.4byte	0x1f1
 650 0221 15       		.uleb128 0x15
 651 0222 0C000000 		.4byte	.LVL9
 652 0226 1A010000 		.4byte	0x11a
 653 022a 38020000 		.4byte	0x238
 654 022e 0A       		.uleb128 0xa
 655 022f 01       		.uleb128 0x1
 656 0230 50       		.byte	0x50
 657 0231 05       		.uleb128 0x5
 658 0232 03       		.byte	0x3
 659 0233 00000000 		.4byte	WDT_int_Interrupt
 660 0237 00       		.byte	0
 661 0238 15       		.uleb128 0x15
 662 0239 12000000 		.4byte	.LVL10
 663 023d 77010000 		.4byte	0x177
ARM GAS  C:\Users\nosak\AppData\Local\Temp\ccgDbZYI.s 			page 20


 664 0241 4B020000 		.4byte	0x24b
 665 0245 0A       		.uleb128 0xa
 666 0246 01       		.uleb128 0x1
 667 0247 50       		.byte	0x50
 668 0248 01       		.uleb128 0x1
 669 0249 37       		.byte	0x37
 670 024a 00       		.byte	0
 671 024b 14       		.uleb128 0x14
 672 024c 16000000 		.4byte	.LVL11
 673 0250 C9010000 		.4byte	0x1c9
 674 0254 00       		.byte	0
 675 0255 08       		.uleb128 0x8
 676 0256 1A000000 		.4byte	.LASF31
 677 025a 01       		.byte	0x1
 678 025b 68       		.byte	0x68
 679 025c 00000000 		.4byte	.LFB1
 680 0260 1A000000 		.4byte	.LFE1-.LFB1
 681 0264 01       		.uleb128 0x1
 682 0265 9C       		.byte	0x9c
 683 0266 B3020000 		.4byte	0x2b3
 684 026a 16       		.uleb128 0x16
 685 026b DB010000 		.4byte	.LASF24
 686 026f 01       		.byte	0x1
 687 0270 68       		.byte	0x68
 688 0271 E0000000 		.4byte	0xe0
 689 0275 38000000 		.4byte	.LLST2
 690 0279 14       		.uleb128 0x14
 691 027a 08000000 		.4byte	.LVL13
 692 027e F1010000 		.4byte	0x1f1
 693 0282 15       		.uleb128 0x15
 694 0283 0E000000 		.4byte	.LVL14
 695 0287 1A010000 		.4byte	0x11a
 696 028b 96020000 		.4byte	0x296
 697 028f 0A       		.uleb128 0xa
 698 0290 01       		.uleb128 0x1
 699 0291 50       		.byte	0x50
 700 0292 02       		.uleb128 0x2
 701 0293 74       		.byte	0x74
 702 0294 00       		.sleb128 0
 703 0295 00       		.byte	0
 704 0296 15       		.uleb128 0x15
 705 0297 14000000 		.4byte	.LVL15
 706 029b 77010000 		.4byte	0x177
 707 029f A9020000 		.4byte	0x2a9
 708 02a3 0A       		.uleb128 0xa
 709 02a4 01       		.uleb128 0x1
 710 02a5 50       		.byte	0x50
 711 02a6 01       		.uleb128 0x1
 712 02a7 37       		.byte	0x37
 713 02a8 00       		.byte	0
 714 02a9 14       		.uleb128 0x14
 715 02aa 18000000 		.4byte	.LVL16
 716 02ae C9010000 		.4byte	0x1c9
 717 02b2 00       		.byte	0
 718 02b3 08       		.uleb128 0x8
 719 02b4 8E020000 		.4byte	.LASF32
 720 02b8 01       		.byte	0x1
ARM GAS  C:\Users\nosak\AppData\Local\Temp\ccgDbZYI.s 			page 21


 721 02b9 86       		.byte	0x86
 722 02ba 00000000 		.4byte	.LFB2
 723 02be 14000000 		.4byte	.LFE2-.LFB2
 724 02c2 01       		.uleb128 0x1
 725 02c3 9C       		.byte	0x9c
 726 02c4 DB020000 		.4byte	0x2db
 727 02c8 14       		.uleb128 0x14
 728 02c9 06000000 		.4byte	.LVL17
 729 02cd F1010000 		.4byte	0x1f1
 730 02d1 14       		.uleb128 0x14
 731 02d2 0C000000 		.4byte	.LVL18
 732 02d6 1A010000 		.4byte	0x11a
 733 02da 00       		.byte	0
 734 02db 12       		.uleb128 0x12
 735 02dc BE020000 		.4byte	.LASF33
 736 02e0 01       		.byte	0x1
 737 02e1 7801     		.2byte	0x178
 738 02e3 00000000 		.4byte	.LFB11
 739 02e7 0C000000 		.4byte	.LFE11-.LFB11
 740 02eb 01       		.uleb128 0x1
 741 02ec 9C       		.byte	0x9c
 742 02ed 12       		.uleb128 0x12
 743 02ee 39020000 		.4byte	.LASF34
 744 02f2 01       		.byte	0x1
 745 02f3 9101     		.2byte	0x191
 746 02f5 00000000 		.4byte	.LFB12
 747 02f9 0C000000 		.4byte	.LFE12-.LFB12
 748 02fd 01       		.uleb128 0x1
 749 02fe 9C       		.byte	0x9c
 750 02ff 17       		.uleb128 0x17
 751 0300 91000000 		.4byte	.LASF39
 752 0304 01       		.byte	0x1
 753 0305 1E       		.byte	0x1e
 754 0306 15030000 		.4byte	0x315
 755 030a 18       		.uleb128 0x18
 756 030b 15030000 		.4byte	0x315
 757 030f 18       		.uleb128 0x18
 758 0310 8C000000 		.4byte	0x8c
 759 0314 00       		.byte	0
 760 0315 04       		.uleb128 0x4
 761 0316 04       		.byte	0x4
 762 0317 B2000000 		.4byte	0xb2
 763 031b 00       		.byte	0
 764              		.section	.debug_abbrev,"",%progbits
 765              	.Ldebug_abbrev0:
 766 0000 01       		.uleb128 0x1
 767 0001 11       		.uleb128 0x11
 768 0002 01       		.byte	0x1
 769 0003 25       		.uleb128 0x25
 770 0004 0E       		.uleb128 0xe
 771 0005 13       		.uleb128 0x13
 772 0006 0B       		.uleb128 0xb
 773 0007 03       		.uleb128 0x3
 774 0008 0E       		.uleb128 0xe
 775 0009 1B       		.uleb128 0x1b
 776 000a 0E       		.uleb128 0xe
 777 000b 55       		.uleb128 0x55
ARM GAS  C:\Users\nosak\AppData\Local\Temp\ccgDbZYI.s 			page 22


 778 000c 17       		.uleb128 0x17
 779 000d 11       		.uleb128 0x11
 780 000e 01       		.uleb128 0x1
 781 000f 10       		.uleb128 0x10
 782 0010 17       		.uleb128 0x17
 783 0011 00       		.byte	0
 784 0012 00       		.byte	0
 785 0013 02       		.uleb128 0x2
 786 0014 24       		.uleb128 0x24
 787 0015 00       		.byte	0
 788 0016 0B       		.uleb128 0xb
 789 0017 0B       		.uleb128 0xb
 790 0018 3E       		.uleb128 0x3e
 791 0019 0B       		.uleb128 0xb
 792 001a 03       		.uleb128 0x3
 793 001b 08       		.uleb128 0x8
 794 001c 00       		.byte	0
 795 001d 00       		.byte	0
 796 001e 03       		.uleb128 0x3
 797 001f 24       		.uleb128 0x24
 798 0020 00       		.byte	0
 799 0021 0B       		.uleb128 0xb
 800 0022 0B       		.uleb128 0xb
 801 0023 3E       		.uleb128 0x3e
 802 0024 0B       		.uleb128 0xb
 803 0025 03       		.uleb128 0x3
 804 0026 0E       		.uleb128 0xe
 805 0027 00       		.byte	0
 806 0028 00       		.byte	0
 807 0029 04       		.uleb128 0x4
 808 002a 0F       		.uleb128 0xf
 809 002b 00       		.byte	0
 810 002c 0B       		.uleb128 0xb
 811 002d 0B       		.uleb128 0xb
 812 002e 49       		.uleb128 0x49
 813 002f 13       		.uleb128 0x13
 814 0030 00       		.byte	0
 815 0031 00       		.byte	0
 816 0032 05       		.uleb128 0x5
 817 0033 15       		.uleb128 0x15
 818 0034 00       		.byte	0
 819 0035 27       		.uleb128 0x27
 820 0036 19       		.uleb128 0x19
 821 0037 00       		.byte	0
 822 0038 00       		.byte	0
 823 0039 06       		.uleb128 0x6
 824 003a 16       		.uleb128 0x16
 825 003b 00       		.byte	0
 826 003c 03       		.uleb128 0x3
 827 003d 0E       		.uleb128 0xe
 828 003e 3A       		.uleb128 0x3a
 829 003f 0B       		.uleb128 0xb
 830 0040 3B       		.uleb128 0x3b
 831 0041 05       		.uleb128 0x5
 832 0042 49       		.uleb128 0x49
 833 0043 13       		.uleb128 0x13
 834 0044 00       		.byte	0
ARM GAS  C:\Users\nosak\AppData\Local\Temp\ccgDbZYI.s 			page 23


 835 0045 00       		.byte	0
 836 0046 07       		.uleb128 0x7
 837 0047 35       		.uleb128 0x35
 838 0048 00       		.byte	0
 839 0049 49       		.uleb128 0x49
 840 004a 13       		.uleb128 0x13
 841 004b 00       		.byte	0
 842 004c 00       		.byte	0
 843 004d 08       		.uleb128 0x8
 844 004e 2E       		.uleb128 0x2e
 845 004f 01       		.byte	0x1
 846 0050 3F       		.uleb128 0x3f
 847 0051 19       		.uleb128 0x19
 848 0052 03       		.uleb128 0x3
 849 0053 0E       		.uleb128 0xe
 850 0054 3A       		.uleb128 0x3a
 851 0055 0B       		.uleb128 0xb
 852 0056 3B       		.uleb128 0x3b
 853 0057 0B       		.uleb128 0xb
 854 0058 27       		.uleb128 0x27
 855 0059 19       		.uleb128 0x19
 856 005a 11       		.uleb128 0x11
 857 005b 01       		.uleb128 0x1
 858 005c 12       		.uleb128 0x12
 859 005d 06       		.uleb128 0x6
 860 005e 40       		.uleb128 0x40
 861 005f 18       		.uleb128 0x18
 862 0060 9742     		.uleb128 0x2117
 863 0062 19       		.uleb128 0x19
 864 0063 01       		.uleb128 0x1
 865 0064 13       		.uleb128 0x13
 866 0065 00       		.byte	0
 867 0066 00       		.byte	0
 868 0067 09       		.uleb128 0x9
 869 0068 898201   		.uleb128 0x4109
 870 006b 01       		.byte	0x1
 871 006c 11       		.uleb128 0x11
 872 006d 01       		.uleb128 0x1
 873 006e 31       		.uleb128 0x31
 874 006f 13       		.uleb128 0x13
 875 0070 00       		.byte	0
 876 0071 00       		.byte	0
 877 0072 0A       		.uleb128 0xa
 878 0073 8A8201   		.uleb128 0x410a
 879 0076 00       		.byte	0
 880 0077 02       		.uleb128 0x2
 881 0078 18       		.uleb128 0x18
 882 0079 9142     		.uleb128 0x2111
 883 007b 18       		.uleb128 0x18
 884 007c 00       		.byte	0
 885 007d 00       		.byte	0
 886 007e 0B       		.uleb128 0xb
 887 007f 05       		.uleb128 0x5
 888 0080 00       		.byte	0
 889 0081 03       		.uleb128 0x3
 890 0082 0E       		.uleb128 0xe
 891 0083 3A       		.uleb128 0x3a
ARM GAS  C:\Users\nosak\AppData\Local\Temp\ccgDbZYI.s 			page 24


 892 0084 0B       		.uleb128 0xb
 893 0085 3B       		.uleb128 0x3b
 894 0086 0B       		.uleb128 0xb
 895 0087 49       		.uleb128 0x49
 896 0088 13       		.uleb128 0x13
 897 0089 02       		.uleb128 0x2
 898 008a 18       		.uleb128 0x18
 899 008b 00       		.byte	0
 900 008c 00       		.byte	0
 901 008d 0C       		.uleb128 0xc
 902 008e 34       		.uleb128 0x34
 903 008f 00       		.byte	0
 904 0090 03       		.uleb128 0x3
 905 0091 0E       		.uleb128 0xe
 906 0092 3A       		.uleb128 0x3a
 907 0093 0B       		.uleb128 0xb
 908 0094 3B       		.uleb128 0x3b
 909 0095 0B       		.uleb128 0xb
 910 0096 49       		.uleb128 0x49
 911 0097 13       		.uleb128 0x13
 912 0098 02       		.uleb128 0x2
 913 0099 18       		.uleb128 0x18
 914 009a 00       		.byte	0
 915 009b 00       		.byte	0
 916 009c 0D       		.uleb128 0xd
 917 009d 2E       		.uleb128 0x2e
 918 009e 01       		.byte	0x1
 919 009f 3F       		.uleb128 0x3f
 920 00a0 19       		.uleb128 0x19
 921 00a1 03       		.uleb128 0x3
 922 00a2 0E       		.uleb128 0xe
 923 00a3 3A       		.uleb128 0x3a
 924 00a4 0B       		.uleb128 0xb
 925 00a5 3B       		.uleb128 0x3b
 926 00a6 0B       		.uleb128 0xb
 927 00a7 27       		.uleb128 0x27
 928 00a8 19       		.uleb128 0x19
 929 00a9 49       		.uleb128 0x49
 930 00aa 13       		.uleb128 0x13
 931 00ab 11       		.uleb128 0x11
 932 00ac 01       		.uleb128 0x1
 933 00ad 12       		.uleb128 0x12
 934 00ae 06       		.uleb128 0x6
 935 00af 40       		.uleb128 0x40
 936 00b0 18       		.uleb128 0x18
 937 00b1 9742     		.uleb128 0x2117
 938 00b3 19       		.uleb128 0x19
 939 00b4 01       		.uleb128 0x1
 940 00b5 13       		.uleb128 0x13
 941 00b6 00       		.byte	0
 942 00b7 00       		.byte	0
 943 00b8 0E       		.uleb128 0xe
 944 00b9 2E       		.uleb128 0x2e
 945 00ba 01       		.byte	0x1
 946 00bb 3F       		.uleb128 0x3f
 947 00bc 19       		.uleb128 0x19
 948 00bd 03       		.uleb128 0x3
ARM GAS  C:\Users\nosak\AppData\Local\Temp\ccgDbZYI.s 			page 25


 949 00be 0E       		.uleb128 0xe
 950 00bf 3A       		.uleb128 0x3a
 951 00c0 0B       		.uleb128 0xb
 952 00c1 3B       		.uleb128 0x3b
 953 00c2 05       		.uleb128 0x5
 954 00c3 27       		.uleb128 0x27
 955 00c4 19       		.uleb128 0x19
 956 00c5 11       		.uleb128 0x11
 957 00c6 01       		.uleb128 0x1
 958 00c7 12       		.uleb128 0x12
 959 00c8 06       		.uleb128 0x6
 960 00c9 40       		.uleb128 0x40
 961 00ca 18       		.uleb128 0x18
 962 00cb 9742     		.uleb128 0x2117
 963 00cd 19       		.uleb128 0x19
 964 00ce 01       		.uleb128 0x1
 965 00cf 13       		.uleb128 0x13
 966 00d0 00       		.byte	0
 967 00d1 00       		.byte	0
 968 00d2 0F       		.uleb128 0xf
 969 00d3 05       		.uleb128 0x5
 970 00d4 00       		.byte	0
 971 00d5 03       		.uleb128 0x3
 972 00d6 0E       		.uleb128 0xe
 973 00d7 3A       		.uleb128 0x3a
 974 00d8 0B       		.uleb128 0xb
 975 00d9 3B       		.uleb128 0x3b
 976 00da 05       		.uleb128 0x5
 977 00db 49       		.uleb128 0x49
 978 00dc 13       		.uleb128 0x13
 979 00dd 02       		.uleb128 0x2
 980 00de 17       		.uleb128 0x17
 981 00df 00       		.byte	0
 982 00e0 00       		.byte	0
 983 00e1 10       		.uleb128 0x10
 984 00e2 2E       		.uleb128 0x2e
 985 00e3 01       		.byte	0x1
 986 00e4 3F       		.uleb128 0x3f
 987 00e5 19       		.uleb128 0x19
 988 00e6 03       		.uleb128 0x3
 989 00e7 0E       		.uleb128 0xe
 990 00e8 3A       		.uleb128 0x3a
 991 00e9 0B       		.uleb128 0xb
 992 00ea 3B       		.uleb128 0x3b
 993 00eb 05       		.uleb128 0x5
 994 00ec 27       		.uleb128 0x27
 995 00ed 19       		.uleb128 0x19
 996 00ee 49       		.uleb128 0x49
 997 00ef 13       		.uleb128 0x13
 998 00f0 11       		.uleb128 0x11
 999 00f1 01       		.uleb128 0x1
 1000 00f2 12       		.uleb128 0x12
 1001 00f3 06       		.uleb128 0x6
 1002 00f4 40       		.uleb128 0x40
 1003 00f5 18       		.uleb128 0x18
 1004 00f6 9742     		.uleb128 0x2117
 1005 00f8 19       		.uleb128 0x19
ARM GAS  C:\Users\nosak\AppData\Local\Temp\ccgDbZYI.s 			page 26


 1006 00f9 01       		.uleb128 0x1
 1007 00fa 13       		.uleb128 0x13
 1008 00fb 00       		.byte	0
 1009 00fc 00       		.byte	0
 1010 00fd 11       		.uleb128 0x11
 1011 00fe 34       		.uleb128 0x34
 1012 00ff 00       		.byte	0
 1013 0100 03       		.uleb128 0x3
 1014 0101 0E       		.uleb128 0xe
 1015 0102 3A       		.uleb128 0x3a
 1016 0103 0B       		.uleb128 0xb
 1017 0104 3B       		.uleb128 0x3b
 1018 0105 05       		.uleb128 0x5
 1019 0106 49       		.uleb128 0x49
 1020 0107 13       		.uleb128 0x13
 1021 0108 02       		.uleb128 0x2
 1022 0109 17       		.uleb128 0x17
 1023 010a 00       		.byte	0
 1024 010b 00       		.byte	0
 1025 010c 12       		.uleb128 0x12
 1026 010d 2E       		.uleb128 0x2e
 1027 010e 00       		.byte	0
 1028 010f 3F       		.uleb128 0x3f
 1029 0110 19       		.uleb128 0x19
 1030 0111 03       		.uleb128 0x3
 1031 0112 0E       		.uleb128 0xe
 1032 0113 3A       		.uleb128 0x3a
 1033 0114 0B       		.uleb128 0xb
 1034 0115 3B       		.uleb128 0x3b
 1035 0116 05       		.uleb128 0x5
 1036 0117 27       		.uleb128 0x27
 1037 0118 19       		.uleb128 0x19
 1038 0119 11       		.uleb128 0x11
 1039 011a 01       		.uleb128 0x1
 1040 011b 12       		.uleb128 0x12
 1041 011c 06       		.uleb128 0x6
 1042 011d 40       		.uleb128 0x40
 1043 011e 18       		.uleb128 0x18
 1044 011f 9742     		.uleb128 0x2117
 1045 0121 19       		.uleb128 0x19
 1046 0122 00       		.byte	0
 1047 0123 00       		.byte	0
 1048 0124 13       		.uleb128 0x13
 1049 0125 2E       		.uleb128 0x2e
 1050 0126 00       		.byte	0
 1051 0127 3F       		.uleb128 0x3f
 1052 0128 19       		.uleb128 0x19
 1053 0129 03       		.uleb128 0x3
 1054 012a 0E       		.uleb128 0xe
 1055 012b 3A       		.uleb128 0x3a
 1056 012c 0B       		.uleb128 0xb
 1057 012d 3B       		.uleb128 0x3b
 1058 012e 05       		.uleb128 0x5
 1059 012f 27       		.uleb128 0x27
 1060 0130 19       		.uleb128 0x19
 1061 0131 49       		.uleb128 0x49
 1062 0132 13       		.uleb128 0x13
ARM GAS  C:\Users\nosak\AppData\Local\Temp\ccgDbZYI.s 			page 27


 1063 0133 11       		.uleb128 0x11
 1064 0134 01       		.uleb128 0x1
 1065 0135 12       		.uleb128 0x12
 1066 0136 06       		.uleb128 0x6
 1067 0137 40       		.uleb128 0x40
 1068 0138 18       		.uleb128 0x18
 1069 0139 9742     		.uleb128 0x2117
 1070 013b 19       		.uleb128 0x19
 1071 013c 00       		.byte	0
 1072 013d 00       		.byte	0
 1073 013e 14       		.uleb128 0x14
 1074 013f 898201   		.uleb128 0x4109
 1075 0142 00       		.byte	0
 1076 0143 11       		.uleb128 0x11
 1077 0144 01       		.uleb128 0x1
 1078 0145 31       		.uleb128 0x31
 1079 0146 13       		.uleb128 0x13
 1080 0147 00       		.byte	0
 1081 0148 00       		.byte	0
 1082 0149 15       		.uleb128 0x15
 1083 014a 898201   		.uleb128 0x4109
 1084 014d 01       		.byte	0x1
 1085 014e 11       		.uleb128 0x11
 1086 014f 01       		.uleb128 0x1
 1087 0150 31       		.uleb128 0x31
 1088 0151 13       		.uleb128 0x13
 1089 0152 01       		.uleb128 0x1
 1090 0153 13       		.uleb128 0x13
 1091 0154 00       		.byte	0
 1092 0155 00       		.byte	0
 1093 0156 16       		.uleb128 0x16
 1094 0157 05       		.uleb128 0x5
 1095 0158 00       		.byte	0
 1096 0159 03       		.uleb128 0x3
 1097 015a 0E       		.uleb128 0xe
 1098 015b 3A       		.uleb128 0x3a
 1099 015c 0B       		.uleb128 0xb
 1100 015d 3B       		.uleb128 0x3b
 1101 015e 0B       		.uleb128 0xb
 1102 015f 49       		.uleb128 0x49
 1103 0160 13       		.uleb128 0x13
 1104 0161 02       		.uleb128 0x2
 1105 0162 17       		.uleb128 0x17
 1106 0163 00       		.byte	0
 1107 0164 00       		.byte	0
 1108 0165 17       		.uleb128 0x17
 1109 0166 2E       		.uleb128 0x2e
 1110 0167 01       		.byte	0x1
 1111 0168 3F       		.uleb128 0x3f
 1112 0169 19       		.uleb128 0x19
 1113 016a 03       		.uleb128 0x3
 1114 016b 0E       		.uleb128 0xe
 1115 016c 3A       		.uleb128 0x3a
 1116 016d 0B       		.uleb128 0xb
 1117 016e 3B       		.uleb128 0x3b
 1118 016f 0B       		.uleb128 0xb
 1119 0170 27       		.uleb128 0x27
ARM GAS  C:\Users\nosak\AppData\Local\Temp\ccgDbZYI.s 			page 28


 1120 0171 19       		.uleb128 0x19
 1121 0172 3C       		.uleb128 0x3c
 1122 0173 19       		.uleb128 0x19
 1123 0174 01       		.uleb128 0x1
 1124 0175 13       		.uleb128 0x13
 1125 0176 00       		.byte	0
 1126 0177 00       		.byte	0
 1127 0178 18       		.uleb128 0x18
 1128 0179 05       		.uleb128 0x5
 1129 017a 00       		.byte	0
 1130 017b 49       		.uleb128 0x49
 1131 017c 13       		.uleb128 0x13
 1132 017d 00       		.byte	0
 1133 017e 00       		.byte	0
 1134 017f 00       		.byte	0
 1135              		.section	.debug_loc,"",%progbits
 1136              	.Ldebug_loc0:
 1137              	.LLST0:
 1138 0000 00000000 		.4byte	.LVL4
 1139 0004 02000000 		.4byte	.LVL5
 1140 0008 0100     		.2byte	0x1
 1141 000a 50       		.byte	0x50
 1142 000b 02000000 		.4byte	.LVL5
 1143 000f 10000000 		.4byte	.LFE6
 1144 0013 0400     		.2byte	0x4
 1145 0015 F3       		.byte	0xf3
 1146 0016 01       		.uleb128 0x1
 1147 0017 50       		.byte	0x50
 1148 0018 9F       		.byte	0x9f
 1149 0019 00000000 		.4byte	0
 1150 001d 00000000 		.4byte	0
 1151              	.LLST1:
 1152 0021 04000000 		.4byte	.LVL6
 1153 0025 06000000 		.4byte	.LVL7
 1154 0029 0500     		.2byte	0x5
 1155 002b 70       		.byte	0x70
 1156 002c 00       		.sleb128 0
 1157 002d 35       		.byte	0x35
 1158 002e 25       		.byte	0x25
 1159 002f 9F       		.byte	0x9f
 1160 0030 00000000 		.4byte	0
 1161 0034 00000000 		.4byte	0
 1162              	.LLST2:
 1163 0038 00000000 		.4byte	.LVL12
 1164 003c 07000000 		.4byte	.LVL13-1
 1165 0040 0100     		.2byte	0x1
 1166 0042 50       		.byte	0x50
 1167 0043 07000000 		.4byte	.LVL13-1
 1168 0047 1A000000 		.4byte	.LFE1
 1169 004b 0100     		.2byte	0x1
 1170 004d 54       		.byte	0x54
 1171 004e 00000000 		.4byte	0
 1172 0052 00000000 		.4byte	0
 1173              		.section	.debug_aranges,"",%progbits
 1174 0000 7C000000 		.4byte	0x7c
 1175 0004 0200     		.2byte	0x2
 1176 0006 00000000 		.4byte	.Ldebug_info0
ARM GAS  C:\Users\nosak\AppData\Local\Temp\ccgDbZYI.s 			page 29


 1177 000a 04       		.byte	0x4
 1178 000b 00       		.byte	0
 1179 000c 0000     		.2byte	0
 1180 000e 0000     		.2byte	0
 1181 0010 00000000 		.4byte	.LFB3
 1182 0014 10000000 		.4byte	.LFE3-.LFB3
 1183 0018 00000000 		.4byte	.LFB4
 1184 001c 0C000000 		.4byte	.LFE4-.LFB4
 1185 0020 00000000 		.4byte	.LFB5
 1186 0024 0C000000 		.4byte	.LFE5-.LFB5
 1187 0028 00000000 		.4byte	.LFB6
 1188 002c 10000000 		.4byte	.LFE6-.LFB6
 1189 0030 00000000 		.4byte	.LFB7
 1190 0034 0C000000 		.4byte	.LFE7-.LFB7
 1191 0038 00000000 		.4byte	.LFB8
 1192 003c 0C000000 		.4byte	.LFE8-.LFB8
 1193 0040 00000000 		.4byte	.LFB9
 1194 0044 10000000 		.4byte	.LFE9-.LFB9
 1195 0048 00000000 		.4byte	.LFB10
 1196 004c 0C000000 		.4byte	.LFE10-.LFB10
 1197 0050 00000000 		.4byte	.LFB0
 1198 0054 1C000000 		.4byte	.LFE0-.LFB0
 1199 0058 00000000 		.4byte	.LFB1
 1200 005c 1A000000 		.4byte	.LFE1-.LFB1
 1201 0060 00000000 		.4byte	.LFB2
 1202 0064 14000000 		.4byte	.LFE2-.LFB2
 1203 0068 00000000 		.4byte	.LFB11
 1204 006c 0C000000 		.4byte	.LFE11-.LFB11
 1205 0070 00000000 		.4byte	.LFB12
 1206 0074 0C000000 		.4byte	.LFE12-.LFB12
 1207 0078 00000000 		.4byte	0
 1208 007c 00000000 		.4byte	0
 1209              		.section	.debug_ranges,"",%progbits
 1210              	.Ldebug_ranges0:
 1211 0000 00000000 		.4byte	.LFB3
 1212 0004 10000000 		.4byte	.LFE3
 1213 0008 00000000 		.4byte	.LFB4
 1214 000c 0C000000 		.4byte	.LFE4
 1215 0010 00000000 		.4byte	.LFB5
 1216 0014 0C000000 		.4byte	.LFE5
 1217 0018 00000000 		.4byte	.LFB6
 1218 001c 10000000 		.4byte	.LFE6
 1219 0020 00000000 		.4byte	.LFB7
 1220 0024 0C000000 		.4byte	.LFE7
 1221 0028 00000000 		.4byte	.LFB8
 1222 002c 0C000000 		.4byte	.LFE8
 1223 0030 00000000 		.4byte	.LFB9
 1224 0034 10000000 		.4byte	.LFE9
 1225 0038 00000000 		.4byte	.LFB10
 1226 003c 0C000000 		.4byte	.LFE10
 1227 0040 00000000 		.4byte	.LFB0
 1228 0044 1C000000 		.4byte	.LFE0
 1229 0048 00000000 		.4byte	.LFB1
 1230 004c 1A000000 		.4byte	.LFE1
 1231 0050 00000000 		.4byte	.LFB2
 1232 0054 14000000 		.4byte	.LFE2
 1233 0058 00000000 		.4byte	.LFB11
ARM GAS  C:\Users\nosak\AppData\Local\Temp\ccgDbZYI.s 			page 30


 1234 005c 0C000000 		.4byte	.LFE11
 1235 0060 00000000 		.4byte	.LFB12
 1236 0064 0C000000 		.4byte	.LFE12
 1237 0068 00000000 		.4byte	0
 1238 006c 00000000 		.4byte	0
 1239              		.section	.debug_line,"",%progbits
 1240              	.Ldebug_line0:
 1241 0000 4A010000 		.section	.debug_str,"MS",%progbits,1
 1241      02005D00 
 1241      00000201 
 1241      FB0E0D00 
 1241      01010101 
 1242              	.LASF18:
 1243 0000 72656733 		.ascii	"reg32\000"
 1243      3200
 1244              	.LASF23:
 1245 0006 5744545F 		.ascii	"WDT_int_SetPriority\000"
 1245      696E745F 
 1245      53657450 
 1245      72696F72 
 1245      69747900 
 1246              	.LASF31:
 1247 001a 5744545F 		.ascii	"WDT_int_StartEx\000"
 1247      696E745F 
 1247      53746172 
 1247      74457800 
 1248              	.LASF20:
 1249 002a 5744545F 		.ascii	"WDT_int_Interrupt\000"
 1249      696E745F 
 1249      496E7465 
 1249      72727570 
 1249      7400
 1250              	.LASF21:
 1251 003c 5744545F 		.ascii	"WDT_int_SetVector\000"
 1251      696E745F 
 1251      53657456 
 1251      6563746F 
 1251      7200
 1252              	.LASF28:
 1253 004e 5744545F 		.ascii	"WDT_int_Enable\000"
 1253      696E745F 
 1253      456E6162 
 1253      6C6500
 1254              	.LASF38:
 1255 005d 5744545F 		.ascii	"WDT_int_GetState\000"
 1255      696E745F 
 1255      47657453 
 1255      74617465 
 1255      00
 1256              	.LASF4:
 1257 006e 73686F72 		.ascii	"short unsigned int\000"
 1257      7420756E 
 1257      7369676E 
 1257      65642069 
 1257      6E7400
 1258              	.LASF29:
 1259 0081 5744545F 		.ascii	"WDT_int_Disable\000"
ARM GAS  C:\Users\nosak\AppData\Local\Temp\ccgDbZYI.s 			page 31


 1259      696E745F 
 1259      44697361 
 1259      626C6500 
 1260              	.LASF39:
 1261 0091 736B5F6C 		.ascii	"sk_log_int\000"
 1261      6F675F69 
 1261      6E7400
 1262              	.LASF14:
 1263 009c 666C6F61 		.ascii	"float\000"
 1263      7400
 1264              	.LASF26:
 1265 00a2 5744545F 		.ascii	"WDT_int_GetVector\000"
 1265      696E745F 
 1265      47657456 
 1265      6563746F 
 1265      7200
 1266              	.LASF2:
 1267 00b4 756E7369 		.ascii	"unsigned char\000"
 1267      676E6564 
 1267      20636861 
 1267      7200
 1268              	.LASF17:
 1269 00c2 72656738 		.ascii	"reg8\000"
 1269      00
 1270              	.LASF6:
 1271 00c7 6C6F6E67 		.ascii	"long unsigned int\000"
 1271      20756E73 
 1271      69676E65 
 1271      6420696E 
 1271      7400
 1272              	.LASF11:
 1273 00d9 75696E74 		.ascii	"uint8\000"
 1273      3800
 1274              	.LASF37:
 1275 00df 433A5C54 		.ascii	"C:\\TIRI\\k3g2pmpm_20211223\\trobot_psoc_v6_73\\tro"
 1275      4952495C 
 1275      6B336732 
 1275      706D706D 
 1275      5F323032 
 1276 010e 626F7436 		.ascii	"bot6_cir2_2wd.cydsn\000"
 1276      5F636972 
 1276      325F3277 
 1276      642E6379 
 1276      64736E00 
 1277              	.LASF25:
 1278 0122 7072696F 		.ascii	"priority\000"
 1278      72697479 
 1278      00
 1279              	.LASF15:
 1280 012b 646F7562 		.ascii	"double\000"
 1280      6C6500
 1281              	.LASF12:
 1282 0132 75696E74 		.ascii	"uint16\000"
 1282      313600
 1283              	.LASF13:
 1284 0139 75696E74 		.ascii	"uint32\000"
 1284      333200
ARM GAS  C:\Users\nosak\AppData\Local\Temp\ccgDbZYI.s 			page 32


 1285              	.LASF35:
 1286 0140 474E5520 		.ascii	"GNU C 4.9.3 20150303 (release) [ARM/embedded-4_9-br"
 1286      4320342E 
 1286      392E3320 
 1286      32303135 
 1286      30333033 
 1287 0173 616E6368 		.ascii	"anch revision 221220] -mcpu=cortex-m3 -mthumb -g -O"
 1287      20726576 
 1287      6973696F 
 1287      6E203232 
 1287      31323230 
 1288 01a6 67202D66 		.ascii	"g -ffunction-sections -ffat-lto-objects\000"
 1288      66756E63 
 1288      74696F6E 
 1288      2D736563 
 1288      74696F6E 
 1289              	.LASF0:
 1290 01ce 756E7369 		.ascii	"unsigned int\000"
 1290      676E6564 
 1290      20696E74 
 1290      00
 1291              	.LASF24:
 1292 01db 61646472 		.ascii	"address\000"
 1292      65737300 
 1293              	.LASF8:
 1294 01e3 6C6F6E67 		.ascii	"long long unsigned int\000"
 1294      206C6F6E 
 1294      6720756E 
 1294      7369676E 
 1294      65642069 
 1295              	.LASF19:
 1296 01fa 63796973 		.ascii	"cyisraddress\000"
 1296      72616464 
 1296      72657373 
 1296      00
 1297              	.LASF36:
 1298 0207 2E5C4765 		.ascii	".\\Generated_Source\\PSoC5\\WDT_int.c\000"
 1298      6E657261 
 1298      7465645F 
 1298      536F7572 
 1298      63655C50 
 1299              	.LASF9:
 1300 022a 73697A65 		.ascii	"sizetype\000"
 1300      74797065 
 1300      00
 1301              	.LASF16:
 1302 0233 63686172 		.ascii	"char8\000"
 1302      3800
 1303              	.LASF34:
 1304 0239 5744545F 		.ascii	"WDT_int_ClearPending\000"
 1304      696E745F 
 1304      436C6561 
 1304      7250656E 
 1304      64696E67 
 1305              	.LASF7:
 1306 024e 6C6F6E67 		.ascii	"long long int\000"
 1306      206C6F6E 
ARM GAS  C:\Users\nosak\AppData\Local\Temp\ccgDbZYI.s 			page 33


 1306      6720696E 
 1306      7400
 1307              	.LASF10:
 1308 025c 63686172 		.ascii	"char\000"
 1308      00
 1309              	.LASF22:
 1310 0261 72616D56 		.ascii	"ramVectorTable\000"
 1310      6563746F 
 1310      72546162 
 1310      6C6500
 1311              	.LASF27:
 1312 0270 5744545F 		.ascii	"WDT_int_GetPriority\000"
 1312      696E745F 
 1312      47657450 
 1312      72696F72 
 1312      69747900 
 1313              	.LASF3:
 1314 0284 73686F72 		.ascii	"short int\000"
 1314      7420696E 
 1314      7400
 1315              	.LASF32:
 1316 028e 5744545F 		.ascii	"WDT_int_Stop\000"
 1316      696E745F 
 1316      53746F70 
 1316      00
 1317              	.LASF30:
 1318 029b 5744545F 		.ascii	"WDT_int_Start\000"
 1318      696E745F 
 1318      53746172 
 1318      7400
 1319              	.LASF5:
 1320 02a9 6C6F6E67 		.ascii	"long int\000"
 1320      20696E74 
 1320      00
 1321              	.LASF1:
 1322 02b2 7369676E 		.ascii	"signed char\000"
 1322      65642063 
 1322      68617200 
 1323              	.LASF33:
 1324 02be 5744545F 		.ascii	"WDT_int_SetPending\000"
 1324      696E745F 
 1324      53657450 
 1324      656E6469 
 1324      6E6700
 1325              		.ident	"GCC: (GNU Tools for ARM Embedded Processors) 4.9.3 20150303 (release) [ARM/embedded-4_9-br
