ARM GAS  C:\Users\miyag\AppData\Local\Temp\ccof0GqV.s 			page 1


   1              		.syntax unified
   2              		.cpu cortex-m3
   3              		.fpu softvfp
   4              		.eabi_attribute 20, 1
   5              		.eabi_attribute 21, 1
   6              		.eabi_attribute 23, 3
   7              		.eabi_attribute 24, 1
   8              		.eabi_attribute 25, 1
   9              		.eabi_attribute 26, 1
  10              		.eabi_attribute 30, 4
  11              		.eabi_attribute 34, 1
  12              		.eabi_attribute 18, 4
  13              		.thumb
  14              		.file	"AMux_1.c"
  15              		.text
  16              	.Ltext0:
  17              		.cfi_sections	.debug_frame
  18              		.section	.text.AMux_1_Start,"ax",%progbits
  19              		.align	1
  20              		.global	AMux_1_Start
  21              		.thumb
  22              		.thumb_func
  23              		.type	AMux_1_Start, %function
  24              	AMux_1_Start:
  25              	.LFB0:
  26              		.file 1 ".\\Generated_Source\\PSoC5\\AMux_1.c"
   1:.\Generated_Source\PSoC5/AMux_1.c **** /*******************************************************************************
   2:.\Generated_Source\PSoC5/AMux_1.c **** * File Name: AMux_1.c
   3:.\Generated_Source\PSoC5/AMux_1.c **** * Version 1.80
   4:.\Generated_Source\PSoC5/AMux_1.c **** *
   5:.\Generated_Source\PSoC5/AMux_1.c **** *  Description:
   6:.\Generated_Source\PSoC5/AMux_1.c **** *    This file contains all functions required for the analog multiplexer
   7:.\Generated_Source\PSoC5/AMux_1.c **** *    AMux User Module.
   8:.\Generated_Source\PSoC5/AMux_1.c **** *
   9:.\Generated_Source\PSoC5/AMux_1.c **** *   Note:
  10:.\Generated_Source\PSoC5/AMux_1.c **** *
  11:.\Generated_Source\PSoC5/AMux_1.c **** *******************************************************************************
  12:.\Generated_Source\PSoC5/AMux_1.c **** * Copyright 2008-2010, Cypress Semiconductor Corporation.  All rights reserved.
  13:.\Generated_Source\PSoC5/AMux_1.c **** * You may use this file only in accordance with the license, terms, conditions, 
  14:.\Generated_Source\PSoC5/AMux_1.c **** * disclaimers, and limitations in the end user license agreement accompanying 
  15:.\Generated_Source\PSoC5/AMux_1.c **** * the software package with which this file was provided.
  16:.\Generated_Source\PSoC5/AMux_1.c **** ********************************************************************************/
  17:.\Generated_Source\PSoC5/AMux_1.c **** 
  18:.\Generated_Source\PSoC5/AMux_1.c **** #include "AMux_1.h"
  19:.\Generated_Source\PSoC5/AMux_1.c **** 
  20:.\Generated_Source\PSoC5/AMux_1.c **** static uint8 AMux_1_lastChannel = AMux_1_NULL_CHANNEL;
  21:.\Generated_Source\PSoC5/AMux_1.c **** 
  22:.\Generated_Source\PSoC5/AMux_1.c **** 
  23:.\Generated_Source\PSoC5/AMux_1.c **** /*******************************************************************************
  24:.\Generated_Source\PSoC5/AMux_1.c **** * Function Name: AMux_1_Start
  25:.\Generated_Source\PSoC5/AMux_1.c **** ********************************************************************************
  26:.\Generated_Source\PSoC5/AMux_1.c **** * Summary:
  27:.\Generated_Source\PSoC5/AMux_1.c **** *  Disconnect all channels.
  28:.\Generated_Source\PSoC5/AMux_1.c **** *
  29:.\Generated_Source\PSoC5/AMux_1.c **** * Parameters:
  30:.\Generated_Source\PSoC5/AMux_1.c **** *  void
  31:.\Generated_Source\PSoC5/AMux_1.c **** *
ARM GAS  C:\Users\miyag\AppData\Local\Temp\ccof0GqV.s 			page 2


  32:.\Generated_Source\PSoC5/AMux_1.c **** * Return:
  33:.\Generated_Source\PSoC5/AMux_1.c **** *  void
  34:.\Generated_Source\PSoC5/AMux_1.c **** *
  35:.\Generated_Source\PSoC5/AMux_1.c **** *******************************************************************************/
  36:.\Generated_Source\PSoC5/AMux_1.c **** void AMux_1_Start(void) 
  37:.\Generated_Source\PSoC5/AMux_1.c **** {
  27              		.loc 1 37 0
  28              		.cfi_startproc
  29              		@ args = 0, pretend = 0, frame = 0
  30              		@ frame_needed = 0, uses_anonymous_args = 0
  31              	.LVL0:
  32 0000 10B5     		push	{r4, lr}
  33              		.cfi_def_cfa_offset 8
  34              		.cfi_offset 4, -8
  35              		.cfi_offset 14, -4
  36              		.loc 1 37 0
  37 0002 0024     		movs	r4, #0
  38              	.LVL1:
  39              	.L2:
  38:.\Generated_Source\PSoC5/AMux_1.c ****     uint8 chan;
  39:.\Generated_Source\PSoC5/AMux_1.c **** 
  40:.\Generated_Source\PSoC5/AMux_1.c ****     for(chan = 0u; chan < AMux_1_CHANNELS ; chan++)
  41:.\Generated_Source\PSoC5/AMux_1.c ****     {
  42:.\Generated_Source\PSoC5/AMux_1.c **** #if (AMux_1_MUXTYPE == AMux_1_MUX_SINGLE)
  43:.\Generated_Source\PSoC5/AMux_1.c ****         AMux_1_Unset(chan);
  40              		.loc 1 43 0 discriminator 3
  41 0004 E0B2     		uxtb	r0, r4
  42 0006 0134     		adds	r4, r4, #1
  43              	.LVL2:
  44 0008 FFF7FEFF 		bl	AMux_1_Unset
  45              	.LVL3:
  40:.\Generated_Source\PSoC5/AMux_1.c ****     {
  46              		.loc 1 40 0 discriminator 3
  47 000c 082C     		cmp	r4, #8
  48 000e F9D1     		bne	.L2
  44:.\Generated_Source\PSoC5/AMux_1.c **** #else
  45:.\Generated_Source\PSoC5/AMux_1.c ****         AMux_1_CYAMUXSIDE_A_Unset(chan);
  46:.\Generated_Source\PSoC5/AMux_1.c ****         AMux_1_CYAMUXSIDE_B_Unset(chan);
  47:.\Generated_Source\PSoC5/AMux_1.c **** #endif
  48:.\Generated_Source\PSoC5/AMux_1.c ****     }
  49:.\Generated_Source\PSoC5/AMux_1.c **** 
  50:.\Generated_Source\PSoC5/AMux_1.c ****     AMux_1_lastChannel = AMux_1_NULL_CHANNEL;
  49              		.loc 1 50 0
  50 0010 014B     		ldr	r3, .L5
  51 0012 FF22     		movs	r2, #255
  52 0014 1A70     		strb	r2, [r3]
  53 0016 10BD     		pop	{r4, pc}
  54              	.L6:
  55              		.align	2
  56              	.L5:
  57 0018 00000000 		.word	.LANCHOR0
  58              		.cfi_endproc
  59              	.LFE0:
  60              		.size	AMux_1_Start, .-AMux_1_Start
  61              		.section	.text.AMux_1_Select,"ax",%progbits
  62              		.align	1
  63              		.global	AMux_1_Select
ARM GAS  C:\Users\miyag\AppData\Local\Temp\ccof0GqV.s 			page 3


  64              		.thumb
  65              		.thumb_func
  66              		.type	AMux_1_Select, %function
  67              	AMux_1_Select:
  68              	.LFB1:
  51:.\Generated_Source\PSoC5/AMux_1.c **** }
  52:.\Generated_Source\PSoC5/AMux_1.c **** 
  53:.\Generated_Source\PSoC5/AMux_1.c **** 
  54:.\Generated_Source\PSoC5/AMux_1.c **** #if (!AMux_1_ATMOSTONE)
  55:.\Generated_Source\PSoC5/AMux_1.c **** /*******************************************************************************
  56:.\Generated_Source\PSoC5/AMux_1.c **** * Function Name: AMux_1_Select
  57:.\Generated_Source\PSoC5/AMux_1.c **** ********************************************************************************
  58:.\Generated_Source\PSoC5/AMux_1.c **** * Summary:
  59:.\Generated_Source\PSoC5/AMux_1.c **** *  This functions first disconnects all channels then connects the given
  60:.\Generated_Source\PSoC5/AMux_1.c **** *  channel.
  61:.\Generated_Source\PSoC5/AMux_1.c **** *
  62:.\Generated_Source\PSoC5/AMux_1.c **** * Parameters:
  63:.\Generated_Source\PSoC5/AMux_1.c **** *  channel:  The channel to connect to the common terminal.
  64:.\Generated_Source\PSoC5/AMux_1.c **** *
  65:.\Generated_Source\PSoC5/AMux_1.c **** * Return:
  66:.\Generated_Source\PSoC5/AMux_1.c **** *  void
  67:.\Generated_Source\PSoC5/AMux_1.c **** *
  68:.\Generated_Source\PSoC5/AMux_1.c **** *******************************************************************************/
  69:.\Generated_Source\PSoC5/AMux_1.c **** void AMux_1_Select(uint8 channel) 
  70:.\Generated_Source\PSoC5/AMux_1.c **** {
  69              		.loc 1 70 0
  70              		.cfi_startproc
  71              		@ args = 0, pretend = 0, frame = 0
  72              		@ frame_needed = 0, uses_anonymous_args = 0
  73              	.LVL4:
  74 0000 10B5     		push	{r4, lr}
  75              		.cfi_def_cfa_offset 8
  76              		.cfi_offset 4, -8
  77              		.cfi_offset 14, -4
  78              		.loc 1 70 0
  79 0002 0446     		mov	r4, r0
  71:.\Generated_Source\PSoC5/AMux_1.c ****     AMux_1_DisconnectAll();        /* Disconnect all previous connections */
  80              		.loc 1 71 0
  81 0004 FFF7FEFF 		bl	AMux_1_Start
  82              	.LVL5:
  72:.\Generated_Source\PSoC5/AMux_1.c ****     AMux_1_Connect(channel);       /* Make the given selection */
  83              		.loc 1 72 0
  84 0008 2046     		mov	r0, r4
  85 000a FFF7FEFF 		bl	AMux_1_Set
  86              	.LVL6:
  73:.\Generated_Source\PSoC5/AMux_1.c ****     AMux_1_lastChannel = channel;  /* Update last channel */
  87              		.loc 1 73 0
  88 000e 014B     		ldr	r3, .L8
  89 0010 1C70     		strb	r4, [r3]
  90 0012 10BD     		pop	{r4, pc}
  91              	.L9:
  92              		.align	2
  93              	.L8:
  94 0014 00000000 		.word	.LANCHOR0
  95              		.cfi_endproc
  96              	.LFE1:
  97              		.size	AMux_1_Select, .-AMux_1_Select
ARM GAS  C:\Users\miyag\AppData\Local\Temp\ccof0GqV.s 			page 4


  98              		.section	.text.AMux_1_FastSelect,"ax",%progbits
  99              		.align	1
 100              		.global	AMux_1_FastSelect
 101              		.thumb
 102              		.thumb_func
 103              		.type	AMux_1_FastSelect, %function
 104              	AMux_1_FastSelect:
 105              	.LFB2:
  74:.\Generated_Source\PSoC5/AMux_1.c **** }
  75:.\Generated_Source\PSoC5/AMux_1.c **** #endif
  76:.\Generated_Source\PSoC5/AMux_1.c **** 
  77:.\Generated_Source\PSoC5/AMux_1.c **** 
  78:.\Generated_Source\PSoC5/AMux_1.c **** /*******************************************************************************
  79:.\Generated_Source\PSoC5/AMux_1.c **** * Function Name: AMux_1_FastSelect
  80:.\Generated_Source\PSoC5/AMux_1.c **** ********************************************************************************
  81:.\Generated_Source\PSoC5/AMux_1.c **** * Summary:
  82:.\Generated_Source\PSoC5/AMux_1.c **** *  This function first disconnects the last connection made with FastSelect or
  83:.\Generated_Source\PSoC5/AMux_1.c **** *  Select, then connects the given channel. The FastSelect function is similar
  84:.\Generated_Source\PSoC5/AMux_1.c **** *  to the Select function, except it is faster since it only disconnects the
  85:.\Generated_Source\PSoC5/AMux_1.c **** *  last channel selected rather than all channels.
  86:.\Generated_Source\PSoC5/AMux_1.c **** *
  87:.\Generated_Source\PSoC5/AMux_1.c **** * Parameters:
  88:.\Generated_Source\PSoC5/AMux_1.c **** *  channel:  The channel to connect to the common terminal.
  89:.\Generated_Source\PSoC5/AMux_1.c **** *
  90:.\Generated_Source\PSoC5/AMux_1.c **** * Return:
  91:.\Generated_Source\PSoC5/AMux_1.c **** *  void
  92:.\Generated_Source\PSoC5/AMux_1.c **** *
  93:.\Generated_Source\PSoC5/AMux_1.c **** *******************************************************************************/
  94:.\Generated_Source\PSoC5/AMux_1.c **** void AMux_1_FastSelect(uint8 channel) 
  95:.\Generated_Source\PSoC5/AMux_1.c **** {
 106              		.loc 1 95 0
 107              		.cfi_startproc
 108              		@ args = 0, pretend = 0, frame = 0
 109              		@ frame_needed = 0, uses_anonymous_args = 0
 110              	.LVL7:
 111 0000 38B5     		push	{r3, r4, r5, lr}
 112              		.cfi_def_cfa_offset 16
 113              		.cfi_offset 3, -16
 114              		.cfi_offset 4, -12
 115              		.cfi_offset 5, -8
 116              		.cfi_offset 14, -4
  96:.\Generated_Source\PSoC5/AMux_1.c ****     /* Disconnect the last valid channel */
  97:.\Generated_Source\PSoC5/AMux_1.c ****     if( AMux_1_lastChannel != AMux_1_NULL_CHANNEL)
 117              		.loc 1 97 0
 118 0002 064B     		ldr	r3, .L15
  95:.\Generated_Source\PSoC5/AMux_1.c ****     /* Disconnect the last valid channel */
 119              		.loc 1 95 0
 120 0004 0546     		mov	r5, r0
 121              		.loc 1 97 0
 122 0006 1878     		ldrb	r0, [r3]	@ zero_extendqisi2
 123              	.LVL8:
 124 0008 1C46     		mov	r4, r3
 125 000a FF28     		cmp	r0, #255
 126 000c 01D0     		beq	.L11
  98:.\Generated_Source\PSoC5/AMux_1.c ****     {
  99:.\Generated_Source\PSoC5/AMux_1.c ****         AMux_1_Disconnect(AMux_1_lastChannel);
 127              		.loc 1 99 0
ARM GAS  C:\Users\miyag\AppData\Local\Temp\ccof0GqV.s 			page 5


 128 000e FFF7FEFF 		bl	AMux_1_Unset
 129              	.LVL9:
 130              	.L11:
 100:.\Generated_Source\PSoC5/AMux_1.c ****     }
 101:.\Generated_Source\PSoC5/AMux_1.c **** 
 102:.\Generated_Source\PSoC5/AMux_1.c ****     /* Make the new channel connection */
 103:.\Generated_Source\PSoC5/AMux_1.c **** #if (AMux_1_MUXTYPE == AMux_1_MUX_SINGLE)
 104:.\Generated_Source\PSoC5/AMux_1.c ****     AMux_1_Set(channel);
 131              		.loc 1 104 0
 132 0012 2846     		mov	r0, r5
 133 0014 FFF7FEFF 		bl	AMux_1_Set
 134              	.LVL10:
 105:.\Generated_Source\PSoC5/AMux_1.c **** #else
 106:.\Generated_Source\PSoC5/AMux_1.c ****     AMux_1_CYAMUXSIDE_A_Set(channel);
 107:.\Generated_Source\PSoC5/AMux_1.c ****     AMux_1_CYAMUXSIDE_B_Set(channel);
 108:.\Generated_Source\PSoC5/AMux_1.c **** #endif
 109:.\Generated_Source\PSoC5/AMux_1.c **** 
 110:.\Generated_Source\PSoC5/AMux_1.c **** 
 111:.\Generated_Source\PSoC5/AMux_1.c ****     AMux_1_lastChannel = channel;   /* Update last channel */
 135              		.loc 1 111 0
 136 0018 2570     		strb	r5, [r4]
 137 001a 38BD     		pop	{r3, r4, r5, pc}
 138              	.L16:
 139              		.align	2
 140              	.L15:
 141 001c 00000000 		.word	.LANCHOR0
 142              		.cfi_endproc
 143              	.LFE2:
 144              		.size	AMux_1_FastSelect, .-AMux_1_FastSelect
 145              		.data
 146              		.set	.LANCHOR0,. + 0
 147              		.type	AMux_1_lastChannel, %object
 148              		.size	AMux_1_lastChannel, 1
 149              	AMux_1_lastChannel:
 150 0000 FF       		.byte	-1
 151              		.text
 152              	.Letext0:
 153              		.file 2 ".\\Generated_Source\\PSoC5\\cytypes.h"
 154              		.file 3 ".\\Generated_Source\\PSoC5\\cyfitter_cfg.h"
 155              		.section	.debug_info,"",%progbits
 156              	.Ldebug_info0:
 157 0000 62010000 		.4byte	0x162
 158 0004 0400     		.2byte	0x4
 159 0006 00000000 		.4byte	.Ldebug_abbrev0
 160 000a 04       		.byte	0x4
 161 000b 01       		.uleb128 0x1
 162 000c 2E010000 		.4byte	.LASF18
 163 0010 01       		.byte	0x1
 164 0011 1B000000 		.4byte	.LASF19
 165 0015 82000000 		.4byte	.LASF20
 166 0019 00000000 		.4byte	.Ldebug_ranges0+0
 167 001d 00000000 		.4byte	0
 168 0021 00000000 		.4byte	.Ldebug_line0
 169 0025 02       		.uleb128 0x2
 170 0026 01       		.byte	0x1
 171 0027 06       		.byte	0x6
 172 0028 D5010000 		.4byte	.LASF0
ARM GAS  C:\Users\miyag\AppData\Local\Temp\ccof0GqV.s 			page 6


 173 002c 02       		.uleb128 0x2
 174 002d 01       		.byte	0x1
 175 002e 08       		.byte	0x8
 176 002f 3D000000 		.4byte	.LASF1
 177 0033 02       		.uleb128 0x2
 178 0034 02       		.byte	0x2
 179 0035 05       		.byte	0x5
 180 0036 24010000 		.4byte	.LASF2
 181 003a 02       		.uleb128 0x2
 182 003b 02       		.byte	0x2
 183 003c 07       		.byte	0x7
 184 003d 6F000000 		.4byte	.LASF3
 185 0041 02       		.uleb128 0x2
 186 0042 04       		.byte	0x4
 187 0043 05       		.byte	0x5
 188 0044 C7010000 		.4byte	.LASF4
 189 0048 02       		.uleb128 0x2
 190 0049 04       		.byte	0x4
 191 004a 07       		.byte	0x7
 192 004b 5D000000 		.4byte	.LASF5
 193 004f 02       		.uleb128 0x2
 194 0050 08       		.byte	0x8
 195 0051 05       		.byte	0x5
 196 0052 02010000 		.4byte	.LASF6
 197 0056 02       		.uleb128 0x2
 198 0057 08       		.byte	0x8
 199 0058 07       		.byte	0x7
 200 0059 E6000000 		.4byte	.LASF7
 201 005d 03       		.uleb128 0x3
 202 005e 04       		.byte	0x4
 203 005f 05       		.byte	0x5
 204 0060 696E7400 		.ascii	"int\000"
 205 0064 02       		.uleb128 0x2
 206 0065 04       		.byte	0x4
 207 0066 07       		.byte	0x7
 208 0067 D9000000 		.4byte	.LASF8
 209 006b 04       		.uleb128 0x4
 210 006c 10010000 		.4byte	.LASF21
 211 0070 02       		.byte	0x2
 212 0071 9201     		.2byte	0x192
 213 0073 2C000000 		.4byte	0x2c
 214 0077 02       		.uleb128 0x2
 215 0078 04       		.byte	0x4
 216 0079 04       		.byte	0x4
 217 007a 15000000 		.4byte	.LASF9
 218 007e 02       		.uleb128 0x2
 219 007f 08       		.byte	0x8
 220 0080 04       		.byte	0x4
 221 0081 C5000000 		.4byte	.LASF10
 222 0085 02       		.uleb128 0x2
 223 0086 01       		.byte	0x1
 224 0087 08       		.byte	0x8
 225 0088 D0010000 		.4byte	.LASF11
 226 008c 05       		.uleb128 0x5
 227 008d CC000000 		.4byte	.LASF12
 228 0091 01       		.byte	0x1
 229 0092 24       		.byte	0x24
ARM GAS  C:\Users\miyag\AppData\Local\Temp\ccof0GqV.s 			page 7


 230 0093 00000000 		.4byte	.LFB0
 231 0097 1C000000 		.4byte	.LFE0-.LFB0
 232 009b 01       		.uleb128 0x1
 233 009c 9C       		.byte	0x9c
 234 009d BA000000 		.4byte	0xba
 235 00a1 06       		.uleb128 0x6
 236 00a2 FD000000 		.4byte	.LASF16
 237 00a6 01       		.byte	0x1
 238 00a7 26       		.byte	0x26
 239 00a8 6B000000 		.4byte	0x6b
 240 00ac 00000000 		.4byte	.LLST0
 241 00b0 07       		.uleb128 0x7
 242 00b1 0C000000 		.4byte	.LVL3
 243 00b5 47010000 		.4byte	0x147
 244 00b9 00       		.byte	0
 245 00ba 05       		.uleb128 0x5
 246 00bb 16010000 		.4byte	.LASF13
 247 00bf 01       		.byte	0x1
 248 00c0 45       		.byte	0x45
 249 00c1 00000000 		.4byte	.LFB1
 250 00c5 18000000 		.4byte	.LFE1-.LFB1
 251 00c9 01       		.uleb128 0x1
 252 00ca 9C       		.byte	0x9c
 253 00cb F8000000 		.4byte	0xf8
 254 00cf 08       		.uleb128 0x8
 255 00d0 00000000 		.4byte	.LASF15
 256 00d4 01       		.byte	0x1
 257 00d5 45       		.byte	0x45
 258 00d6 6B000000 		.4byte	0x6b
 259 00da 2A000000 		.4byte	.LLST1
 260 00de 07       		.uleb128 0x7
 261 00df 08000000 		.4byte	.LVL5
 262 00e3 8C000000 		.4byte	0x8c
 263 00e7 09       		.uleb128 0x9
 264 00e8 0E000000 		.4byte	.LVL6
 265 00ec 58010000 		.4byte	0x158
 266 00f0 0A       		.uleb128 0xa
 267 00f1 01       		.uleb128 0x1
 268 00f2 50       		.byte	0x50
 269 00f3 02       		.uleb128 0x2
 270 00f4 74       		.byte	0x74
 271 00f5 00       		.sleb128 0
 272 00f6 00       		.byte	0
 273 00f7 00       		.byte	0
 274 00f8 05       		.uleb128 0x5
 275 00f9 4B000000 		.4byte	.LASF14
 276 00fd 01       		.byte	0x1
 277 00fe 5E       		.byte	0x5e
 278 00ff 00000000 		.4byte	.LFB2
 279 0103 20000000 		.4byte	.LFE2-.LFB2
 280 0107 01       		.uleb128 0x1
 281 0108 9C       		.byte	0x9c
 282 0109 36010000 		.4byte	0x136
 283 010d 08       		.uleb128 0x8
 284 010e 00000000 		.4byte	.LASF15
 285 0112 01       		.byte	0x1
 286 0113 5E       		.byte	0x5e
ARM GAS  C:\Users\miyag\AppData\Local\Temp\ccof0GqV.s 			page 8


 287 0114 6B000000 		.4byte	0x6b
 288 0118 4B000000 		.4byte	.LLST2
 289 011c 07       		.uleb128 0x7
 290 011d 12000000 		.4byte	.LVL9
 291 0121 47010000 		.4byte	0x147
 292 0125 09       		.uleb128 0x9
 293 0126 18000000 		.4byte	.LVL10
 294 012a 58010000 		.4byte	0x158
 295 012e 0A       		.uleb128 0xa
 296 012f 01       		.uleb128 0x1
 297 0130 50       		.byte	0x50
 298 0131 02       		.uleb128 0x2
 299 0132 75       		.byte	0x75
 300 0133 00       		.sleb128 0
 301 0134 00       		.byte	0
 302 0135 00       		.byte	0
 303 0136 0B       		.uleb128 0xb
 304 0137 E1010000 		.4byte	.LASF17
 305 013b 01       		.byte	0x1
 306 013c 14       		.byte	0x14
 307 013d 6B000000 		.4byte	0x6b
 308 0141 05       		.uleb128 0x5
 309 0142 03       		.byte	0x3
 310 0143 00000000 		.4byte	AMux_1_lastChannel
 311 0147 0C       		.uleb128 0xc
 312 0148 08000000 		.4byte	.LASF22
 313 014c 03       		.byte	0x3
 314 014d 1B       		.byte	0x1b
 315 014e 58010000 		.4byte	0x158
 316 0152 0D       		.uleb128 0xd
 317 0153 6B000000 		.4byte	0x6b
 318 0157 00       		.byte	0
 319 0158 0E       		.uleb128 0xe
 320 0159 BC010000 		.4byte	.LASF23
 321 015d 03       		.byte	0x3
 322 015e 1A       		.byte	0x1a
 323 015f 0D       		.uleb128 0xd
 324 0160 6B000000 		.4byte	0x6b
 325 0164 00       		.byte	0
 326 0165 00       		.byte	0
 327              		.section	.debug_abbrev,"",%progbits
 328              	.Ldebug_abbrev0:
 329 0000 01       		.uleb128 0x1
 330 0001 11       		.uleb128 0x11
 331 0002 01       		.byte	0x1
 332 0003 25       		.uleb128 0x25
 333 0004 0E       		.uleb128 0xe
 334 0005 13       		.uleb128 0x13
 335 0006 0B       		.uleb128 0xb
 336 0007 03       		.uleb128 0x3
 337 0008 0E       		.uleb128 0xe
 338 0009 1B       		.uleb128 0x1b
 339 000a 0E       		.uleb128 0xe
 340 000b 55       		.uleb128 0x55
 341 000c 17       		.uleb128 0x17
 342 000d 11       		.uleb128 0x11
 343 000e 01       		.uleb128 0x1
ARM GAS  C:\Users\miyag\AppData\Local\Temp\ccof0GqV.s 			page 9


 344 000f 10       		.uleb128 0x10
 345 0010 17       		.uleb128 0x17
 346 0011 00       		.byte	0
 347 0012 00       		.byte	0
 348 0013 02       		.uleb128 0x2
 349 0014 24       		.uleb128 0x24
 350 0015 00       		.byte	0
 351 0016 0B       		.uleb128 0xb
 352 0017 0B       		.uleb128 0xb
 353 0018 3E       		.uleb128 0x3e
 354 0019 0B       		.uleb128 0xb
 355 001a 03       		.uleb128 0x3
 356 001b 0E       		.uleb128 0xe
 357 001c 00       		.byte	0
 358 001d 00       		.byte	0
 359 001e 03       		.uleb128 0x3
 360 001f 24       		.uleb128 0x24
 361 0020 00       		.byte	0
 362 0021 0B       		.uleb128 0xb
 363 0022 0B       		.uleb128 0xb
 364 0023 3E       		.uleb128 0x3e
 365 0024 0B       		.uleb128 0xb
 366 0025 03       		.uleb128 0x3
 367 0026 08       		.uleb128 0x8
 368 0027 00       		.byte	0
 369 0028 00       		.byte	0
 370 0029 04       		.uleb128 0x4
 371 002a 16       		.uleb128 0x16
 372 002b 00       		.byte	0
 373 002c 03       		.uleb128 0x3
 374 002d 0E       		.uleb128 0xe
 375 002e 3A       		.uleb128 0x3a
 376 002f 0B       		.uleb128 0xb
 377 0030 3B       		.uleb128 0x3b
 378 0031 05       		.uleb128 0x5
 379 0032 49       		.uleb128 0x49
 380 0033 13       		.uleb128 0x13
 381 0034 00       		.byte	0
 382 0035 00       		.byte	0
 383 0036 05       		.uleb128 0x5
 384 0037 2E       		.uleb128 0x2e
 385 0038 01       		.byte	0x1
 386 0039 3F       		.uleb128 0x3f
 387 003a 19       		.uleb128 0x19
 388 003b 03       		.uleb128 0x3
 389 003c 0E       		.uleb128 0xe
 390 003d 3A       		.uleb128 0x3a
 391 003e 0B       		.uleb128 0xb
 392 003f 3B       		.uleb128 0x3b
 393 0040 0B       		.uleb128 0xb
 394 0041 27       		.uleb128 0x27
 395 0042 19       		.uleb128 0x19
 396 0043 11       		.uleb128 0x11
 397 0044 01       		.uleb128 0x1
 398 0045 12       		.uleb128 0x12
 399 0046 06       		.uleb128 0x6
 400 0047 40       		.uleb128 0x40
ARM GAS  C:\Users\miyag\AppData\Local\Temp\ccof0GqV.s 			page 10


 401 0048 18       		.uleb128 0x18
 402 0049 9742     		.uleb128 0x2117
 403 004b 19       		.uleb128 0x19
 404 004c 01       		.uleb128 0x1
 405 004d 13       		.uleb128 0x13
 406 004e 00       		.byte	0
 407 004f 00       		.byte	0
 408 0050 06       		.uleb128 0x6
 409 0051 34       		.uleb128 0x34
 410 0052 00       		.byte	0
 411 0053 03       		.uleb128 0x3
 412 0054 0E       		.uleb128 0xe
 413 0055 3A       		.uleb128 0x3a
 414 0056 0B       		.uleb128 0xb
 415 0057 3B       		.uleb128 0x3b
 416 0058 0B       		.uleb128 0xb
 417 0059 49       		.uleb128 0x49
 418 005a 13       		.uleb128 0x13
 419 005b 02       		.uleb128 0x2
 420 005c 17       		.uleb128 0x17
 421 005d 00       		.byte	0
 422 005e 00       		.byte	0
 423 005f 07       		.uleb128 0x7
 424 0060 898201   		.uleb128 0x4109
 425 0063 00       		.byte	0
 426 0064 11       		.uleb128 0x11
 427 0065 01       		.uleb128 0x1
 428 0066 31       		.uleb128 0x31
 429 0067 13       		.uleb128 0x13
 430 0068 00       		.byte	0
 431 0069 00       		.byte	0
 432 006a 08       		.uleb128 0x8
 433 006b 05       		.uleb128 0x5
 434 006c 00       		.byte	0
 435 006d 03       		.uleb128 0x3
 436 006e 0E       		.uleb128 0xe
 437 006f 3A       		.uleb128 0x3a
 438 0070 0B       		.uleb128 0xb
 439 0071 3B       		.uleb128 0x3b
 440 0072 0B       		.uleb128 0xb
 441 0073 49       		.uleb128 0x49
 442 0074 13       		.uleb128 0x13
 443 0075 02       		.uleb128 0x2
 444 0076 17       		.uleb128 0x17
 445 0077 00       		.byte	0
 446 0078 00       		.byte	0
 447 0079 09       		.uleb128 0x9
 448 007a 898201   		.uleb128 0x4109
 449 007d 01       		.byte	0x1
 450 007e 11       		.uleb128 0x11
 451 007f 01       		.uleb128 0x1
 452 0080 31       		.uleb128 0x31
 453 0081 13       		.uleb128 0x13
 454 0082 00       		.byte	0
 455 0083 00       		.byte	0
 456 0084 0A       		.uleb128 0xa
 457 0085 8A8201   		.uleb128 0x410a
ARM GAS  C:\Users\miyag\AppData\Local\Temp\ccof0GqV.s 			page 11


 458 0088 00       		.byte	0
 459 0089 02       		.uleb128 0x2
 460 008a 18       		.uleb128 0x18
 461 008b 9142     		.uleb128 0x2111
 462 008d 18       		.uleb128 0x18
 463 008e 00       		.byte	0
 464 008f 00       		.byte	0
 465 0090 0B       		.uleb128 0xb
 466 0091 34       		.uleb128 0x34
 467 0092 00       		.byte	0
 468 0093 03       		.uleb128 0x3
 469 0094 0E       		.uleb128 0xe
 470 0095 3A       		.uleb128 0x3a
 471 0096 0B       		.uleb128 0xb
 472 0097 3B       		.uleb128 0x3b
 473 0098 0B       		.uleb128 0xb
 474 0099 49       		.uleb128 0x49
 475 009a 13       		.uleb128 0x13
 476 009b 02       		.uleb128 0x2
 477 009c 18       		.uleb128 0x18
 478 009d 00       		.byte	0
 479 009e 00       		.byte	0
 480 009f 0C       		.uleb128 0xc
 481 00a0 2E       		.uleb128 0x2e
 482 00a1 01       		.byte	0x1
 483 00a2 3F       		.uleb128 0x3f
 484 00a3 19       		.uleb128 0x19
 485 00a4 03       		.uleb128 0x3
 486 00a5 0E       		.uleb128 0xe
 487 00a6 3A       		.uleb128 0x3a
 488 00a7 0B       		.uleb128 0xb
 489 00a8 3B       		.uleb128 0x3b
 490 00a9 0B       		.uleb128 0xb
 491 00aa 27       		.uleb128 0x27
 492 00ab 19       		.uleb128 0x19
 493 00ac 3C       		.uleb128 0x3c
 494 00ad 19       		.uleb128 0x19
 495 00ae 01       		.uleb128 0x1
 496 00af 13       		.uleb128 0x13
 497 00b0 00       		.byte	0
 498 00b1 00       		.byte	0
 499 00b2 0D       		.uleb128 0xd
 500 00b3 05       		.uleb128 0x5
 501 00b4 00       		.byte	0
 502 00b5 49       		.uleb128 0x49
 503 00b6 13       		.uleb128 0x13
 504 00b7 00       		.byte	0
 505 00b8 00       		.byte	0
 506 00b9 0E       		.uleb128 0xe
 507 00ba 2E       		.uleb128 0x2e
 508 00bb 01       		.byte	0x1
 509 00bc 3F       		.uleb128 0x3f
 510 00bd 19       		.uleb128 0x19
 511 00be 03       		.uleb128 0x3
 512 00bf 0E       		.uleb128 0xe
 513 00c0 3A       		.uleb128 0x3a
 514 00c1 0B       		.uleb128 0xb
ARM GAS  C:\Users\miyag\AppData\Local\Temp\ccof0GqV.s 			page 12


 515 00c2 3B       		.uleb128 0x3b
 516 00c3 0B       		.uleb128 0xb
 517 00c4 27       		.uleb128 0x27
 518 00c5 19       		.uleb128 0x19
 519 00c6 3C       		.uleb128 0x3c
 520 00c7 19       		.uleb128 0x19
 521 00c8 00       		.byte	0
 522 00c9 00       		.byte	0
 523 00ca 00       		.byte	0
 524              		.section	.debug_loc,"",%progbits
 525              	.Ldebug_loc0:
 526              	.LLST0:
 527 0000 00000000 		.4byte	.LVL0
 528 0004 04000000 		.4byte	.LVL1
 529 0008 0200     		.2byte	0x2
 530 000a 30       		.byte	0x30
 531 000b 9F       		.byte	0x9f
 532 000c 04000000 		.4byte	.LVL1
 533 0010 08000000 		.4byte	.LVL2
 534 0014 0100     		.2byte	0x1
 535 0016 54       		.byte	0x54
 536 0017 08000000 		.4byte	.LVL2
 537 001b 0B000000 		.4byte	.LVL3-1
 538 001f 0100     		.2byte	0x1
 539 0021 50       		.byte	0x50
 540 0022 00000000 		.4byte	0
 541 0026 00000000 		.4byte	0
 542              	.LLST1:
 543 002a 00000000 		.4byte	.LVL4
 544 002e 07000000 		.4byte	.LVL5-1
 545 0032 0100     		.2byte	0x1
 546 0034 50       		.byte	0x50
 547 0035 07000000 		.4byte	.LVL5-1
 548 0039 18000000 		.4byte	.LFE1
 549 003d 0400     		.2byte	0x4
 550 003f F3       		.byte	0xf3
 551 0040 01       		.uleb128 0x1
 552 0041 50       		.byte	0x50
 553 0042 9F       		.byte	0x9f
 554 0043 00000000 		.4byte	0
 555 0047 00000000 		.4byte	0
 556              	.LLST2:
 557 004b 00000000 		.4byte	.LVL7
 558 004f 08000000 		.4byte	.LVL8
 559 0053 0100     		.2byte	0x1
 560 0055 50       		.byte	0x50
 561 0056 08000000 		.4byte	.LVL8
 562 005a 20000000 		.4byte	.LFE2
 563 005e 0400     		.2byte	0x4
 564 0060 F3       		.byte	0xf3
 565 0061 01       		.uleb128 0x1
 566 0062 50       		.byte	0x50
 567 0063 9F       		.byte	0x9f
 568 0064 00000000 		.4byte	0
 569 0068 00000000 		.4byte	0
 570              		.section	.debug_aranges,"",%progbits
 571 0000 2C000000 		.4byte	0x2c
ARM GAS  C:\Users\miyag\AppData\Local\Temp\ccof0GqV.s 			page 13


 572 0004 0200     		.2byte	0x2
 573 0006 00000000 		.4byte	.Ldebug_info0
 574 000a 04       		.byte	0x4
 575 000b 00       		.byte	0
 576 000c 0000     		.2byte	0
 577 000e 0000     		.2byte	0
 578 0010 00000000 		.4byte	.LFB0
 579 0014 1C000000 		.4byte	.LFE0-.LFB0
 580 0018 00000000 		.4byte	.LFB1
 581 001c 18000000 		.4byte	.LFE1-.LFB1
 582 0020 00000000 		.4byte	.LFB2
 583 0024 20000000 		.4byte	.LFE2-.LFB2
 584 0028 00000000 		.4byte	0
 585 002c 00000000 		.4byte	0
 586              		.section	.debug_ranges,"",%progbits
 587              	.Ldebug_ranges0:
 588 0000 00000000 		.4byte	.LFB0
 589 0004 1C000000 		.4byte	.LFE0
 590 0008 00000000 		.4byte	.LFB1
 591 000c 18000000 		.4byte	.LFE1
 592 0010 00000000 		.4byte	.LFB2
 593 0014 20000000 		.4byte	.LFE2
 594 0018 00000000 		.4byte	0
 595 001c 00000000 		.4byte	0
 596              		.section	.debug_line,"",%progbits
 597              	.Ldebug_line0:
 598 0000 A4000000 		.section	.debug_str,"MS",%progbits,1
 598      02005700 
 598      00000201 
 598      FB0E0D00 
 598      01010101 
 599              	.LASF15:
 600 0000 6368616E 		.ascii	"channel\000"
 600      6E656C00 
 601              	.LASF22:
 602 0008 414D7578 		.ascii	"AMux_1_Unset\000"
 602      5F315F55 
 602      6E736574 
 602      00
 603              	.LASF9:
 604 0015 666C6F61 		.ascii	"float\000"
 604      7400
 605              	.LASF19:
 606 001b 2E5C4765 		.ascii	".\\Generated_Source\\PSoC5\\AMux_1.c\000"
 606      6E657261 
 606      7465645F 
 606      536F7572 
 606      63655C50 
 607              	.LASF1:
 608 003d 756E7369 		.ascii	"unsigned char\000"
 608      676E6564 
 608      20636861 
 608      7200
 609              	.LASF14:
 610 004b 414D7578 		.ascii	"AMux_1_FastSelect\000"
 610      5F315F46 
 610      61737453 
ARM GAS  C:\Users\miyag\AppData\Local\Temp\ccof0GqV.s 			page 14


 610      656C6563 
 610      7400
 611              	.LASF5:
 612 005d 6C6F6E67 		.ascii	"long unsigned int\000"
 612      20756E73 
 612      69676E65 
 612      6420696E 
 612      7400
 613              	.LASF3:
 614 006f 73686F72 		.ascii	"short unsigned int\000"
 614      7420756E 
 614      7369676E 
 614      65642069 
 614      6E7400
 615              	.LASF20:
 616 0082 433A5C54 		.ascii	"C:\\TIRI\\k3g2pmpm_20211223\\trobot_psoc_v6_73\\tro"
 616      4952495C 
 616      6B336732 
 616      706D706D 
 616      5F323032 
 617 00b1 626F7436 		.ascii	"bot6_cir2_2wd.cydsn\000"
 617      5F636972 
 617      325F3277 
 617      642E6379 
 617      64736E00 
 618              	.LASF10:
 619 00c5 646F7562 		.ascii	"double\000"
 619      6C6500
 620              	.LASF12:
 621 00cc 414D7578 		.ascii	"AMux_1_Start\000"
 621      5F315F53 
 621      74617274 
 621      00
 622              	.LASF8:
 623 00d9 756E7369 		.ascii	"unsigned int\000"
 623      676E6564 
 623      20696E74 
 623      00
 624              	.LASF7:
 625 00e6 6C6F6E67 		.ascii	"long long unsigned int\000"
 625      206C6F6E 
 625      6720756E 
 625      7369676E 
 625      65642069 
 626              	.LASF16:
 627 00fd 6368616E 		.ascii	"chan\000"
 627      00
 628              	.LASF6:
 629 0102 6C6F6E67 		.ascii	"long long int\000"
 629      206C6F6E 
 629      6720696E 
 629      7400
 630              	.LASF21:
 631 0110 75696E74 		.ascii	"uint8\000"
 631      3800
 632              	.LASF13:
 633 0116 414D7578 		.ascii	"AMux_1_Select\000"
ARM GAS  C:\Users\miyag\AppData\Local\Temp\ccof0GqV.s 			page 15


 633      5F315F53 
 633      656C6563 
 633      7400
 634              	.LASF2:
 635 0124 73686F72 		.ascii	"short int\000"
 635      7420696E 
 635      7400
 636              	.LASF18:
 637 012e 474E5520 		.ascii	"GNU C 4.9.3 20150303 (release) [ARM/embedded-4_9-br"
 637      4320342E 
 637      392E3320 
 637      32303135 
 637      30333033 
 638 0161 616E6368 		.ascii	"anch revision 221220] -mcpu=cortex-m3 -mthumb -g -O"
 638      20726576 
 638      6973696F 
 638      6E203232 
 638      31323230 
 639 0194 73202D66 		.ascii	"s -ffunction-sections -ffat-lto-objects\000"
 639      66756E63 
 639      74696F6E 
 639      2D736563 
 639      74696F6E 
 640              	.LASF23:
 641 01bc 414D7578 		.ascii	"AMux_1_Set\000"
 641      5F315F53 
 641      657400
 642              	.LASF4:
 643 01c7 6C6F6E67 		.ascii	"long int\000"
 643      20696E74 
 643      00
 644              	.LASF11:
 645 01d0 63686172 		.ascii	"char\000"
 645      00
 646              	.LASF0:
 647 01d5 7369676E 		.ascii	"signed char\000"
 647      65642063 
 647      68617200 
 648              	.LASF17:
 649 01e1 414D7578 		.ascii	"AMux_1_lastChannel\000"
 649      5F315F6C 
 649      61737443 
 649      68616E6E 
 649      656C00
 650              		.ident	"GCC: (GNU Tools for ARM Embedded Processors) 4.9.3 20150303 (release) [ARM/embedded-4_9-br
