ARM GAS  C:\Users\miyag\AppData\Local\Temp\ccOyN9nr.s 			page 1


   1              		.syntax unified
   2              		.cpu cortex-m3
   3              		.fpu softvfp
   4              		.eabi_attribute 20, 1
   5              		.eabi_attribute 21, 1
   6              		.eabi_attribute 23, 3
   7              		.eabi_attribute 24, 1
   8              		.eabi_attribute 25, 1
   9              		.eabi_attribute 26, 1
  10              		.eabi_attribute 30, 4
  11              		.eabi_attribute 34, 1
  12              		.eabi_attribute 18, 4
  13              		.thumb
  14              		.file	"BMP_SW.c"
  15              		.text
  16              	.Ltext0:
  17              		.cfi_sections	.debug_frame
  18              		.section	.text.BMP_SW_Read,"ax",%progbits
  19              		.align	1
  20              		.global	BMP_SW_Read
  21              		.thumb
  22              		.thumb_func
  23              		.type	BMP_SW_Read, %function
  24              	BMP_SW_Read:
  25              	.LFB0:
  26              		.file 1 ".\\Generated_Source\\PSoC5\\BMP_SW.c"
   1:.\Generated_Source\PSoC5/BMP_SW.c **** /*******************************************************************************
   2:.\Generated_Source\PSoC5/BMP_SW.c **** * File Name: BMP_SW.c  
   3:.\Generated_Source\PSoC5/BMP_SW.c **** * Version 1.90
   4:.\Generated_Source\PSoC5/BMP_SW.c **** *
   5:.\Generated_Source\PSoC5/BMP_SW.c **** * Description:
   6:.\Generated_Source\PSoC5/BMP_SW.c **** *  This file contains API to enable firmware to read the value of a Status 
   7:.\Generated_Source\PSoC5/BMP_SW.c **** *  Register.
   8:.\Generated_Source\PSoC5/BMP_SW.c **** *
   9:.\Generated_Source\PSoC5/BMP_SW.c **** * Note:
  10:.\Generated_Source\PSoC5/BMP_SW.c **** *
  11:.\Generated_Source\PSoC5/BMP_SW.c **** ********************************************************************************
  12:.\Generated_Source\PSoC5/BMP_SW.c **** * Copyright 2008-2015, Cypress Semiconductor Corporation.  All rights reserved.
  13:.\Generated_Source\PSoC5/BMP_SW.c **** * You may use this file only in accordance with the license, terms, conditions, 
  14:.\Generated_Source\PSoC5/BMP_SW.c **** * disclaimers, and limitations in the end user license agreement accompanying 
  15:.\Generated_Source\PSoC5/BMP_SW.c **** * the software package with which this file was provided.
  16:.\Generated_Source\PSoC5/BMP_SW.c **** *******************************************************************************/
  17:.\Generated_Source\PSoC5/BMP_SW.c **** 
  18:.\Generated_Source\PSoC5/BMP_SW.c **** #include "BMP_SW.h"
  19:.\Generated_Source\PSoC5/BMP_SW.c **** 
  20:.\Generated_Source\PSoC5/BMP_SW.c **** #if !defined(BMP_SW_sts_sts_reg__REMOVED) /* Check for removal by optimization */
  21:.\Generated_Source\PSoC5/BMP_SW.c **** 
  22:.\Generated_Source\PSoC5/BMP_SW.c **** 
  23:.\Generated_Source\PSoC5/BMP_SW.c **** /*******************************************************************************
  24:.\Generated_Source\PSoC5/BMP_SW.c **** * Function Name: BMP_SW_Read
  25:.\Generated_Source\PSoC5/BMP_SW.c **** ********************************************************************************
  26:.\Generated_Source\PSoC5/BMP_SW.c **** *
  27:.\Generated_Source\PSoC5/BMP_SW.c **** * Summary:
  28:.\Generated_Source\PSoC5/BMP_SW.c **** *  Reads the current value assigned to the Status Register.
  29:.\Generated_Source\PSoC5/BMP_SW.c **** *
  30:.\Generated_Source\PSoC5/BMP_SW.c **** * Parameters:
  31:.\Generated_Source\PSoC5/BMP_SW.c **** *  None.
ARM GAS  C:\Users\miyag\AppData\Local\Temp\ccOyN9nr.s 			page 2


  32:.\Generated_Source\PSoC5/BMP_SW.c **** *
  33:.\Generated_Source\PSoC5/BMP_SW.c **** * Return:
  34:.\Generated_Source\PSoC5/BMP_SW.c **** *  The current value in the Status Register.
  35:.\Generated_Source\PSoC5/BMP_SW.c **** *
  36:.\Generated_Source\PSoC5/BMP_SW.c **** *******************************************************************************/
  37:.\Generated_Source\PSoC5/BMP_SW.c **** uint8 BMP_SW_Read(void) 
  38:.\Generated_Source\PSoC5/BMP_SW.c **** { 
  27              		.loc 1 38 0
  28              		.cfi_startproc
  29              		@ args = 0, pretend = 0, frame = 0
  30              		@ frame_needed = 0, uses_anonymous_args = 0
  31              		@ link register save eliminated.
  39:.\Generated_Source\PSoC5/BMP_SW.c ****     return BMP_SW_Status;
  32              		.loc 1 39 0
  33 0000 014B     		ldr	r3, .L2
  34 0002 1878     		ldrb	r0, [r3]	@ zero_extendqisi2
  40:.\Generated_Source\PSoC5/BMP_SW.c **** }
  35              		.loc 1 40 0
  36 0004 7047     		bx	lr
  37              	.L3:
  38 0006 00BF     		.align	2
  39              	.L2:
  40 0008 60640040 		.word	1073767520
  41              		.cfi_endproc
  42              	.LFE0:
  43              		.size	BMP_SW_Read, .-BMP_SW_Read
  44              		.section	.text.BMP_SW_InterruptEnable,"ax",%progbits
  45              		.align	1
  46              		.global	BMP_SW_InterruptEnable
  47              		.thumb
  48              		.thumb_func
  49              		.type	BMP_SW_InterruptEnable, %function
  50              	BMP_SW_InterruptEnable:
  51              	.LFB1:
  41:.\Generated_Source\PSoC5/BMP_SW.c **** 
  42:.\Generated_Source\PSoC5/BMP_SW.c **** 
  43:.\Generated_Source\PSoC5/BMP_SW.c **** /*******************************************************************************
  44:.\Generated_Source\PSoC5/BMP_SW.c **** * Function Name: BMP_SW_InterruptEnable
  45:.\Generated_Source\PSoC5/BMP_SW.c **** ********************************************************************************
  46:.\Generated_Source\PSoC5/BMP_SW.c **** *
  47:.\Generated_Source\PSoC5/BMP_SW.c **** * Summary:
  48:.\Generated_Source\PSoC5/BMP_SW.c **** *  Enables the Status Register interrupt.
  49:.\Generated_Source\PSoC5/BMP_SW.c **** *
  50:.\Generated_Source\PSoC5/BMP_SW.c **** * Parameters:
  51:.\Generated_Source\PSoC5/BMP_SW.c **** *  None.
  52:.\Generated_Source\PSoC5/BMP_SW.c **** *
  53:.\Generated_Source\PSoC5/BMP_SW.c **** * Return:
  54:.\Generated_Source\PSoC5/BMP_SW.c **** *  None.
  55:.\Generated_Source\PSoC5/BMP_SW.c **** *
  56:.\Generated_Source\PSoC5/BMP_SW.c **** *******************************************************************************/
  57:.\Generated_Source\PSoC5/BMP_SW.c **** void BMP_SW_InterruptEnable(void) 
  58:.\Generated_Source\PSoC5/BMP_SW.c **** {
  52              		.loc 1 58 0
  53              		.cfi_startproc
  54              		@ args = 0, pretend = 0, frame = 0
  55              		@ frame_needed = 0, uses_anonymous_args = 0
  56 0000 08B5     		push	{r3, lr}
ARM GAS  C:\Users\miyag\AppData\Local\Temp\ccOyN9nr.s 			page 3


  57              		.cfi_def_cfa_offset 8
  58              		.cfi_offset 3, -8
  59              		.cfi_offset 14, -4
  59:.\Generated_Source\PSoC5/BMP_SW.c ****     uint8 interruptState;
  60:.\Generated_Source\PSoC5/BMP_SW.c ****     interruptState = CyEnterCriticalSection();
  60              		.loc 1 60 0
  61 0002 FFF7FEFF 		bl	CyEnterCriticalSection
  62              	.LVL0:
  61:.\Generated_Source\PSoC5/BMP_SW.c ****     BMP_SW_Status_Aux_Ctrl |= BMP_SW_STATUS_INTR_ENBL;
  63              		.loc 1 61 0
  64 0006 044A     		ldr	r2, .L5
  65 0008 1378     		ldrb	r3, [r2]	@ zero_extendqisi2
  66 000a 43F01003 		orr	r3, r3, #16
  67 000e 1370     		strb	r3, [r2]
  62:.\Generated_Source\PSoC5/BMP_SW.c ****     CyExitCriticalSection(interruptState);
  63:.\Generated_Source\PSoC5/BMP_SW.c **** }
  68              		.loc 1 63 0
  69 0010 BDE80840 		pop	{r3, lr}
  70              		.cfi_restore 14
  71              		.cfi_restore 3
  72              		.cfi_def_cfa_offset 0
  62:.\Generated_Source\PSoC5/BMP_SW.c ****     CyExitCriticalSection(interruptState);
  73              		.loc 1 62 0
  74 0014 FFF7FEBF 		b	CyExitCriticalSection
  75              	.LVL1:
  76              	.L6:
  77              		.align	2
  78              	.L5:
  79 0018 90640040 		.word	1073767568
  80              		.cfi_endproc
  81              	.LFE1:
  82              		.size	BMP_SW_InterruptEnable, .-BMP_SW_InterruptEnable
  83              		.section	.text.BMP_SW_InterruptDisable,"ax",%progbits
  84              		.align	1
  85              		.global	BMP_SW_InterruptDisable
  86              		.thumb
  87              		.thumb_func
  88              		.type	BMP_SW_InterruptDisable, %function
  89              	BMP_SW_InterruptDisable:
  90              	.LFB2:
  64:.\Generated_Source\PSoC5/BMP_SW.c **** 
  65:.\Generated_Source\PSoC5/BMP_SW.c **** 
  66:.\Generated_Source\PSoC5/BMP_SW.c **** /*******************************************************************************
  67:.\Generated_Source\PSoC5/BMP_SW.c **** * Function Name: BMP_SW_InterruptDisable
  68:.\Generated_Source\PSoC5/BMP_SW.c **** ********************************************************************************
  69:.\Generated_Source\PSoC5/BMP_SW.c **** *
  70:.\Generated_Source\PSoC5/BMP_SW.c **** * Summary:
  71:.\Generated_Source\PSoC5/BMP_SW.c **** *  Disables the Status Register interrupt.
  72:.\Generated_Source\PSoC5/BMP_SW.c **** *
  73:.\Generated_Source\PSoC5/BMP_SW.c **** * Parameters:
  74:.\Generated_Source\PSoC5/BMP_SW.c **** *  None.
  75:.\Generated_Source\PSoC5/BMP_SW.c **** *
  76:.\Generated_Source\PSoC5/BMP_SW.c **** * Return:
  77:.\Generated_Source\PSoC5/BMP_SW.c **** *  None.
  78:.\Generated_Source\PSoC5/BMP_SW.c **** *
  79:.\Generated_Source\PSoC5/BMP_SW.c **** *******************************************************************************/
  80:.\Generated_Source\PSoC5/BMP_SW.c **** void BMP_SW_InterruptDisable(void) 
ARM GAS  C:\Users\miyag\AppData\Local\Temp\ccOyN9nr.s 			page 4


  81:.\Generated_Source\PSoC5/BMP_SW.c **** {
  91              		.loc 1 81 0
  92              		.cfi_startproc
  93              		@ args = 0, pretend = 0, frame = 0
  94              		@ frame_needed = 0, uses_anonymous_args = 0
  95 0000 08B5     		push	{r3, lr}
  96              		.cfi_def_cfa_offset 8
  97              		.cfi_offset 3, -8
  98              		.cfi_offset 14, -4
  82:.\Generated_Source\PSoC5/BMP_SW.c ****     uint8 interruptState;
  83:.\Generated_Source\PSoC5/BMP_SW.c ****     interruptState = CyEnterCriticalSection();
  99              		.loc 1 83 0
 100 0002 FFF7FEFF 		bl	CyEnterCriticalSection
 101              	.LVL2:
  84:.\Generated_Source\PSoC5/BMP_SW.c ****     BMP_SW_Status_Aux_Ctrl &= (uint8)(~BMP_SW_STATUS_INTR_ENBL);
 102              		.loc 1 84 0
 103 0006 044A     		ldr	r2, .L8
 104 0008 1378     		ldrb	r3, [r2]	@ zero_extendqisi2
 105 000a 03F0EF03 		and	r3, r3, #239
 106 000e 1370     		strb	r3, [r2]
  85:.\Generated_Source\PSoC5/BMP_SW.c ****     CyExitCriticalSection(interruptState);
  86:.\Generated_Source\PSoC5/BMP_SW.c **** }
 107              		.loc 1 86 0
 108 0010 BDE80840 		pop	{r3, lr}
 109              		.cfi_restore 14
 110              		.cfi_restore 3
 111              		.cfi_def_cfa_offset 0
  85:.\Generated_Source\PSoC5/BMP_SW.c ****     CyExitCriticalSection(interruptState);
 112              		.loc 1 85 0
 113 0014 FFF7FEBF 		b	CyExitCriticalSection
 114              	.LVL3:
 115              	.L9:
 116              		.align	2
 117              	.L8:
 118 0018 90640040 		.word	1073767568
 119              		.cfi_endproc
 120              	.LFE2:
 121              		.size	BMP_SW_InterruptDisable, .-BMP_SW_InterruptDisable
 122              		.section	.text.BMP_SW_WriteMask,"ax",%progbits
 123              		.align	1
 124              		.global	BMP_SW_WriteMask
 125              		.thumb
 126              		.thumb_func
 127              		.type	BMP_SW_WriteMask, %function
 128              	BMP_SW_WriteMask:
 129              	.LFB3:
  87:.\Generated_Source\PSoC5/BMP_SW.c **** 
  88:.\Generated_Source\PSoC5/BMP_SW.c **** 
  89:.\Generated_Source\PSoC5/BMP_SW.c **** /*******************************************************************************
  90:.\Generated_Source\PSoC5/BMP_SW.c **** * Function Name: BMP_SW_WriteMask
  91:.\Generated_Source\PSoC5/BMP_SW.c **** ********************************************************************************
  92:.\Generated_Source\PSoC5/BMP_SW.c **** *
  93:.\Generated_Source\PSoC5/BMP_SW.c **** * Summary:
  94:.\Generated_Source\PSoC5/BMP_SW.c **** *  Writes the current mask value assigned to the Status Register.
  95:.\Generated_Source\PSoC5/BMP_SW.c **** *
  96:.\Generated_Source\PSoC5/BMP_SW.c **** * Parameters:
  97:.\Generated_Source\PSoC5/BMP_SW.c **** *  mask:  Value to write into the mask register.
ARM GAS  C:\Users\miyag\AppData\Local\Temp\ccOyN9nr.s 			page 5


  98:.\Generated_Source\PSoC5/BMP_SW.c **** *
  99:.\Generated_Source\PSoC5/BMP_SW.c **** * Return:
 100:.\Generated_Source\PSoC5/BMP_SW.c **** *  None.
 101:.\Generated_Source\PSoC5/BMP_SW.c **** *
 102:.\Generated_Source\PSoC5/BMP_SW.c **** *******************************************************************************/
 103:.\Generated_Source\PSoC5/BMP_SW.c **** void BMP_SW_WriteMask(uint8 mask) 
 104:.\Generated_Source\PSoC5/BMP_SW.c **** {
 130              		.loc 1 104 0
 131              		.cfi_startproc
 132              		@ args = 0, pretend = 0, frame = 0
 133              		@ frame_needed = 0, uses_anonymous_args = 0
 134              		@ link register save eliminated.
 135              	.LVL4:
 105:.\Generated_Source\PSoC5/BMP_SW.c ****     #if(BMP_SW_INPUTS < 8u)
 106:.\Generated_Source\PSoC5/BMP_SW.c ****     	mask &= ((uint8)(1u << BMP_SW_INPUTS) - 1u);
 107:.\Generated_Source\PSoC5/BMP_SW.c **** 	#endif /* End BMP_SW_INPUTS < 8u */
 108:.\Generated_Source\PSoC5/BMP_SW.c ****     BMP_SW_Status_Mask = mask;
 136              		.loc 1 108 0
 137 0000 014B     		ldr	r3, .L11
 138 0002 1870     		strb	r0, [r3]
 139 0004 7047     		bx	lr
 140              	.L12:
 141 0006 00BF     		.align	2
 142              	.L11:
 143 0008 80640040 		.word	1073767552
 144              		.cfi_endproc
 145              	.LFE3:
 146              		.size	BMP_SW_WriteMask, .-BMP_SW_WriteMask
 147              		.section	.text.BMP_SW_ReadMask,"ax",%progbits
 148              		.align	1
 149              		.global	BMP_SW_ReadMask
 150              		.thumb
 151              		.thumb_func
 152              		.type	BMP_SW_ReadMask, %function
 153              	BMP_SW_ReadMask:
 154              	.LFB4:
 109:.\Generated_Source\PSoC5/BMP_SW.c **** }
 110:.\Generated_Source\PSoC5/BMP_SW.c **** 
 111:.\Generated_Source\PSoC5/BMP_SW.c **** 
 112:.\Generated_Source\PSoC5/BMP_SW.c **** /*******************************************************************************
 113:.\Generated_Source\PSoC5/BMP_SW.c **** * Function Name: BMP_SW_ReadMask
 114:.\Generated_Source\PSoC5/BMP_SW.c **** ********************************************************************************
 115:.\Generated_Source\PSoC5/BMP_SW.c **** *
 116:.\Generated_Source\PSoC5/BMP_SW.c **** * Summary:
 117:.\Generated_Source\PSoC5/BMP_SW.c **** *  Reads the current interrupt mask assigned to the Status Register.
 118:.\Generated_Source\PSoC5/BMP_SW.c **** *
 119:.\Generated_Source\PSoC5/BMP_SW.c **** * Parameters:
 120:.\Generated_Source\PSoC5/BMP_SW.c **** *  None.
 121:.\Generated_Source\PSoC5/BMP_SW.c **** *
 122:.\Generated_Source\PSoC5/BMP_SW.c **** * Return:
 123:.\Generated_Source\PSoC5/BMP_SW.c **** *  The value of the interrupt mask of the Status Register.
 124:.\Generated_Source\PSoC5/BMP_SW.c **** *
 125:.\Generated_Source\PSoC5/BMP_SW.c **** *******************************************************************************/
 126:.\Generated_Source\PSoC5/BMP_SW.c **** uint8 BMP_SW_ReadMask(void) 
 127:.\Generated_Source\PSoC5/BMP_SW.c **** {
 155              		.loc 1 127 0
 156              		.cfi_startproc
ARM GAS  C:\Users\miyag\AppData\Local\Temp\ccOyN9nr.s 			page 6


 157              		@ args = 0, pretend = 0, frame = 0
 158              		@ frame_needed = 0, uses_anonymous_args = 0
 159              		@ link register save eliminated.
 128:.\Generated_Source\PSoC5/BMP_SW.c ****     return BMP_SW_Status_Mask;
 160              		.loc 1 128 0
 161 0000 014B     		ldr	r3, .L14
 162 0002 1878     		ldrb	r0, [r3]	@ zero_extendqisi2
 129:.\Generated_Source\PSoC5/BMP_SW.c **** }
 163              		.loc 1 129 0
 164 0004 7047     		bx	lr
 165              	.L15:
 166 0006 00BF     		.align	2
 167              	.L14:
 168 0008 80640040 		.word	1073767552
 169              		.cfi_endproc
 170              	.LFE4:
 171              		.size	BMP_SW_ReadMask, .-BMP_SW_ReadMask
 172              		.text
 173              	.Letext0:
 174              		.file 2 ".\\Generated_Source\\PSoC5\\cytypes.h"
 175              		.file 3 ".\\Generated_Source\\PSoC5\\CyLib.h"
 176              		.section	.debug_info,"",%progbits
 177              	.Ldebug_info0:
 178 0000 74010000 		.4byte	0x174
 179 0004 0400     		.2byte	0x4
 180 0006 00000000 		.4byte	.Ldebug_abbrev0
 181 000a 04       		.byte	0x4
 182 000b 01       		.uleb128 0x1
 183 000c 00010000 		.4byte	.LASF21
 184 0010 01       		.byte	0x1
 185 0011 18020000 		.4byte	.LASF22
 186 0015 6D000000 		.4byte	.LASF23
 187 0019 00000000 		.4byte	.Ldebug_ranges0+0
 188 001d 00000000 		.4byte	0
 189 0021 00000000 		.4byte	.Ldebug_line0
 190 0025 02       		.uleb128 0x2
 191 0026 01       		.byte	0x1
 192 0027 06       		.byte	0x6
 193 0028 A1010000 		.4byte	.LASF0
 194 002c 02       		.uleb128 0x2
 195 002d 01       		.byte	0x1
 196 002e 08       		.byte	0x8
 197 002f B5000000 		.4byte	.LASF1
 198 0033 02       		.uleb128 0x2
 199 0034 02       		.byte	0x2
 200 0035 05       		.byte	0x5
 201 0036 F1010000 		.4byte	.LASF2
 202 003a 02       		.uleb128 0x2
 203 003b 02       		.byte	0x2
 204 003c 07       		.byte	0x7
 205 003d 8E010000 		.4byte	.LASF3
 206 0041 02       		.uleb128 0x2
 207 0042 04       		.byte	0x4
 208 0043 05       		.byte	0x5
 209 0044 E0000000 		.4byte	.LASF4
 210 0048 02       		.uleb128 0x2
 211 0049 04       		.byte	0x4
ARM GAS  C:\Users\miyag\AppData\Local\Temp\ccOyN9nr.s 			page 7


 212 004a 07       		.byte	0x7
 213 004b 44000000 		.4byte	.LASF5
 214 004f 02       		.uleb128 0x2
 215 0050 08       		.byte	0x8
 216 0051 05       		.byte	0x5
 217 0052 00000000 		.4byte	.LASF6
 218 0056 02       		.uleb128 0x2
 219 0057 08       		.byte	0x8
 220 0058 07       		.byte	0x7
 221 0059 56000000 		.4byte	.LASF7
 222 005d 03       		.uleb128 0x3
 223 005e 04       		.byte	0x4
 224 005f 05       		.byte	0x5
 225 0060 696E7400 		.ascii	"int\000"
 226 0064 02       		.uleb128 0x2
 227 0065 04       		.byte	0x4
 228 0066 07       		.byte	0x7
 229 0067 0E000000 		.4byte	.LASF8
 230 006b 04       		.uleb128 0x4
 231 006c 3E000000 		.4byte	.LASF12
 232 0070 02       		.byte	0x2
 233 0071 9201     		.2byte	0x192
 234 0073 2C000000 		.4byte	0x2c
 235 0077 02       		.uleb128 0x2
 236 0078 04       		.byte	0x4
 237 0079 04       		.byte	0x4
 238 007a EB010000 		.4byte	.LASF9
 239 007e 02       		.uleb128 0x2
 240 007f 08       		.byte	0x8
 241 0080 04       		.byte	0x4
 242 0081 F9000000 		.4byte	.LASF10
 243 0085 02       		.uleb128 0x2
 244 0086 01       		.byte	0x1
 245 0087 08       		.byte	0x8
 246 0088 C3000000 		.4byte	.LASF11
 247 008c 04       		.uleb128 0x4
 248 008d FB010000 		.4byte	.LASF13
 249 0091 02       		.byte	0x2
 250 0092 3C02     		.2byte	0x23c
 251 0094 98000000 		.4byte	0x98
 252 0098 05       		.uleb128 0x5
 253 0099 6B000000 		.4byte	0x6b
 254 009d 02       		.uleb128 0x2
 255 009e 04       		.byte	0x4
 256 009f 07       		.byte	0x7
 257 00a0 00020000 		.4byte	.LASF14
 258 00a4 06       		.uleb128 0x6
 259 00a5 1B000000 		.4byte	.LASF19
 260 00a9 01       		.byte	0x1
 261 00aa 25       		.byte	0x25
 262 00ab 6B000000 		.4byte	0x6b
 263 00af 00000000 		.4byte	.LFB0
 264 00b3 0C000000 		.4byte	.LFE0-.LFB0
 265 00b7 01       		.uleb128 0x1
 266 00b8 9C       		.byte	0x9c
 267 00b9 07       		.uleb128 0x7
 268 00ba AD010000 		.4byte	.LASF15
ARM GAS  C:\Users\miyag\AppData\Local\Temp\ccOyN9nr.s 			page 8


 269 00be 01       		.byte	0x1
 270 00bf 39       		.byte	0x39
 271 00c0 00000000 		.4byte	.LFB1
 272 00c4 1C000000 		.4byte	.LFE1-.LFB1
 273 00c8 01       		.uleb128 0x1
 274 00c9 9C       		.byte	0x9c
 275 00ca F0000000 		.4byte	0xf0
 276 00ce 08       		.uleb128 0x8
 277 00cf 09020000 		.4byte	.LASF17
 278 00d3 01       		.byte	0x1
 279 00d4 3B       		.byte	0x3b
 280 00d5 6B000000 		.4byte	0x6b
 281 00d9 00000000 		.4byte	.LLST0
 282 00dd 09       		.uleb128 0x9
 283 00de 06000000 		.4byte	.LVL0
 284 00e2 5F010000 		.4byte	0x15f
 285 00e6 0A       		.uleb128 0xa
 286 00e7 18000000 		.4byte	.LVL1
 287 00eb 6A010000 		.4byte	0x16a
 288 00ef 00       		.byte	0
 289 00f0 07       		.uleb128 0x7
 290 00f1 C8000000 		.4byte	.LASF16
 291 00f5 01       		.byte	0x1
 292 00f6 50       		.byte	0x50
 293 00f7 00000000 		.4byte	.LFB2
 294 00fb 1C000000 		.4byte	.LFE2-.LFB2
 295 00ff 01       		.uleb128 0x1
 296 0100 9C       		.byte	0x9c
 297 0101 27010000 		.4byte	0x127
 298 0105 08       		.uleb128 0x8
 299 0106 09020000 		.4byte	.LASF17
 300 010a 01       		.byte	0x1
 301 010b 52       		.byte	0x52
 302 010c 6B000000 		.4byte	0x6b
 303 0110 13000000 		.4byte	.LLST1
 304 0114 09       		.uleb128 0x9
 305 0115 06000000 		.4byte	.LVL2
 306 0119 5F010000 		.4byte	0x15f
 307 011d 0A       		.uleb128 0xa
 308 011e 18000000 		.4byte	.LVL3
 309 0122 6A010000 		.4byte	0x16a
 310 0126 00       		.byte	0
 311 0127 07       		.uleb128 0x7
 312 0128 C4010000 		.4byte	.LASF18
 313 012c 01       		.byte	0x1
 314 012d 67       		.byte	0x67
 315 012e 00000000 		.4byte	.LFB3
 316 0132 0C000000 		.4byte	.LFE3-.LFB3
 317 0136 01       		.uleb128 0x1
 318 0137 9C       		.byte	0x9c
 319 0138 4A010000 		.4byte	0x14a
 320 013c 0B       		.uleb128 0xb
 321 013d B0000000 		.4byte	.LASF24
 322 0141 01       		.byte	0x1
 323 0142 67       		.byte	0x67
 324 0143 6B000000 		.4byte	0x6b
 325 0147 01       		.uleb128 0x1
ARM GAS  C:\Users\miyag\AppData\Local\Temp\ccOyN9nr.s 			page 9


 326 0148 50       		.byte	0x50
 327 0149 00       		.byte	0
 328 014a 06       		.uleb128 0x6
 329 014b E9000000 		.4byte	.LASF20
 330 014f 01       		.byte	0x1
 331 0150 7E       		.byte	0x7e
 332 0151 6B000000 		.4byte	0x6b
 333 0155 00000000 		.4byte	.LFB4
 334 0159 0C000000 		.4byte	.LFE4-.LFB4
 335 015d 01       		.uleb128 0x1
 336 015e 9C       		.byte	0x9c
 337 015f 0C       		.uleb128 0xc
 338 0160 27000000 		.4byte	.LASF25
 339 0164 03       		.byte	0x3
 340 0165 7D       		.byte	0x7d
 341 0166 6B000000 		.4byte	0x6b
 342 016a 0D       		.uleb128 0xd
 343 016b D5010000 		.4byte	.LASF26
 344 016f 03       		.byte	0x3
 345 0170 7E       		.byte	0x7e
 346 0171 0E       		.uleb128 0xe
 347 0172 6B000000 		.4byte	0x6b
 348 0176 00       		.byte	0
 349 0177 00       		.byte	0
 350              		.section	.debug_abbrev,"",%progbits
 351              	.Ldebug_abbrev0:
 352 0000 01       		.uleb128 0x1
 353 0001 11       		.uleb128 0x11
 354 0002 01       		.byte	0x1
 355 0003 25       		.uleb128 0x25
 356 0004 0E       		.uleb128 0xe
 357 0005 13       		.uleb128 0x13
 358 0006 0B       		.uleb128 0xb
 359 0007 03       		.uleb128 0x3
 360 0008 0E       		.uleb128 0xe
 361 0009 1B       		.uleb128 0x1b
 362 000a 0E       		.uleb128 0xe
 363 000b 55       		.uleb128 0x55
 364 000c 17       		.uleb128 0x17
 365 000d 11       		.uleb128 0x11
 366 000e 01       		.uleb128 0x1
 367 000f 10       		.uleb128 0x10
 368 0010 17       		.uleb128 0x17
 369 0011 00       		.byte	0
 370 0012 00       		.byte	0
 371 0013 02       		.uleb128 0x2
 372 0014 24       		.uleb128 0x24
 373 0015 00       		.byte	0
 374 0016 0B       		.uleb128 0xb
 375 0017 0B       		.uleb128 0xb
 376 0018 3E       		.uleb128 0x3e
 377 0019 0B       		.uleb128 0xb
 378 001a 03       		.uleb128 0x3
 379 001b 0E       		.uleb128 0xe
 380 001c 00       		.byte	0
 381 001d 00       		.byte	0
 382 001e 03       		.uleb128 0x3
ARM GAS  C:\Users\miyag\AppData\Local\Temp\ccOyN9nr.s 			page 10


 383 001f 24       		.uleb128 0x24
 384 0020 00       		.byte	0
 385 0021 0B       		.uleb128 0xb
 386 0022 0B       		.uleb128 0xb
 387 0023 3E       		.uleb128 0x3e
 388 0024 0B       		.uleb128 0xb
 389 0025 03       		.uleb128 0x3
 390 0026 08       		.uleb128 0x8
 391 0027 00       		.byte	0
 392 0028 00       		.byte	0
 393 0029 04       		.uleb128 0x4
 394 002a 16       		.uleb128 0x16
 395 002b 00       		.byte	0
 396 002c 03       		.uleb128 0x3
 397 002d 0E       		.uleb128 0xe
 398 002e 3A       		.uleb128 0x3a
 399 002f 0B       		.uleb128 0xb
 400 0030 3B       		.uleb128 0x3b
 401 0031 05       		.uleb128 0x5
 402 0032 49       		.uleb128 0x49
 403 0033 13       		.uleb128 0x13
 404 0034 00       		.byte	0
 405 0035 00       		.byte	0
 406 0036 05       		.uleb128 0x5
 407 0037 35       		.uleb128 0x35
 408 0038 00       		.byte	0
 409 0039 49       		.uleb128 0x49
 410 003a 13       		.uleb128 0x13
 411 003b 00       		.byte	0
 412 003c 00       		.byte	0
 413 003d 06       		.uleb128 0x6
 414 003e 2E       		.uleb128 0x2e
 415 003f 00       		.byte	0
 416 0040 3F       		.uleb128 0x3f
 417 0041 19       		.uleb128 0x19
 418 0042 03       		.uleb128 0x3
 419 0043 0E       		.uleb128 0xe
 420 0044 3A       		.uleb128 0x3a
 421 0045 0B       		.uleb128 0xb
 422 0046 3B       		.uleb128 0x3b
 423 0047 0B       		.uleb128 0xb
 424 0048 27       		.uleb128 0x27
 425 0049 19       		.uleb128 0x19
 426 004a 49       		.uleb128 0x49
 427 004b 13       		.uleb128 0x13
 428 004c 11       		.uleb128 0x11
 429 004d 01       		.uleb128 0x1
 430 004e 12       		.uleb128 0x12
 431 004f 06       		.uleb128 0x6
 432 0050 40       		.uleb128 0x40
 433 0051 18       		.uleb128 0x18
 434 0052 9742     		.uleb128 0x2117
 435 0054 19       		.uleb128 0x19
 436 0055 00       		.byte	0
 437 0056 00       		.byte	0
 438 0057 07       		.uleb128 0x7
 439 0058 2E       		.uleb128 0x2e
ARM GAS  C:\Users\miyag\AppData\Local\Temp\ccOyN9nr.s 			page 11


 440 0059 01       		.byte	0x1
 441 005a 3F       		.uleb128 0x3f
 442 005b 19       		.uleb128 0x19
 443 005c 03       		.uleb128 0x3
 444 005d 0E       		.uleb128 0xe
 445 005e 3A       		.uleb128 0x3a
 446 005f 0B       		.uleb128 0xb
 447 0060 3B       		.uleb128 0x3b
 448 0061 0B       		.uleb128 0xb
 449 0062 27       		.uleb128 0x27
 450 0063 19       		.uleb128 0x19
 451 0064 11       		.uleb128 0x11
 452 0065 01       		.uleb128 0x1
 453 0066 12       		.uleb128 0x12
 454 0067 06       		.uleb128 0x6
 455 0068 40       		.uleb128 0x40
 456 0069 18       		.uleb128 0x18
 457 006a 9742     		.uleb128 0x2117
 458 006c 19       		.uleb128 0x19
 459 006d 01       		.uleb128 0x1
 460 006e 13       		.uleb128 0x13
 461 006f 00       		.byte	0
 462 0070 00       		.byte	0
 463 0071 08       		.uleb128 0x8
 464 0072 34       		.uleb128 0x34
 465 0073 00       		.byte	0
 466 0074 03       		.uleb128 0x3
 467 0075 0E       		.uleb128 0xe
 468 0076 3A       		.uleb128 0x3a
 469 0077 0B       		.uleb128 0xb
 470 0078 3B       		.uleb128 0x3b
 471 0079 0B       		.uleb128 0xb
 472 007a 49       		.uleb128 0x49
 473 007b 13       		.uleb128 0x13
 474 007c 02       		.uleb128 0x2
 475 007d 17       		.uleb128 0x17
 476 007e 00       		.byte	0
 477 007f 00       		.byte	0
 478 0080 09       		.uleb128 0x9
 479 0081 898201   		.uleb128 0x4109
 480 0084 00       		.byte	0
 481 0085 11       		.uleb128 0x11
 482 0086 01       		.uleb128 0x1
 483 0087 31       		.uleb128 0x31
 484 0088 13       		.uleb128 0x13
 485 0089 00       		.byte	0
 486 008a 00       		.byte	0
 487 008b 0A       		.uleb128 0xa
 488 008c 898201   		.uleb128 0x4109
 489 008f 00       		.byte	0
 490 0090 11       		.uleb128 0x11
 491 0091 01       		.uleb128 0x1
 492 0092 9542     		.uleb128 0x2115
 493 0094 19       		.uleb128 0x19
 494 0095 31       		.uleb128 0x31
 495 0096 13       		.uleb128 0x13
 496 0097 00       		.byte	0
ARM GAS  C:\Users\miyag\AppData\Local\Temp\ccOyN9nr.s 			page 12


 497 0098 00       		.byte	0
 498 0099 0B       		.uleb128 0xb
 499 009a 05       		.uleb128 0x5
 500 009b 00       		.byte	0
 501 009c 03       		.uleb128 0x3
 502 009d 0E       		.uleb128 0xe
 503 009e 3A       		.uleb128 0x3a
 504 009f 0B       		.uleb128 0xb
 505 00a0 3B       		.uleb128 0x3b
 506 00a1 0B       		.uleb128 0xb
 507 00a2 49       		.uleb128 0x49
 508 00a3 13       		.uleb128 0x13
 509 00a4 02       		.uleb128 0x2
 510 00a5 18       		.uleb128 0x18
 511 00a6 00       		.byte	0
 512 00a7 00       		.byte	0
 513 00a8 0C       		.uleb128 0xc
 514 00a9 2E       		.uleb128 0x2e
 515 00aa 00       		.byte	0
 516 00ab 3F       		.uleb128 0x3f
 517 00ac 19       		.uleb128 0x19
 518 00ad 03       		.uleb128 0x3
 519 00ae 0E       		.uleb128 0xe
 520 00af 3A       		.uleb128 0x3a
 521 00b0 0B       		.uleb128 0xb
 522 00b1 3B       		.uleb128 0x3b
 523 00b2 0B       		.uleb128 0xb
 524 00b3 27       		.uleb128 0x27
 525 00b4 19       		.uleb128 0x19
 526 00b5 49       		.uleb128 0x49
 527 00b6 13       		.uleb128 0x13
 528 00b7 3C       		.uleb128 0x3c
 529 00b8 19       		.uleb128 0x19
 530 00b9 00       		.byte	0
 531 00ba 00       		.byte	0
 532 00bb 0D       		.uleb128 0xd
 533 00bc 2E       		.uleb128 0x2e
 534 00bd 01       		.byte	0x1
 535 00be 3F       		.uleb128 0x3f
 536 00bf 19       		.uleb128 0x19
 537 00c0 03       		.uleb128 0x3
 538 00c1 0E       		.uleb128 0xe
 539 00c2 3A       		.uleb128 0x3a
 540 00c3 0B       		.uleb128 0xb
 541 00c4 3B       		.uleb128 0x3b
 542 00c5 0B       		.uleb128 0xb
 543 00c6 27       		.uleb128 0x27
 544 00c7 19       		.uleb128 0x19
 545 00c8 3C       		.uleb128 0x3c
 546 00c9 19       		.uleb128 0x19
 547 00ca 00       		.byte	0
 548 00cb 00       		.byte	0
 549 00cc 0E       		.uleb128 0xe
 550 00cd 05       		.uleb128 0x5
 551 00ce 00       		.byte	0
 552 00cf 49       		.uleb128 0x49
 553 00d0 13       		.uleb128 0x13
ARM GAS  C:\Users\miyag\AppData\Local\Temp\ccOyN9nr.s 			page 13


 554 00d1 00       		.byte	0
 555 00d2 00       		.byte	0
 556 00d3 00       		.byte	0
 557              		.section	.debug_loc,"",%progbits
 558              	.Ldebug_loc0:
 559              	.LLST0:
 560 0000 06000000 		.4byte	.LVL0
 561 0004 17000000 		.4byte	.LVL1-1
 562 0008 0100     		.2byte	0x1
 563 000a 50       		.byte	0x50
 564 000b 00000000 		.4byte	0
 565 000f 00000000 		.4byte	0
 566              	.LLST1:
 567 0013 06000000 		.4byte	.LVL2
 568 0017 17000000 		.4byte	.LVL3-1
 569 001b 0100     		.2byte	0x1
 570 001d 50       		.byte	0x50
 571 001e 00000000 		.4byte	0
 572 0022 00000000 		.4byte	0
 573              		.section	.debug_aranges,"",%progbits
 574 0000 3C000000 		.4byte	0x3c
 575 0004 0200     		.2byte	0x2
 576 0006 00000000 		.4byte	.Ldebug_info0
 577 000a 04       		.byte	0x4
 578 000b 00       		.byte	0
 579 000c 0000     		.2byte	0
 580 000e 0000     		.2byte	0
 581 0010 00000000 		.4byte	.LFB0
 582 0014 0C000000 		.4byte	.LFE0-.LFB0
 583 0018 00000000 		.4byte	.LFB1
 584 001c 1C000000 		.4byte	.LFE1-.LFB1
 585 0020 00000000 		.4byte	.LFB2
 586 0024 1C000000 		.4byte	.LFE2-.LFB2
 587 0028 00000000 		.4byte	.LFB3
 588 002c 0C000000 		.4byte	.LFE3-.LFB3
 589 0030 00000000 		.4byte	.LFB4
 590 0034 0C000000 		.4byte	.LFE4-.LFB4
 591 0038 00000000 		.4byte	0
 592 003c 00000000 		.4byte	0
 593              		.section	.debug_ranges,"",%progbits
 594              	.Ldebug_ranges0:
 595 0000 00000000 		.4byte	.LFB0
 596 0004 0C000000 		.4byte	.LFE0
 597 0008 00000000 		.4byte	.LFB1
 598 000c 1C000000 		.4byte	.LFE1
 599 0010 00000000 		.4byte	.LFB2
 600 0014 1C000000 		.4byte	.LFE2
 601 0018 00000000 		.4byte	.LFB3
 602 001c 0C000000 		.4byte	.LFE3
 603 0020 00000000 		.4byte	.LFB4
 604 0024 0C000000 		.4byte	.LFE4
 605 0028 00000000 		.4byte	0
 606 002c 00000000 		.4byte	0
 607              		.section	.debug_line,"",%progbits
 608              	.Ldebug_line0:
 609 0000 B1000000 		.section	.debug_str,"MS",%progbits,1
 609      02005000 
ARM GAS  C:\Users\miyag\AppData\Local\Temp\ccOyN9nr.s 			page 14


 609      00000201 
 609      FB0E0D00 
 609      01010101 
 610              	.LASF6:
 611 0000 6C6F6E67 		.ascii	"long long int\000"
 611      206C6F6E 
 611      6720696E 
 611      7400
 612              	.LASF8:
 613 000e 756E7369 		.ascii	"unsigned int\000"
 613      676E6564 
 613      20696E74 
 613      00
 614              	.LASF19:
 615 001b 424D505F 		.ascii	"BMP_SW_Read\000"
 615      53575F52 
 615      65616400 
 616              	.LASF25:
 617 0027 4379456E 		.ascii	"CyEnterCriticalSection\000"
 617      74657243 
 617      72697469 
 617      63616C53 
 617      65637469 
 618              	.LASF12:
 619 003e 75696E74 		.ascii	"uint8\000"
 619      3800
 620              	.LASF5:
 621 0044 6C6F6E67 		.ascii	"long unsigned int\000"
 621      20756E73 
 621      69676E65 
 621      6420696E 
 621      7400
 622              	.LASF7:
 623 0056 6C6F6E67 		.ascii	"long long unsigned int\000"
 623      206C6F6E 
 623      6720756E 
 623      7369676E 
 623      65642069 
 624              	.LASF23:
 625 006d 433A5C54 		.ascii	"C:\\TIRI\\k3g2pmpm_20211223\\trobot_psoc_v6_73\\tro"
 625      4952495C 
 625      6B336732 
 625      706D706D 
 625      5F323032 
 626 009c 626F7436 		.ascii	"bot6_cir2_2wd.cydsn\000"
 626      5F636972 
 626      325F3277 
 626      642E6379 
 626      64736E00 
 627              	.LASF24:
 628 00b0 6D61736B 		.ascii	"mask\000"
 628      00
 629              	.LASF1:
 630 00b5 756E7369 		.ascii	"unsigned char\000"
 630      676E6564 
 630      20636861 
 630      7200
ARM GAS  C:\Users\miyag\AppData\Local\Temp\ccOyN9nr.s 			page 15


 631              	.LASF11:
 632 00c3 63686172 		.ascii	"char\000"
 632      00
 633              	.LASF16:
 634 00c8 424D505F 		.ascii	"BMP_SW_InterruptDisable\000"
 634      53575F49 
 634      6E746572 
 634      72757074 
 634      44697361 
 635              	.LASF4:
 636 00e0 6C6F6E67 		.ascii	"long int\000"
 636      20696E74 
 636      00
 637              	.LASF20:
 638 00e9 424D505F 		.ascii	"BMP_SW_ReadMask\000"
 638      53575F52 
 638      6561644D 
 638      61736B00 
 639              	.LASF10:
 640 00f9 646F7562 		.ascii	"double\000"
 640      6C6500
 641              	.LASF21:
 642 0100 474E5520 		.ascii	"GNU C 4.9.3 20150303 (release) [ARM/embedded-4_9-br"
 642      4320342E 
 642      392E3320 
 642      32303135 
 642      30333033 
 643 0133 616E6368 		.ascii	"anch revision 221220] -mcpu=cortex-m3 -mthumb -g -O"
 643      20726576 
 643      6973696F 
 643      6E203232 
 643      31323230 
 644 0166 73202D66 		.ascii	"s -ffunction-sections -ffat-lto-objects\000"
 644      66756E63 
 644      74696F6E 
 644      2D736563 
 644      74696F6E 
 645              	.LASF3:
 646 018e 73686F72 		.ascii	"short unsigned int\000"
 646      7420756E 
 646      7369676E 
 646      65642069 
 646      6E7400
 647              	.LASF0:
 648 01a1 7369676E 		.ascii	"signed char\000"
 648      65642063 
 648      68617200 
 649              	.LASF15:
 650 01ad 424D505F 		.ascii	"BMP_SW_InterruptEnable\000"
 650      53575F49 
 650      6E746572 
 650      72757074 
 650      456E6162 
 651              	.LASF18:
 652 01c4 424D505F 		.ascii	"BMP_SW_WriteMask\000"
 652      53575F57 
 652      72697465 
ARM GAS  C:\Users\miyag\AppData\Local\Temp\ccOyN9nr.s 			page 16


 652      4D61736B 
 652      00
 653              	.LASF26:
 654 01d5 43794578 		.ascii	"CyExitCriticalSection\000"
 654      69744372 
 654      69746963 
 654      616C5365 
 654      6374696F 
 655              	.LASF9:
 656 01eb 666C6F61 		.ascii	"float\000"
 656      7400
 657              	.LASF2:
 658 01f1 73686F72 		.ascii	"short int\000"
 658      7420696E 
 658      7400
 659              	.LASF13:
 660 01fb 72656738 		.ascii	"reg8\000"
 660      00
 661              	.LASF14:
 662 0200 73697A65 		.ascii	"sizetype\000"
 662      74797065 
 662      00
 663              	.LASF17:
 664 0209 696E7465 		.ascii	"interruptState\000"
 664      72727570 
 664      74537461 
 664      746500
 665              	.LASF22:
 666 0218 2E5C4765 		.ascii	".\\Generated_Source\\PSoC5\\BMP_SW.c\000"
 666      6E657261 
 666      7465645F 
 666      536F7572 
 666      63655C50 
 667              		.ident	"GCC: (GNU Tools for ARM Embedded Processors) 4.9.3 20150303 (release) [ARM/embedded-4_9-br
