--------------- Build Started: 03/01/2023 10:06:22 Project: trobot6_cir2_2wd, Configuration: ARM GCC 4.9-2015-q1-update Release ---------------
The code generation step is up to date.
arm-none-eabi-gcc.exe -mcpu=cortex-m3 -mthumb -Wno-main -I. -IGenerated_Source\PSoC5 -Wa,-alh=.\CortexM3\ARM_GCC_493\Release/main.lst -g -D NDEBUG -Wall -ffunction-sections -Os -ffat-lto-objects -c .\main.c -o .\CortexM3\ARM_GCC_493\Release\main.o
.\main.c: In function 'main':
.\main.c:1065:5: warning: implicit declaration of function 'SelfTest_CPU_Registers' [-Wimplicit-function-declaration]
     ret = SelfTest_CPU_Registers();
     ^
.\main.c:1061:11: warning: unused variable 'j' [-Wunused-variable]
     uint8 j ;
           ^
.\main.c:1060:12: warning: unused variable 'i' [-Wunused-variable]
     uint16 i ;
            ^
.\main.c: In function 'ini_spi2':
.\main.c:3823:11: warning: variable 'spi2_whoami' set but not used [-Wunused-but-set-variable]
     uint8 spi2_whoami;
           ^
arm-none-eabi-ar.exe -rs .\CortexM3\ARM_GCC_493\Release\trobot6_cir2_2wd.a .\CortexM3\ARM_GCC_493\Release\cyfitter_cfg.o .\CortexM3\ARM_GCC_493\Release\motor_contl_reg_0.o .\CortexM3\ARM_GCC_493\Release\motor_contl_reg_0_PM.o .\CortexM3\ARM_GCC_493\Release\PWMOUT0.o .\CortexM3\ARM_GCC_493\Release\PWMOUT1.o .\CortexM3\ARM_GCC_493\Release\CW1.o .\CortexM3\ARM_GCC_493\Release\CW0.o .\CortexM3\ARM_GCC_493\Release\BREAK1.o .\CortexM3\ARM_GCC_493\Release\BREAK0.o .\CortexM3\ARM_GCC_493\Release\USBUART_1.o .\CortexM3\ARM_GCC_493\Release\USBUART_1_audio.o .\CortexM3\ARM_GCC_493\Release\USBUART_1_boot.o .\CortexM3\ARM_GCC_493\Release\USBUART_1_cdc.o .\CortexM3\ARM_GCC_493\Release\USBUART_1_cls.o .\CortexM3\ARM_GCC_493\Release\USBUART_1_descr.o .\CortexM3\ARM_GCC_493\Release\USBUART_1_drv.o .\CortexM3\ARM_GCC_493\Release\USBUART_1_episr.o .\CortexM3\ARM_GCC_493\Release\USBUART_1_hid.o .\CortexM3\ARM_GCC_493\Release\USBUART_1_pm.o .\CortexM3\ARM_GCC_493\Release\USBUART_1_std.o .\CortexM3\ARM_GCC_493\Release\USBUART_1_vnd.o .\CortexM3\ARM_GCC_493\Release\USBUART_1_midi.o .\CortexM3\ARM_GCC_493\Release\USBUART_1_msc.o .\CortexM3\ARM_GCC_493\Release\sub_cycle_int.o .\CortexM3\ARM_GCC_493\Release\P_out.o .\CortexM3\ARM_GCC_493\Release\motor1_b.o .\CortexM3\ARM_GCC_493\Release\motor1_a.o .\CortexM3\ARM_GCC_493\Release\motor0_a.o .\CortexM3\ARM_GCC_493\Release\motor0_b.o .\CortexM3\ARM_GCC_493\Release\Timer_PWM.o .\CortexM3\ARM_GCC_493\Release\Timer_PWM_PM.o .\CortexM3\ARM_GCC_493\Release\timer_clock.o .\CortexM3\ARM_GCC_493\Release\Timer_cycle.o .\CortexM3\ARM_GCC_493\Release\Timer_cycle_PM.o .\CortexM3\ARM_GCC_493\Release\FirstLine.o .\CortexM3\ARM_GCC_493\Release\CycleStart.o .\CortexM3\ARM_GCC_493\Release\SubCycleStart.o .\CortexM3\ARM_GCC_493\Release\ADC_SAR_1.o .\CortexM3\ARM_GCC_493\Release\ADC_SAR_1_INT.o .\CortexM3\ARM_GCC_493\Release\ADC_SAR_1_PM.o .\CortexM3\ARM_GCC_493\Release\AMux_1.o .\CortexM3\ARM_GCC_493\Release\V_battery.o .\CortexM3\ARM_GCC_493\Release\VDAC8_1.o .\CortexM3\ARM_GCC_493\Release\VDAC8_1_PM.o .\CortexM3\ARM_GCC_493\Release\DieTemp_1.o .\CortexM3\ARM_GCC_493\Release\WDT_int.o .\CortexM3\ARM_GCC_493\Release\PIC_CS.o .\CortexM3\ARM_GCC_493\Release\P_out_1.o .\CortexM3\ARM_GCC_493\Release\Timer_sub_cycle.o .\CortexM3\ARM_GCC_493\Release\Timer_sub_cycle_PM.o .\CortexM3\ARM_GCC_493\Release\P_out_2.o .\CortexM3\ARM_GCC_493\Release\SS0.o .\CortexM3\ARM_GCC_493\Release\MOSI.o .\CortexM3\ARM_GCC_493\Release\SCLK.o .\CortexM3\ARM_GCC_493\Release\MISO.o .\CortexM3\ARM_GCC_493\Release\SPIM_1.o .\CortexM3\ARM_GCC_493\Release\SPIM_1_PM.o .\CortexM3\ARM_GCC_493\Release\SPIM_1_INT.o .\CortexM3\ARM_GCC_493\Release\SS0_B.o .\CortexM3\ARM_GCC_493\Release\SS0_B_PM.o .\CortexM3\ARM_GCC_493\Release\motor_en_reg.o .\CortexM3\ARM_GCC_493\Release\motor_en_reg_PM.o .\CortexM3\ARM_GCC_493\Release\DOF9_CS.o .\CortexM3\ARM_GCC_493\Release\MOTOR_EN.o .\CortexM3\ARM_GCC_493\Release\motor_contl_reg_1.o .\CortexM3\ARM_GCC_493\Release\motor_contl_reg_1_PM.o .\CortexM3\ARM_GCC_493\Release\DRV_ENA.o .\CortexM3\ARM_GCC_493\Release\Dist0_FR.o .\CortexM3\ARM_GCC_493\Release\Dist1_Front.o .\CortexM3\ARM_GCC_493\Release\Dist2_FL.o .\CortexM3\ARM_GCC_493\Release\Dist3_Rear.o .\CortexM3\ARM_GCC_493\Release\BMP_SW.o .\CortexM3\ARM_GCC_493\Release\BMP_SW0_RF.o .\CortexM3\ARM_GCC_493\Release\BMP_SW1_FR.o .\CortexM3\ARM_GCC_493\Release\BMP_SW2_FL.o .\CortexM3\ARM_GCC_493\Release\BMP_SW3_LF.o .\CortexM3\ARM_GCC_493\Release\BMP_SW4_LR.o .\CortexM3\ARM_GCC_493\Release\BMP_SW5_RL.o .\CortexM3\ARM_GCC_493\Release\BMP_SW6_RR.o .\CortexM3\ARM_GCC_493\Release\BMP_SW7_rightR.o .\CortexM3\ARM_GCC_493\Release\MOTOR_FAULT.o .\CortexM3\ARM_GCC_493\Release\EM_STOP.o .\CortexM3\ARM_GCC_493\Release\psoc_nop.o .\CortexM3\ARM_GCC_493\Release\WDT_detect_com_err.o .\CortexM3\ARM_GCC_493\Release\WDT_detect_com_err_PM.o .\CortexM3\ARM_GCC_493\Release\USBUART_1_Dm.o .\CortexM3\ARM_GCC_493\Release\USBUART_1_Dp.o .\CortexM3\ARM_GCC_493\Release\ADC_SAR_1_IRQ.o .\CortexM3\ARM_GCC_493\Release\ADC_SAR_1_theACLK.o .\CortexM3\ARM_GCC_493\Release\SPIM_1_IntClock.o .\CortexM3\ARM_GCC_493\Release\CyBootAsmGnu.o .\CortexM3\ARM_GCC_493\Release\CyDmac.o .\CortexM3\ARM_GCC_493\Release\CyFlash.o .\CortexM3\ARM_GCC_493\Release\CyLib.o .\CortexM3\ARM_GCC_493\Release\cyPm.o .\CortexM3\ARM_GCC_493\Release\CySpc.o .\CortexM3\ARM_GCC_493\Release\cyutils.o .\CortexM3\ARM_GCC_493\Release\SS1.o .\CortexM3\ARM_GCC_493\Release\SPIM_2.o .\CortexM3\ARM_GCC_493\Release\SPIM_2_PM.o .\CortexM3\ARM_GCC_493\Release\SPIM_2_INT.o .\CortexM3\ARM_GCC_493\Release\SPIM_2_IntClock.o .\CortexM3\ARM_GCC_493\Release\hu0.o .\CortexM3\ARM_GCC_493\Release\hv0.o .\CortexM3\ARM_GCC_493\Release\hw0.o .\CortexM3\ARM_GCC_493\Release\hu1.o .\CortexM3\ARM_GCC_493\Release\hv1.o .\CortexM3\ARM_GCC_493\Release\hw1.o .\CortexM3\ARM_GCC_493\Release\Dist6_PVM1.o .\CortexM3\ARM_GCC_493\Release\Dist_9_Detect_dwn_step.o .\CortexM3\ARM_GCC_493\Release\dist8_SW_DET.o .\CortexM3\ARM_GCC_493\Release\Dist4_PVM_CUR.o .\CortexM3\ARM_GCC_493\Release\Sonr_TRG_x4.o
arm-none-eabi-ar.exe: creating .\CortexM3\ARM_GCC_493\Release\trobot6_cir2_2wd.a
arm-none-eabi-gcc.exe -Wl,--start-group -o .\CortexM3\ARM_GCC_493\Release\trobot6_cir2_2wd.elf .\CortexM3\ARM_GCC_493\Release\main.o .\CortexM3\ARM_GCC_493\Release\Motor_Contl4_3.o .\CortexM3\ARM_GCC_493\Release\Motor_Contl4_3_data.o .\CortexM3\ARM_GCC_493\Release\SelfTest_CPU.o .\CortexM3\ARM_GCC_493\Release\SelfTest_CPU_asm.o .\CortexM3\ARM_GCC_493\Release\cymetadata.o .\CortexM3\ARM_GCC_493\Release\Cm3Start.o .\CortexM3\ARM_GCC_493\Release\trobot6_cir2_2wd.a "C:\Program Files (x86)\Cypress\PSoC Creator\3.3\PSoC Creator\psoc\content\cycomponentlibrary\CyComponentLibrary.cylib\CortexM3\ARM_GCC_493\Release\CyComponentLibrary.a" -mcpu=cortex-m3 -mthumb -g -ffunction-sections -Os -ffat-lto-objects -L Generated_Source\PSoC5 -Wl,-Map,.\CortexM3\ARM_GCC_493\Release/trobot6_cir2_2wd.map -T Generated_Source\PSoC5\cm3gcc.ld -specs=nano.specs -Wl,--gc-sections -Wl,--end-group
cyelftool.exe -C C:\TIRI\k3g2pmpm_20211223\trobot_psoc_v6_73\trobot6_cir2_2wd.cydsn\CortexM3\ARM_GCC_493\Release\trobot6_cir2_2wd.elf --flash_row_size 256 --flash_size 262144
cyelftool.exe -S C:\TIRI\k3g2pmpm_20211223\trobot_psoc_v6_73\trobot6_cir2_2wd.cydsn\CortexM3\ARM_GCC_493\Release\trobot6_cir2_2wd.elf
Flash used: 26880 of 262144 bytes (10.3%).
SRAM used: 4693 of 65536 bytes (7.2%). Stack: 2048 bytes. Heap: 128 bytes.
--------------- Build Succeeded: 03/01/2023 10:06:26 ---------------
