ARM GAS  C:\Users\miyag\AppData\Local\Temp\ccfoMVeh.s 			page 1


   1              		.syntax unified
   2              		.cpu cortex-m3
   3              		.fpu softvfp
   4              		.eabi_attribute 20, 1
   5              		.eabi_attribute 21, 1
   6              		.eabi_attribute 23, 3
   7              		.eabi_attribute 24, 1
   8              		.eabi_attribute 25, 1
   9              		.eabi_attribute 26, 1
  10              		.eabi_attribute 30, 4
  11              		.eabi_attribute 34, 1
  12              		.eabi_attribute 18, 4
  13              		.thumb
  14              		.file	"DieTemp_1.c"
  15              		.text
  16              	.Ltext0:
  17              		.cfi_sections	.debug_frame
  18              		.section	.text.DieTemp_1_Start,"ax",%progbits
  19              		.align	1
  20              		.global	DieTemp_1_Start
  21              		.thumb
  22              		.thumb_func
  23              		.type	DieTemp_1_Start, %function
  24              	DieTemp_1_Start:
  25              	.LFB0:
  26              		.file 1 ".\\Generated_Source\\PSoC5\\DieTemp_1.c"
   1:.\Generated_Source\PSoC5/DieTemp_1.c **** /*******************************************************************************
   2:.\Generated_Source\PSoC5/DieTemp_1.c **** * File Name: DieTemp_1_DieTemp.c
   3:.\Generated_Source\PSoC5/DieTemp_1.c **** * Version 2.0
   4:.\Generated_Source\PSoC5/DieTemp_1.c **** *
   5:.\Generated_Source\PSoC5/DieTemp_1.c **** * Description:
   6:.\Generated_Source\PSoC5/DieTemp_1.c **** *  Provides the API to acquire the die temperature.
   7:.\Generated_Source\PSoC5/DieTemp_1.c **** *
   8:.\Generated_Source\PSoC5/DieTemp_1.c **** ********************************************************************************
   9:.\Generated_Source\PSoC5/DieTemp_1.c **** * Copyright 2008-2012, Cypress Semiconductor Corporation.  All rights reserved.
  10:.\Generated_Source\PSoC5/DieTemp_1.c **** * You may use this file only in accordance with the license, terms, conditions,
  11:.\Generated_Source\PSoC5/DieTemp_1.c **** * disclaimers, and limitations in the end user license agreement accompanying
  12:.\Generated_Source\PSoC5/DieTemp_1.c **** * the software package with which this file was provided.
  13:.\Generated_Source\PSoC5/DieTemp_1.c **** *******************************************************************************/
  14:.\Generated_Source\PSoC5/DieTemp_1.c **** 
  15:.\Generated_Source\PSoC5/DieTemp_1.c **** 
  16:.\Generated_Source\PSoC5/DieTemp_1.c **** #include <cydevice_trm.H>
  17:.\Generated_Source\PSoC5/DieTemp_1.c **** #include <DieTemp_1.h>
  18:.\Generated_Source\PSoC5/DieTemp_1.c **** 
  19:.\Generated_Source\PSoC5/DieTemp_1.c **** 
  20:.\Generated_Source\PSoC5/DieTemp_1.c **** #define DieTemp_1_NUMBER_OF_SAMPLES      (0x1u)
  21:.\Generated_Source\PSoC5/DieTemp_1.c **** #define DieTemp_1_TIMER_PERIOD           (0xFFFu)
  22:.\Generated_Source\PSoC5/DieTemp_1.c **** #define DieTemp_1_CLK_DIV_SELECT         (0x4u)
  23:.\Generated_Source\PSoC5/DieTemp_1.c **** #define DieTemp_1_SPC_CLK_PERIOD         (120u) /* In nano seconds. */
  24:.\Generated_Source\PSoC5/DieTemp_1.c **** #define DieTemp_1_NANO_TO_MILLI_FACTOR   (1000000u)
  25:.\Generated_Source\PSoC5/DieTemp_1.c **** #define DieTemp_1_FRM_EXEC_TIME          (1000u) /* In nano seconds. */
  26:.\Generated_Source\PSoC5/DieTemp_1.c **** 
  27:.\Generated_Source\PSoC5/DieTemp_1.c **** #define DieTemp_1_GET_TEMPR_TIME     (uint32)(((((uint32)1u << (DieTemp_1_NUMBER_OF_SAMPLES + 1u)))
  28:.\Generated_Source\PSoC5/DieTemp_1.c ****                                                 ((uint32)(DieTemp_1_SPC_CLK_PERIOD * \
  29:.\Generated_Source\PSoC5/DieTemp_1.c ****                                                 DieTemp_1_CLK_DIV_SELECT)) * \
  30:.\Generated_Source\PSoC5/DieTemp_1.c ****                                                 ((uint32)DieTemp_1_TIMER_PERIOD)) + \
  31:.\Generated_Source\PSoC5/DieTemp_1.c ****                                                 (uint32)DieTemp_1_FRM_EXEC_TIME)
ARM GAS  C:\Users\miyag\AppData\Local\Temp\ccfoMVeh.s 			page 2


  32:.\Generated_Source\PSoC5/DieTemp_1.c **** 
  33:.\Generated_Source\PSoC5/DieTemp_1.c **** #define DieTemp_1_MAX_WAIT           (uint16)(((DieTemp_1_GET_TEMPR_TIME + \
  34:.\Generated_Source\PSoC5/DieTemp_1.c ****                                                 DieTemp_1_NANO_TO_MILLI_FACTOR) - 1u) / \
  35:.\Generated_Source\PSoC5/DieTemp_1.c ****                                                 DieTemp_1_NANO_TO_MILLI_FACTOR)  /* In milli second
  36:.\Generated_Source\PSoC5/DieTemp_1.c **** 
  37:.\Generated_Source\PSoC5/DieTemp_1.c **** static cystatus DieTemp_1_GetTempT(int16 * temperature);
  38:.\Generated_Source\PSoC5/DieTemp_1.c **** 
  39:.\Generated_Source\PSoC5/DieTemp_1.c **** 
  40:.\Generated_Source\PSoC5/DieTemp_1.c **** /*******************************************************************************
  41:.\Generated_Source\PSoC5/DieTemp_1.c **** * Function Name: DieTemp_1_Start
  42:.\Generated_Source\PSoC5/DieTemp_1.c **** ********************************************************************************
  43:.\Generated_Source\PSoC5/DieTemp_1.c **** *
  44:.\Generated_Source\PSoC5/DieTemp_1.c **** * Summary:
  45:.\Generated_Source\PSoC5/DieTemp_1.c **** *  Starts the SPC command to get the die temperature. If this function is
  46:.\Generated_Source\PSoC5/DieTemp_1.c **** *  called successfuly. The SPC will be locked and DieTemp_1_QueryDieTemp
  47:.\Generated_Source\PSoC5/DieTemp_1.c **** *  will have to be successfuly called to unlock it. CySpcUnlock() can also
  48:.\Generated_Source\PSoC5/DieTemp_1.c **** *  be called if the caller decides not to finish the temperature reading.
  49:.\Generated_Source\PSoC5/DieTemp_1.c **** *
  50:.\Generated_Source\PSoC5/DieTemp_1.c **** * Parameters:
  51:.\Generated_Source\PSoC5/DieTemp_1.c **** *  void.
  52:.\Generated_Source\PSoC5/DieTemp_1.c **** *
  53:.\Generated_Source\PSoC5/DieTemp_1.c **** * Return:
  54:.\Generated_Source\PSoC5/DieTemp_1.c **** *  CYRET_STARTED if the spc command was started sucessfuly.
  55:.\Generated_Source\PSoC5/DieTemp_1.c **** *  CYRET_UNKNOWN if the spc command failed.
  56:.\Generated_Source\PSoC5/DieTemp_1.c **** *  CYRET_LOCKED if the spc was busy.
  57:.\Generated_Source\PSoC5/DieTemp_1.c **** *
  58:.\Generated_Source\PSoC5/DieTemp_1.c **** *******************************************************************************/
  59:.\Generated_Source\PSoC5/DieTemp_1.c **** cystatus DieTemp_1_Start(void) 
  60:.\Generated_Source\PSoC5/DieTemp_1.c **** {
  27              		.loc 1 60 0
  28              		.cfi_startproc
  29              		@ args = 0, pretend = 0, frame = 0
  30              		@ frame_needed = 0, uses_anonymous_args = 0
  31              	.LVL0:
  32 0000 10B5     		push	{r4, lr}
  33              		.cfi_def_cfa_offset 8
  34              		.cfi_offset 4, -8
  35              		.cfi_offset 14, -4
  61:.\Generated_Source\PSoC5/DieTemp_1.c ****     cystatus status;
  62:.\Generated_Source\PSoC5/DieTemp_1.c **** 
  63:.\Generated_Source\PSoC5/DieTemp_1.c ****     /* Plan for failure. */
  64:.\Generated_Source\PSoC5/DieTemp_1.c ****     status = CYRET_UNKNOWN;
  65:.\Generated_Source\PSoC5/DieTemp_1.c **** 
  66:.\Generated_Source\PSoC5/DieTemp_1.c ****     /* Power up the SPC. */
  67:.\Generated_Source\PSoC5/DieTemp_1.c ****     CySpcStart();
  36              		.loc 1 67 0
  37 0002 FFF7FEFF 		bl	CySpcStart
  38              	.LVL1:
  68:.\Generated_Source\PSoC5/DieTemp_1.c **** 
  69:.\Generated_Source\PSoC5/DieTemp_1.c ****     if(CySpcLock() == CYRET_SUCCESS)
  39              		.loc 1 69 0
  40 0006 FFF7FEFF 		bl	CySpcLock
  41              	.LVL2:
  42 000a 50B9     		cbnz	r0, .L4
  43              	.LBB4:
  44              	.LBB5:
  70:.\Generated_Source\PSoC5/DieTemp_1.c ****     {
ARM GAS  C:\Users\miyag\AppData\Local\Temp\ccfoMVeh.s 			page 3


  71:.\Generated_Source\PSoC5/DieTemp_1.c ****         #if(CY_PSOC5A)
  72:.\Generated_Source\PSoC5/DieTemp_1.c ****             if(CYRET_STARTED == CySpcGetTemp(DieTemp_1_NUMBER_OF_SAMPLES,
  73:.\Generated_Source\PSoC5/DieTemp_1.c ****                                              DieTemp_1_TIMER_PERIOD,
  74:.\Generated_Source\PSoC5/DieTemp_1.c ****                                              DieTemp_1_CLK_DIV_SELECT))
  75:.\Generated_Source\PSoC5/DieTemp_1.c ****             {
  76:.\Generated_Source\PSoC5/DieTemp_1.c ****                 status = CYRET_STARTED;
  77:.\Generated_Source\PSoC5/DieTemp_1.c ****             }
  78:.\Generated_Source\PSoC5/DieTemp_1.c ****         #else
  79:.\Generated_Source\PSoC5/DieTemp_1.c ****             if(CYRET_STARTED == CySpcGetTemp(DieTemp_1_NUMBER_OF_SAMPLES))
  45              		.loc 1 79 0
  46 000c 0120     		movs	r0, #1
  47 000e FFF7FEFF 		bl	CySpcGetTemp
  48              	.LVL3:
  49 0012 0728     		cmp	r0, #7
  80:.\Generated_Source\PSoC5/DieTemp_1.c ****             {
  81:.\Generated_Source\PSoC5/DieTemp_1.c ****                 status = CYRET_STARTED;
  50              		.loc 1 81 0
  51 0014 14BF     		ite	ne
  52 0016 4FF0FF34 		movne	r4, #-1
  53 001a 0724     		moveq	r4, #7
  54              	.LVL4:
  82:.\Generated_Source\PSoC5/DieTemp_1.c ****             }
  83:.\Generated_Source\PSoC5/DieTemp_1.c ****         #endif  /* (CY_PSOC5A) */
  84:.\Generated_Source\PSoC5/DieTemp_1.c ****         CySpcUnlock();
  55              		.loc 1 84 0
  56 001c FFF7FEFF 		bl	CySpcUnlock
  57              	.LVL5:
  58 0020 00E0     		b	.L2
  59              	.LVL6:
  60              	.L4:
  61              	.LBE5:
  62              	.LBE4:
  85:.\Generated_Source\PSoC5/DieTemp_1.c ****     }
  86:.\Generated_Source\PSoC5/DieTemp_1.c ****     else
  87:.\Generated_Source\PSoC5/DieTemp_1.c ****     {
  88:.\Generated_Source\PSoC5/DieTemp_1.c ****         status = CYRET_LOCKED;
  63              		.loc 1 88 0
  64 0022 0424     		movs	r4, #4
  65              	.L2:
  66              	.LVL7:
  89:.\Generated_Source\PSoC5/DieTemp_1.c ****     }
  90:.\Generated_Source\PSoC5/DieTemp_1.c ****     return (status);
  91:.\Generated_Source\PSoC5/DieTemp_1.c **** }
  67              		.loc 1 91 0
  68 0024 2046     		mov	r0, r4
  69 0026 10BD     		pop	{r4, pc}
  70              		.cfi_endproc
  71              	.LFE0:
  72              		.size	DieTemp_1_Start, .-DieTemp_1_Start
  73              		.section	.text.DieTemp_1_Stop,"ax",%progbits
  74              		.align	1
  75              		.global	DieTemp_1_Stop
  76              		.thumb
  77              		.thumb_func
  78              		.type	DieTemp_1_Stop, %function
  79              	DieTemp_1_Stop:
  80              	.LFB1:
ARM GAS  C:\Users\miyag\AppData\Local\Temp\ccfoMVeh.s 			page 4


  92:.\Generated_Source\PSoC5/DieTemp_1.c **** 
  93:.\Generated_Source\PSoC5/DieTemp_1.c **** 
  94:.\Generated_Source\PSoC5/DieTemp_1.c **** /*******************************************************************************
  95:.\Generated_Source\PSoC5/DieTemp_1.c **** * FUNCTION NAME:   DieTemp_1_Stop
  96:.\Generated_Source\PSoC5/DieTemp_1.c **** ********************************************************************************
  97:.\Generated_Source\PSoC5/DieTemp_1.c **** *
  98:.\Generated_Source\PSoC5/DieTemp_1.c **** * Summary:
  99:.\Generated_Source\PSoC5/DieTemp_1.c **** *  There is no need to stop or disable this component. This component is
 100:.\Generated_Source\PSoC5/DieTemp_1.c **** *  naturally a slave that sends request to SPC through SPC API of cy_boot
 101:.\Generated_Source\PSoC5/DieTemp_1.c **** *  and waits for data to be ready or in case of non-blocking operation it
 102:.\Generated_Source\PSoC5/DieTemp_1.c **** *  sends request to SPC and user can manually poll the result.
 103:.\Generated_Source\PSoC5/DieTemp_1.c **** *
 104:.\Generated_Source\PSoC5/DieTemp_1.c **** * Parameters:
 105:.\Generated_Source\PSoC5/DieTemp_1.c **** *  void
 106:.\Generated_Source\PSoC5/DieTemp_1.c **** *
 107:.\Generated_Source\PSoC5/DieTemp_1.c **** * Return:
 108:.\Generated_Source\PSoC5/DieTemp_1.c **** *  void
 109:.\Generated_Source\PSoC5/DieTemp_1.c **** *
 110:.\Generated_Source\PSoC5/DieTemp_1.c **** *******************************************************************************/
 111:.\Generated_Source\PSoC5/DieTemp_1.c **** void DieTemp_1_Stop(void) 
 112:.\Generated_Source\PSoC5/DieTemp_1.c **** {
  81              		.loc 1 112 0
  82              		.cfi_startproc
  83              		@ args = 0, pretend = 0, frame = 0
  84              		@ frame_needed = 0, uses_anonymous_args = 0
  85              		@ link register save eliminated.
  86 0000 7047     		bx	lr
  87              		.cfi_endproc
  88              	.LFE1:
  89              		.size	DieTemp_1_Stop, .-DieTemp_1_Stop
  90              		.section	.text.DieTemp_1_Query,"ax",%progbits
  91              		.align	1
  92              		.global	DieTemp_1_Query
  93              		.thumb
  94              		.thumb_func
  95              		.type	DieTemp_1_Query, %function
  96              	DieTemp_1_Query:
  97              	.LFB2:
 113:.\Generated_Source\PSoC5/DieTemp_1.c ****     /* There aren't anything to stop */
 114:.\Generated_Source\PSoC5/DieTemp_1.c **** }
 115:.\Generated_Source\PSoC5/DieTemp_1.c **** 
 116:.\Generated_Source\PSoC5/DieTemp_1.c **** 
 117:.\Generated_Source\PSoC5/DieTemp_1.c **** /*******************************************************************************
 118:.\Generated_Source\PSoC5/DieTemp_1.c **** * Function Name: DieTemp_1_Query
 119:.\Generated_Source\PSoC5/DieTemp_1.c **** ********************************************************************************
 120:.\Generated_Source\PSoC5/DieTemp_1.c **** *
 121:.\Generated_Source\PSoC5/DieTemp_1.c **** * Summary:
 122:.\Generated_Source\PSoC5/DieTemp_1.c **** *  Querys the SPC to see if the termperature command is finished.
 123:.\Generated_Source\PSoC5/DieTemp_1.c **** *
 124:.\Generated_Source\PSoC5/DieTemp_1.c **** * Parameters:
 125:.\Generated_Source\PSoC5/DieTemp_1.c **** *  temperature: Address to store the two byte temperature value.
 126:.\Generated_Source\PSoC5/DieTemp_1.c **** *
 127:.\Generated_Source\PSoC5/DieTemp_1.c **** * Return:
 128:.\Generated_Source\PSoC5/DieTemp_1.c **** *  CYRET_SUCCESS if the temperature command completed sucessfully.
 129:.\Generated_Source\PSoC5/DieTemp_1.c **** *  CYRET_UNKNOWN if the there was an spc failure.
 130:.\Generated_Source\PSoC5/DieTemp_1.c **** *  CYRET_STARTED if the temperature command has not completed.
 131:.\Generated_Source\PSoC5/DieTemp_1.c **** *  CYRET_TIMEOUT if waited to long before reading data.
ARM GAS  C:\Users\miyag\AppData\Local\Temp\ccfoMVeh.s 			page 5


 132:.\Generated_Source\PSoC5/DieTemp_1.c **** *
 133:.\Generated_Source\PSoC5/DieTemp_1.c **** *******************************************************************************/
 134:.\Generated_Source\PSoC5/DieTemp_1.c **** cystatus DieTemp_1_Query(int16 * temperature) 
 135:.\Generated_Source\PSoC5/DieTemp_1.c **** {
  98              		.loc 1 135 0
  99              		.cfi_startproc
 100              		@ args = 0, pretend = 0, frame = 8
 101              		@ frame_needed = 0, uses_anonymous_args = 0
 102              	.LVL8:
 103              		.loc 1 135 0
 104 0000 37B5     		push	{r0, r1, r2, r4, r5, lr}
 105              		.cfi_def_cfa_offset 24
 106              		.cfi_offset 4, -12
 107              		.cfi_offset 5, -8
 108              		.cfi_offset 14, -4
 136:.\Generated_Source\PSoC5/DieTemp_1.c ****     uint8 temp[2u];
 137:.\Generated_Source\PSoC5/DieTemp_1.c ****     cystatus status;
 138:.\Generated_Source\PSoC5/DieTemp_1.c **** 
 139:.\Generated_Source\PSoC5/DieTemp_1.c **** 
 140:.\Generated_Source\PSoC5/DieTemp_1.c ****     if(CY_SPC_BUSY)
 109              		.loc 1 140 0
 110 0002 114B     		ldr	r3, .L17
 135:.\Generated_Source\PSoC5/DieTemp_1.c ****     uint8 temp[2u];
 111              		.loc 1 135 0
 112 0004 0546     		mov	r5, r0
 113              		.loc 1 140 0
 114 0006 1A78     		ldrb	r2, [r3]	@ zero_extendqisi2
 115 0008 9207     		lsls	r2, r2, #30
 116 000a 13D4     		bmi	.L12
 141:.\Generated_Source\PSoC5/DieTemp_1.c ****     {
 142:.\Generated_Source\PSoC5/DieTemp_1.c ****         if((CY_SPC_STATUS_REG>>2u) == CYRET_SUCCESS)
 117              		.loc 1 142 0
 118 000c 1C78     		ldrb	r4, [r3]	@ zero_extendqisi2
 119 000e A408     		lsrs	r4, r4, #2
 120 0010 0ED1     		bne	.L13
 143:.\Generated_Source\PSoC5/DieTemp_1.c ****         {
 144:.\Generated_Source\PSoC5/DieTemp_1.c ****             /* See if any data is ready. */
 145:.\Generated_Source\PSoC5/DieTemp_1.c ****             if(CySpcReadData(temp, 2u) == 2u)
 121              		.loc 1 145 0
 122 0012 01A8     		add	r0, sp, #4
 123              	.LVL9:
 124 0014 0221     		movs	r1, #2
 125 0016 FFF7FEFF 		bl	CySpcReadData
 126              	.LVL10:
 127 001a 0228     		cmp	r0, #2
 128 001c 0CD1     		bne	.L14
 146:.\Generated_Source\PSoC5/DieTemp_1.c ****             {
 147:.\Generated_Source\PSoC5/DieTemp_1.c ****                 if(temp[0u] == 1u)
 129              		.loc 1 147 0
 130 001e 9DF80430 		ldrb	r3, [sp, #4]	@ zero_extendqisi2
 131 0022 012B     		cmp	r3, #1
 132 0024 9DF80530 		ldrb	r3, [sp, #5]	@ zero_extendqisi2
 148:.\Generated_Source\PSoC5/DieTemp_1.c ****                 {
 149:.\Generated_Source\PSoC5/DieTemp_1.c ****                     *temperature = (int16) ((uint16) temp[1]);
 150:.\Generated_Source\PSoC5/DieTemp_1.c ****                 }
 151:.\Generated_Source\PSoC5/DieTemp_1.c ****                 else
 152:.\Generated_Source\PSoC5/DieTemp_1.c ****                 {
ARM GAS  C:\Users\miyag\AppData\Local\Temp\ccfoMVeh.s 			page 6


 153:.\Generated_Source\PSoC5/DieTemp_1.c ****                     *temperature = (int16) - ((int16) temp[1]);
 133              		.loc 1 153 0
 134 0028 18BF     		it	ne
 135 002a 5B42     		rsbne	r3, r3, #0
 136 002c 2B80     		strh	r3, [r5]	@ movhi
 137 002e 05E0     		b	.L9
 138              	.LVL11:
 139              	.L13:
 154:.\Generated_Source\PSoC5/DieTemp_1.c ****                 }
 155:.\Generated_Source\PSoC5/DieTemp_1.c ****                 status = CYRET_SUCCESS;
 156:.\Generated_Source\PSoC5/DieTemp_1.c ****             }
 157:.\Generated_Source\PSoC5/DieTemp_1.c ****             else
 158:.\Generated_Source\PSoC5/DieTemp_1.c ****             {
 159:.\Generated_Source\PSoC5/DieTemp_1.c ****                 status = CYRET_UNKNOWN;
 160:.\Generated_Source\PSoC5/DieTemp_1.c ****             }
 161:.\Generated_Source\PSoC5/DieTemp_1.c ****         }
 162:.\Generated_Source\PSoC5/DieTemp_1.c ****         else
 163:.\Generated_Source\PSoC5/DieTemp_1.c ****         {
 164:.\Generated_Source\PSoC5/DieTemp_1.c ****             status = CYRET_STARTED;
 140              		.loc 1 164 0
 141 0030 0724     		movs	r4, #7
 142 0032 05E0     		b	.L15
 143              	.L12:
 165:.\Generated_Source\PSoC5/DieTemp_1.c ****         }
 166:.\Generated_Source\PSoC5/DieTemp_1.c ****     }
 167:.\Generated_Source\PSoC5/DieTemp_1.c ****     else
 168:.\Generated_Source\PSoC5/DieTemp_1.c ****     {
 169:.\Generated_Source\PSoC5/DieTemp_1.c ****         status = CYRET_TIMEOUT;
 144              		.loc 1 169 0
 145 0034 1024     		movs	r4, #16
 146 0036 01E0     		b	.L9
 147              	.LVL12:
 148              	.L14:
 159:.\Generated_Source\PSoC5/DieTemp_1.c ****             }
 149              		.loc 1 159 0
 150 0038 4FF0FF34 		mov	r4, #-1
 151              	.L9:
 152              	.LVL13:
 170:.\Generated_Source\PSoC5/DieTemp_1.c ****     }
 171:.\Generated_Source\PSoC5/DieTemp_1.c **** 
 172:.\Generated_Source\PSoC5/DieTemp_1.c ****     if(status != CYRET_STARTED)
 173:.\Generated_Source\PSoC5/DieTemp_1.c ****     {
 174:.\Generated_Source\PSoC5/DieTemp_1.c ****         /* Unlock the SPC so someone else can use it. */
 175:.\Generated_Source\PSoC5/DieTemp_1.c ****         CySpcUnlock();
 153              		.loc 1 175 0
 154 003c FFF7FEFF 		bl	CySpcUnlock
 155              	.LVL14:
 156              	.L15:
 176:.\Generated_Source\PSoC5/DieTemp_1.c ****     }
 177:.\Generated_Source\PSoC5/DieTemp_1.c ****     return (status);
 178:.\Generated_Source\PSoC5/DieTemp_1.c **** }
 157              		.loc 1 178 0
 158 0040 2046     		mov	r0, r4
 159 0042 03B0     		add	sp, sp, #12
 160              		.cfi_def_cfa_offset 12
 161              		@ sp needed
 162 0044 30BD     		pop	{r4, r5, pc}
ARM GAS  C:\Users\miyag\AppData\Local\Temp\ccfoMVeh.s 			page 7


 163              	.LVL15:
 164              	.L18:
 165 0046 00BF     		.align	2
 166              	.L17:
 167 0048 22470040 		.word	1073760034
 168              		.cfi_endproc
 169              	.LFE2:
 170              		.size	DieTemp_1_Query, .-DieTemp_1_Query
 171              		.section	.text.DieTemp_1_GetTemp,"ax",%progbits
 172              		.align	1
 173              		.global	DieTemp_1_GetTemp
 174              		.thumb
 175              		.thumb_func
 176              		.type	DieTemp_1_GetTemp, %function
 177              	DieTemp_1_GetTemp:
 178              	.LFB4:
 179:.\Generated_Source\PSoC5/DieTemp_1.c **** 
 180:.\Generated_Source\PSoC5/DieTemp_1.c **** 
 181:.\Generated_Source\PSoC5/DieTemp_1.c **** /*******************************************************************************
 182:.\Generated_Source\PSoC5/DieTemp_1.c **** * Function Name: DieTemp_1_GetTemp
 183:.\Generated_Source\PSoC5/DieTemp_1.c **** ********************************************************************************
 184:.\Generated_Source\PSoC5/DieTemp_1.c **** *
 185:.\Generated_Source\PSoC5/DieTemp_1.c **** * Summary:
 186:.\Generated_Source\PSoC5/DieTemp_1.c **** *  Sets up the command to get the temperature and blocks until finished. After
 187:.\Generated_Source\PSoC5/DieTemp_1.c **** *  DieTemp_1_MAX_WAIT ticks the function will return even if the
 188:.\Generated_Source\PSoC5/DieTemp_1.c **** *  SPC has not finished.
 189:.\Generated_Source\PSoC5/DieTemp_1.c **** *
 190:.\Generated_Source\PSoC5/DieTemp_1.c **** * Parameters:
 191:.\Generated_Source\PSoC5/DieTemp_1.c **** *  temperature: Address to store the two byte temperature value.
 192:.\Generated_Source\PSoC5/DieTemp_1.c **** *
 193:.\Generated_Source\PSoC5/DieTemp_1.c **** * Return:
 194:.\Generated_Source\PSoC5/DieTemp_1.c **** *  CYRET_SUCCESS if the command was completed sucessfuly.
 195:.\Generated_Source\PSoC5/DieTemp_1.c **** *  Status code from DieTemp_1_Start or DieTemp_1_Query
 196:.\Generated_Source\PSoC5/DieTemp_1.c **** *
 197:.\Generated_Source\PSoC5/DieTemp_1.c **** *******************************************************************************/
 198:.\Generated_Source\PSoC5/DieTemp_1.c **** static cystatus DieTemp_1_GetTempT(int16 * temperature) 
 199:.\Generated_Source\PSoC5/DieTemp_1.c **** {
 200:.\Generated_Source\PSoC5/DieTemp_1.c ****     uint16 us;
 201:.\Generated_Source\PSoC5/DieTemp_1.c ****     cystatus status;
 202:.\Generated_Source\PSoC5/DieTemp_1.c **** 
 203:.\Generated_Source\PSoC5/DieTemp_1.c ****     /* Start the temp reading */
 204:.\Generated_Source\PSoC5/DieTemp_1.c ****     status = DieTemp_1_Start();
 205:.\Generated_Source\PSoC5/DieTemp_1.c **** 
 206:.\Generated_Source\PSoC5/DieTemp_1.c ****     if(status == CYRET_STARTED)
 207:.\Generated_Source\PSoC5/DieTemp_1.c ****     {
 208:.\Generated_Source\PSoC5/DieTemp_1.c ****         /**************************************************************************
 209:.\Generated_Source\PSoC5/DieTemp_1.c ****         * Wait for SPC to finish temperature reading. If state will change and SPC
 210:.\Generated_Source\PSoC5/DieTemp_1.c ****         * will finish - break cycle.
 211:.\Generated_Source\PSoC5/DieTemp_1.c ****         * DieTemp_1_MAX_WAIT is maximum time in ms to wait for SPC.
 212:.\Generated_Source\PSoC5/DieTemp_1.c ****         **************************************************************************/
 213:.\Generated_Source\PSoC5/DieTemp_1.c ****         for (us=(DieTemp_1_MAX_WAIT*1000u); us>0u; us-=10u)
 214:.\Generated_Source\PSoC5/DieTemp_1.c ****         {
 215:.\Generated_Source\PSoC5/DieTemp_1.c ****             if((CYRET_STARTED != status)&&(CY_SPC_IDLE))
 216:.\Generated_Source\PSoC5/DieTemp_1.c ****             {
 217:.\Generated_Source\PSoC5/DieTemp_1.c ****                 break;
 218:.\Generated_Source\PSoC5/DieTemp_1.c ****             }
 219:.\Generated_Source\PSoC5/DieTemp_1.c ****             else if(CYRET_STARTED == status)
ARM GAS  C:\Users\miyag\AppData\Local\Temp\ccfoMVeh.s 			page 8


 220:.\Generated_Source\PSoC5/DieTemp_1.c ****             {
 221:.\Generated_Source\PSoC5/DieTemp_1.c ****                 status = DieTemp_1_Query(temperature);
 222:.\Generated_Source\PSoC5/DieTemp_1.c ****             }
 223:.\Generated_Source\PSoC5/DieTemp_1.c ****             else
 224:.\Generated_Source\PSoC5/DieTemp_1.c ****             {
 225:.\Generated_Source\PSoC5/DieTemp_1.c ****                 /* SPC has not finished reading or isn't idle */
 226:.\Generated_Source\PSoC5/DieTemp_1.c ****             }
 227:.\Generated_Source\PSoC5/DieTemp_1.c ****             CyDelayUs(10u);
 228:.\Generated_Source\PSoC5/DieTemp_1.c ****         }
 229:.\Generated_Source\PSoC5/DieTemp_1.c ****     }
 230:.\Generated_Source\PSoC5/DieTemp_1.c **** 
 231:.\Generated_Source\PSoC5/DieTemp_1.c ****     return status;
 232:.\Generated_Source\PSoC5/DieTemp_1.c **** }
 233:.\Generated_Source\PSoC5/DieTemp_1.c **** cystatus DieTemp_1_GetTemp(int16 * temperature) 
 234:.\Generated_Source\PSoC5/DieTemp_1.c **** {
 179              		.loc 1 234 0
 180              		.cfi_startproc
 181              		@ args = 0, pretend = 0, frame = 0
 182              		@ frame_needed = 0, uses_anonymous_args = 0
 183              	.LVL16:
 184 0000 F8B5     		push	{r3, r4, r5, r6, r7, lr}
 185              		.cfi_def_cfa_offset 24
 186              		.cfi_offset 3, -24
 187              		.cfi_offset 4, -20
 188              		.cfi_offset 5, -16
 189              		.cfi_offset 6, -12
 190              		.cfi_offset 7, -8
 191              		.cfi_offset 14, -4
 192              		.loc 1 234 0
 193 0002 0746     		mov	r7, r0
 194 0004 0226     		movs	r6, #2
 195              	.LVL17:
 196              	.L25:
 197              	.LBB8:
 198              	.LBB9:
 204:.\Generated_Source\PSoC5/DieTemp_1.c **** 
 199              		.loc 1 204 0
 200 0006 FFF7FEFF 		bl	DieTemp_1_Start
 201              	.LVL18:
 206:.\Generated_Source\PSoC5/DieTemp_1.c ****     {
 202              		.loc 1 206 0
 203 000a 0728     		cmp	r0, #7
 204:.\Generated_Source\PSoC5/DieTemp_1.c **** 
 204              		.loc 1 204 0
 205 000c 0446     		mov	r4, r0
 206              	.LVL19:
 206:.\Generated_Source\PSoC5/DieTemp_1.c ****     {
 207              		.loc 1 206 0
 208 000e 13D1     		bne	.L20
 209 0010 4FF44875 		mov	r5, #800
 210              	.LVL20:
 211              	.L23:
 215:.\Generated_Source\PSoC5/DieTemp_1.c ****             {
 212              		.loc 1 215 0
 213 0014 072C     		cmp	r4, #7
 214 0016 04D0     		beq	.L21
 215 0018 0B4B     		ldr	r3, .L28
ARM GAS  C:\Users\miyag\AppData\Local\Temp\ccfoMVeh.s 			page 9


 216 001a 1B78     		ldrb	r3, [r3]	@ zero_extendqisi2
 217 001c 9B07     		lsls	r3, r3, #30
 218 001e 04D5     		bpl	.L22
 219 0020 0AE0     		b	.L20
 220              	.L21:
 221              	.LVL21:
 221:.\Generated_Source\PSoC5/DieTemp_1.c ****             }
 222              		.loc 1 221 0
 223 0022 3846     		mov	r0, r7
 224 0024 FFF7FEFF 		bl	DieTemp_1_Query
 225              	.LVL22:
 226 0028 0446     		mov	r4, r0
 227              	.LVL23:
 228              	.L22:
 229 002a 013D     		subs	r5, r5, #1
 227:.\Generated_Source\PSoC5/DieTemp_1.c ****         }
 230              		.loc 1 227 0
 231 002c 0A20     		movs	r0, #10
 232 002e ADB2     		uxth	r5, r5
 233 0030 FFF7FEFF 		bl	CyDelayUs
 234              	.LVL24:
 213:.\Generated_Source\PSoC5/DieTemp_1.c ****         {
 235              		.loc 1 213 0
 236 0034 002D     		cmp	r5, #0
 237 0036 EDD1     		bne	.L23
 238              	.L20:
 239              	.LVL25:
 240              	.LBE9:
 241              	.LBE8:
 235:.\Generated_Source\PSoC5/DieTemp_1.c ****     cystatus status;
 236:.\Generated_Source\PSoC5/DieTemp_1.c ****     uint8 count = 2u;
 237:.\Generated_Source\PSoC5/DieTemp_1.c ****     while (count != 0u)
 238:.\Generated_Source\PSoC5/DieTemp_1.c ****     {
 239:.\Generated_Source\PSoC5/DieTemp_1.c ****         status = DieTemp_1_GetTempT(temperature);
 240:.\Generated_Source\PSoC5/DieTemp_1.c ****         if (status != CYRET_SUCCESS)
 242              		.loc 1 240 0
 243 0038 1CB9     		cbnz	r4, .L24
 244              	.LVL26:
 237:.\Generated_Source\PSoC5/DieTemp_1.c ****     {
 245              		.loc 1 237 0
 246 003a 012E     		cmp	r6, #1
 247 003c 01D0     		beq	.L24
 248 003e 0126     		movs	r6, #1
 249              	.LVL27:
 250 0040 E1E7     		b	.L25
 251              	.LVL28:
 252              	.L24:
 241:.\Generated_Source\PSoC5/DieTemp_1.c ****         {
 242:.\Generated_Source\PSoC5/DieTemp_1.c ****             break;
 243:.\Generated_Source\PSoC5/DieTemp_1.c ****         }
 244:.\Generated_Source\PSoC5/DieTemp_1.c ****         count--;
 245:.\Generated_Source\PSoC5/DieTemp_1.c ****     }
 246:.\Generated_Source\PSoC5/DieTemp_1.c ****     return status;
 247:.\Generated_Source\PSoC5/DieTemp_1.c **** }
 253              		.loc 1 247 0
 254 0042 2046     		mov	r0, r4
 255 0044 F8BD     		pop	{r3, r4, r5, r6, r7, pc}
ARM GAS  C:\Users\miyag\AppData\Local\Temp\ccfoMVeh.s 			page 10


 256              	.LVL29:
 257              	.L29:
 258 0046 00BF     		.align	2
 259              	.L28:
 260 0048 22470040 		.word	1073760034
 261              		.cfi_endproc
 262              	.LFE4:
 263              		.size	DieTemp_1_GetTemp, .-DieTemp_1_GetTemp
 264              		.text
 265              	.Letext0:
 266              		.file 2 "Generated_Source\\PSoC5/cytypes.h"
 267              		.file 3 "Generated_Source\\PSoC5/CySpc.h"
 268              		.file 4 "Generated_Source\\PSoC5/CyLib.h"
 269              		.section	.debug_info,"",%progbits
 270              	.Ldebug_info0:
 271 0000 0E030000 		.4byte	0x30e
 272 0004 0400     		.2byte	0x4
 273 0006 00000000 		.4byte	.Ldebug_abbrev0
 274 000a 04       		.byte	0x4
 275 000b 01       		.uleb128 0x1
 276 000c C2010000 		.4byte	.LASF30
 277 0010 01       		.byte	0x1
 278 0011 23010000 		.4byte	.LASF31
 279 0015 BB000000 		.4byte	.LASF32
 280 0019 00000000 		.4byte	.Ldebug_ranges0+0
 281 001d 00000000 		.4byte	0
 282 0021 00000000 		.4byte	.Ldebug_line0
 283 0025 02       		.uleb128 0x2
 284 0026 01       		.byte	0x1
 285 0027 06       		.byte	0x6
 286 0028 59020000 		.4byte	.LASF0
 287 002c 02       		.uleb128 0x2
 288 002d 01       		.byte	0x1
 289 002e 08       		.byte	0x8
 290 002f 85000000 		.4byte	.LASF1
 291 0033 02       		.uleb128 0x2
 292 0034 02       		.byte	0x2
 293 0035 05       		.byte	0x5
 294 0036 B8010000 		.4byte	.LASF2
 295 003a 02       		.uleb128 0x2
 296 003b 02       		.byte	0x2
 297 003c 07       		.byte	0x7
 298 003d 3F000000 		.4byte	.LASF3
 299 0041 02       		.uleb128 0x2
 300 0042 04       		.byte	0x4
 301 0043 05       		.byte	0x5
 302 0044 50020000 		.4byte	.LASF4
 303 0048 02       		.uleb128 0x2
 304 0049 04       		.byte	0x4
 305 004a 07       		.byte	0x7
 306 004b 9E000000 		.4byte	.LASF5
 307 004f 02       		.uleb128 0x2
 308 0050 08       		.byte	0x8
 309 0051 05       		.byte	0x5
 310 0052 9B010000 		.4byte	.LASF6
 311 0056 02       		.uleb128 0x2
 312 0057 08       		.byte	0x8
ARM GAS  C:\Users\miyag\AppData\Local\Temp\ccfoMVeh.s 			page 11


 313 0058 07       		.byte	0x7
 314 0059 6F010000 		.4byte	.LASF7
 315 005d 03       		.uleb128 0x3
 316 005e 04       		.byte	0x4
 317 005f 05       		.byte	0x5
 318 0060 696E7400 		.ascii	"int\000"
 319 0064 02       		.uleb128 0x2
 320 0065 04       		.byte	0x4
 321 0066 07       		.byte	0x7
 322 0067 4F010000 		.4byte	.LASF8
 323 006b 04       		.uleb128 0x4
 324 006c B5000000 		.4byte	.LASF9
 325 0070 02       		.byte	0x2
 326 0071 9201     		.2byte	0x192
 327 0073 2C000000 		.4byte	0x2c
 328 0077 04       		.uleb128 0x4
 329 0078 12010000 		.4byte	.LASF10
 330 007c 02       		.byte	0x2
 331 007d 9301     		.2byte	0x193
 332 007f 3A000000 		.4byte	0x3a
 333 0083 04       		.uleb128 0x4
 334 0084 48010000 		.4byte	.LASF11
 335 0088 02       		.byte	0x2
 336 0089 9401     		.2byte	0x194
 337 008b 48000000 		.4byte	0x48
 338 008f 04       		.uleb128 0x4
 339 0090 98000000 		.4byte	.LASF12
 340 0094 02       		.byte	0x2
 341 0095 9601     		.2byte	0x196
 342 0097 33000000 		.4byte	0x33
 343 009b 02       		.uleb128 0x2
 344 009c 04       		.byte	0x4
 345 009d 04       		.byte	0x4
 346 009e 14000000 		.4byte	.LASF13
 347 00a2 02       		.uleb128 0x2
 348 00a3 08       		.byte	0x8
 349 00a4 04       		.byte	0x4
 350 00a5 FE000000 		.4byte	.LASF14
 351 00a9 02       		.uleb128 0x2
 352 00aa 01       		.byte	0x1
 353 00ab 08       		.byte	0x8
 354 00ac B3010000 		.4byte	.LASF15
 355 00b0 04       		.uleb128 0x4
 356 00b1 00000000 		.4byte	.LASF16
 357 00b5 02       		.byte	0x2
 358 00b6 3402     		.2byte	0x234
 359 00b8 48000000 		.4byte	0x48
 360 00bc 04       		.uleb128 0x4
 361 00bd 93000000 		.4byte	.LASF17
 362 00c1 02       		.byte	0x2
 363 00c2 3C02     		.2byte	0x23c
 364 00c4 C8000000 		.4byte	0xc8
 365 00c8 05       		.uleb128 0x5
 366 00c9 6B000000 		.4byte	0x6b
 367 00cd 02       		.uleb128 0x2
 368 00ce 04       		.byte	0x4
 369 00cf 07       		.byte	0x7
ARM GAS  C:\Users\miyag\AppData\Local\Temp\ccfoMVeh.s 			page 12


 370 00d0 86010000 		.4byte	.LASF18
 371 00d4 06       		.uleb128 0x6
 372 00d5 65020000 		.4byte	.LASF25
 373 00d9 01       		.byte	0x1
 374 00da 3B       		.byte	0x3b
 375 00db B0000000 		.4byte	0xb0
 376 00df 01       		.byte	0x1
 377 00e0 F0000000 		.4byte	0xf0
 378 00e4 07       		.uleb128 0x7
 379 00e5 60000000 		.4byte	.LASF20
 380 00e9 01       		.byte	0x1
 381 00ea 3D       		.byte	0x3d
 382 00eb B0000000 		.4byte	0xb0
 383 00ef 00       		.byte	0
 384 00f0 08       		.uleb128 0x8
 385 00f1 D4000000 		.4byte	0xd4
 386 00f5 00000000 		.4byte	.LFB0
 387 00f9 28000000 		.4byte	.LFE0-.LFB0
 388 00fd 01       		.uleb128 0x1
 389 00fe 9C       		.byte	0x9c
 390 00ff 52010000 		.4byte	0x152
 391 0103 09       		.uleb128 0x9
 392 0104 E4000000 		.4byte	0xe4
 393 0108 00000000 		.4byte	.LLST0
 394 010c 0A       		.uleb128 0xa
 395 010d 0C000000 		.4byte	.LBB5
 396 0111 16000000 		.4byte	.LBE5-.LBB5
 397 0115 3F010000 		.4byte	0x13f
 398 0119 09       		.uleb128 0x9
 399 011a E4000000 		.4byte	0xe4
 400 011e 20000000 		.4byte	.LLST1
 401 0122 0B       		.uleb128 0xb
 402 0123 12000000 		.4byte	.LVL3
 403 0127 B6020000 		.4byte	0x2b6
 404 012b 35010000 		.4byte	0x135
 405 012f 0C       		.uleb128 0xc
 406 0130 01       		.uleb128 0x1
 407 0131 50       		.byte	0x50
 408 0132 01       		.uleb128 0x1
 409 0133 31       		.byte	0x31
 410 0134 00       		.byte	0
 411 0135 0D       		.uleb128 0xd
 412 0136 20000000 		.4byte	.LVL5
 413 013a CB020000 		.4byte	0x2cb
 414 013e 00       		.byte	0
 415 013f 0D       		.uleb128 0xd
 416 0140 06000000 		.4byte	.LVL1
 417 0144 D2020000 		.4byte	0x2d2
 418 0148 0D       		.uleb128 0xd
 419 0149 0A000000 		.4byte	.LVL2
 420 014d D9020000 		.4byte	0x2d9
 421 0151 00       		.byte	0
 422 0152 0E       		.uleb128 0xe
 423 0153 1A000000 		.4byte	.LASF33
 424 0157 01       		.byte	0x1
 425 0158 6F       		.byte	0x6f
 426 0159 00000000 		.4byte	.LFB1
ARM GAS  C:\Users\miyag\AppData\Local\Temp\ccfoMVeh.s 			page 13


 427 015d 02000000 		.4byte	.LFE1-.LFB1
 428 0161 01       		.uleb128 0x1
 429 0162 9C       		.byte	0x9c
 430 0163 0F       		.uleb128 0xf
 431 0164 2F000000 		.4byte	.LASF21
 432 0168 01       		.byte	0x1
 433 0169 86       		.byte	0x86
 434 016a B0000000 		.4byte	0xb0
 435 016e 00000000 		.4byte	.LFB2
 436 0172 4C000000 		.4byte	.LFE2-.LFB2
 437 0176 01       		.uleb128 0x1
 438 0177 9C       		.byte	0x9c
 439 0178 CB010000 		.4byte	0x1cb
 440 017c 10       		.uleb128 0x10
 441 017d 79000000 		.4byte	.LASF23
 442 0181 01       		.byte	0x1
 443 0182 86       		.byte	0x86
 444 0183 CB010000 		.4byte	0x1cb
 445 0187 33000000 		.4byte	.LLST2
 446 018b 11       		.uleb128 0x11
 447 018c B0000000 		.4byte	.LASF19
 448 0190 01       		.byte	0x1
 449 0191 88       		.byte	0x88
 450 0192 D1010000 		.4byte	0x1d1
 451 0196 02       		.uleb128 0x2
 452 0197 91       		.byte	0x91
 453 0198 6C       		.sleb128 -20
 454 0199 12       		.uleb128 0x12
 455 019a 60000000 		.4byte	.LASF20
 456 019e 01       		.byte	0x1
 457 019f 89       		.byte	0x89
 458 01a0 B0000000 		.4byte	0xb0
 459 01a4 75000000 		.4byte	.LLST3
 460 01a8 0B       		.uleb128 0xb
 461 01a9 1A000000 		.4byte	.LVL10
 462 01ad E4020000 		.4byte	0x2e4
 463 01b1 C1010000 		.4byte	0x1c1
 464 01b5 0C       		.uleb128 0xc
 465 01b6 01       		.uleb128 0x1
 466 01b7 51       		.byte	0x51
 467 01b8 01       		.uleb128 0x1
 468 01b9 32       		.byte	0x32
 469 01ba 0C       		.uleb128 0xc
 470 01bb 01       		.uleb128 0x1
 471 01bc 50       		.byte	0x50
 472 01bd 02       		.uleb128 0x2
 473 01be 91       		.byte	0x91
 474 01bf 6C       		.sleb128 -20
 475 01c0 00       		.byte	0
 476 01c1 0D       		.uleb128 0xd
 477 01c2 40000000 		.4byte	.LVL14
 478 01c6 CB020000 		.4byte	0x2cb
 479 01ca 00       		.byte	0
 480 01cb 13       		.uleb128 0x13
 481 01cc 04       		.byte	0x4
 482 01cd 8F000000 		.4byte	0x8f
 483 01d1 14       		.uleb128 0x14
ARM GAS  C:\Users\miyag\AppData\Local\Temp\ccfoMVeh.s 			page 14


 484 01d2 6B000000 		.4byte	0x6b
 485 01d6 E1010000 		.4byte	0x1e1
 486 01da 15       		.uleb128 0x15
 487 01db CD000000 		.4byte	0xcd
 488 01df 01       		.byte	0x1
 489 01e0 00       		.byte	0
 490 01e1 16       		.uleb128 0x16
 491 01e2 5C010000 		.4byte	.LASF34
 492 01e6 01       		.byte	0x1
 493 01e7 C6       		.byte	0xc6
 494 01e8 B0000000 		.4byte	0xb0
 495 01ec 01       		.byte	0x1
 496 01ed 12020000 		.4byte	0x212
 497 01f1 17       		.uleb128 0x17
 498 01f2 79000000 		.4byte	.LASF23
 499 01f6 01       		.byte	0x1
 500 01f7 C6       		.byte	0xc6
 501 01f8 CB010000 		.4byte	0x1cb
 502 01fc 18       		.uleb128 0x18
 503 01fd 757300   		.ascii	"us\000"
 504 0200 01       		.byte	0x1
 505 0201 C8       		.byte	0xc8
 506 0202 77000000 		.4byte	0x77
 507 0206 07       		.uleb128 0x7
 508 0207 60000000 		.4byte	.LASF20
 509 020b 01       		.byte	0x1
 510 020c C9       		.byte	0xc9
 511 020d B0000000 		.4byte	0xb0
 512 0211 00       		.byte	0
 513 0212 0F       		.uleb128 0xf
 514 0213 67000000 		.4byte	.LASF22
 515 0217 01       		.byte	0x1
 516 0218 E9       		.byte	0xe9
 517 0219 B0000000 		.4byte	0xb0
 518 021d 00000000 		.4byte	.LFB4
 519 0221 4C000000 		.4byte	.LFE4-.LFB4
 520 0225 01       		.uleb128 0x1
 521 0226 9C       		.byte	0x9c
 522 0227 B6020000 		.4byte	0x2b6
 523 022b 10       		.uleb128 0x10
 524 022c 79000000 		.4byte	.LASF23
 525 0230 01       		.byte	0x1
 526 0231 E9       		.byte	0xe9
 527 0232 CB010000 		.4byte	0x1cb
 528 0236 88000000 		.4byte	.LLST4
 529 023a 12       		.uleb128 0x12
 530 023b 60000000 		.4byte	.LASF20
 531 023f 01       		.byte	0x1
 532 0240 EB       		.byte	0xeb
 533 0241 B0000000 		.4byte	0xb0
 534 0245 B4000000 		.4byte	.LLST5
 535 0249 12       		.uleb128 0x12
 536 024a 29000000 		.4byte	.LASF24
 537 024e 01       		.byte	0x1
 538 024f EC       		.byte	0xec
 539 0250 6B000000 		.4byte	0x6b
 540 0254 EA000000 		.4byte	.LLST6
ARM GAS  C:\Users\miyag\AppData\Local\Temp\ccfoMVeh.s 			page 15


 541 0258 19       		.uleb128 0x19
 542 0259 E1010000 		.4byte	0x1e1
 543 025d 06000000 		.4byte	.LBB8
 544 0261 32000000 		.4byte	.LBE8-.LBB8
 545 0265 01       		.byte	0x1
 546 0266 EF       		.byte	0xef
 547 0267 1A       		.uleb128 0x1a
 548 0268 F1010000 		.4byte	0x1f1
 549 026c 1B       		.uleb128 0x1b
 550 026d 06000000 		.4byte	.LBB9
 551 0271 32000000 		.4byte	.LBE9-.LBB9
 552 0275 09       		.uleb128 0x9
 553 0276 FC010000 		.4byte	0x1fc
 554 027a 16010000 		.4byte	.LLST7
 555 027e 09       		.uleb128 0x9
 556 027f 06020000 		.4byte	0x206
 557 0283 2D010000 		.4byte	.LLST8
 558 0287 0D       		.uleb128 0xd
 559 0288 0A000000 		.4byte	.LVL18
 560 028c D4000000 		.4byte	0xd4
 561 0290 0B       		.uleb128 0xb
 562 0291 28000000 		.4byte	.LVL22
 563 0295 63010000 		.4byte	0x163
 564 0299 A4020000 		.4byte	0x2a4
 565 029d 0C       		.uleb128 0xc
 566 029e 01       		.uleb128 0x1
 567 029f 50       		.byte	0x50
 568 02a0 02       		.uleb128 0x2
 569 02a1 77       		.byte	0x77
 570 02a2 00       		.sleb128 0
 571 02a3 00       		.byte	0
 572 02a4 1C       		.uleb128 0x1c
 573 02a5 34000000 		.4byte	.LVL24
 574 02a9 04030000 		.4byte	0x304
 575 02ad 0C       		.uleb128 0xc
 576 02ae 01       		.uleb128 0x1
 577 02af 50       		.byte	0x50
 578 02b0 01       		.uleb128 0x1
 579 02b1 3A       		.byte	0x3a
 580 02b2 00       		.byte	0
 581 02b3 00       		.byte	0
 582 02b4 00       		.byte	0
 583 02b5 00       		.byte	0
 584 02b6 1D       		.uleb128 0x1d
 585 02b7 05010000 		.4byte	.LASF26
 586 02bb 03       		.byte	0x3
 587 02bc 2D       		.byte	0x2d
 588 02bd B0000000 		.4byte	0xb0
 589 02c1 CB020000 		.4byte	0x2cb
 590 02c5 1E       		.uleb128 0x1e
 591 02c6 6B000000 		.4byte	0x6b
 592 02ca 00       		.byte	0
 593 02cb 1F       		.uleb128 0x1f
 594 02cc 8F010000 		.4byte	.LASF27
 595 02d0 03       		.byte	0x3
 596 02d1 30       		.byte	0x30
 597 02d2 1F       		.uleb128 0x1f
ARM GAS  C:\Users\miyag\AppData\Local\Temp\ccfoMVeh.s 			page 16


 598 02d3 09000000 		.4byte	.LASF28
 599 02d7 03       		.byte	0x3
 600 02d8 22       		.byte	0x22
 601 02d9 20       		.uleb128 0x20
 602 02da 19010000 		.4byte	.LASF35
 603 02de 03       		.byte	0x3
 604 02df 2F       		.byte	0x2f
 605 02e0 B0000000 		.4byte	0xb0
 606 02e4 1D       		.uleb128 0x1d
 607 02e5 52000000 		.4byte	.LASF29
 608 02e9 03       		.byte	0x3
 609 02ea 24       		.byte	0x24
 610 02eb 6B000000 		.4byte	0x6b
 611 02ef FE020000 		.4byte	0x2fe
 612 02f3 1E       		.uleb128 0x1e
 613 02f4 FE020000 		.4byte	0x2fe
 614 02f8 1E       		.uleb128 0x1e
 615 02f9 6B000000 		.4byte	0x6b
 616 02fd 00       		.byte	0
 617 02fe 13       		.uleb128 0x13
 618 02ff 04       		.byte	0x4
 619 0300 6B000000 		.4byte	0x6b
 620 0304 21       		.uleb128 0x21
 621 0305 A9010000 		.4byte	.LASF36
 622 0309 04       		.byte	0x4
 623 030a 77       		.byte	0x77
 624 030b 1E       		.uleb128 0x1e
 625 030c 77000000 		.4byte	0x77
 626 0310 00       		.byte	0
 627 0311 00       		.byte	0
 628              		.section	.debug_abbrev,"",%progbits
 629              	.Ldebug_abbrev0:
 630 0000 01       		.uleb128 0x1
 631 0001 11       		.uleb128 0x11
 632 0002 01       		.byte	0x1
 633 0003 25       		.uleb128 0x25
 634 0004 0E       		.uleb128 0xe
 635 0005 13       		.uleb128 0x13
 636 0006 0B       		.uleb128 0xb
 637 0007 03       		.uleb128 0x3
 638 0008 0E       		.uleb128 0xe
 639 0009 1B       		.uleb128 0x1b
 640 000a 0E       		.uleb128 0xe
 641 000b 55       		.uleb128 0x55
 642 000c 17       		.uleb128 0x17
 643 000d 11       		.uleb128 0x11
 644 000e 01       		.uleb128 0x1
 645 000f 10       		.uleb128 0x10
 646 0010 17       		.uleb128 0x17
 647 0011 00       		.byte	0
 648 0012 00       		.byte	0
 649 0013 02       		.uleb128 0x2
 650 0014 24       		.uleb128 0x24
 651 0015 00       		.byte	0
 652 0016 0B       		.uleb128 0xb
 653 0017 0B       		.uleb128 0xb
 654 0018 3E       		.uleb128 0x3e
ARM GAS  C:\Users\miyag\AppData\Local\Temp\ccfoMVeh.s 			page 17


 655 0019 0B       		.uleb128 0xb
 656 001a 03       		.uleb128 0x3
 657 001b 0E       		.uleb128 0xe
 658 001c 00       		.byte	0
 659 001d 00       		.byte	0
 660 001e 03       		.uleb128 0x3
 661 001f 24       		.uleb128 0x24
 662 0020 00       		.byte	0
 663 0021 0B       		.uleb128 0xb
 664 0022 0B       		.uleb128 0xb
 665 0023 3E       		.uleb128 0x3e
 666 0024 0B       		.uleb128 0xb
 667 0025 03       		.uleb128 0x3
 668 0026 08       		.uleb128 0x8
 669 0027 00       		.byte	0
 670 0028 00       		.byte	0
 671 0029 04       		.uleb128 0x4
 672 002a 16       		.uleb128 0x16
 673 002b 00       		.byte	0
 674 002c 03       		.uleb128 0x3
 675 002d 0E       		.uleb128 0xe
 676 002e 3A       		.uleb128 0x3a
 677 002f 0B       		.uleb128 0xb
 678 0030 3B       		.uleb128 0x3b
 679 0031 05       		.uleb128 0x5
 680 0032 49       		.uleb128 0x49
 681 0033 13       		.uleb128 0x13
 682 0034 00       		.byte	0
 683 0035 00       		.byte	0
 684 0036 05       		.uleb128 0x5
 685 0037 35       		.uleb128 0x35
 686 0038 00       		.byte	0
 687 0039 49       		.uleb128 0x49
 688 003a 13       		.uleb128 0x13
 689 003b 00       		.byte	0
 690 003c 00       		.byte	0
 691 003d 06       		.uleb128 0x6
 692 003e 2E       		.uleb128 0x2e
 693 003f 01       		.byte	0x1
 694 0040 3F       		.uleb128 0x3f
 695 0041 19       		.uleb128 0x19
 696 0042 03       		.uleb128 0x3
 697 0043 0E       		.uleb128 0xe
 698 0044 3A       		.uleb128 0x3a
 699 0045 0B       		.uleb128 0xb
 700 0046 3B       		.uleb128 0x3b
 701 0047 0B       		.uleb128 0xb
 702 0048 27       		.uleb128 0x27
 703 0049 19       		.uleb128 0x19
 704 004a 49       		.uleb128 0x49
 705 004b 13       		.uleb128 0x13
 706 004c 20       		.uleb128 0x20
 707 004d 0B       		.uleb128 0xb
 708 004e 01       		.uleb128 0x1
 709 004f 13       		.uleb128 0x13
 710 0050 00       		.byte	0
 711 0051 00       		.byte	0
ARM GAS  C:\Users\miyag\AppData\Local\Temp\ccfoMVeh.s 			page 18


 712 0052 07       		.uleb128 0x7
 713 0053 34       		.uleb128 0x34
 714 0054 00       		.byte	0
 715 0055 03       		.uleb128 0x3
 716 0056 0E       		.uleb128 0xe
 717 0057 3A       		.uleb128 0x3a
 718 0058 0B       		.uleb128 0xb
 719 0059 3B       		.uleb128 0x3b
 720 005a 0B       		.uleb128 0xb
 721 005b 49       		.uleb128 0x49
 722 005c 13       		.uleb128 0x13
 723 005d 00       		.byte	0
 724 005e 00       		.byte	0
 725 005f 08       		.uleb128 0x8
 726 0060 2E       		.uleb128 0x2e
 727 0061 01       		.byte	0x1
 728 0062 31       		.uleb128 0x31
 729 0063 13       		.uleb128 0x13
 730 0064 11       		.uleb128 0x11
 731 0065 01       		.uleb128 0x1
 732 0066 12       		.uleb128 0x12
 733 0067 06       		.uleb128 0x6
 734 0068 40       		.uleb128 0x40
 735 0069 18       		.uleb128 0x18
 736 006a 9742     		.uleb128 0x2117
 737 006c 19       		.uleb128 0x19
 738 006d 01       		.uleb128 0x1
 739 006e 13       		.uleb128 0x13
 740 006f 00       		.byte	0
 741 0070 00       		.byte	0
 742 0071 09       		.uleb128 0x9
 743 0072 34       		.uleb128 0x34
 744 0073 00       		.byte	0
 745 0074 31       		.uleb128 0x31
 746 0075 13       		.uleb128 0x13
 747 0076 02       		.uleb128 0x2
 748 0077 17       		.uleb128 0x17
 749 0078 00       		.byte	0
 750 0079 00       		.byte	0
 751 007a 0A       		.uleb128 0xa
 752 007b 0B       		.uleb128 0xb
 753 007c 01       		.byte	0x1
 754 007d 11       		.uleb128 0x11
 755 007e 01       		.uleb128 0x1
 756 007f 12       		.uleb128 0x12
 757 0080 06       		.uleb128 0x6
 758 0081 01       		.uleb128 0x1
 759 0082 13       		.uleb128 0x13
 760 0083 00       		.byte	0
 761 0084 00       		.byte	0
 762 0085 0B       		.uleb128 0xb
 763 0086 898201   		.uleb128 0x4109
 764 0089 01       		.byte	0x1
 765 008a 11       		.uleb128 0x11
 766 008b 01       		.uleb128 0x1
 767 008c 31       		.uleb128 0x31
 768 008d 13       		.uleb128 0x13
ARM GAS  C:\Users\miyag\AppData\Local\Temp\ccfoMVeh.s 			page 19


 769 008e 01       		.uleb128 0x1
 770 008f 13       		.uleb128 0x13
 771 0090 00       		.byte	0
 772 0091 00       		.byte	0
 773 0092 0C       		.uleb128 0xc
 774 0093 8A8201   		.uleb128 0x410a
 775 0096 00       		.byte	0
 776 0097 02       		.uleb128 0x2
 777 0098 18       		.uleb128 0x18
 778 0099 9142     		.uleb128 0x2111
 779 009b 18       		.uleb128 0x18
 780 009c 00       		.byte	0
 781 009d 00       		.byte	0
 782 009e 0D       		.uleb128 0xd
 783 009f 898201   		.uleb128 0x4109
 784 00a2 00       		.byte	0
 785 00a3 11       		.uleb128 0x11
 786 00a4 01       		.uleb128 0x1
 787 00a5 31       		.uleb128 0x31
 788 00a6 13       		.uleb128 0x13
 789 00a7 00       		.byte	0
 790 00a8 00       		.byte	0
 791 00a9 0E       		.uleb128 0xe
 792 00aa 2E       		.uleb128 0x2e
 793 00ab 00       		.byte	0
 794 00ac 3F       		.uleb128 0x3f
 795 00ad 19       		.uleb128 0x19
 796 00ae 03       		.uleb128 0x3
 797 00af 0E       		.uleb128 0xe
 798 00b0 3A       		.uleb128 0x3a
 799 00b1 0B       		.uleb128 0xb
 800 00b2 3B       		.uleb128 0x3b
 801 00b3 0B       		.uleb128 0xb
 802 00b4 27       		.uleb128 0x27
 803 00b5 19       		.uleb128 0x19
 804 00b6 11       		.uleb128 0x11
 805 00b7 01       		.uleb128 0x1
 806 00b8 12       		.uleb128 0x12
 807 00b9 06       		.uleb128 0x6
 808 00ba 40       		.uleb128 0x40
 809 00bb 18       		.uleb128 0x18
 810 00bc 9742     		.uleb128 0x2117
 811 00be 19       		.uleb128 0x19
 812 00bf 00       		.byte	0
 813 00c0 00       		.byte	0
 814 00c1 0F       		.uleb128 0xf
 815 00c2 2E       		.uleb128 0x2e
 816 00c3 01       		.byte	0x1
 817 00c4 3F       		.uleb128 0x3f
 818 00c5 19       		.uleb128 0x19
 819 00c6 03       		.uleb128 0x3
 820 00c7 0E       		.uleb128 0xe
 821 00c8 3A       		.uleb128 0x3a
 822 00c9 0B       		.uleb128 0xb
 823 00ca 3B       		.uleb128 0x3b
 824 00cb 0B       		.uleb128 0xb
 825 00cc 27       		.uleb128 0x27
ARM GAS  C:\Users\miyag\AppData\Local\Temp\ccfoMVeh.s 			page 20


 826 00cd 19       		.uleb128 0x19
 827 00ce 49       		.uleb128 0x49
 828 00cf 13       		.uleb128 0x13
 829 00d0 11       		.uleb128 0x11
 830 00d1 01       		.uleb128 0x1
 831 00d2 12       		.uleb128 0x12
 832 00d3 06       		.uleb128 0x6
 833 00d4 40       		.uleb128 0x40
 834 00d5 18       		.uleb128 0x18
 835 00d6 9742     		.uleb128 0x2117
 836 00d8 19       		.uleb128 0x19
 837 00d9 01       		.uleb128 0x1
 838 00da 13       		.uleb128 0x13
 839 00db 00       		.byte	0
 840 00dc 00       		.byte	0
 841 00dd 10       		.uleb128 0x10
 842 00de 05       		.uleb128 0x5
 843 00df 00       		.byte	0
 844 00e0 03       		.uleb128 0x3
 845 00e1 0E       		.uleb128 0xe
 846 00e2 3A       		.uleb128 0x3a
 847 00e3 0B       		.uleb128 0xb
 848 00e4 3B       		.uleb128 0x3b
 849 00e5 0B       		.uleb128 0xb
 850 00e6 49       		.uleb128 0x49
 851 00e7 13       		.uleb128 0x13
 852 00e8 02       		.uleb128 0x2
 853 00e9 17       		.uleb128 0x17
 854 00ea 00       		.byte	0
 855 00eb 00       		.byte	0
 856 00ec 11       		.uleb128 0x11
 857 00ed 34       		.uleb128 0x34
 858 00ee 00       		.byte	0
 859 00ef 03       		.uleb128 0x3
 860 00f0 0E       		.uleb128 0xe
 861 00f1 3A       		.uleb128 0x3a
 862 00f2 0B       		.uleb128 0xb
 863 00f3 3B       		.uleb128 0x3b
 864 00f4 0B       		.uleb128 0xb
 865 00f5 49       		.uleb128 0x49
 866 00f6 13       		.uleb128 0x13
 867 00f7 02       		.uleb128 0x2
 868 00f8 18       		.uleb128 0x18
 869 00f9 00       		.byte	0
 870 00fa 00       		.byte	0
 871 00fb 12       		.uleb128 0x12
 872 00fc 34       		.uleb128 0x34
 873 00fd 00       		.byte	0
 874 00fe 03       		.uleb128 0x3
 875 00ff 0E       		.uleb128 0xe
 876 0100 3A       		.uleb128 0x3a
 877 0101 0B       		.uleb128 0xb
 878 0102 3B       		.uleb128 0x3b
 879 0103 0B       		.uleb128 0xb
 880 0104 49       		.uleb128 0x49
 881 0105 13       		.uleb128 0x13
 882 0106 02       		.uleb128 0x2
ARM GAS  C:\Users\miyag\AppData\Local\Temp\ccfoMVeh.s 			page 21


 883 0107 17       		.uleb128 0x17
 884 0108 00       		.byte	0
 885 0109 00       		.byte	0
 886 010a 13       		.uleb128 0x13
 887 010b 0F       		.uleb128 0xf
 888 010c 00       		.byte	0
 889 010d 0B       		.uleb128 0xb
 890 010e 0B       		.uleb128 0xb
 891 010f 49       		.uleb128 0x49
 892 0110 13       		.uleb128 0x13
 893 0111 00       		.byte	0
 894 0112 00       		.byte	0
 895 0113 14       		.uleb128 0x14
 896 0114 01       		.uleb128 0x1
 897 0115 01       		.byte	0x1
 898 0116 49       		.uleb128 0x49
 899 0117 13       		.uleb128 0x13
 900 0118 01       		.uleb128 0x1
 901 0119 13       		.uleb128 0x13
 902 011a 00       		.byte	0
 903 011b 00       		.byte	0
 904 011c 15       		.uleb128 0x15
 905 011d 21       		.uleb128 0x21
 906 011e 00       		.byte	0
 907 011f 49       		.uleb128 0x49
 908 0120 13       		.uleb128 0x13
 909 0121 2F       		.uleb128 0x2f
 910 0122 0B       		.uleb128 0xb
 911 0123 00       		.byte	0
 912 0124 00       		.byte	0
 913 0125 16       		.uleb128 0x16
 914 0126 2E       		.uleb128 0x2e
 915 0127 01       		.byte	0x1
 916 0128 03       		.uleb128 0x3
 917 0129 0E       		.uleb128 0xe
 918 012a 3A       		.uleb128 0x3a
 919 012b 0B       		.uleb128 0xb
 920 012c 3B       		.uleb128 0x3b
 921 012d 0B       		.uleb128 0xb
 922 012e 27       		.uleb128 0x27
 923 012f 19       		.uleb128 0x19
 924 0130 49       		.uleb128 0x49
 925 0131 13       		.uleb128 0x13
 926 0132 20       		.uleb128 0x20
 927 0133 0B       		.uleb128 0xb
 928 0134 01       		.uleb128 0x1
 929 0135 13       		.uleb128 0x13
 930 0136 00       		.byte	0
 931 0137 00       		.byte	0
 932 0138 17       		.uleb128 0x17
 933 0139 05       		.uleb128 0x5
 934 013a 00       		.byte	0
 935 013b 03       		.uleb128 0x3
 936 013c 0E       		.uleb128 0xe
 937 013d 3A       		.uleb128 0x3a
 938 013e 0B       		.uleb128 0xb
 939 013f 3B       		.uleb128 0x3b
ARM GAS  C:\Users\miyag\AppData\Local\Temp\ccfoMVeh.s 			page 22


 940 0140 0B       		.uleb128 0xb
 941 0141 49       		.uleb128 0x49
 942 0142 13       		.uleb128 0x13
 943 0143 00       		.byte	0
 944 0144 00       		.byte	0
 945 0145 18       		.uleb128 0x18
 946 0146 34       		.uleb128 0x34
 947 0147 00       		.byte	0
 948 0148 03       		.uleb128 0x3
 949 0149 08       		.uleb128 0x8
 950 014a 3A       		.uleb128 0x3a
 951 014b 0B       		.uleb128 0xb
 952 014c 3B       		.uleb128 0x3b
 953 014d 0B       		.uleb128 0xb
 954 014e 49       		.uleb128 0x49
 955 014f 13       		.uleb128 0x13
 956 0150 00       		.byte	0
 957 0151 00       		.byte	0
 958 0152 19       		.uleb128 0x19
 959 0153 1D       		.uleb128 0x1d
 960 0154 01       		.byte	0x1
 961 0155 31       		.uleb128 0x31
 962 0156 13       		.uleb128 0x13
 963 0157 11       		.uleb128 0x11
 964 0158 01       		.uleb128 0x1
 965 0159 12       		.uleb128 0x12
 966 015a 06       		.uleb128 0x6
 967 015b 58       		.uleb128 0x58
 968 015c 0B       		.uleb128 0xb
 969 015d 59       		.uleb128 0x59
 970 015e 0B       		.uleb128 0xb
 971 015f 00       		.byte	0
 972 0160 00       		.byte	0
 973 0161 1A       		.uleb128 0x1a
 974 0162 05       		.uleb128 0x5
 975 0163 00       		.byte	0
 976 0164 31       		.uleb128 0x31
 977 0165 13       		.uleb128 0x13
 978 0166 00       		.byte	0
 979 0167 00       		.byte	0
 980 0168 1B       		.uleb128 0x1b
 981 0169 0B       		.uleb128 0xb
 982 016a 01       		.byte	0x1
 983 016b 11       		.uleb128 0x11
 984 016c 01       		.uleb128 0x1
 985 016d 12       		.uleb128 0x12
 986 016e 06       		.uleb128 0x6
 987 016f 00       		.byte	0
 988 0170 00       		.byte	0
 989 0171 1C       		.uleb128 0x1c
 990 0172 898201   		.uleb128 0x4109
 991 0175 01       		.byte	0x1
 992 0176 11       		.uleb128 0x11
 993 0177 01       		.uleb128 0x1
 994 0178 31       		.uleb128 0x31
 995 0179 13       		.uleb128 0x13
 996 017a 00       		.byte	0
ARM GAS  C:\Users\miyag\AppData\Local\Temp\ccfoMVeh.s 			page 23


 997 017b 00       		.byte	0
 998 017c 1D       		.uleb128 0x1d
 999 017d 2E       		.uleb128 0x2e
 1000 017e 01       		.byte	0x1
 1001 017f 3F       		.uleb128 0x3f
 1002 0180 19       		.uleb128 0x19
 1003 0181 03       		.uleb128 0x3
 1004 0182 0E       		.uleb128 0xe
 1005 0183 3A       		.uleb128 0x3a
 1006 0184 0B       		.uleb128 0xb
 1007 0185 3B       		.uleb128 0x3b
 1008 0186 0B       		.uleb128 0xb
 1009 0187 27       		.uleb128 0x27
 1010 0188 19       		.uleb128 0x19
 1011 0189 49       		.uleb128 0x49
 1012 018a 13       		.uleb128 0x13
 1013 018b 3C       		.uleb128 0x3c
 1014 018c 19       		.uleb128 0x19
 1015 018d 01       		.uleb128 0x1
 1016 018e 13       		.uleb128 0x13
 1017 018f 00       		.byte	0
 1018 0190 00       		.byte	0
 1019 0191 1E       		.uleb128 0x1e
 1020 0192 05       		.uleb128 0x5
 1021 0193 00       		.byte	0
 1022 0194 49       		.uleb128 0x49
 1023 0195 13       		.uleb128 0x13
 1024 0196 00       		.byte	0
 1025 0197 00       		.byte	0
 1026 0198 1F       		.uleb128 0x1f
 1027 0199 2E       		.uleb128 0x2e
 1028 019a 00       		.byte	0
 1029 019b 3F       		.uleb128 0x3f
 1030 019c 19       		.uleb128 0x19
 1031 019d 03       		.uleb128 0x3
 1032 019e 0E       		.uleb128 0xe
 1033 019f 3A       		.uleb128 0x3a
 1034 01a0 0B       		.uleb128 0xb
 1035 01a1 3B       		.uleb128 0x3b
 1036 01a2 0B       		.uleb128 0xb
 1037 01a3 27       		.uleb128 0x27
 1038 01a4 19       		.uleb128 0x19
 1039 01a5 3C       		.uleb128 0x3c
 1040 01a6 19       		.uleb128 0x19
 1041 01a7 00       		.byte	0
 1042 01a8 00       		.byte	0
 1043 01a9 20       		.uleb128 0x20
 1044 01aa 2E       		.uleb128 0x2e
 1045 01ab 00       		.byte	0
 1046 01ac 3F       		.uleb128 0x3f
 1047 01ad 19       		.uleb128 0x19
 1048 01ae 03       		.uleb128 0x3
 1049 01af 0E       		.uleb128 0xe
 1050 01b0 3A       		.uleb128 0x3a
 1051 01b1 0B       		.uleb128 0xb
 1052 01b2 3B       		.uleb128 0x3b
 1053 01b3 0B       		.uleb128 0xb
ARM GAS  C:\Users\miyag\AppData\Local\Temp\ccfoMVeh.s 			page 24


 1054 01b4 27       		.uleb128 0x27
 1055 01b5 19       		.uleb128 0x19
 1056 01b6 49       		.uleb128 0x49
 1057 01b7 13       		.uleb128 0x13
 1058 01b8 3C       		.uleb128 0x3c
 1059 01b9 19       		.uleb128 0x19
 1060 01ba 00       		.byte	0
 1061 01bb 00       		.byte	0
 1062 01bc 21       		.uleb128 0x21
 1063 01bd 2E       		.uleb128 0x2e
 1064 01be 01       		.byte	0x1
 1065 01bf 3F       		.uleb128 0x3f
 1066 01c0 19       		.uleb128 0x19
 1067 01c1 03       		.uleb128 0x3
 1068 01c2 0E       		.uleb128 0xe
 1069 01c3 3A       		.uleb128 0x3a
 1070 01c4 0B       		.uleb128 0xb
 1071 01c5 3B       		.uleb128 0x3b
 1072 01c6 0B       		.uleb128 0xb
 1073 01c7 27       		.uleb128 0x27
 1074 01c8 19       		.uleb128 0x19
 1075 01c9 3C       		.uleb128 0x3c
 1076 01ca 19       		.uleb128 0x19
 1077 01cb 00       		.byte	0
 1078 01cc 00       		.byte	0
 1079 01cd 00       		.byte	0
 1080              		.section	.debug_loc,"",%progbits
 1081              	.Ldebug_loc0:
 1082              	.LLST0:
 1083 0000 00000000 		.4byte	.LVL0
 1084 0004 24000000 		.4byte	.LVL7
 1085 0008 0300     		.2byte	0x3
 1086 000a 09       		.byte	0x9
 1087 000b FF       		.byte	0xff
 1088 000c 9F       		.byte	0x9f
 1089 000d 24000000 		.4byte	.LVL7
 1090 0011 28000000 		.4byte	.LFE0
 1091 0015 0100     		.2byte	0x1
 1092 0017 54       		.byte	0x54
 1093 0018 00000000 		.4byte	0
 1094 001c 00000000 		.4byte	0
 1095              	.LLST1:
 1096 0020 1C000000 		.4byte	.LVL4
 1097 0024 22000000 		.4byte	.LVL6
 1098 0028 0100     		.2byte	0x1
 1099 002a 54       		.byte	0x54
 1100 002b 00000000 		.4byte	0
 1101 002f 00000000 		.4byte	0
 1102              	.LLST2:
 1103 0033 00000000 		.4byte	.LVL8
 1104 0037 14000000 		.4byte	.LVL9
 1105 003b 0100     		.2byte	0x1
 1106 003d 50       		.byte	0x50
 1107 003e 14000000 		.4byte	.LVL9
 1108 0042 30000000 		.4byte	.LVL11
 1109 0046 0100     		.2byte	0x1
 1110 0048 55       		.byte	0x55
ARM GAS  C:\Users\miyag\AppData\Local\Temp\ccfoMVeh.s 			page 25


 1111 0049 30000000 		.4byte	.LVL11
 1112 004d 38000000 		.4byte	.LVL12
 1113 0051 0100     		.2byte	0x1
 1114 0053 50       		.byte	0x50
 1115 0054 38000000 		.4byte	.LVL12
 1116 0058 46000000 		.4byte	.LVL15
 1117 005c 0100     		.2byte	0x1
 1118 005e 55       		.byte	0x55
 1119 005f 46000000 		.4byte	.LVL15
 1120 0063 4C000000 		.4byte	.LFE2
 1121 0067 0400     		.2byte	0x4
 1122 0069 F3       		.byte	0xf3
 1123 006a 01       		.uleb128 0x1
 1124 006b 50       		.byte	0x50
 1125 006c 9F       		.byte	0x9f
 1126 006d 00000000 		.4byte	0
 1127 0071 00000000 		.4byte	0
 1128              	.LLST3:
 1129 0075 3C000000 		.4byte	.LVL13
 1130 0079 40000000 		.4byte	.LVL14
 1131 007d 0100     		.2byte	0x1
 1132 007f 54       		.byte	0x54
 1133 0080 00000000 		.4byte	0
 1134 0084 00000000 		.4byte	0
 1135              	.LLST4:
 1136 0088 00000000 		.4byte	.LVL16
 1137 008c 06000000 		.4byte	.LVL17
 1138 0090 0100     		.2byte	0x1
 1139 0092 50       		.byte	0x50
 1140 0093 06000000 		.4byte	.LVL17
 1141 0097 46000000 		.4byte	.LVL29
 1142 009b 0100     		.2byte	0x1
 1143 009d 57       		.byte	0x57
 1144 009e 46000000 		.4byte	.LVL29
 1145 00a2 4C000000 		.4byte	.LFE4
 1146 00a6 0400     		.2byte	0x4
 1147 00a8 F3       		.byte	0xf3
 1148 00a9 01       		.uleb128 0x1
 1149 00aa 50       		.byte	0x50
 1150 00ab 9F       		.byte	0x9f
 1151 00ac 00000000 		.4byte	0
 1152 00b0 00000000 		.4byte	0
 1153              	.LLST5:
 1154 00b4 00000000 		.4byte	.LVL16
 1155 00b8 38000000 		.4byte	.LVL25
 1156 00bc 0200     		.2byte	0x2
 1157 00be 30       		.byte	0x30
 1158 00bf 9F       		.byte	0x9f
 1159 00c0 3A000000 		.4byte	.LVL26
 1160 00c4 42000000 		.4byte	.LVL28
 1161 00c8 0200     		.2byte	0x2
 1162 00ca 30       		.byte	0x30
 1163 00cb 9F       		.byte	0x9f
 1164 00cc 42000000 		.4byte	.LVL28
 1165 00d0 46000000 		.4byte	.LVL29
 1166 00d4 0100     		.2byte	0x1
 1167 00d6 54       		.byte	0x54
ARM GAS  C:\Users\miyag\AppData\Local\Temp\ccfoMVeh.s 			page 26


 1168 00d7 46000000 		.4byte	.LVL29
 1169 00db 4C000000 		.4byte	.LFE4
 1170 00df 0100     		.2byte	0x1
 1171 00e1 50       		.byte	0x50
 1172 00e2 00000000 		.4byte	0
 1173 00e6 00000000 		.4byte	0
 1174              	.LLST6:
 1175 00ea 00000000 		.4byte	.LVL16
 1176 00ee 06000000 		.4byte	.LVL17
 1177 00f2 0200     		.2byte	0x2
 1178 00f4 32       		.byte	0x32
 1179 00f5 9F       		.byte	0x9f
 1180 00f6 06000000 		.4byte	.LVL17
 1181 00fa 3A000000 		.4byte	.LVL26
 1182 00fe 0100     		.2byte	0x1
 1183 0100 56       		.byte	0x56
 1184 0101 3A000000 		.4byte	.LVL26
 1185 0105 40000000 		.4byte	.LVL27
 1186 0109 0300     		.2byte	0x3
 1187 010b 76       		.byte	0x76
 1188 010c 7F       		.sleb128 -1
 1189 010d 9F       		.byte	0x9f
 1190 010e 00000000 		.4byte	0
 1191 0112 00000000 		.4byte	0
 1192              	.LLST7:
 1193 0116 14000000 		.4byte	.LVL20
 1194 011a 2A000000 		.4byte	.LVL23
 1195 011e 0500     		.2byte	0x5
 1196 0120 75       		.byte	0x75
 1197 0121 00       		.sleb128 0
 1198 0122 3A       		.byte	0x3a
 1199 0123 1E       		.byte	0x1e
 1200 0124 9F       		.byte	0x9f
 1201 0125 00000000 		.4byte	0
 1202 0129 00000000 		.4byte	0
 1203              	.LLST8:
 1204 012d 0E000000 		.4byte	.LVL19
 1205 0131 14000000 		.4byte	.LVL20
 1206 0135 0100     		.2byte	0x1
 1207 0137 50       		.byte	0x50
 1208 0138 14000000 		.4byte	.LVL20
 1209 013c 22000000 		.4byte	.LVL21
 1210 0140 0100     		.2byte	0x1
 1211 0142 54       		.byte	0x54
 1212 0143 22000000 		.4byte	.LVL21
 1213 0147 2A000000 		.4byte	.LVL23
 1214 014b 0200     		.2byte	0x2
 1215 014d 37       		.byte	0x37
 1216 014e 9F       		.byte	0x9f
 1217 014f 2A000000 		.4byte	.LVL23
 1218 0153 46000000 		.4byte	.LVL29
 1219 0157 0100     		.2byte	0x1
 1220 0159 54       		.byte	0x54
 1221 015a 46000000 		.4byte	.LVL29
 1222 015e 4C000000 		.4byte	.LFE4
 1223 0162 0100     		.2byte	0x1
 1224 0164 50       		.byte	0x50
ARM GAS  C:\Users\miyag\AppData\Local\Temp\ccfoMVeh.s 			page 27


 1225 0165 00000000 		.4byte	0
 1226 0169 00000000 		.4byte	0
 1227              		.section	.debug_aranges,"",%progbits
 1228 0000 34000000 		.4byte	0x34
 1229 0004 0200     		.2byte	0x2
 1230 0006 00000000 		.4byte	.Ldebug_info0
 1231 000a 04       		.byte	0x4
 1232 000b 00       		.byte	0
 1233 000c 0000     		.2byte	0
 1234 000e 0000     		.2byte	0
 1235 0010 00000000 		.4byte	.LFB0
 1236 0014 28000000 		.4byte	.LFE0-.LFB0
 1237 0018 00000000 		.4byte	.LFB1
 1238 001c 02000000 		.4byte	.LFE1-.LFB1
 1239 0020 00000000 		.4byte	.LFB2
 1240 0024 4C000000 		.4byte	.LFE2-.LFB2
 1241 0028 00000000 		.4byte	.LFB4
 1242 002c 4C000000 		.4byte	.LFE4-.LFB4
 1243 0030 00000000 		.4byte	0
 1244 0034 00000000 		.4byte	0
 1245              		.section	.debug_ranges,"",%progbits
 1246              	.Ldebug_ranges0:
 1247 0000 00000000 		.4byte	.LFB0
 1248 0004 28000000 		.4byte	.LFE0
 1249 0008 00000000 		.4byte	.LFB1
 1250 000c 02000000 		.4byte	.LFE1
 1251 0010 00000000 		.4byte	.LFB2
 1252 0014 4C000000 		.4byte	.LFE2
 1253 0018 00000000 		.4byte	.LFB4
 1254 001c 4C000000 		.4byte	.LFE4
 1255 0020 00000000 		.4byte	0
 1256 0024 00000000 		.4byte	0
 1257              		.section	.debug_line,"",%progbits
 1258              	.Ldebug_line0:
 1259 0000 EC000000 		.section	.debug_str,"MS",%progbits,1
 1259      02007500 
 1259      00000201 
 1259      FB0E0D00 
 1259      01010101 
 1260              	.LASF16:
 1261 0000 63797374 		.ascii	"cystatus\000"
 1261      61747573 
 1261      00
 1262              	.LASF28:
 1263 0009 43795370 		.ascii	"CySpcStart\000"
 1263      63537461 
 1263      727400
 1264              	.LASF13:
 1265 0014 666C6F61 		.ascii	"float\000"
 1265      7400
 1266              	.LASF33:
 1267 001a 44696554 		.ascii	"DieTemp_1_Stop\000"
 1267      656D705F 
 1267      315F5374 
 1267      6F7000
 1268              	.LASF24:
 1269 0029 636F756E 		.ascii	"count\000"
ARM GAS  C:\Users\miyag\AppData\Local\Temp\ccfoMVeh.s 			page 28


 1269      7400
 1270              	.LASF21:
 1271 002f 44696554 		.ascii	"DieTemp_1_Query\000"
 1271      656D705F 
 1271      315F5175 
 1271      65727900 
 1272              	.LASF3:
 1273 003f 73686F72 		.ascii	"short unsigned int\000"
 1273      7420756E 
 1273      7369676E 
 1273      65642069 
 1273      6E7400
 1274              	.LASF29:
 1275 0052 43795370 		.ascii	"CySpcReadData\000"
 1275      63526561 
 1275      64446174 
 1275      6100
 1276              	.LASF20:
 1277 0060 73746174 		.ascii	"status\000"
 1277      757300
 1278              	.LASF22:
 1279 0067 44696554 		.ascii	"DieTemp_1_GetTemp\000"
 1279      656D705F 
 1279      315F4765 
 1279      7454656D 
 1279      7000
 1280              	.LASF23:
 1281 0079 74656D70 		.ascii	"temperature\000"
 1281      65726174 
 1281      75726500 
 1282              	.LASF1:
 1283 0085 756E7369 		.ascii	"unsigned char\000"
 1283      676E6564 
 1283      20636861 
 1283      7200
 1284              	.LASF17:
 1285 0093 72656738 		.ascii	"reg8\000"
 1285      00
 1286              	.LASF12:
 1287 0098 696E7431 		.ascii	"int16\000"
 1287      3600
 1288              	.LASF5:
 1289 009e 6C6F6E67 		.ascii	"long unsigned int\000"
 1289      20756E73 
 1289      69676E65 
 1289      6420696E 
 1289      7400
 1290              	.LASF19:
 1291 00b0 74656D70 		.ascii	"temp\000"
 1291      00
 1292              	.LASF9:
 1293 00b5 75696E74 		.ascii	"uint8\000"
 1293      3800
 1294              	.LASF32:
 1295 00bb 433A5C54 		.ascii	"C:\\TIRI\\k3g2pmpm_20211223\\trobot_psoc_v6_73\\tro"
 1295      4952495C 
 1295      6B336732 
ARM GAS  C:\Users\miyag\AppData\Local\Temp\ccfoMVeh.s 			page 29


 1295      706D706D 
 1295      5F323032 
 1296 00ea 626F7436 		.ascii	"bot6_cir2_2wd.cydsn\000"
 1296      5F636972 
 1296      325F3277 
 1296      642E6379 
 1296      64736E00 
 1297              	.LASF14:
 1298 00fe 646F7562 		.ascii	"double\000"
 1298      6C6500
 1299              	.LASF26:
 1300 0105 43795370 		.ascii	"CySpcGetTemp\000"
 1300      63476574 
 1300      54656D70 
 1300      00
 1301              	.LASF10:
 1302 0112 75696E74 		.ascii	"uint16\000"
 1302      313600
 1303              	.LASF35:
 1304 0119 43795370 		.ascii	"CySpcLock\000"
 1304      634C6F63 
 1304      6B00
 1305              	.LASF31:
 1306 0123 2E5C4765 		.ascii	".\\Generated_Source\\PSoC5\\DieTemp_1.c\000"
 1306      6E657261 
 1306      7465645F 
 1306      536F7572 
 1306      63655C50 
 1307              	.LASF11:
 1308 0148 75696E74 		.ascii	"uint32\000"
 1308      333200
 1309              	.LASF8:
 1310 014f 756E7369 		.ascii	"unsigned int\000"
 1310      676E6564 
 1310      20696E74 
 1310      00
 1311              	.LASF34:
 1312 015c 44696554 		.ascii	"DieTemp_1_GetTempT\000"
 1312      656D705F 
 1312      315F4765 
 1312      7454656D 
 1312      705400
 1313              	.LASF7:
 1314 016f 6C6F6E67 		.ascii	"long long unsigned int\000"
 1314      206C6F6E 
 1314      6720756E 
 1314      7369676E 
 1314      65642069 
 1315              	.LASF18:
 1316 0186 73697A65 		.ascii	"sizetype\000"
 1316      74797065 
 1316      00
 1317              	.LASF27:
 1318 018f 43795370 		.ascii	"CySpcUnlock\000"
 1318      63556E6C 
 1318      6F636B00 
 1319              	.LASF6:
ARM GAS  C:\Users\miyag\AppData\Local\Temp\ccfoMVeh.s 			page 30


 1320 019b 6C6F6E67 		.ascii	"long long int\000"
 1320      206C6F6E 
 1320      6720696E 
 1320      7400
 1321              	.LASF36:
 1322 01a9 43794465 		.ascii	"CyDelayUs\000"
 1322      6C617955 
 1322      7300
 1323              	.LASF15:
 1324 01b3 63686172 		.ascii	"char\000"
 1324      00
 1325              	.LASF2:
 1326 01b8 73686F72 		.ascii	"short int\000"
 1326      7420696E 
 1326      7400
 1327              	.LASF30:
 1328 01c2 474E5520 		.ascii	"GNU C 4.9.3 20150303 (release) [ARM/embedded-4_9-br"
 1328      4320342E 
 1328      392E3320 
 1328      32303135 
 1328      30333033 
 1329 01f5 616E6368 		.ascii	"anch revision 221220] -mcpu=cortex-m3 -mthumb -g -O"
 1329      20726576 
 1329      6973696F 
 1329      6E203232 
 1329      31323230 
 1330 0228 73202D66 		.ascii	"s -ffunction-sections -ffat-lto-objects\000"
 1330      66756E63 
 1330      74696F6E 
 1330      2D736563 
 1330      74696F6E 
 1331              	.LASF4:
 1332 0250 6C6F6E67 		.ascii	"long int\000"
 1332      20696E74 
 1332      00
 1333              	.LASF0:
 1334 0259 7369676E 		.ascii	"signed char\000"
 1334      65642063 
 1334      68617200 
 1335              	.LASF25:
 1336 0265 44696554 		.ascii	"DieTemp_1_Start\000"
 1336      656D705F 
 1336      315F5374 
 1336      61727400 
 1337              		.ident	"GCC: (GNU Tools for ARM Embedded Processors) 4.9.3 20150303 (release) [ARM/embedded-4_9-br
