ARM GAS  C:\Users\miyag\AppData\Local\Temp\ccw7Xbce.s 			page 1


   1              		.syntax unified
   2              		.cpu cortex-m3
   3              		.fpu softvfp
   4              		.eabi_attribute 20, 1
   5              		.eabi_attribute 21, 1
   6              		.eabi_attribute 23, 3
   7              		.eabi_attribute 24, 1
   8              		.eabi_attribute 25, 1
   9              		.eabi_attribute 26, 1
  10              		.eabi_attribute 30, 4
  11              		.eabi_attribute 34, 1
  12              		.eabi_attribute 18, 4
  13              		.thumb
  14              		.file	"SPIM_2_PM.c"
  15              		.text
  16              	.Ltext0:
  17              		.cfi_sections	.debug_frame
  18              		.section	.text.SPIM_2_SaveConfig,"ax",%progbits
  19              		.align	1
  20              		.global	SPIM_2_SaveConfig
  21              		.thumb
  22              		.thumb_func
  23              		.type	SPIM_2_SaveConfig, %function
  24              	SPIM_2_SaveConfig:
  25              	.LFB0:
  26              		.file 1 ".\\Generated_Source\\PSoC5\\SPIM_2_PM.c"
   1:.\Generated_Source\PSoC5/SPIM_2_PM.c **** /*******************************************************************************
   2:.\Generated_Source\PSoC5/SPIM_2_PM.c **** * File Name: SPIM_2_PM.c
   3:.\Generated_Source\PSoC5/SPIM_2_PM.c **** * Version 2.50
   4:.\Generated_Source\PSoC5/SPIM_2_PM.c **** *
   5:.\Generated_Source\PSoC5/SPIM_2_PM.c **** * Description:
   6:.\Generated_Source\PSoC5/SPIM_2_PM.c **** *  This file contains the setup, control and status commands to support
   7:.\Generated_Source\PSoC5/SPIM_2_PM.c **** *  component operations in low power mode.
   8:.\Generated_Source\PSoC5/SPIM_2_PM.c **** *
   9:.\Generated_Source\PSoC5/SPIM_2_PM.c **** * Note:
  10:.\Generated_Source\PSoC5/SPIM_2_PM.c **** *
  11:.\Generated_Source\PSoC5/SPIM_2_PM.c **** ********************************************************************************
  12:.\Generated_Source\PSoC5/SPIM_2_PM.c **** * Copyright 2008-2015, Cypress Semiconductor Corporation.  All rights reserved.
  13:.\Generated_Source\PSoC5/SPIM_2_PM.c **** * You may use this file only in accordance with the license, terms, conditions,
  14:.\Generated_Source\PSoC5/SPIM_2_PM.c **** * disclaimers, and limitations in the end user license agreement accompanying
  15:.\Generated_Source\PSoC5/SPIM_2_PM.c **** * the software package with which this file was provided.
  16:.\Generated_Source\PSoC5/SPIM_2_PM.c **** *******************************************************************************/
  17:.\Generated_Source\PSoC5/SPIM_2_PM.c **** 
  18:.\Generated_Source\PSoC5/SPIM_2_PM.c **** #include "SPIM_2_PVT.h"
  19:.\Generated_Source\PSoC5/SPIM_2_PM.c **** 
  20:.\Generated_Source\PSoC5/SPIM_2_PM.c **** static SPIM_2_BACKUP_STRUCT SPIM_2_backup =
  21:.\Generated_Source\PSoC5/SPIM_2_PM.c **** {
  22:.\Generated_Source\PSoC5/SPIM_2_PM.c ****     SPIM_2_DISABLED,
  23:.\Generated_Source\PSoC5/SPIM_2_PM.c ****     SPIM_2_BITCTR_INIT,
  24:.\Generated_Source\PSoC5/SPIM_2_PM.c **** };
  25:.\Generated_Source\PSoC5/SPIM_2_PM.c **** 
  26:.\Generated_Source\PSoC5/SPIM_2_PM.c **** 
  27:.\Generated_Source\PSoC5/SPIM_2_PM.c **** /*******************************************************************************
  28:.\Generated_Source\PSoC5/SPIM_2_PM.c **** * Function Name: SPIM_2_SaveConfig
  29:.\Generated_Source\PSoC5/SPIM_2_PM.c **** ********************************************************************************
  30:.\Generated_Source\PSoC5/SPIM_2_PM.c **** *
  31:.\Generated_Source\PSoC5/SPIM_2_PM.c **** * Summary:
ARM GAS  C:\Users\miyag\AppData\Local\Temp\ccw7Xbce.s 			page 2


  32:.\Generated_Source\PSoC5/SPIM_2_PM.c **** *  Empty function. Included for consistency with other components.
  33:.\Generated_Source\PSoC5/SPIM_2_PM.c **** *
  34:.\Generated_Source\PSoC5/SPIM_2_PM.c **** * Parameters:
  35:.\Generated_Source\PSoC5/SPIM_2_PM.c **** *  None.
  36:.\Generated_Source\PSoC5/SPIM_2_PM.c **** *
  37:.\Generated_Source\PSoC5/SPIM_2_PM.c **** * Return:
  38:.\Generated_Source\PSoC5/SPIM_2_PM.c **** *  None.
  39:.\Generated_Source\PSoC5/SPIM_2_PM.c **** *
  40:.\Generated_Source\PSoC5/SPIM_2_PM.c **** *******************************************************************************/
  41:.\Generated_Source\PSoC5/SPIM_2_PM.c **** void SPIM_2_SaveConfig(void) 
  42:.\Generated_Source\PSoC5/SPIM_2_PM.c **** {
  27              		.loc 1 42 0
  28              		.cfi_startproc
  29              		@ args = 0, pretend = 0, frame = 0
  30              		@ frame_needed = 0, uses_anonymous_args = 0
  31              		@ link register save eliminated.
  32 0000 7047     		bx	lr
  33              		.cfi_endproc
  34              	.LFE0:
  35              		.size	SPIM_2_SaveConfig, .-SPIM_2_SaveConfig
  36              		.section	.text.SPIM_2_RestoreConfig,"ax",%progbits
  37              		.align	1
  38              		.global	SPIM_2_RestoreConfig
  39              		.thumb
  40              		.thumb_func
  41              		.type	SPIM_2_RestoreConfig, %function
  42              	SPIM_2_RestoreConfig:
  43              	.LFB1:
  43:.\Generated_Source\PSoC5/SPIM_2_PM.c **** 
  44:.\Generated_Source\PSoC5/SPIM_2_PM.c **** }
  45:.\Generated_Source\PSoC5/SPIM_2_PM.c **** 
  46:.\Generated_Source\PSoC5/SPIM_2_PM.c **** 
  47:.\Generated_Source\PSoC5/SPIM_2_PM.c **** /*******************************************************************************
  48:.\Generated_Source\PSoC5/SPIM_2_PM.c **** * Function Name: SPIM_2_RestoreConfig
  49:.\Generated_Source\PSoC5/SPIM_2_PM.c **** ********************************************************************************
  50:.\Generated_Source\PSoC5/SPIM_2_PM.c **** *
  51:.\Generated_Source\PSoC5/SPIM_2_PM.c **** * Summary:
  52:.\Generated_Source\PSoC5/SPIM_2_PM.c **** *  Empty function. Included for consistency with other components.
  53:.\Generated_Source\PSoC5/SPIM_2_PM.c **** *
  54:.\Generated_Source\PSoC5/SPIM_2_PM.c **** * Parameters:
  55:.\Generated_Source\PSoC5/SPIM_2_PM.c **** *  None.
  56:.\Generated_Source\PSoC5/SPIM_2_PM.c **** *
  57:.\Generated_Source\PSoC5/SPIM_2_PM.c **** * Return:
  58:.\Generated_Source\PSoC5/SPIM_2_PM.c **** *  None.
  59:.\Generated_Source\PSoC5/SPIM_2_PM.c **** *
  60:.\Generated_Source\PSoC5/SPIM_2_PM.c **** *******************************************************************************/
  61:.\Generated_Source\PSoC5/SPIM_2_PM.c **** void SPIM_2_RestoreConfig(void) 
  62:.\Generated_Source\PSoC5/SPIM_2_PM.c **** {
  44              		.loc 1 62 0
  45              		.cfi_startproc
  46              		@ args = 0, pretend = 0, frame = 0
  47              		@ frame_needed = 0, uses_anonymous_args = 0
  48              		@ link register save eliminated.
  49 0000 7047     		bx	lr
  50              		.cfi_endproc
  51              	.LFE1:
  52              		.size	SPIM_2_RestoreConfig, .-SPIM_2_RestoreConfig
ARM GAS  C:\Users\miyag\AppData\Local\Temp\ccw7Xbce.s 			page 3


  53              		.section	.text.SPIM_2_Sleep,"ax",%progbits
  54              		.align	1
  55              		.global	SPIM_2_Sleep
  56              		.thumb
  57              		.thumb_func
  58              		.type	SPIM_2_Sleep, %function
  59              	SPIM_2_Sleep:
  60              	.LFB2:
  63:.\Generated_Source\PSoC5/SPIM_2_PM.c **** 
  64:.\Generated_Source\PSoC5/SPIM_2_PM.c **** }
  65:.\Generated_Source\PSoC5/SPIM_2_PM.c **** 
  66:.\Generated_Source\PSoC5/SPIM_2_PM.c **** 
  67:.\Generated_Source\PSoC5/SPIM_2_PM.c **** /*******************************************************************************
  68:.\Generated_Source\PSoC5/SPIM_2_PM.c **** * Function Name: SPIM_2_Sleep
  69:.\Generated_Source\PSoC5/SPIM_2_PM.c **** ********************************************************************************
  70:.\Generated_Source\PSoC5/SPIM_2_PM.c **** *
  71:.\Generated_Source\PSoC5/SPIM_2_PM.c **** * Summary:
  72:.\Generated_Source\PSoC5/SPIM_2_PM.c **** *  Prepare SPIM Component goes to sleep.
  73:.\Generated_Source\PSoC5/SPIM_2_PM.c **** *
  74:.\Generated_Source\PSoC5/SPIM_2_PM.c **** * Parameters:
  75:.\Generated_Source\PSoC5/SPIM_2_PM.c **** *  None.
  76:.\Generated_Source\PSoC5/SPIM_2_PM.c **** *
  77:.\Generated_Source\PSoC5/SPIM_2_PM.c **** * Return:
  78:.\Generated_Source\PSoC5/SPIM_2_PM.c **** *  None.
  79:.\Generated_Source\PSoC5/SPIM_2_PM.c **** *
  80:.\Generated_Source\PSoC5/SPIM_2_PM.c **** * Global Variables:
  81:.\Generated_Source\PSoC5/SPIM_2_PM.c **** *  SPIM_2_backup - modified when non-retention registers are saved.
  82:.\Generated_Source\PSoC5/SPIM_2_PM.c **** *
  83:.\Generated_Source\PSoC5/SPIM_2_PM.c **** * Reentrant:
  84:.\Generated_Source\PSoC5/SPIM_2_PM.c **** *  No.
  85:.\Generated_Source\PSoC5/SPIM_2_PM.c **** *
  86:.\Generated_Source\PSoC5/SPIM_2_PM.c **** *******************************************************************************/
  87:.\Generated_Source\PSoC5/SPIM_2_PM.c **** void SPIM_2_Sleep(void) 
  88:.\Generated_Source\PSoC5/SPIM_2_PM.c **** {
  61              		.loc 1 88 0
  62              		.cfi_startproc
  63              		@ args = 0, pretend = 0, frame = 0
  64              		@ frame_needed = 0, uses_anonymous_args = 0
  65              		@ link register save eliminated.
  89:.\Generated_Source\PSoC5/SPIM_2_PM.c ****     /* Save components enable state */
  90:.\Generated_Source\PSoC5/SPIM_2_PM.c ****     SPIM_2_backup.enableState = ((uint8) SPIM_2_IS_ENABLED);
  66              		.loc 1 90 0
  67 0000 034B     		ldr	r3, .L4
  68 0002 044A     		ldr	r2, .L4+4
  69 0004 1B78     		ldrb	r3, [r3]	@ zero_extendqisi2
  70 0006 C3F30013 		ubfx	r3, r3, #4, #1
  71 000a 1370     		strb	r3, [r2]
  91:.\Generated_Source\PSoC5/SPIM_2_PM.c **** 
  92:.\Generated_Source\PSoC5/SPIM_2_PM.c ****     SPIM_2_Stop();
  72              		.loc 1 92 0
  73 000c FFF7FEBF 		b	SPIM_2_Stop
  74              	.LVL0:
  75              	.L5:
  76              		.align	2
  77              	.L4:
  78 0010 9C640040 		.word	1073767580
  79 0014 00000000 		.word	.LANCHOR0
ARM GAS  C:\Users\miyag\AppData\Local\Temp\ccw7Xbce.s 			page 4


  80              		.cfi_endproc
  81              	.LFE2:
  82              		.size	SPIM_2_Sleep, .-SPIM_2_Sleep
  83              		.section	.text.SPIM_2_Wakeup,"ax",%progbits
  84              		.align	1
  85              		.global	SPIM_2_Wakeup
  86              		.thumb
  87              		.thumb_func
  88              		.type	SPIM_2_Wakeup, %function
  89              	SPIM_2_Wakeup:
  90              	.LFB3:
  93:.\Generated_Source\PSoC5/SPIM_2_PM.c **** }
  94:.\Generated_Source\PSoC5/SPIM_2_PM.c **** 
  95:.\Generated_Source\PSoC5/SPIM_2_PM.c **** 
  96:.\Generated_Source\PSoC5/SPIM_2_PM.c **** /*******************************************************************************
  97:.\Generated_Source\PSoC5/SPIM_2_PM.c **** * Function Name: SPIM_2_Wakeup
  98:.\Generated_Source\PSoC5/SPIM_2_PM.c **** ********************************************************************************
  99:.\Generated_Source\PSoC5/SPIM_2_PM.c **** *
 100:.\Generated_Source\PSoC5/SPIM_2_PM.c **** * Summary:
 101:.\Generated_Source\PSoC5/SPIM_2_PM.c **** *  Prepare SPIM Component to wake up.
 102:.\Generated_Source\PSoC5/SPIM_2_PM.c **** *
 103:.\Generated_Source\PSoC5/SPIM_2_PM.c **** * Parameters:
 104:.\Generated_Source\PSoC5/SPIM_2_PM.c **** *  None.
 105:.\Generated_Source\PSoC5/SPIM_2_PM.c **** *
 106:.\Generated_Source\PSoC5/SPIM_2_PM.c **** * Return:
 107:.\Generated_Source\PSoC5/SPIM_2_PM.c **** *  None.
 108:.\Generated_Source\PSoC5/SPIM_2_PM.c **** *
 109:.\Generated_Source\PSoC5/SPIM_2_PM.c **** * Global Variables:
 110:.\Generated_Source\PSoC5/SPIM_2_PM.c **** *  SPIM_2_backup - used when non-retention registers are restored.
 111:.\Generated_Source\PSoC5/SPIM_2_PM.c **** *  SPIM_2_txBufferWrite - modified every function call - resets to
 112:.\Generated_Source\PSoC5/SPIM_2_PM.c **** *  zero.
 113:.\Generated_Source\PSoC5/SPIM_2_PM.c **** *  SPIM_2_txBufferRead - modified every function call - resets to
 114:.\Generated_Source\PSoC5/SPIM_2_PM.c **** *  zero.
 115:.\Generated_Source\PSoC5/SPIM_2_PM.c **** *  SPIM_2_rxBufferWrite - modified every function call - resets to
 116:.\Generated_Source\PSoC5/SPIM_2_PM.c **** *  zero.
 117:.\Generated_Source\PSoC5/SPIM_2_PM.c **** *  SPIM_2_rxBufferRead - modified every function call - resets to
 118:.\Generated_Source\PSoC5/SPIM_2_PM.c **** *  zero.
 119:.\Generated_Source\PSoC5/SPIM_2_PM.c **** *
 120:.\Generated_Source\PSoC5/SPIM_2_PM.c **** * Reentrant:
 121:.\Generated_Source\PSoC5/SPIM_2_PM.c **** *  No.
 122:.\Generated_Source\PSoC5/SPIM_2_PM.c **** *
 123:.\Generated_Source\PSoC5/SPIM_2_PM.c **** *******************************************************************************/
 124:.\Generated_Source\PSoC5/SPIM_2_PM.c **** void SPIM_2_Wakeup(void) 
 125:.\Generated_Source\PSoC5/SPIM_2_PM.c **** {
  91              		.loc 1 125 0
  92              		.cfi_startproc
  93              		@ args = 0, pretend = 0, frame = 0
  94              		@ frame_needed = 0, uses_anonymous_args = 0
  95 0000 08B5     		push	{r3, lr}
  96              		.cfi_def_cfa_offset 8
  97              		.cfi_offset 3, -8
  98              		.cfi_offset 14, -4
 126:.\Generated_Source\PSoC5/SPIM_2_PM.c ****     #if(SPIM_2_RX_SOFTWARE_BUF_ENABLED)
 127:.\Generated_Source\PSoC5/SPIM_2_PM.c ****         SPIM_2_rxBufferFull  = 0u;
 128:.\Generated_Source\PSoC5/SPIM_2_PM.c ****         SPIM_2_rxBufferRead  = 0u;
 129:.\Generated_Source\PSoC5/SPIM_2_PM.c ****         SPIM_2_rxBufferWrite = 0u;
 130:.\Generated_Source\PSoC5/SPIM_2_PM.c ****     #endif /* (SPIM_2_RX_SOFTWARE_BUF_ENABLED) */
ARM GAS  C:\Users\miyag\AppData\Local\Temp\ccw7Xbce.s 			page 5


 131:.\Generated_Source\PSoC5/SPIM_2_PM.c **** 
 132:.\Generated_Source\PSoC5/SPIM_2_PM.c ****     #if(SPIM_2_TX_SOFTWARE_BUF_ENABLED)
 133:.\Generated_Source\PSoC5/SPIM_2_PM.c ****         SPIM_2_txBufferFull  = 0u;
 134:.\Generated_Source\PSoC5/SPIM_2_PM.c ****         SPIM_2_txBufferRead  = 0u;
 135:.\Generated_Source\PSoC5/SPIM_2_PM.c ****         SPIM_2_txBufferWrite = 0u;
 136:.\Generated_Source\PSoC5/SPIM_2_PM.c ****     #endif /* (SPIM_2_TX_SOFTWARE_BUF_ENABLED) */
 137:.\Generated_Source\PSoC5/SPIM_2_PM.c **** 
 138:.\Generated_Source\PSoC5/SPIM_2_PM.c ****     /* Clear any data from the RX and TX FIFO */
 139:.\Generated_Source\PSoC5/SPIM_2_PM.c ****     SPIM_2_ClearFIFO();
  99              		.loc 1 139 0
 100 0002 FFF7FEFF 		bl	SPIM_2_ClearFIFO
 101              	.LVL1:
 140:.\Generated_Source\PSoC5/SPIM_2_PM.c **** 
 141:.\Generated_Source\PSoC5/SPIM_2_PM.c ****     /* Restore components block enable state */
 142:.\Generated_Source\PSoC5/SPIM_2_PM.c ****     if(0u != SPIM_2_backup.enableState)
 102              		.loc 1 142 0
 103 0006 044B     		ldr	r3, .L9
 104 0008 1B78     		ldrb	r3, [r3]	@ zero_extendqisi2
 105 000a 1BB1     		cbz	r3, .L6
 143:.\Generated_Source\PSoC5/SPIM_2_PM.c ****     {
 144:.\Generated_Source\PSoC5/SPIM_2_PM.c ****         SPIM_2_Enable();
 145:.\Generated_Source\PSoC5/SPIM_2_PM.c ****     }
 146:.\Generated_Source\PSoC5/SPIM_2_PM.c **** }
 106              		.loc 1 146 0
 107 000c BDE80840 		pop	{r3, lr}
 108              		.cfi_remember_state
 109              		.cfi_restore 14
 110              		.cfi_restore 3
 111              		.cfi_def_cfa_offset 0
 144:.\Generated_Source\PSoC5/SPIM_2_PM.c ****     }
 112              		.loc 1 144 0
 113 0010 FFF7FEBF 		b	SPIM_2_Enable
 114              	.LVL2:
 115              	.L6:
 116              		.cfi_restore_state
 117 0014 08BD     		pop	{r3, pc}
 118              	.L10:
 119 0016 00BF     		.align	2
 120              	.L9:
 121 0018 00000000 		.word	.LANCHOR0
 122              		.cfi_endproc
 123              	.LFE3:
 124              		.size	SPIM_2_Wakeup, .-SPIM_2_Wakeup
 125              		.data
 126              		.set	.LANCHOR0,. + 0
 127              		.type	SPIM_2_backup, %object
 128              		.size	SPIM_2_backup, 2
 129              	SPIM_2_backup:
 130 0000 00       		.byte	0
 131 0001 0F       		.byte	15
 132              		.text
 133              	.Letext0:
 134              		.file 2 ".\\Generated_Source\\PSoC5\\cytypes.h"
 135              		.file 3 ".\\Generated_Source\\PSoC5\\SPIM_2.h"
 136              		.section	.debug_info,"",%progbits
 137              	.Ldebug_info0:
 138 0000 5C010000 		.4byte	0x15c
ARM GAS  C:\Users\miyag\AppData\Local\Temp\ccw7Xbce.s 			page 6


 139 0004 0400     		.2byte	0x4
 140 0006 00000000 		.4byte	.Ldebug_abbrev0
 141 000a 04       		.byte	0x4
 142 000b 01       		.uleb128 0x1
 143 000c 1B010000 		.4byte	.LASF25
 144 0010 01       		.byte	0x1
 145 0011 DA000000 		.4byte	.LASF26
 146 0015 04020000 		.4byte	.LASF27
 147 0019 00000000 		.4byte	.Ldebug_ranges0+0
 148 001d 00000000 		.4byte	0
 149 0021 00000000 		.4byte	.Ldebug_line0
 150 0025 02       		.uleb128 0x2
 151 0026 01       		.byte	0x1
 152 0027 06       		.byte	0x6
 153 0028 BA010000 		.4byte	.LASF0
 154 002c 02       		.uleb128 0x2
 155 002d 01       		.byte	0x1
 156 002e 08       		.byte	0x8
 157 002f CC000000 		.4byte	.LASF1
 158 0033 02       		.uleb128 0x2
 159 0034 02       		.byte	0x2
 160 0035 05       		.byte	0x5
 161 0036 DA010000 		.4byte	.LASF2
 162 003a 02       		.uleb128 0x2
 163 003b 02       		.byte	0x2
 164 003c 07       		.byte	0x7
 165 003d 0E000000 		.4byte	.LASF3
 166 0041 02       		.uleb128 0x2
 167 0042 04       		.byte	0x4
 168 0043 05       		.byte	0x5
 169 0044 FF000000 		.4byte	.LASF4
 170 0048 02       		.uleb128 0x2
 171 0049 04       		.byte	0x4
 172 004a 07       		.byte	0x7
 173 004b 82000000 		.4byte	.LASF5
 174 004f 02       		.uleb128 0x2
 175 0050 08       		.byte	0x8
 176 0051 05       		.byte	0x5
 177 0052 00000000 		.4byte	.LASF6
 178 0056 02       		.uleb128 0x2
 179 0057 08       		.byte	0x8
 180 0058 07       		.byte	0x7
 181 0059 94000000 		.4byte	.LASF7
 182 005d 03       		.uleb128 0x3
 183 005e 04       		.byte	0x4
 184 005f 05       		.byte	0x5
 185 0060 696E7400 		.ascii	"int\000"
 186 0064 02       		.uleb128 0x2
 187 0065 04       		.byte	0x4
 188 0066 07       		.byte	0x7
 189 0067 36000000 		.4byte	.LASF8
 190 006b 04       		.uleb128 0x4
 191 006c B4010000 		.4byte	.LASF12
 192 0070 02       		.byte	0x2
 193 0071 9201     		.2byte	0x192
 194 0073 2C000000 		.4byte	0x2c
 195 0077 02       		.uleb128 0x2
ARM GAS  C:\Users\miyag\AppData\Local\Temp\ccw7Xbce.s 			page 7


 196 0078 04       		.byte	0x4
 197 0079 04       		.byte	0x4
 198 007a D4010000 		.4byte	.LASF9
 199 007e 02       		.uleb128 0x2
 200 007f 08       		.byte	0x8
 201 0080 04       		.byte	0x4
 202 0081 14010000 		.4byte	.LASF10
 203 0085 02       		.uleb128 0x2
 204 0086 01       		.byte	0x1
 205 0087 08       		.byte	0x8
 206 0088 C7000000 		.4byte	.LASF11
 207 008c 04       		.uleb128 0x4
 208 008d E4010000 		.4byte	.LASF13
 209 0091 02       		.byte	0x2
 210 0092 3C02     		.2byte	0x23c
 211 0094 98000000 		.4byte	0x98
 212 0098 05       		.uleb128 0x5
 213 0099 6B000000 		.4byte	0x6b
 214 009d 02       		.uleb128 0x2
 215 009e 04       		.byte	0x4
 216 009f 07       		.byte	0x7
 217 00a0 FB010000 		.4byte	.LASF14
 218 00a4 06       		.uleb128 0x6
 219 00a5 02       		.byte	0x2
 220 00a6 03       		.byte	0x3
 221 00a7 46       		.byte	0x46
 222 00a8 C5000000 		.4byte	0xc5
 223 00ac 07       		.uleb128 0x7
 224 00ad 08010000 		.4byte	.LASF15
 225 00b1 03       		.byte	0x3
 226 00b2 48       		.byte	0x48
 227 00b3 6B000000 		.4byte	0x6b
 228 00b7 00       		.byte	0
 229 00b8 07       		.uleb128 0x7
 230 00b9 A9010000 		.4byte	.LASF16
 231 00bd 03       		.byte	0x3
 232 00be 49       		.byte	0x49
 233 00bf 6B000000 		.4byte	0x6b
 234 00c3 01       		.byte	0x1
 235 00c4 00       		.byte	0
 236 00c5 08       		.uleb128 0x8
 237 00c6 43000000 		.4byte	.LASF17
 238 00ca 03       		.byte	0x3
 239 00cb 4A       		.byte	0x4a
 240 00cc A4000000 		.4byte	0xa4
 241 00d0 09       		.uleb128 0x9
 242 00d1 E9010000 		.4byte	.LASF18
 243 00d5 01       		.byte	0x1
 244 00d6 29       		.byte	0x29
 245 00d7 00000000 		.4byte	.LFB0
 246 00db 02000000 		.4byte	.LFE0-.LFB0
 247 00df 01       		.uleb128 0x1
 248 00e0 9C       		.byte	0x9c
 249 00e1 09       		.uleb128 0x9
 250 00e2 21000000 		.4byte	.LASF19
 251 00e6 01       		.byte	0x1
 252 00e7 3D       		.byte	0x3d
ARM GAS  C:\Users\miyag\AppData\Local\Temp\ccw7Xbce.s 			page 8


 253 00e8 00000000 		.4byte	.LFB1
 254 00ec 02000000 		.4byte	.LFE1-.LFB1
 255 00f0 01       		.uleb128 0x1
 256 00f1 9C       		.byte	0x9c
 257 00f2 0A       		.uleb128 0xa
 258 00f3 64000000 		.4byte	.LASF20
 259 00f7 01       		.byte	0x1
 260 00f8 57       		.byte	0x57
 261 00f9 00000000 		.4byte	.LFB2
 262 00fd 18000000 		.4byte	.LFE2-.LFB2
 263 0101 01       		.uleb128 0x1
 264 0102 9C       		.byte	0x9c
 265 0103 11010000 		.4byte	0x111
 266 0107 0B       		.uleb128 0xb
 267 0108 10000000 		.4byte	.LVL0
 268 010c 4A010000 		.4byte	0x14a
 269 0110 00       		.byte	0
 270 0111 0A       		.uleb128 0xa
 271 0112 AB000000 		.4byte	.LASF21
 272 0116 01       		.byte	0x1
 273 0117 7C       		.byte	0x7c
 274 0118 00000000 		.4byte	.LFB3
 275 011c 1C000000 		.4byte	.LFE3-.LFB3
 276 0120 01       		.uleb128 0x1
 277 0121 9C       		.byte	0x9c
 278 0122 39010000 		.4byte	0x139
 279 0126 0C       		.uleb128 0xc
 280 0127 06000000 		.4byte	.LVL1
 281 012b 51010000 		.4byte	0x151
 282 012f 0B       		.uleb128 0xb
 283 0130 14000000 		.4byte	.LVL2
 284 0134 58010000 		.4byte	0x158
 285 0138 00       		.byte	0
 286 0139 0D       		.uleb128 0xd
 287 013a C6010000 		.4byte	.LASF28
 288 013e 01       		.byte	0x1
 289 013f 14       		.byte	0x14
 290 0140 C5000000 		.4byte	0xc5
 291 0144 05       		.uleb128 0x5
 292 0145 03       		.byte	0x3
 293 0146 00000000 		.4byte	SPIM_2_backup
 294 014a 0E       		.uleb128 0xe
 295 014b 58000000 		.4byte	.LASF22
 296 014f 03       		.byte	0x3
 297 0150 54       		.byte	0x54
 298 0151 0E       		.uleb128 0xe
 299 0152 71000000 		.4byte	.LASF23
 300 0156 03       		.byte	0x3
 301 0157 6C       		.byte	0x6c
 302 0158 0E       		.uleb128 0xe
 303 0159 B9000000 		.4byte	.LASF24
 304 015d 03       		.byte	0x3
 305 015e 52       		.byte	0x52
 306 015f 00       		.byte	0
 307              		.section	.debug_abbrev,"",%progbits
 308              	.Ldebug_abbrev0:
 309 0000 01       		.uleb128 0x1
ARM GAS  C:\Users\miyag\AppData\Local\Temp\ccw7Xbce.s 			page 9


 310 0001 11       		.uleb128 0x11
 311 0002 01       		.byte	0x1
 312 0003 25       		.uleb128 0x25
 313 0004 0E       		.uleb128 0xe
 314 0005 13       		.uleb128 0x13
 315 0006 0B       		.uleb128 0xb
 316 0007 03       		.uleb128 0x3
 317 0008 0E       		.uleb128 0xe
 318 0009 1B       		.uleb128 0x1b
 319 000a 0E       		.uleb128 0xe
 320 000b 55       		.uleb128 0x55
 321 000c 17       		.uleb128 0x17
 322 000d 11       		.uleb128 0x11
 323 000e 01       		.uleb128 0x1
 324 000f 10       		.uleb128 0x10
 325 0010 17       		.uleb128 0x17
 326 0011 00       		.byte	0
 327 0012 00       		.byte	0
 328 0013 02       		.uleb128 0x2
 329 0014 24       		.uleb128 0x24
 330 0015 00       		.byte	0
 331 0016 0B       		.uleb128 0xb
 332 0017 0B       		.uleb128 0xb
 333 0018 3E       		.uleb128 0x3e
 334 0019 0B       		.uleb128 0xb
 335 001a 03       		.uleb128 0x3
 336 001b 0E       		.uleb128 0xe
 337 001c 00       		.byte	0
 338 001d 00       		.byte	0
 339 001e 03       		.uleb128 0x3
 340 001f 24       		.uleb128 0x24
 341 0020 00       		.byte	0
 342 0021 0B       		.uleb128 0xb
 343 0022 0B       		.uleb128 0xb
 344 0023 3E       		.uleb128 0x3e
 345 0024 0B       		.uleb128 0xb
 346 0025 03       		.uleb128 0x3
 347 0026 08       		.uleb128 0x8
 348 0027 00       		.byte	0
 349 0028 00       		.byte	0
 350 0029 04       		.uleb128 0x4
 351 002a 16       		.uleb128 0x16
 352 002b 00       		.byte	0
 353 002c 03       		.uleb128 0x3
 354 002d 0E       		.uleb128 0xe
 355 002e 3A       		.uleb128 0x3a
 356 002f 0B       		.uleb128 0xb
 357 0030 3B       		.uleb128 0x3b
 358 0031 05       		.uleb128 0x5
 359 0032 49       		.uleb128 0x49
 360 0033 13       		.uleb128 0x13
 361 0034 00       		.byte	0
 362 0035 00       		.byte	0
 363 0036 05       		.uleb128 0x5
 364 0037 35       		.uleb128 0x35
 365 0038 00       		.byte	0
 366 0039 49       		.uleb128 0x49
ARM GAS  C:\Users\miyag\AppData\Local\Temp\ccw7Xbce.s 			page 10


 367 003a 13       		.uleb128 0x13
 368 003b 00       		.byte	0
 369 003c 00       		.byte	0
 370 003d 06       		.uleb128 0x6
 371 003e 13       		.uleb128 0x13
 372 003f 01       		.byte	0x1
 373 0040 0B       		.uleb128 0xb
 374 0041 0B       		.uleb128 0xb
 375 0042 3A       		.uleb128 0x3a
 376 0043 0B       		.uleb128 0xb
 377 0044 3B       		.uleb128 0x3b
 378 0045 0B       		.uleb128 0xb
 379 0046 01       		.uleb128 0x1
 380 0047 13       		.uleb128 0x13
 381 0048 00       		.byte	0
 382 0049 00       		.byte	0
 383 004a 07       		.uleb128 0x7
 384 004b 0D       		.uleb128 0xd
 385 004c 00       		.byte	0
 386 004d 03       		.uleb128 0x3
 387 004e 0E       		.uleb128 0xe
 388 004f 3A       		.uleb128 0x3a
 389 0050 0B       		.uleb128 0xb
 390 0051 3B       		.uleb128 0x3b
 391 0052 0B       		.uleb128 0xb
 392 0053 49       		.uleb128 0x49
 393 0054 13       		.uleb128 0x13
 394 0055 38       		.uleb128 0x38
 395 0056 0B       		.uleb128 0xb
 396 0057 00       		.byte	0
 397 0058 00       		.byte	0
 398 0059 08       		.uleb128 0x8
 399 005a 16       		.uleb128 0x16
 400 005b 00       		.byte	0
 401 005c 03       		.uleb128 0x3
 402 005d 0E       		.uleb128 0xe
 403 005e 3A       		.uleb128 0x3a
 404 005f 0B       		.uleb128 0xb
 405 0060 3B       		.uleb128 0x3b
 406 0061 0B       		.uleb128 0xb
 407 0062 49       		.uleb128 0x49
 408 0063 13       		.uleb128 0x13
 409 0064 00       		.byte	0
 410 0065 00       		.byte	0
 411 0066 09       		.uleb128 0x9
 412 0067 2E       		.uleb128 0x2e
 413 0068 00       		.byte	0
 414 0069 3F       		.uleb128 0x3f
 415 006a 19       		.uleb128 0x19
 416 006b 03       		.uleb128 0x3
 417 006c 0E       		.uleb128 0xe
 418 006d 3A       		.uleb128 0x3a
 419 006e 0B       		.uleb128 0xb
 420 006f 3B       		.uleb128 0x3b
 421 0070 0B       		.uleb128 0xb
 422 0071 27       		.uleb128 0x27
 423 0072 19       		.uleb128 0x19
ARM GAS  C:\Users\miyag\AppData\Local\Temp\ccw7Xbce.s 			page 11


 424 0073 11       		.uleb128 0x11
 425 0074 01       		.uleb128 0x1
 426 0075 12       		.uleb128 0x12
 427 0076 06       		.uleb128 0x6
 428 0077 40       		.uleb128 0x40
 429 0078 18       		.uleb128 0x18
 430 0079 9742     		.uleb128 0x2117
 431 007b 19       		.uleb128 0x19
 432 007c 00       		.byte	0
 433 007d 00       		.byte	0
 434 007e 0A       		.uleb128 0xa
 435 007f 2E       		.uleb128 0x2e
 436 0080 01       		.byte	0x1
 437 0081 3F       		.uleb128 0x3f
 438 0082 19       		.uleb128 0x19
 439 0083 03       		.uleb128 0x3
 440 0084 0E       		.uleb128 0xe
 441 0085 3A       		.uleb128 0x3a
 442 0086 0B       		.uleb128 0xb
 443 0087 3B       		.uleb128 0x3b
 444 0088 0B       		.uleb128 0xb
 445 0089 27       		.uleb128 0x27
 446 008a 19       		.uleb128 0x19
 447 008b 11       		.uleb128 0x11
 448 008c 01       		.uleb128 0x1
 449 008d 12       		.uleb128 0x12
 450 008e 06       		.uleb128 0x6
 451 008f 40       		.uleb128 0x40
 452 0090 18       		.uleb128 0x18
 453 0091 9742     		.uleb128 0x2117
 454 0093 19       		.uleb128 0x19
 455 0094 01       		.uleb128 0x1
 456 0095 13       		.uleb128 0x13
 457 0096 00       		.byte	0
 458 0097 00       		.byte	0
 459 0098 0B       		.uleb128 0xb
 460 0099 898201   		.uleb128 0x4109
 461 009c 00       		.byte	0
 462 009d 11       		.uleb128 0x11
 463 009e 01       		.uleb128 0x1
 464 009f 9542     		.uleb128 0x2115
 465 00a1 19       		.uleb128 0x19
 466 00a2 31       		.uleb128 0x31
 467 00a3 13       		.uleb128 0x13
 468 00a4 00       		.byte	0
 469 00a5 00       		.byte	0
 470 00a6 0C       		.uleb128 0xc
 471 00a7 898201   		.uleb128 0x4109
 472 00aa 00       		.byte	0
 473 00ab 11       		.uleb128 0x11
 474 00ac 01       		.uleb128 0x1
 475 00ad 31       		.uleb128 0x31
 476 00ae 13       		.uleb128 0x13
 477 00af 00       		.byte	0
 478 00b0 00       		.byte	0
 479 00b1 0D       		.uleb128 0xd
 480 00b2 34       		.uleb128 0x34
ARM GAS  C:\Users\miyag\AppData\Local\Temp\ccw7Xbce.s 			page 12


 481 00b3 00       		.byte	0
 482 00b4 03       		.uleb128 0x3
 483 00b5 0E       		.uleb128 0xe
 484 00b6 3A       		.uleb128 0x3a
 485 00b7 0B       		.uleb128 0xb
 486 00b8 3B       		.uleb128 0x3b
 487 00b9 0B       		.uleb128 0xb
 488 00ba 49       		.uleb128 0x49
 489 00bb 13       		.uleb128 0x13
 490 00bc 02       		.uleb128 0x2
 491 00bd 18       		.uleb128 0x18
 492 00be 00       		.byte	0
 493 00bf 00       		.byte	0
 494 00c0 0E       		.uleb128 0xe
 495 00c1 2E       		.uleb128 0x2e
 496 00c2 00       		.byte	0
 497 00c3 3F       		.uleb128 0x3f
 498 00c4 19       		.uleb128 0x19
 499 00c5 03       		.uleb128 0x3
 500 00c6 0E       		.uleb128 0xe
 501 00c7 3A       		.uleb128 0x3a
 502 00c8 0B       		.uleb128 0xb
 503 00c9 3B       		.uleb128 0x3b
 504 00ca 0B       		.uleb128 0xb
 505 00cb 27       		.uleb128 0x27
 506 00cc 19       		.uleb128 0x19
 507 00cd 3C       		.uleb128 0x3c
 508 00ce 19       		.uleb128 0x19
 509 00cf 00       		.byte	0
 510 00d0 00       		.byte	0
 511 00d1 00       		.byte	0
 512              		.section	.debug_aranges,"",%progbits
 513 0000 34000000 		.4byte	0x34
 514 0004 0200     		.2byte	0x2
 515 0006 00000000 		.4byte	.Ldebug_info0
 516 000a 04       		.byte	0x4
 517 000b 00       		.byte	0
 518 000c 0000     		.2byte	0
 519 000e 0000     		.2byte	0
 520 0010 00000000 		.4byte	.LFB0
 521 0014 02000000 		.4byte	.LFE0-.LFB0
 522 0018 00000000 		.4byte	.LFB1
 523 001c 02000000 		.4byte	.LFE1-.LFB1
 524 0020 00000000 		.4byte	.LFB2
 525 0024 18000000 		.4byte	.LFE2-.LFB2
 526 0028 00000000 		.4byte	.LFB3
 527 002c 1C000000 		.4byte	.LFE3-.LFB3
 528 0030 00000000 		.4byte	0
 529 0034 00000000 		.4byte	0
 530              		.section	.debug_ranges,"",%progbits
 531              	.Ldebug_ranges0:
 532 0000 00000000 		.4byte	.LFB0
 533 0004 02000000 		.4byte	.LFE0
 534 0008 00000000 		.4byte	.LFB1
 535 000c 02000000 		.4byte	.LFE1
 536 0010 00000000 		.4byte	.LFB2
 537 0014 18000000 		.4byte	.LFE2
ARM GAS  C:\Users\miyag\AppData\Local\Temp\ccw7Xbce.s 			page 13


 538 0018 00000000 		.4byte	.LFB3
 539 001c 1C000000 		.4byte	.LFE3
 540 0020 00000000 		.4byte	0
 541 0024 00000000 		.4byte	0
 542              		.section	.debug_line,"",%progbits
 543              	.Ldebug_line0:
 544 0000 A0000000 		.section	.debug_str,"MS",%progbits,1
 544      02005400 
 544      00000201 
 544      FB0E0D00 
 544      01010101 
 545              	.LASF6:
 546 0000 6C6F6E67 		.ascii	"long long int\000"
 546      206C6F6E 
 546      6720696E 
 546      7400
 547              	.LASF3:
 548 000e 73686F72 		.ascii	"short unsigned int\000"
 548      7420756E 
 548      7369676E 
 548      65642069 
 548      6E7400
 549              	.LASF19:
 550 0021 5350494D 		.ascii	"SPIM_2_RestoreConfig\000"
 550      5F325F52 
 550      6573746F 
 550      7265436F 
 550      6E666967 
 551              	.LASF8:
 552 0036 756E7369 		.ascii	"unsigned int\000"
 552      676E6564 
 552      20696E74 
 552      00
 553              	.LASF17:
 554 0043 5350494D 		.ascii	"SPIM_2_BACKUP_STRUCT\000"
 554      5F325F42 
 554      41434B55 
 554      505F5354 
 554      52554354 
 555              	.LASF22:
 556 0058 5350494D 		.ascii	"SPIM_2_Stop\000"
 556      5F325F53 
 556      746F7000 
 557              	.LASF20:
 558 0064 5350494D 		.ascii	"SPIM_2_Sleep\000"
 558      5F325F53 
 558      6C656570 
 558      00
 559              	.LASF23:
 560 0071 5350494D 		.ascii	"SPIM_2_ClearFIFO\000"
 560      5F325F43 
 560      6C656172 
 560      4649464F 
 560      00
 561              	.LASF5:
 562 0082 6C6F6E67 		.ascii	"long unsigned int\000"
 562      20756E73 
ARM GAS  C:\Users\miyag\AppData\Local\Temp\ccw7Xbce.s 			page 14


 562      69676E65 
 562      6420696E 
 562      7400
 563              	.LASF7:
 564 0094 6C6F6E67 		.ascii	"long long unsigned int\000"
 564      206C6F6E 
 564      6720756E 
 564      7369676E 
 564      65642069 
 565              	.LASF21:
 566 00ab 5350494D 		.ascii	"SPIM_2_Wakeup\000"
 566      5F325F57 
 566      616B6575 
 566      7000
 567              	.LASF24:
 568 00b9 5350494D 		.ascii	"SPIM_2_Enable\000"
 568      5F325F45 
 568      6E61626C 
 568      6500
 569              	.LASF11:
 570 00c7 63686172 		.ascii	"char\000"
 570      00
 571              	.LASF1:
 572 00cc 756E7369 		.ascii	"unsigned char\000"
 572      676E6564 
 572      20636861 
 572      7200
 573              	.LASF26:
 574 00da 2E5C4765 		.ascii	".\\Generated_Source\\PSoC5\\SPIM_2_PM.c\000"
 574      6E657261 
 574      7465645F 
 574      536F7572 
 574      63655C50 
 575              	.LASF4:
 576 00ff 6C6F6E67 		.ascii	"long int\000"
 576      20696E74 
 576      00
 577              	.LASF15:
 578 0108 656E6162 		.ascii	"enableState\000"
 578      6C655374 
 578      61746500 
 579              	.LASF10:
 580 0114 646F7562 		.ascii	"double\000"
 580      6C6500
 581              	.LASF25:
 582 011b 474E5520 		.ascii	"GNU C 4.9.3 20150303 (release) [ARM/embedded-4_9-br"
 582      4320342E 
 582      392E3320 
 582      32303135 
 582      30333033 
 583 014e 616E6368 		.ascii	"anch revision 221220] -mcpu=cortex-m3 -mthumb -g -O"
 583      20726576 
 583      6973696F 
 583      6E203232 
 583      31323230 
 584 0181 73202D66 		.ascii	"s -ffunction-sections -ffat-lto-objects\000"
 584      66756E63 
ARM GAS  C:\Users\miyag\AppData\Local\Temp\ccw7Xbce.s 			page 15


 584      74696F6E 
 584      2D736563 
 584      74696F6E 
 585              	.LASF16:
 586 01a9 636E7472 		.ascii	"cntrPeriod\000"
 586      50657269 
 586      6F6400
 587              	.LASF12:
 588 01b4 75696E74 		.ascii	"uint8\000"
 588      3800
 589              	.LASF0:
 590 01ba 7369676E 		.ascii	"signed char\000"
 590      65642063 
 590      68617200 
 591              	.LASF28:
 592 01c6 5350494D 		.ascii	"SPIM_2_backup\000"
 592      5F325F62 
 592      61636B75 
 592      7000
 593              	.LASF9:
 594 01d4 666C6F61 		.ascii	"float\000"
 594      7400
 595              	.LASF2:
 596 01da 73686F72 		.ascii	"short int\000"
 596      7420696E 
 596      7400
 597              	.LASF13:
 598 01e4 72656738 		.ascii	"reg8\000"
 598      00
 599              	.LASF18:
 600 01e9 5350494D 		.ascii	"SPIM_2_SaveConfig\000"
 600      5F325F53 
 600      61766543 
 600      6F6E6669 
 600      6700
 601              	.LASF14:
 602 01fb 73697A65 		.ascii	"sizetype\000"
 602      74797065 
 602      00
 603              	.LASF27:
 604 0204 433A5C54 		.ascii	"C:\\TIRI\\k3g2pmpm_20211223\\trobot_psoc_v6_73\\tro"
 604      4952495C 
 604      6B336732 
 604      706D706D 
 604      5F323032 
 605 0233 626F7436 		.ascii	"bot6_cir2_2wd.cydsn\000"
 605      5F636972 
 605      325F3277 
 605      642E6379 
 605      64736E00 
 606              		.ident	"GCC: (GNU Tools for ARM Embedded Processors) 4.9.3 20150303 (release) [ARM/embedded-4_9-br
