ARM GAS  C:\Users\miyag\AppData\Local\Temp\ccVH1Izc.s 			page 1


   1              		.syntax unified
   2              		.cpu cortex-m3
   3              		.fpu softvfp
   4              		.eabi_attribute 20, 1
   5              		.eabi_attribute 21, 1
   6              		.eabi_attribute 23, 3
   7              		.eabi_attribute 24, 1
   8              		.eabi_attribute 25, 1
   9              		.eabi_attribute 26, 1
  10              		.eabi_attribute 30, 4
  11              		.eabi_attribute 34, 1
  12              		.eabi_attribute 18, 4
  13              		.thumb
  14              		.file	"USBUART_1_descr.c"
  15              		.text
  16              	.Ltext0:
  17              		.cfi_sections	.debug_frame
  18              		.comm	USBUART_1_idSerialNumberStringDescriptor,34,1
  19              		.global	USBUART_1_MSOS_CONFIGURATION_DESCR
  20              		.global	USBUART_1_MSOS_DESCRIPTOR
  21              		.global	USBUART_1_TABLE
  22              		.global	USBUART_1_DEVICE0_TABLE
  23              		.global	USBUART_1_DEVICE0_CONFIGURATION0_TABLE
  24              		.global	USBUART_1_DEVICE0_CONFIGURATION0_INTERFACE_CLASS
  25              		.global	USBUART_1_DEVICE0_CONFIGURATION0_EP_SETTINGS_TABLE
  26              		.global	USBUART_1_SN_STRING_DESCRIPTOR
  27              		.global	USBUART_1_STRING_DESCRIPTORS
  28              		.global	USBUART_1_DEVICE0_CONFIGURATION0_DESCR
  29              		.global	USBUART_1_DEVICE0_DESCR
  30              		.section	.rodata
  31              		.align	2
  32              		.type	USBUART_1_MSOS_CONFIGURATION_DESCR, %object
  33              		.size	USBUART_1_MSOS_CONFIGURATION_DESCR, 40
  34              	USBUART_1_MSOS_CONFIGURATION_DESCR:
  35 0000 28       		.byte	40
  36 0001 00       		.byte	0
  37 0002 00       		.byte	0
  38 0003 00       		.byte	0
  39 0004 00       		.byte	0
  40 0005 01       		.byte	1
  41 0006 04       		.byte	4
  42 0007 00       		.byte	0
  43 0008 01       		.byte	1
  44 0009 00       		.byte	0
  45 000a 00       		.byte	0
  46 000b 00       		.byte	0
  47 000c 00       		.byte	0
  48 000d 00       		.byte	0
  49 000e 00       		.byte	0
  50 000f 00       		.byte	0
  51 0010 00       		.byte	0
  52 0011 01       		.byte	1
  53 0012 43       		.byte	67
  54 0013 59       		.byte	89
  55 0014 55       		.byte	85
  56 0015 53       		.byte	83
  57 0016 42       		.byte	66
ARM GAS  C:\Users\miyag\AppData\Local\Temp\ccVH1Izc.s 			page 2


  58 0017 00       		.byte	0
  59 0018 00       		.byte	0
  60 0019 00       		.byte	0
  61 001a 30       		.byte	48
  62 001b 30       		.byte	48
  63 001c 30       		.byte	48
  64 001d 30       		.byte	48
  65 001e 31       		.byte	49
  66 001f 00       		.byte	0
  67 0020 00       		.byte	0
  68 0021 00       		.byte	0
  69 0022 00       		.byte	0
  70 0023 00       		.byte	0
  71 0024 00       		.byte	0
  72 0025 00       		.byte	0
  73 0026 00       		.byte	0
  74 0027 00       		.byte	0
  75              		.type	USBUART_1_MSOS_DESCRIPTOR, %object
  76              		.size	USBUART_1_MSOS_DESCRIPTOR, 18
  77              	USBUART_1_MSOS_DESCRIPTOR:
  78 0028 12       		.byte	18
  79 0029 03       		.byte	3
  80 002a 4D       		.byte	77
  81 002b 00       		.byte	0
  82 002c 53       		.byte	83
  83 002d 00       		.byte	0
  84 002e 46       		.byte	70
  85 002f 00       		.byte	0
  86 0030 54       		.byte	84
  87 0031 00       		.byte	0
  88 0032 31       		.byte	49
  89 0033 00       		.byte	0
  90 0034 30       		.byte	48
  91 0035 00       		.byte	0
  92 0036 30       		.byte	48
  93 0037 00       		.byte	0
  94 0038 01       		.byte	1
  95 0039 00       		.byte	0
  96 003a 0000     		.space	2
  97              		.type	USBUART_1_TABLE, %object
  98              		.size	USBUART_1_TABLE, 8
  99              	USBUART_1_TABLE:
 100 003c 01       		.byte	1
 101 003d 000000   		.space	3
 102 0040 00000000 		.word	USBUART_1_DEVICE0_TABLE
 103              		.type	USBUART_1_DEVICE0_TABLE, %object
 104              		.size	USBUART_1_DEVICE0_TABLE, 24
 105              	USBUART_1_DEVICE0_TABLE:
 106 0044 01       		.byte	1
 107 0045 000000   		.space	3
 108 0048 00000000 		.word	USBUART_1_DEVICE0_DESCR
 109 004c 00       		.byte	0
 110 004d 000000   		.space	3
 111 0050 00000000 		.word	0
 112 0054 01       		.byte	1
 113 0055 000000   		.space	3
 114 0058 00000000 		.word	USBUART_1_DEVICE0_CONFIGURATION0_TABLE
ARM GAS  C:\Users\miyag\AppData\Local\Temp\ccVH1Izc.s 			page 3


 115              		.type	USBUART_1_DEVICE0_CONFIGURATION0_TABLE, %object
 116              		.size	USBUART_1_DEVICE0_CONFIGURATION0_TABLE, 40
 117              	USBUART_1_DEVICE0_CONFIGURATION0_TABLE:
 118 005c 01       		.byte	1
 119 005d 000000   		.space	3
 120 0060 00000000 		.word	USBUART_1_DEVICE0_CONFIGURATION0_DESCR
 121 0064 03       		.byte	3
 122 0065 000000   		.space	3
 123 0068 00000000 		.word	USBUART_1_DEVICE0_CONFIGURATION0_EP_SETTINGS_TABLE
 124 006c 00       		.byte	0
 125 006d 000000   		.space	3
 126 0070 00000000 		.word	0
 127 0074 00       		.byte	0
 128 0075 000000   		.space	3
 129 0078 00000000 		.word	0
 130 007c 00       		.byte	0
 131 007d 000000   		.space	3
 132 0080 00000000 		.word	USBUART_1_DEVICE0_CONFIGURATION0_INTERFACE_CLASS
 133              		.type	USBUART_1_DEVICE0_CONFIGURATION0_INTERFACE_CLASS, %object
 134              		.size	USBUART_1_DEVICE0_CONFIGURATION0_INTERFACE_CLASS, 2
 135              	USBUART_1_DEVICE0_CONFIGURATION0_INTERFACE_CLASS:
 136 0084 02       		.byte	2
 137 0085 0A       		.byte	10
 138              		.type	USBUART_1_DEVICE0_CONFIGURATION0_EP_SETTINGS_TABLE, %object
 139              		.size	USBUART_1_DEVICE0_CONFIGURATION0_EP_SETTINGS_TABLE, 24
 140              	USBUART_1_DEVICE0_CONFIGURATION0_EP_SETTINGS_TABLE:
 141 0086 00       		.byte	0
 142 0087 00       		.byte	0
 143 0088 81       		.byte	-127
 144 0089 03       		.byte	3
 145 008a 0800     		.short	8
 146 008c 02       		.byte	2
 147 008d 00       		.space	1
 148 008e 01       		.byte	1
 149 008f 00       		.byte	0
 150 0090 82       		.byte	-126
 151 0091 02       		.byte	2
 152 0092 4000     		.short	64
 153 0094 0A       		.byte	10
 154 0095 00       		.space	1
 155 0096 01       		.byte	1
 156 0097 00       		.byte	0
 157 0098 03       		.byte	3
 158 0099 02       		.byte	2
 159 009a 4000     		.short	64
 160 009c 0A       		.byte	10
 161 009d 00       		.space	1
 162              		.type	USBUART_1_SN_STRING_DESCRIPTOR, %object
 163              		.size	USBUART_1_SN_STRING_DESCRIPTOR, 2
 164              	USBUART_1_SN_STRING_DESCRIPTOR:
 165 009e 02       		.byte	2
 166 009f 03       		.byte	3
 167              		.type	USBUART_1_STRING_DESCRIPTORS, %object
 168              		.size	USBUART_1_STRING_DESCRIPTORS, 159
 169              	USBUART_1_STRING_DESCRIPTORS:
 170 00a0 04       		.byte	4
 171 00a1 03       		.byte	3
ARM GAS  C:\Users\miyag\AppData\Local\Temp\ccVH1Izc.s 			page 4


 172 00a2 09       		.byte	9
 173 00a3 04       		.byte	4
 174 00a4 2C       		.byte	44
 175 00a5 03       		.byte	3
 176 00a6 43       		.byte	67
 177 00a7 00       		.byte	0
 178 00a8 79       		.byte	121
 179 00a9 00       		.byte	0
 180 00aa 70       		.byte	112
 181 00ab 00       		.byte	0
 182 00ac 72       		.byte	114
 183 00ad 00       		.byte	0
 184 00ae 65       		.byte	101
 185 00af 00       		.byte	0
 186 00b0 73       		.byte	115
 187 00b1 00       		.byte	0
 188 00b2 73       		.byte	115
 189 00b3 00       		.byte	0
 190 00b4 20       		.byte	32
 191 00b5 00       		.byte	0
 192 00b6 53       		.byte	83
 193 00b7 00       		.byte	0
 194 00b8 65       		.byte	101
 195 00b9 00       		.byte	0
 196 00ba 6D       		.byte	109
 197 00bb 00       		.byte	0
 198 00bc 69       		.byte	105
 199 00bd 00       		.byte	0
 200 00be 63       		.byte	99
 201 00bf 00       		.byte	0
 202 00c0 6F       		.byte	111
 203 00c1 00       		.byte	0
 204 00c2 6E       		.byte	110
 205 00c3 00       		.byte	0
 206 00c4 64       		.byte	100
 207 00c5 00       		.byte	0
 208 00c6 75       		.byte	117
 209 00c7 00       		.byte	0
 210 00c8 63       		.byte	99
 211 00c9 00       		.byte	0
 212 00ca 74       		.byte	116
 213 00cb 00       		.byte	0
 214 00cc 6F       		.byte	111
 215 00cd 00       		.byte	0
 216 00ce 72       		.byte	114
 217 00cf 00       		.byte	0
 218 00d0 10       		.byte	16
 219 00d1 03       		.byte	3
 220 00d2 55       		.byte	85
 221 00d3 00       		.byte	0
 222 00d4 53       		.byte	83
 223 00d5 00       		.byte	0
 224 00d6 42       		.byte	66
 225 00d7 00       		.byte	0
 226 00d8 55       		.byte	85
 227 00d9 00       		.byte	0
 228 00da 41       		.byte	65
ARM GAS  C:\Users\miyag\AppData\Local\Temp\ccVH1Izc.s 			page 5


 229 00db 00       		.byte	0
 230 00dc 52       		.byte	82
 231 00dd 00       		.byte	0
 232 00de 54       		.byte	84
 233 00df 00       		.byte	0
 234 00e0 38       		.byte	56
 235 00e1 03       		.byte	3
 236 00e2 43       		.byte	67
 237 00e3 00       		.byte	0
 238 00e4 44       		.byte	68
 239 00e5 00       		.byte	0
 240 00e6 43       		.byte	67
 241 00e7 00       		.byte	0
 242 00e8 20       		.byte	32
 243 00e9 00       		.byte	0
 244 00ea 43       		.byte	67
 245 00eb 00       		.byte	0
 246 00ec 6F       		.byte	111
 247 00ed 00       		.byte	0
 248 00ee 6D       		.byte	109
 249 00ef 00       		.byte	0
 250 00f0 6D       		.byte	109
 251 00f1 00       		.byte	0
 252 00f2 75       		.byte	117
 253 00f3 00       		.byte	0
 254 00f4 6E       		.byte	110
 255 00f5 00       		.byte	0
 256 00f6 69       		.byte	105
 257 00f7 00       		.byte	0
 258 00f8 63       		.byte	99
 259 00f9 00       		.byte	0
 260 00fa 61       		.byte	97
 261 00fb 00       		.byte	0
 262 00fc 74       		.byte	116
 263 00fd 00       		.byte	0
 264 00fe 69       		.byte	105
 265 00ff 00       		.byte	0
 266 0100 6F       		.byte	111
 267 0101 00       		.byte	0
 268 0102 6E       		.byte	110
 269 0103 00       		.byte	0
 270 0104 20       		.byte	32
 271 0105 00       		.byte	0
 272 0106 49       		.byte	73
 273 0107 00       		.byte	0
 274 0108 6E       		.byte	110
 275 0109 00       		.byte	0
 276 010a 74       		.byte	116
 277 010b 00       		.byte	0
 278 010c 65       		.byte	101
 279 010d 00       		.byte	0
 280 010e 72       		.byte	114
 281 010f 00       		.byte	0
 282 0110 66       		.byte	102
 283 0111 00       		.byte	0
 284 0112 61       		.byte	97
 285 0113 00       		.byte	0
ARM GAS  C:\Users\miyag\AppData\Local\Temp\ccVH1Izc.s 			page 6


 286 0114 63       		.byte	99
 287 0115 00       		.byte	0
 288 0116 65       		.byte	101
 289 0117 00       		.byte	0
 290 0118 26       		.byte	38
 291 0119 03       		.byte	3
 292 011a 43       		.byte	67
 293 011b 00       		.byte	0
 294 011c 44       		.byte	68
 295 011d 00       		.byte	0
 296 011e 43       		.byte	67
 297 011f 00       		.byte	0
 298 0120 20       		.byte	32
 299 0121 00       		.byte	0
 300 0122 44       		.byte	68
 301 0123 00       		.byte	0
 302 0124 61       		.byte	97
 303 0125 00       		.byte	0
 304 0126 74       		.byte	116
 305 0127 00       		.byte	0
 306 0128 61       		.byte	97
 307 0129 00       		.byte	0
 308 012a 20       		.byte	32
 309 012b 00       		.byte	0
 310 012c 49       		.byte	73
 311 012d 00       		.byte	0
 312 012e 6E       		.byte	110
 313 012f 00       		.byte	0
 314 0130 74       		.byte	116
 315 0131 00       		.byte	0
 316 0132 65       		.byte	101
 317 0133 00       		.byte	0
 318 0134 72       		.byte	114
 319 0135 00       		.byte	0
 320 0136 66       		.byte	102
 321 0137 00       		.byte	0
 322 0138 61       		.byte	97
 323 0139 00       		.byte	0
 324 013a 63       		.byte	99
 325 013b 00       		.byte	0
 326 013c 65       		.byte	101
 327 013d 00       		.byte	0
 328 013e 00       		.byte	0
 329              		.type	USBUART_1_DEVICE0_CONFIGURATION0_DESCR, %object
 330              		.size	USBUART_1_DEVICE0_CONFIGURATION0_DESCR, 67
 331              	USBUART_1_DEVICE0_CONFIGURATION0_DESCR:
 332 013f 09       		.byte	9
 333 0140 02       		.byte	2
 334 0141 43       		.byte	67
 335 0142 00       		.byte	0
 336 0143 02       		.byte	2
 337 0144 01       		.byte	1
 338 0145 01       		.byte	1
 339 0146 C0       		.byte	-64
 340 0147 32       		.byte	50
 341 0148 09       		.byte	9
 342 0149 04       		.byte	4
ARM GAS  C:\Users\miyag\AppData\Local\Temp\ccVH1Izc.s 			page 7


 343 014a 00       		.byte	0
 344 014b 00       		.byte	0
 345 014c 01       		.byte	1
 346 014d 02       		.byte	2
 347 014e 02       		.byte	2
 348 014f 01       		.byte	1
 349 0150 03       		.byte	3
 350 0151 05       		.byte	5
 351 0152 24       		.byte	36
 352 0153 00       		.byte	0
 353 0154 10       		.byte	16
 354 0155 01       		.byte	1
 355 0156 04       		.byte	4
 356 0157 24       		.byte	36
 357 0158 02       		.byte	2
 358 0159 02       		.byte	2
 359 015a 05       		.byte	5
 360 015b 24       		.byte	36
 361 015c 06       		.byte	6
 362 015d 00       		.byte	0
 363 015e 01       		.byte	1
 364 015f 05       		.byte	5
 365 0160 24       		.byte	36
 366 0161 01       		.byte	1
 367 0162 00       		.byte	0
 368 0163 01       		.byte	1
 369 0164 07       		.byte	7
 370 0165 05       		.byte	5
 371 0166 81       		.byte	-127
 372 0167 03       		.byte	3
 373 0168 08       		.byte	8
 374 0169 00       		.byte	0
 375 016a 0A       		.byte	10
 376 016b 09       		.byte	9
 377 016c 04       		.byte	4
 378 016d 01       		.byte	1
 379 016e 00       		.byte	0
 380 016f 02       		.byte	2
 381 0170 0A       		.byte	10
 382 0171 00       		.byte	0
 383 0172 00       		.byte	0
 384 0173 04       		.byte	4
 385 0174 07       		.byte	7
 386 0175 05       		.byte	5
 387 0176 82       		.byte	-126
 388 0177 02       		.byte	2
 389 0178 40       		.byte	64
 390 0179 00       		.byte	0
 391 017a 00       		.byte	0
 392 017b 07       		.byte	7
 393 017c 05       		.byte	5
 394 017d 03       		.byte	3
 395 017e 02       		.byte	2
 396 017f 40       		.byte	64
 397 0180 00       		.byte	0
 398 0181 00       		.byte	0
 399              		.type	USBUART_1_DEVICE0_DESCR, %object
ARM GAS  C:\Users\miyag\AppData\Local\Temp\ccVH1Izc.s 			page 8


 400              		.size	USBUART_1_DEVICE0_DESCR, 18
 401              	USBUART_1_DEVICE0_DESCR:
 402 0182 12       		.byte	18
 403 0183 01       		.byte	1
 404 0184 00       		.byte	0
 405 0185 02       		.byte	2
 406 0186 02       		.byte	2
 407 0187 00       		.byte	0
 408 0188 00       		.byte	0
 409 0189 08       		.byte	8
 410 018a B4       		.byte	-76
 411 018b 04       		.byte	4
 412 018c 32       		.byte	50
 413 018d F2       		.byte	-14
 414 018e 01       		.byte	1
 415 018f 00       		.byte	0
 416 0190 01       		.byte	1
 417 0191 02       		.byte	2
 418 0192 80       		.byte	-128
 419 0193 01       		.byte	1
 420              		.text
 421              	.Letext0:
 422              		.file 1 ".\\Generated_Source\\PSoC5\\cytypes.h"
 423              		.file 2 ".\\Generated_Source\\PSoC5\\USBUART_1.h"
 424              		.file 3 ".\\Generated_Source\\PSoC5\\USBUART_1_descr.c"
 425              		.section	.debug_info,"",%progbits
 426              	.Ldebug_info0:
 427 0000 C7020000 		.4byte	0x2c7
 428 0004 0400     		.2byte	0x4
 429 0006 00000000 		.4byte	.Ldebug_abbrev0
 430 000a 04       		.byte	0x4
 431 000b 01       		.uleb128 0x1
 432 000c 20010000 		.4byte	.LASF36
 433 0010 01       		.byte	0x1
 434 0011 1F000000 		.4byte	.LASF37
 435 0015 DE010000 		.4byte	.LASF38
 436 0019 00000000 		.4byte	.Ldebug_line0
 437 001d 02       		.uleb128 0x2
 438 001e 01       		.byte	0x1
 439 001f 06       		.byte	0x6
 440 0020 72030000 		.4byte	.LASF0
 441 0024 02       		.uleb128 0x2
 442 0025 01       		.byte	0x1
 443 0026 08       		.byte	0x8
 444 0027 AE010000 		.4byte	.LASF1
 445 002b 02       		.uleb128 0x2
 446 002c 02       		.byte	0x2
 447 002d 05       		.byte	0x5
 448 002e 59020000 		.4byte	.LASF2
 449 0032 02       		.uleb128 0x2
 450 0033 02       		.byte	0x2
 451 0034 07       		.byte	0x7
 452 0035 A7000000 		.4byte	.LASF3
 453 0039 02       		.uleb128 0x2
 454 003a 04       		.byte	0x4
 455 003b 05       		.byte	0x5
 456 003c 9E000000 		.4byte	.LASF4
ARM GAS  C:\Users\miyag\AppData\Local\Temp\ccVH1Izc.s 			page 9


 457 0040 02       		.uleb128 0x2
 458 0041 04       		.byte	0x4
 459 0042 07       		.byte	0x7
 460 0043 C7010000 		.4byte	.LASF5
 461 0047 02       		.uleb128 0x2
 462 0048 08       		.byte	0x8
 463 0049 05       		.byte	0x5
 464 004a B6020000 		.4byte	.LASF6
 465 004e 02       		.uleb128 0x2
 466 004f 08       		.byte	0x8
 467 0050 07       		.byte	0x7
 468 0051 77020000 		.4byte	.LASF7
 469 0055 03       		.uleb128 0x3
 470 0056 04       		.byte	0x4
 471 0057 05       		.byte	0x5
 472 0058 696E7400 		.ascii	"int\000"
 473 005c 02       		.uleb128 0x2
 474 005d 04       		.byte	0x4
 475 005e 07       		.byte	0x7
 476 005f 6A020000 		.4byte	.LASF8
 477 0063 04       		.uleb128 0x4
 478 0064 15030000 		.4byte	.LASF9
 479 0068 01       		.byte	0x1
 480 0069 9201     		.2byte	0x192
 481 006b 24000000 		.4byte	0x24
 482 006f 04       		.uleb128 0x4
 483 0070 63020000 		.4byte	.LASF10
 484 0074 01       		.byte	0x1
 485 0075 9301     		.2byte	0x193
 486 0077 32000000 		.4byte	0x32
 487 007b 02       		.uleb128 0x2
 488 007c 04       		.byte	0x4
 489 007d 04       		.byte	0x4
 490 007e E8000000 		.4byte	.LASF11
 491 0082 02       		.uleb128 0x2
 492 0083 08       		.byte	0x8
 493 0084 04       		.byte	0x4
 494 0085 52020000 		.4byte	.LASF12
 495 0089 02       		.uleb128 0x2
 496 008a 01       		.byte	0x1
 497 008b 08       		.byte	0x8
 498 008c C4020000 		.4byte	.LASF13
 499 0090 02       		.uleb128 0x2
 500 0091 04       		.byte	0x4
 501 0092 07       		.byte	0x7
 502 0093 AD020000 		.4byte	.LASF14
 503 0097 05       		.uleb128 0x5
 504 0098 08       		.byte	0x8
 505 0099 02       		.byte	0x2
 506 009a 9B       		.byte	0x9b
 507 009b E8000000 		.4byte	0xe8
 508 009f 06       		.uleb128 0x6
 509 00a0 1B030000 		.4byte	.LASF15
 510 00a4 02       		.byte	0x2
 511 00a5 9D       		.byte	0x9d
 512 00a6 63000000 		.4byte	0x63
 513 00aa 00       		.byte	0
ARM GAS  C:\Users\miyag\AppData\Local\Temp\ccVH1Izc.s 			page 10


 514 00ab 06       		.uleb128 0x6
 515 00ac EE000000 		.4byte	.LASF16
 516 00b0 02       		.byte	0x2
 517 00b1 9E       		.byte	0x9e
 518 00b2 63000000 		.4byte	0x63
 519 00b6 01       		.byte	0x1
 520 00b7 06       		.uleb128 0x6
 521 00b8 D9010000 		.4byte	.LASF17
 522 00bc 02       		.byte	0x2
 523 00bd 9F       		.byte	0x9f
 524 00be 63000000 		.4byte	0x63
 525 00c2 02       		.byte	0x2
 526 00c3 06       		.uleb128 0x6
 527 00c4 BC010000 		.4byte	.LASF18
 528 00c8 02       		.byte	0x2
 529 00c9 A0       		.byte	0xa0
 530 00ca 63000000 		.4byte	0x63
 531 00ce 03       		.byte	0x3
 532 00cf 06       		.uleb128 0x6
 533 00d0 C9020000 		.4byte	.LASF19
 534 00d4 02       		.byte	0x2
 535 00d5 A1       		.byte	0xa1
 536 00d6 6F000000 		.4byte	0x6f
 537 00da 04       		.byte	0x4
 538 00db 06       		.uleb128 0x6
 539 00dc A1030000 		.4byte	.LASF20
 540 00e0 02       		.byte	0x2
 541 00e1 A2       		.byte	0xa2
 542 00e2 63000000 		.4byte	0x63
 543 00e6 06       		.byte	0x6
 544 00e7 00       		.byte	0
 545 00e8 07       		.uleb128 0x7
 546 00e9 CA000000 		.4byte	.LASF21
 547 00ed 02       		.byte	0x2
 548 00ee A3       		.byte	0xa3
 549 00ef 97000000 		.4byte	0x97
 550 00f3 05       		.uleb128 0x5
 551 00f4 08       		.byte	0x8
 552 00f5 02       		.byte	0x2
 553 00f6 B2       		.byte	0xb2
 554 00f7 12010000 		.4byte	0x112
 555 00fb 08       		.uleb128 0x8
 556 00fc 6300     		.ascii	"c\000"
 557 00fe 02       		.byte	0x2
 558 00ff B4       		.byte	0xb4
 559 0100 63000000 		.4byte	0x63
 560 0104 00       		.byte	0
 561 0105 06       		.uleb128 0x6
 562 0106 A6020000 		.4byte	.LASF22
 563 010a 02       		.byte	0x2
 564 010b B5       		.byte	0xb5
 565 010c 12010000 		.4byte	0x112
 566 0110 04       		.byte	0x4
 567 0111 00       		.byte	0
 568 0112 09       		.uleb128 0x9
 569 0113 04       		.byte	0x4
 570 0114 18010000 		.4byte	0x118
ARM GAS  C:\Users\miyag\AppData\Local\Temp\ccVH1Izc.s 			page 11


 571 0118 0A       		.uleb128 0xa
 572 0119 07       		.uleb128 0x7
 573 011a BA000000 		.4byte	.LASF23
 574 011e 02       		.byte	0x2
 575 011f B6       		.byte	0xb6
 576 0120 F3000000 		.4byte	0xf3
 577 0124 0B       		.uleb128 0xb
 578 0125 63000000 		.4byte	0x63
 579 0129 34010000 		.4byte	0x134
 580 012d 0C       		.uleb128 0xc
 581 012e 90000000 		.4byte	0x90
 582 0132 11       		.byte	0x11
 583 0133 00       		.byte	0
 584 0134 0D       		.uleb128 0xd
 585 0135 FD020000 		.4byte	.LASF24
 586 0139 03       		.byte	0x3
 587 013a 24       		.byte	0x24
 588 013b 45010000 		.4byte	0x145
 589 013f 05       		.uleb128 0x5
 590 0140 03       		.byte	0x3
 591 0141 00000000 		.4byte	USBUART_1_DEVICE0_DESCR
 592 0145 0E       		.uleb128 0xe
 593 0146 24010000 		.4byte	0x124
 594 014a 0B       		.uleb128 0xb
 595 014b 63000000 		.4byte	0x63
 596 014f 5A010000 		.4byte	0x15a
 597 0153 0C       		.uleb128 0xc
 598 0154 90000000 		.4byte	0x90
 599 0158 42       		.byte	0x42
 600 0159 00       		.byte	0
 601 015a 0D       		.uleb128 0xd
 602 015b F9000000 		.4byte	.LASF25
 603 015f 03       		.byte	0x3
 604 0160 37       		.byte	0x37
 605 0161 6B010000 		.4byte	0x16b
 606 0165 05       		.uleb128 0x5
 607 0166 03       		.byte	0x3
 608 0167 00000000 		.4byte	USBUART_1_DEVICE0_CONFIGURATION0_DESCR
 609 016b 0E       		.uleb128 0xe
 610 016c 4A010000 		.4byte	0x14a
 611 0170 0B       		.uleb128 0xb
 612 0171 E8000000 		.4byte	0xe8
 613 0175 80010000 		.4byte	0x180
 614 0179 0C       		.uleb128 0xc
 615 017a 90000000 		.4byte	0x90
 616 017e 02       		.byte	0x2
 617 017f 00       		.byte	0
 618 0180 0D       		.uleb128 0xd
 619 0181 25030000 		.4byte	.LASF26
 620 0185 03       		.byte	0x3
 621 0186 D8       		.byte	0xd8
 622 0187 91010000 		.4byte	0x191
 623 018b 05       		.uleb128 0x5
 624 018c 03       		.byte	0x3
 625 018d 00000000 		.4byte	USBUART_1_DEVICE0_CONFIGURATION0_EP_SETTINGS_TABLE
 626 0191 0E       		.uleb128 0xe
 627 0192 70010000 		.4byte	0x170
ARM GAS  C:\Users\miyag\AppData\Local\Temp\ccVH1Izc.s 			page 12


 628 0196 0B       		.uleb128 0xb
 629 0197 63000000 		.4byte	0x63
 630 019b A6010000 		.4byte	0x1a6
 631 019f 0C       		.uleb128 0xc
 632 01a0 90000000 		.4byte	0x90
 633 01a4 01       		.byte	0x1
 634 01a5 00       		.byte	0
 635 01a6 0D       		.uleb128 0xd
 636 01a7 21020000 		.4byte	.LASF27
 637 01ab 03       		.byte	0x3
 638 01ac DE       		.byte	0xde
 639 01ad B7010000 		.4byte	0x1b7
 640 01b1 05       		.uleb128 0x5
 641 01b2 03       		.byte	0x3
 642 01b3 00000000 		.4byte	USBUART_1_DEVICE0_CONFIGURATION0_INTERFACE_CLASS
 643 01b7 0E       		.uleb128 0xe
 644 01b8 96010000 		.4byte	0x196
 645 01bc 0B       		.uleb128 0xb
 646 01bd 19010000 		.4byte	0x119
 647 01c1 CC010000 		.4byte	0x1cc
 648 01c5 0C       		.uleb128 0xc
 649 01c6 90000000 		.4byte	0x90
 650 01ca 04       		.byte	0x4
 651 01cb 00       		.byte	0
 652 01cc 0D       		.uleb128 0xd
 653 01cd 77000000 		.4byte	.LASF28
 654 01d1 03       		.byte	0x3
 655 01d2 E6       		.byte	0xe6
 656 01d3 DD010000 		.4byte	0x1dd
 657 01d7 05       		.uleb128 0x5
 658 01d8 03       		.byte	0x3
 659 01d9 00000000 		.4byte	USBUART_1_DEVICE0_CONFIGURATION0_TABLE
 660 01dd 0E       		.uleb128 0xe
 661 01de BC010000 		.4byte	0x1bc
 662 01e2 0B       		.uleb128 0xb
 663 01e3 19010000 		.4byte	0x119
 664 01e7 F2010000 		.4byte	0x1f2
 665 01eb 0C       		.uleb128 0xc
 666 01ec 90000000 		.4byte	0x90
 667 01f0 02       		.byte	0x2
 668 01f1 00       		.byte	0
 669 01f2 0D       		.uleb128 0xd
 670 01f3 8E020000 		.4byte	.LASF29
 671 01f7 03       		.byte	0x3
 672 01f8 F1       		.byte	0xf1
 673 01f9 03020000 		.4byte	0x203
 674 01fd 05       		.uleb128 0x5
 675 01fe 03       		.byte	0x3
 676 01ff 00000000 		.4byte	USBUART_1_DEVICE0_TABLE
 677 0203 0E       		.uleb128 0xe
 678 0204 E2010000 		.4byte	0x1e2
 679 0208 0B       		.uleb128 0xb
 680 0209 19010000 		.4byte	0x119
 681 020d 18020000 		.4byte	0x218
 682 0211 0C       		.uleb128 0xc
 683 0212 90000000 		.4byte	0x90
 684 0216 00       		.byte	0
ARM GAS  C:\Users\miyag\AppData\Local\Temp\ccVH1Izc.s 			page 13


 685 0217 00       		.byte	0
 686 0218 0D       		.uleb128 0xd
 687 0219 67000000 		.4byte	.LASF30
 688 021d 03       		.byte	0x3
 689 021e F9       		.byte	0xf9
 690 021f 29020000 		.4byte	0x229
 691 0223 05       		.uleb128 0x5
 692 0224 03       		.byte	0x3
 693 0225 00000000 		.4byte	USBUART_1_TABLE
 694 0229 0E       		.uleb128 0xe
 695 022a 08020000 		.4byte	0x208
 696 022e 0D       		.uleb128 0xd
 697 022f 00000000 		.4byte	.LASF31
 698 0233 03       		.byte	0x3
 699 0234 C9       		.byte	0xc9
 700 0235 3F020000 		.4byte	0x23f
 701 0239 05       		.uleb128 0x5
 702 023a 03       		.byte	0x3
 703 023b 00000000 		.4byte	USBUART_1_SN_STRING_DESCRIPTOR
 704 023f 0E       		.uleb128 0xe
 705 0240 96010000 		.4byte	0x196
 706 0244 0B       		.uleb128 0xb
 707 0245 63000000 		.4byte	0x63
 708 0249 54020000 		.4byte	0x254
 709 024d 0C       		.uleb128 0xc
 710 024e 90000000 		.4byte	0x90
 711 0252 9E       		.byte	0x9e
 712 0253 00       		.byte	0
 713 0254 0D       		.uleb128 0xd
 714 0255 4A000000 		.4byte	.LASF32
 715 0259 03       		.byte	0x3
 716 025a 96       		.byte	0x96
 717 025b 65020000 		.4byte	0x265
 718 025f 05       		.uleb128 0x5
 719 0260 03       		.byte	0x3
 720 0261 00000000 		.4byte	USBUART_1_STRING_DESCRIPTORS
 721 0265 0E       		.uleb128 0xe
 722 0266 44020000 		.4byte	0x244
 723 026a 0F       		.uleb128 0xf
 724 026b 58030000 		.4byte	.LASF33
 725 026f 03       		.byte	0x3
 726 0270 0901     		.2byte	0x109
 727 0272 7C020000 		.4byte	0x27c
 728 0276 05       		.uleb128 0x5
 729 0277 03       		.byte	0x3
 730 0278 00000000 		.4byte	USBUART_1_MSOS_DESCRIPTOR
 731 027c 0E       		.uleb128 0xe
 732 027d 24010000 		.4byte	0x124
 733 0281 0B       		.uleb128 0xb
 734 0282 63000000 		.4byte	0x63
 735 0286 91020000 		.4byte	0x291
 736 028a 0C       		.uleb128 0xc
 737 028b 90000000 		.4byte	0x90
 738 028f 27       		.byte	0x27
 739 0290 00       		.byte	0
 740 0291 0F       		.uleb128 0xf
 741 0292 7E030000 		.4byte	.LASF34
ARM GAS  C:\Users\miyag\AppData\Local\Temp\ccVH1Izc.s 			page 14


 742 0296 03       		.byte	0x3
 743 0297 1401     		.2byte	0x114
 744 0299 A3020000 		.4byte	0x2a3
 745 029d 05       		.uleb128 0x5
 746 029e 03       		.byte	0x3
 747 029f 00000000 		.4byte	USBUART_1_MSOS_CONFIGURATION_DESCR
 748 02a3 0E       		.uleb128 0xe
 749 02a4 81020000 		.4byte	0x281
 750 02a8 0B       		.uleb128 0xb
 751 02a9 63000000 		.4byte	0x63
 752 02ad B8020000 		.4byte	0x2b8
 753 02b1 0C       		.uleb128 0xc
 754 02b2 90000000 		.4byte	0x90
 755 02b6 21       		.byte	0x21
 756 02b7 00       		.byte	0
 757 02b8 0F       		.uleb128 0xf
 758 02b9 D4020000 		.4byte	.LASF35
 759 02bd 03       		.byte	0x3
 760 02be 2701     		.2byte	0x127
 761 02c0 A8020000 		.4byte	0x2a8
 762 02c4 05       		.uleb128 0x5
 763 02c5 03       		.byte	0x3
 764 02c6 00000000 		.4byte	USBUART_1_idSerialNumberStringDescriptor
 765 02ca 00       		.byte	0
 766              		.section	.debug_abbrev,"",%progbits
 767              	.Ldebug_abbrev0:
 768 0000 01       		.uleb128 0x1
 769 0001 11       		.uleb128 0x11
 770 0002 01       		.byte	0x1
 771 0003 25       		.uleb128 0x25
 772 0004 0E       		.uleb128 0xe
 773 0005 13       		.uleb128 0x13
 774 0006 0B       		.uleb128 0xb
 775 0007 03       		.uleb128 0x3
 776 0008 0E       		.uleb128 0xe
 777 0009 1B       		.uleb128 0x1b
 778 000a 0E       		.uleb128 0xe
 779 000b 10       		.uleb128 0x10
 780 000c 17       		.uleb128 0x17
 781 000d 00       		.byte	0
 782 000e 00       		.byte	0
 783 000f 02       		.uleb128 0x2
 784 0010 24       		.uleb128 0x24
 785 0011 00       		.byte	0
 786 0012 0B       		.uleb128 0xb
 787 0013 0B       		.uleb128 0xb
 788 0014 3E       		.uleb128 0x3e
 789 0015 0B       		.uleb128 0xb
 790 0016 03       		.uleb128 0x3
 791 0017 0E       		.uleb128 0xe
 792 0018 00       		.byte	0
 793 0019 00       		.byte	0
 794 001a 03       		.uleb128 0x3
 795 001b 24       		.uleb128 0x24
 796 001c 00       		.byte	0
 797 001d 0B       		.uleb128 0xb
 798 001e 0B       		.uleb128 0xb
ARM GAS  C:\Users\miyag\AppData\Local\Temp\ccVH1Izc.s 			page 15


 799 001f 3E       		.uleb128 0x3e
 800 0020 0B       		.uleb128 0xb
 801 0021 03       		.uleb128 0x3
 802 0022 08       		.uleb128 0x8
 803 0023 00       		.byte	0
 804 0024 00       		.byte	0
 805 0025 04       		.uleb128 0x4
 806 0026 16       		.uleb128 0x16
 807 0027 00       		.byte	0
 808 0028 03       		.uleb128 0x3
 809 0029 0E       		.uleb128 0xe
 810 002a 3A       		.uleb128 0x3a
 811 002b 0B       		.uleb128 0xb
 812 002c 3B       		.uleb128 0x3b
 813 002d 05       		.uleb128 0x5
 814 002e 49       		.uleb128 0x49
 815 002f 13       		.uleb128 0x13
 816 0030 00       		.byte	0
 817 0031 00       		.byte	0
 818 0032 05       		.uleb128 0x5
 819 0033 13       		.uleb128 0x13
 820 0034 01       		.byte	0x1
 821 0035 0B       		.uleb128 0xb
 822 0036 0B       		.uleb128 0xb
 823 0037 3A       		.uleb128 0x3a
 824 0038 0B       		.uleb128 0xb
 825 0039 3B       		.uleb128 0x3b
 826 003a 0B       		.uleb128 0xb
 827 003b 01       		.uleb128 0x1
 828 003c 13       		.uleb128 0x13
 829 003d 00       		.byte	0
 830 003e 00       		.byte	0
 831 003f 06       		.uleb128 0x6
 832 0040 0D       		.uleb128 0xd
 833 0041 00       		.byte	0
 834 0042 03       		.uleb128 0x3
 835 0043 0E       		.uleb128 0xe
 836 0044 3A       		.uleb128 0x3a
 837 0045 0B       		.uleb128 0xb
 838 0046 3B       		.uleb128 0x3b
 839 0047 0B       		.uleb128 0xb
 840 0048 49       		.uleb128 0x49
 841 0049 13       		.uleb128 0x13
 842 004a 38       		.uleb128 0x38
 843 004b 0B       		.uleb128 0xb
 844 004c 00       		.byte	0
 845 004d 00       		.byte	0
 846 004e 07       		.uleb128 0x7
 847 004f 16       		.uleb128 0x16
 848 0050 00       		.byte	0
 849 0051 03       		.uleb128 0x3
 850 0052 0E       		.uleb128 0xe
 851 0053 3A       		.uleb128 0x3a
 852 0054 0B       		.uleb128 0xb
 853 0055 3B       		.uleb128 0x3b
 854 0056 0B       		.uleb128 0xb
 855 0057 49       		.uleb128 0x49
ARM GAS  C:\Users\miyag\AppData\Local\Temp\ccVH1Izc.s 			page 16


 856 0058 13       		.uleb128 0x13
 857 0059 00       		.byte	0
 858 005a 00       		.byte	0
 859 005b 08       		.uleb128 0x8
 860 005c 0D       		.uleb128 0xd
 861 005d 00       		.byte	0
 862 005e 03       		.uleb128 0x3
 863 005f 08       		.uleb128 0x8
 864 0060 3A       		.uleb128 0x3a
 865 0061 0B       		.uleb128 0xb
 866 0062 3B       		.uleb128 0x3b
 867 0063 0B       		.uleb128 0xb
 868 0064 49       		.uleb128 0x49
 869 0065 13       		.uleb128 0x13
 870 0066 38       		.uleb128 0x38
 871 0067 0B       		.uleb128 0xb
 872 0068 00       		.byte	0
 873 0069 00       		.byte	0
 874 006a 09       		.uleb128 0x9
 875 006b 0F       		.uleb128 0xf
 876 006c 00       		.byte	0
 877 006d 0B       		.uleb128 0xb
 878 006e 0B       		.uleb128 0xb
 879 006f 49       		.uleb128 0x49
 880 0070 13       		.uleb128 0x13
 881 0071 00       		.byte	0
 882 0072 00       		.byte	0
 883 0073 0A       		.uleb128 0xa
 884 0074 26       		.uleb128 0x26
 885 0075 00       		.byte	0
 886 0076 00       		.byte	0
 887 0077 00       		.byte	0
 888 0078 0B       		.uleb128 0xb
 889 0079 01       		.uleb128 0x1
 890 007a 01       		.byte	0x1
 891 007b 49       		.uleb128 0x49
 892 007c 13       		.uleb128 0x13
 893 007d 01       		.uleb128 0x1
 894 007e 13       		.uleb128 0x13
 895 007f 00       		.byte	0
 896 0080 00       		.byte	0
 897 0081 0C       		.uleb128 0xc
 898 0082 21       		.uleb128 0x21
 899 0083 00       		.byte	0
 900 0084 49       		.uleb128 0x49
 901 0085 13       		.uleb128 0x13
 902 0086 2F       		.uleb128 0x2f
 903 0087 0B       		.uleb128 0xb
 904 0088 00       		.byte	0
 905 0089 00       		.byte	0
 906 008a 0D       		.uleb128 0xd
 907 008b 34       		.uleb128 0x34
 908 008c 00       		.byte	0
 909 008d 03       		.uleb128 0x3
 910 008e 0E       		.uleb128 0xe
 911 008f 3A       		.uleb128 0x3a
 912 0090 0B       		.uleb128 0xb
ARM GAS  C:\Users\miyag\AppData\Local\Temp\ccVH1Izc.s 			page 17


 913 0091 3B       		.uleb128 0x3b
 914 0092 0B       		.uleb128 0xb
 915 0093 49       		.uleb128 0x49
 916 0094 13       		.uleb128 0x13
 917 0095 3F       		.uleb128 0x3f
 918 0096 19       		.uleb128 0x19
 919 0097 02       		.uleb128 0x2
 920 0098 18       		.uleb128 0x18
 921 0099 00       		.byte	0
 922 009a 00       		.byte	0
 923 009b 0E       		.uleb128 0xe
 924 009c 26       		.uleb128 0x26
 925 009d 00       		.byte	0
 926 009e 49       		.uleb128 0x49
 927 009f 13       		.uleb128 0x13
 928 00a0 00       		.byte	0
 929 00a1 00       		.byte	0
 930 00a2 0F       		.uleb128 0xf
 931 00a3 34       		.uleb128 0x34
 932 00a4 00       		.byte	0
 933 00a5 03       		.uleb128 0x3
 934 00a6 0E       		.uleb128 0xe
 935 00a7 3A       		.uleb128 0x3a
 936 00a8 0B       		.uleb128 0xb
 937 00a9 3B       		.uleb128 0x3b
 938 00aa 05       		.uleb128 0x5
 939 00ab 49       		.uleb128 0x49
 940 00ac 13       		.uleb128 0x13
 941 00ad 3F       		.uleb128 0x3f
 942 00ae 19       		.uleb128 0x19
 943 00af 02       		.uleb128 0x2
 944 00b0 18       		.uleb128 0x18
 945 00b1 00       		.byte	0
 946 00b2 00       		.byte	0
 947 00b3 00       		.byte	0
 948              		.section	.debug_aranges,"",%progbits
 949 0000 14000000 		.4byte	0x14
 950 0004 0200     		.2byte	0x2
 951 0006 00000000 		.4byte	.Ldebug_info0
 952 000a 04       		.byte	0x4
 953 000b 00       		.byte	0
 954 000c 0000     		.2byte	0
 955 000e 0000     		.2byte	0
 956 0010 00000000 		.4byte	0
 957 0014 00000000 		.4byte	0
 958              		.section	.debug_line,"",%progbits
 959              	.Ldebug_line0:
 960 0000 63000000 		.section	.debug_str,"MS",%progbits,1
 960      02005D00 
 960      00000201 
 960      FB0E0D00 
 960      01010101 
 961              	.LASF31:
 962 0000 55534255 		.ascii	"USBUART_1_SN_STRING_DESCRIPTOR\000"
 962      4152545F 
 962      315F534E 
 962      5F535452 
ARM GAS  C:\Users\miyag\AppData\Local\Temp\ccVH1Izc.s 			page 18


 962      494E475F 
 963              	.LASF37:
 964 001f 2E5C4765 		.ascii	".\\Generated_Source\\PSoC5\\USBUART_1_descr.c\000"
 964      6E657261 
 964      7465645F 
 964      536F7572 
 964      63655C50 
 965              	.LASF32:
 966 004a 55534255 		.ascii	"USBUART_1_STRING_DESCRIPTORS\000"
 966      4152545F 
 966      315F5354 
 966      52494E47 
 966      5F444553 
 967              	.LASF30:
 968 0067 55534255 		.ascii	"USBUART_1_TABLE\000"
 968      4152545F 
 968      315F5441 
 968      424C4500 
 969              	.LASF28:
 970 0077 55534255 		.ascii	"USBUART_1_DEVICE0_CONFIGURATION0_TABLE\000"
 970      4152545F 
 970      315F4445 
 970      56494345 
 970      305F434F 
 971              	.LASF4:
 972 009e 6C6F6E67 		.ascii	"long int\000"
 972      20696E74 
 972      00
 973              	.LASF3:
 974 00a7 73686F72 		.ascii	"short unsigned int\000"
 974      7420756E 
 974      7369676E 
 974      65642069 
 974      6E7400
 975              	.LASF23:
 976 00ba 545F5553 		.ascii	"T_USBUART_1_LUT\000"
 976      42554152 
 976      545F315F 
 976      4C555400 
 977              	.LASF21:
 978 00ca 545F5553 		.ascii	"T_USBUART_1_EP_SETTINGS_BLOCK\000"
 978      42554152 
 978      545F315F 
 978      45505F53 
 978      45545449 
 979              	.LASF11:
 980 00e8 666C6F61 		.ascii	"float\000"
 980      7400
 981              	.LASF16:
 982 00ee 616C7453 		.ascii	"altSetting\000"
 982      65747469 
 982      6E6700
 983              	.LASF25:
 984 00f9 55534255 		.ascii	"USBUART_1_DEVICE0_CONFIGURATION0_DESCR\000"
 984      4152545F 
 984      315F4445 
 984      56494345 
ARM GAS  C:\Users\miyag\AppData\Local\Temp\ccVH1Izc.s 			page 19


 984      305F434F 
 985              	.LASF36:
 986 0120 474E5520 		.ascii	"GNU C 4.9.3 20150303 (release) [ARM/embedded-4_9-br"
 986      4320342E 
 986      392E3320 
 986      32303135 
 986      30333033 
 987 0153 616E6368 		.ascii	"anch revision 221220] -mcpu=cortex-m3 -mthumb -g -O"
 987      20726576 
 987      6973696F 
 987      6E203232 
 987      31323230 
 988 0186 73202D66 		.ascii	"s -ffunction-sections -ffat-lto-objects\000"
 988      66756E63 
 988      74696F6E 
 988      2D736563 
 988      74696F6E 
 989              	.LASF1:
 990 01ae 756E7369 		.ascii	"unsigned char\000"
 990      676E6564 
 990      20636861 
 990      7200
 991              	.LASF18:
 992 01bc 61747472 		.ascii	"attributes\000"
 992      69627574 
 992      657300
 993              	.LASF5:
 994 01c7 6C6F6E67 		.ascii	"long unsigned int\000"
 994      20756E73 
 994      69676E65 
 994      6420696E 
 994      7400
 995              	.LASF17:
 996 01d9 61646472 		.ascii	"addr\000"
 996      00
 997              	.LASF38:
 998 01de 433A5C54 		.ascii	"C:\\TIRI\\k3g2pmpm_20211223\\trobot_psoc_v6_73\\tro"
 998      4952495C 
 998      6B336732 
 998      706D706D 
 998      5F323032 
 999 020d 626F7436 		.ascii	"bot6_cir2_2wd.cydsn\000"
 999      5F636972 
 999      325F3277 
 999      642E6379 
 999      64736E00 
 1000              	.LASF27:
 1001 0221 55534255 		.ascii	"USBUART_1_DEVICE0_CONFIGURATION0_INTERFACE_CLASS\000"
 1001      4152545F 
 1001      315F4445 
 1001      56494345 
 1001      305F434F 
 1002              	.LASF12:
 1003 0252 646F7562 		.ascii	"double\000"
 1003      6C6500
 1004              	.LASF2:
 1005 0259 73686F72 		.ascii	"short int\000"
ARM GAS  C:\Users\miyag\AppData\Local\Temp\ccVH1Izc.s 			page 20


 1005      7420696E 
 1005      7400
 1006              	.LASF10:
 1007 0263 75696E74 		.ascii	"uint16\000"
 1007      313600
 1008              	.LASF8:
 1009 026a 756E7369 		.ascii	"unsigned int\000"
 1009      676E6564 
 1009      20696E74 
 1009      00
 1010              	.LASF7:
 1011 0277 6C6F6E67 		.ascii	"long long unsigned int\000"
 1011      206C6F6E 
 1011      6720756E 
 1011      7369676E 
 1011      65642069 
 1012              	.LASF29:
 1013 028e 55534255 		.ascii	"USBUART_1_DEVICE0_TABLE\000"
 1013      4152545F 
 1013      315F4445 
 1013      56494345 
 1013      305F5441 
 1014              	.LASF22:
 1015 02a6 705F6C69 		.ascii	"p_list\000"
 1015      737400
 1016              	.LASF14:
 1017 02ad 73697A65 		.ascii	"sizetype\000"
 1017      74797065 
 1017      00
 1018              	.LASF6:
 1019 02b6 6C6F6E67 		.ascii	"long long int\000"
 1019      206C6F6E 
 1019      6720696E 
 1019      7400
 1020              	.LASF13:
 1021 02c4 63686172 		.ascii	"char\000"
 1021      00
 1022              	.LASF19:
 1023 02c9 62756666 		.ascii	"bufferSize\000"
 1023      65725369 
 1023      7A6500
 1024              	.LASF35:
 1025 02d4 55534255 		.ascii	"USBUART_1_idSerialNumberStringDescriptor\000"
 1025      4152545F 
 1025      315F6964 
 1025      53657269 
 1025      616C4E75 
 1026              	.LASF24:
 1027 02fd 55534255 		.ascii	"USBUART_1_DEVICE0_DESCR\000"
 1027      4152545F 
 1027      315F4445 
 1027      56494345 
 1027      305F4445 
 1028              	.LASF9:
 1029 0315 75696E74 		.ascii	"uint8\000"
 1029      3800
 1030              	.LASF15:
ARM GAS  C:\Users\miyag\AppData\Local\Temp\ccVH1Izc.s 			page 21


 1031 031b 696E7465 		.ascii	"interface\000"
 1031      72666163 
 1031      6500
 1032              	.LASF26:
 1033 0325 55534255 		.ascii	"USBUART_1_DEVICE0_CONFIGURATION0_EP_SETTINGS_TABLE\000"
 1033      4152545F 
 1033      315F4445 
 1033      56494345 
 1033      305F434F 
 1034              	.LASF33:
 1035 0358 55534255 		.ascii	"USBUART_1_MSOS_DESCRIPTOR\000"
 1035      4152545F 
 1035      315F4D53 
 1035      4F535F44 
 1035      45534352 
 1036              	.LASF0:
 1037 0372 7369676E 		.ascii	"signed char\000"
 1037      65642063 
 1037      68617200 
 1038              	.LASF34:
 1039 037e 55534255 		.ascii	"USBUART_1_MSOS_CONFIGURATION_DESCR\000"
 1039      4152545F 
 1039      315F4D53 
 1039      4F535F43 
 1039      4F4E4649 
 1040              	.LASF20:
 1041 03a1 624D6973 		.ascii	"bMisc\000"
 1041      6300
 1042              		.ident	"GCC: (GNU Tools for ARM Embedded Processors) 4.9.3 20150303 (release) [ARM/embedded-4_9-br
