ARM GAS  C:\Users\miyag\AppData\Local\Temp\cckEEKEm.s 			page 1


   1              		.syntax unified
   2              		.cpu cortex-m3
   3              		.fpu softvfp
   4              		.eabi_attribute 20, 1
   5              		.eabi_attribute 21, 1
   6              		.eabi_attribute 23, 3
   7              		.eabi_attribute 24, 1
   8              		.eabi_attribute 25, 1
   9              		.eabi_attribute 26, 1
  10              		.eabi_attribute 30, 4
  11              		.eabi_attribute 34, 1
  12              		.eabi_attribute 18, 4
  13              		.thumb
  14              		.file	"USBUART_1_vnd.c"
  15              		.text
  16              	.Ltext0:
  17              		.cfi_sections	.debug_frame
  18              		.section	.text.USBUART_1_HandleVendorRqst,"ax",%progbits
  19              		.align	1
  20              		.global	USBUART_1_HandleVendorRqst
  21              		.thumb
  22              		.thumb_func
  23              		.type	USBUART_1_HandleVendorRqst, %function
  24              	USBUART_1_HandleVendorRqst:
  25              	.LFB0:
  26              		.file 1 ".\\Generated_Source\\PSoC5\\USBUART_1_vnd.c"
   1:.\Generated_Source\PSoC5/USBUART_1_vnd.c **** /***************************************************************************//**
   2:.\Generated_Source\PSoC5/USBUART_1_vnd.c **** * \file USBUART_1_vnd.c
   3:.\Generated_Source\PSoC5/USBUART_1_vnd.c **** * \version 3.0
   4:.\Generated_Source\PSoC5/USBUART_1_vnd.c **** *
   5:.\Generated_Source\PSoC5/USBUART_1_vnd.c **** * \brief
   6:.\Generated_Source\PSoC5/USBUART_1_vnd.c **** *  This file contains the  USB vendor request handler.
   7:.\Generated_Source\PSoC5/USBUART_1_vnd.c **** *
   8:.\Generated_Source\PSoC5/USBUART_1_vnd.c **** ********************************************************************************
   9:.\Generated_Source\PSoC5/USBUART_1_vnd.c **** * \copyright
  10:.\Generated_Source\PSoC5/USBUART_1_vnd.c **** * Copyright 2008-2015, Cypress Semiconductor Corporation.  All rights reserved.
  11:.\Generated_Source\PSoC5/USBUART_1_vnd.c **** * You may use this file only in accordance with the license, terms, conditions,
  12:.\Generated_Source\PSoC5/USBUART_1_vnd.c **** * disclaimers, and limitations in the end user license agreement accompanying
  13:.\Generated_Source\PSoC5/USBUART_1_vnd.c **** * the software package with which this file was provided.
  14:.\Generated_Source\PSoC5/USBUART_1_vnd.c **** *******************************************************************************/
  15:.\Generated_Source\PSoC5/USBUART_1_vnd.c **** 
  16:.\Generated_Source\PSoC5/USBUART_1_vnd.c **** #include "USBUART_1_pvt.h"
  17:.\Generated_Source\PSoC5/USBUART_1_vnd.c **** #include "cyapicallbacks.h"
  18:.\Generated_Source\PSoC5/USBUART_1_vnd.c **** 
  19:.\Generated_Source\PSoC5/USBUART_1_vnd.c **** #if(USBUART_1_EXTERN_VND == USBUART_1_FALSE)
  20:.\Generated_Source\PSoC5/USBUART_1_vnd.c **** 
  21:.\Generated_Source\PSoC5/USBUART_1_vnd.c **** /***************************************
  22:.\Generated_Source\PSoC5/USBUART_1_vnd.c **** * Vendor Specific Declarations
  23:.\Generated_Source\PSoC5/USBUART_1_vnd.c **** ***************************************/
  24:.\Generated_Source\PSoC5/USBUART_1_vnd.c **** 
  25:.\Generated_Source\PSoC5/USBUART_1_vnd.c **** /* `#START VENDOR_SPECIFIC_DECLARATIONS` Place your declaration here */
  26:.\Generated_Source\PSoC5/USBUART_1_vnd.c **** 
  27:.\Generated_Source\PSoC5/USBUART_1_vnd.c **** /* `#END` */
  28:.\Generated_Source\PSoC5/USBUART_1_vnd.c **** 
  29:.\Generated_Source\PSoC5/USBUART_1_vnd.c **** 
  30:.\Generated_Source\PSoC5/USBUART_1_vnd.c **** /*******************************************************************************
  31:.\Generated_Source\PSoC5/USBUART_1_vnd.c **** * Function Name: USBUART_1_HandleVendorRqst
ARM GAS  C:\Users\miyag\AppData\Local\Temp\cckEEKEm.s 			page 2


  32:.\Generated_Source\PSoC5/USBUART_1_vnd.c **** ****************************************************************************//**
  33:.\Generated_Source\PSoC5/USBUART_1_vnd.c **** *
  34:.\Generated_Source\PSoC5/USBUART_1_vnd.c **** *  This routine provide users with a method to implement vendor specific
  35:.\Generated_Source\PSoC5/USBUART_1_vnd.c **** *  requests.
  36:.\Generated_Source\PSoC5/USBUART_1_vnd.c **** *
  37:.\Generated_Source\PSoC5/USBUART_1_vnd.c **** *  To implement vendor specific requests, add your code in this function to
  38:.\Generated_Source\PSoC5/USBUART_1_vnd.c **** *  decode and disposition the request.  If the request is handled, your code
  39:.\Generated_Source\PSoC5/USBUART_1_vnd.c **** *  must set the variable "requestHandled" to TRUE, indicating that the
  40:.\Generated_Source\PSoC5/USBUART_1_vnd.c **** *  request has been handled.
  41:.\Generated_Source\PSoC5/USBUART_1_vnd.c **** *
  42:.\Generated_Source\PSoC5/USBUART_1_vnd.c **** * \return
  43:.\Generated_Source\PSoC5/USBUART_1_vnd.c **** *  requestHandled.
  44:.\Generated_Source\PSoC5/USBUART_1_vnd.c **** *
  45:.\Generated_Source\PSoC5/USBUART_1_vnd.c **** * \reentrant
  46:.\Generated_Source\PSoC5/USBUART_1_vnd.c **** *  No.
  47:.\Generated_Source\PSoC5/USBUART_1_vnd.c **** *
  48:.\Generated_Source\PSoC5/USBUART_1_vnd.c **** *******************************************************************************/
  49:.\Generated_Source\PSoC5/USBUART_1_vnd.c **** uint8 USBUART_1_HandleVendorRqst(void) 
  50:.\Generated_Source\PSoC5/USBUART_1_vnd.c **** {
  27              		.loc 1 50 0
  28              		.cfi_startproc
  29              		@ args = 0, pretend = 0, frame = 0
  30              		@ frame_needed = 0, uses_anonymous_args = 0
  31              		@ link register save eliminated.
  32              	.LVL0:
  51:.\Generated_Source\PSoC5/USBUART_1_vnd.c ****     uint8 requestHandled = USBUART_1_FALSE;
  52:.\Generated_Source\PSoC5/USBUART_1_vnd.c **** 
  53:.\Generated_Source\PSoC5/USBUART_1_vnd.c ****     /* Check request direction: D2H or H2D. */
  54:.\Generated_Source\PSoC5/USBUART_1_vnd.c ****     if (0u != (USBUART_1_bmRequestTypeReg & USBUART_1_RQST_DIR_D2H))
  33              		.loc 1 54 0
  34 0000 074B     		ldr	r3, .L7
  35 0002 1A78     		ldrb	r2, [r3]	@ zero_extendqisi2
  36 0004 1206     		lsls	r2, r2, #24
  37 0006 09D5     		bpl	.L2
  55:.\Generated_Source\PSoC5/USBUART_1_vnd.c ****     {
  56:.\Generated_Source\PSoC5/USBUART_1_vnd.c ****         /* Handle direction from device to host. */
  57:.\Generated_Source\PSoC5/USBUART_1_vnd.c ****         
  58:.\Generated_Source\PSoC5/USBUART_1_vnd.c ****         switch (USBUART_1_bRequestReg)
  38              		.loc 1 58 0
  39 0008 5B78     		ldrb	r3, [r3, #1]	@ zero_extendqisi2
  40 000a 012B     		cmp	r3, #1
  41 000c 06D1     		bne	.L2
  59:.\Generated_Source\PSoC5/USBUART_1_vnd.c ****         {
  60:.\Generated_Source\PSoC5/USBUART_1_vnd.c ****             case USBUART_1_GET_EXTENDED_CONFIG_DESCRIPTOR:
  61:.\Generated_Source\PSoC5/USBUART_1_vnd.c ****             #if defined(USBUART_1_ENABLE_MSOS_STRING)
  62:.\Generated_Source\PSoC5/USBUART_1_vnd.c ****                 USBUART_1_currentTD.pData = (volatile uint8 *) &USBUART_1_MSOS_CONFIGURATION_DESCR[
  42              		.loc 1 62 0
  43 000e 054B     		ldr	r3, .L7+4
  44 0010 054A     		ldr	r2, .L7+8
  45 0012 5A60     		str	r2, [r3, #4]
  63:.\Generated_Source\PSoC5/USBUART_1_vnd.c ****                 USBUART_1_currentTD.count = USBUART_1_MSOS_CONFIGURATION_DESCR[0u];
  46              		.loc 1 63 0
  47 0014 1278     		ldrb	r2, [r2]	@ zero_extendqisi2
  48 0016 1A80     		strh	r2, [r3]	@ movhi
  64:.\Generated_Source\PSoC5/USBUART_1_vnd.c ****                 requestHandled  = USBUART_1_InitControlRead();
  49              		.loc 1 64 0
  50 0018 FFF7FEBF 		b	USBUART_1_InitControlRead
ARM GAS  C:\Users\miyag\AppData\Local\Temp\cckEEKEm.s 			page 3


  51              	.LVL1:
  52              	.L2:
  65:.\Generated_Source\PSoC5/USBUART_1_vnd.c ****             #endif /* (USBUART_1_ENABLE_MSOS_STRING) */
  66:.\Generated_Source\PSoC5/USBUART_1_vnd.c ****                 break;
  67:.\Generated_Source\PSoC5/USBUART_1_vnd.c ****             
  68:.\Generated_Source\PSoC5/USBUART_1_vnd.c ****             default:
  69:.\Generated_Source\PSoC5/USBUART_1_vnd.c ****                 break;
  70:.\Generated_Source\PSoC5/USBUART_1_vnd.c ****         }
  71:.\Generated_Source\PSoC5/USBUART_1_vnd.c ****     }
  72:.\Generated_Source\PSoC5/USBUART_1_vnd.c **** 
  73:.\Generated_Source\PSoC5/USBUART_1_vnd.c ****     /* `#START VENDOR_SPECIFIC_CODE` Place your vendor specific request here */
  74:.\Generated_Source\PSoC5/USBUART_1_vnd.c **** 
  75:.\Generated_Source\PSoC5/USBUART_1_vnd.c ****     /* `#END` */
  76:.\Generated_Source\PSoC5/USBUART_1_vnd.c **** 
  77:.\Generated_Source\PSoC5/USBUART_1_vnd.c **** #ifdef USBUART_1_HANDLE_VENDOR_RQST_CALLBACK
  78:.\Generated_Source\PSoC5/USBUART_1_vnd.c ****     if (USBUART_1_FALSE == requestHandled)
  79:.\Generated_Source\PSoC5/USBUART_1_vnd.c ****     {
  80:.\Generated_Source\PSoC5/USBUART_1_vnd.c ****         requestHandled = USBUART_1_HandleVendorRqst_Callback();
  81:.\Generated_Source\PSoC5/USBUART_1_vnd.c ****     }
  82:.\Generated_Source\PSoC5/USBUART_1_vnd.c **** #endif /* (USBUART_1_HANDLE_VENDOR_RQST_CALLBACK) */
  83:.\Generated_Source\PSoC5/USBUART_1_vnd.c **** 
  84:.\Generated_Source\PSoC5/USBUART_1_vnd.c ****     return (requestHandled);
  85:.\Generated_Source\PSoC5/USBUART_1_vnd.c **** }
  53              		.loc 1 85 0
  54 001c 0020     		movs	r0, #0
  55 001e 7047     		bx	lr
  56              	.L8:
  57              		.align	2
  58              	.L7:
  59 0020 00600040 		.word	1073766400
  60 0024 00000000 		.word	USBUART_1_currentTD
  61 0028 00000000 		.word	USBUART_1_MSOS_CONFIGURATION_DESCR
  62              		.cfi_endproc
  63              	.LFE0:
  64              		.size	USBUART_1_HandleVendorRqst, .-USBUART_1_HandleVendorRqst
  65              		.text
  66              	.Letext0:
  67              		.file 2 ".\\Generated_Source\\PSoC5\\cytypes.h"
  68              		.file 3 ".\\Generated_Source\\PSoC5\\USBUART_1.h"
  69              		.file 4 ".\\Generated_Source\\PSoC5\\USBUART_1_pvt.h"
  70              		.section	.debug_info,"",%progbits
  71              	.Ldebug_info0:
  72 0000 AE010000 		.4byte	0x1ae
  73 0004 0400     		.2byte	0x4
  74 0006 00000000 		.4byte	.Ldebug_abbrev0
  75 000a 04       		.byte	0x4
  76 000b 01       		.uleb128 0x1
  77 000c 7D010000 		.4byte	.LASF26
  78 0010 01       		.byte	0x1
  79 0011 66020000 		.4byte	.LASF27
  80 0015 75000000 		.4byte	.LASF28
  81 0019 00000000 		.4byte	.Ldebug_ranges0+0
  82 001d 00000000 		.4byte	0
  83 0021 00000000 		.4byte	.Ldebug_line0
  84 0025 02       		.uleb128 0x2
  85 0026 01       		.byte	0x1
  86 0027 06       		.byte	0x6
ARM GAS  C:\Users\miyag\AppData\Local\Temp\cckEEKEm.s 			page 4


  87 0028 37020000 		.4byte	.LASF0
  88 002c 02       		.uleb128 0x2
  89 002d 01       		.byte	0x1
  90 002e 08       		.byte	0x8
  91 002f 4F000000 		.4byte	.LASF1
  92 0033 02       		.uleb128 0x2
  93 0034 02       		.byte	0x2
  94 0035 05       		.byte	0x5
  95 0036 73010000 		.4byte	.LASF2
  96 003a 02       		.uleb128 0x2
  97 003b 02       		.byte	0x2
  98 003c 07       		.byte	0x7
  99 003d 22000000 		.4byte	.LASF3
 100 0041 02       		.uleb128 0x2
 101 0042 04       		.byte	0x4
 102 0043 05       		.byte	0x5
 103 0044 1A020000 		.4byte	.LASF4
 104 0048 02       		.uleb128 0x2
 105 0049 04       		.byte	0x4
 106 004a 07       		.byte	0x7
 107 004b 5D000000 		.4byte	.LASF5
 108 004f 02       		.uleb128 0x2
 109 0050 08       		.byte	0x8
 110 0051 05       		.byte	0x5
 111 0052 42010000 		.4byte	.LASF6
 112 0056 02       		.uleb128 0x2
 113 0057 08       		.byte	0x8
 114 0058 07       		.byte	0x7
 115 0059 07010000 		.4byte	.LASF7
 116 005d 03       		.uleb128 0x3
 117 005e 04       		.byte	0x4
 118 005f 05       		.byte	0x5
 119 0060 696E7400 		.ascii	"int\000"
 120 0064 02       		.uleb128 0x2
 121 0065 04       		.byte	0x4
 122 0066 07       		.byte	0x7
 123 0067 E0000000 		.4byte	.LASF8
 124 006b 04       		.uleb128 0x4
 125 006c 6F000000 		.4byte	.LASF9
 126 0070 02       		.byte	0x2
 127 0071 9201     		.2byte	0x192
 128 0073 2C000000 		.4byte	0x2c
 129 0077 04       		.uleb128 0x4
 130 0078 BF000000 		.4byte	.LASF10
 131 007c 02       		.byte	0x2
 132 007d 9301     		.2byte	0x193
 133 007f 3A000000 		.4byte	0x3a
 134 0083 02       		.uleb128 0x2
 135 0084 04       		.byte	0x4
 136 0085 04       		.byte	0x4
 137 0086 49000000 		.4byte	.LASF11
 138 008a 02       		.uleb128 0x2
 139 008b 08       		.byte	0x8
 140 008c 04       		.byte	0x4
 141 008d B8000000 		.4byte	.LASF12
 142 0091 02       		.uleb128 0x2
 143 0092 01       		.byte	0x1
ARM GAS  C:\Users\miyag\AppData\Local\Temp\cckEEKEm.s 			page 5


 144 0093 08       		.byte	0x8
 145 0094 50010000 		.4byte	.LASF13
 146 0098 05       		.uleb128 0x5
 147 0099 6B000000 		.4byte	0x6b
 148 009d 02       		.uleb128 0x2
 149 009e 04       		.byte	0x4
 150 009f 07       		.byte	0x7
 151 00a0 39010000 		.4byte	.LASF14
 152 00a4 06       		.uleb128 0x6
 153 00a5 04       		.byte	0x4
 154 00a6 03       		.byte	0x3
 155 00a7 A5       		.byte	0xa5
 156 00a8 C5000000 		.4byte	0xc5
 157 00ac 07       		.uleb128 0x7
 158 00ad 35000000 		.4byte	.LASF15
 159 00b1 03       		.byte	0x3
 160 00b2 A7       		.byte	0xa7
 161 00b3 6B000000 		.4byte	0x6b
 162 00b7 00       		.byte	0
 163 00b8 07       		.uleb128 0x7
 164 00b9 8F020000 		.4byte	.LASF16
 165 00bd 03       		.byte	0x3
 166 00be A8       		.byte	0xa8
 167 00bf 77000000 		.4byte	0x77
 168 00c3 02       		.byte	0x2
 169 00c4 00       		.byte	0
 170 00c5 08       		.uleb128 0x8
 171 00c6 55010000 		.4byte	.LASF17
 172 00ca 03       		.byte	0x3
 173 00cb A9       		.byte	0xa9
 174 00cc A4000000 		.4byte	0xa4
 175 00d0 06       		.uleb128 0x6
 176 00d1 0C       		.byte	0xc
 177 00d2 03       		.byte	0x3
 178 00d3 AB       		.byte	0xab
 179 00d4 FD000000 		.4byte	0xfd
 180 00d8 07       		.uleb128 0x7
 181 00d9 1C000000 		.4byte	.LASF18
 182 00dd 03       		.byte	0x3
 183 00de AD       		.byte	0xad
 184 00df 77000000 		.4byte	0x77
 185 00e3 00       		.byte	0
 186 00e4 07       		.uleb128 0x7
 187 00e5 3C000000 		.4byte	.LASF19
 188 00e9 03       		.byte	0x3
 189 00ea AE       		.byte	0xae
 190 00eb FD000000 		.4byte	0xfd
 191 00ef 04       		.byte	0x4
 192 00f0 07       		.uleb128 0x7
 193 00f1 00000000 		.4byte	.LASF20
 194 00f5 03       		.byte	0x3
 195 00f6 AF       		.byte	0xaf
 196 00f7 03010000 		.4byte	0x103
 197 00fb 08       		.byte	0x8
 198 00fc 00       		.byte	0
 199 00fd 09       		.uleb128 0x9
 200 00fe 04       		.byte	0x4
ARM GAS  C:\Users\miyag\AppData\Local\Temp\cckEEKEm.s 			page 6


 201 00ff 98000000 		.4byte	0x98
 202 0103 09       		.uleb128 0x9
 203 0104 04       		.byte	0x4
 204 0105 C5000000 		.4byte	0xc5
 205 0109 08       		.uleb128 0x8
 206 010a 0D000000 		.4byte	.LASF21
 207 010e 03       		.byte	0x3
 208 010f B0       		.byte	0xb0
 209 0110 D0000000 		.4byte	0xd0
 210 0114 06       		.uleb128 0x6
 211 0115 08       		.byte	0x8
 212 0116 03       		.byte	0x3
 213 0117 C6       		.byte	0xc6
 214 0118 29010000 		.4byte	0x129
 215 011c 07       		.uleb128 0x7
 216 011d 42000000 		.4byte	.LASF22
 217 0121 03       		.byte	0x3
 218 0122 C8       		.byte	0xc8
 219 0123 29010000 		.4byte	0x129
 220 0127 00       		.byte	0
 221 0128 00       		.byte	0
 222 0129 0A       		.uleb128 0xa
 223 012a 6B000000 		.4byte	0x6b
 224 012e 39010000 		.4byte	0x139
 225 0132 0B       		.uleb128 0xb
 226 0133 9D000000 		.4byte	0x9d
 227 0137 07       		.byte	0x7
 228 0138 00       		.byte	0
 229 0139 08       		.uleb128 0x8
 230 013a C6000000 		.4byte	.LASF23
 231 013e 03       		.byte	0x3
 232 013f C9       		.byte	0xc9
 233 0140 14010000 		.4byte	0x114
 234 0144 0C       		.uleb128 0xc
 235 0145 1E010000 		.4byte	.LASF29
 236 0149 01       		.byte	0x1
 237 014a 31       		.byte	0x31
 238 014b 6B000000 		.4byte	0x6b
 239 014f 00000000 		.4byte	.LFB0
 240 0153 2C000000 		.4byte	.LFE0-.LFB0
 241 0157 01       		.uleb128 0x1
 242 0158 9C       		.byte	0x9c
 243 0159 76010000 		.4byte	0x176
 244 015d 0D       		.uleb128 0xd
 245 015e 0B020000 		.4byte	.LASF30
 246 0162 01       		.byte	0x1
 247 0163 33       		.byte	0x33
 248 0164 6B000000 		.4byte	0x6b
 249 0168 00000000 		.4byte	.LLST0
 250 016c 0E       		.uleb128 0xe
 251 016d 1C000000 		.4byte	.LVL1
 252 0171 A6010000 		.4byte	0x1a6
 253 0175 00       		.byte	0
 254 0176 0A       		.uleb128 0xa
 255 0177 6B000000 		.4byte	0x6b
 256 017b 86010000 		.4byte	0x186
 257 017f 0B       		.uleb128 0xb
ARM GAS  C:\Users\miyag\AppData\Local\Temp\cckEEKEm.s 			page 7


 258 0180 9D000000 		.4byte	0x9d
 259 0184 27       		.byte	0x27
 260 0185 00       		.byte	0
 261 0186 0F       		.uleb128 0xf
 262 0187 43020000 		.4byte	.LASF24
 263 018b 04       		.byte	0x4
 264 018c 6D       		.byte	0x6d
 265 018d 91010000 		.4byte	0x191
 266 0191 10       		.uleb128 0x10
 267 0192 76010000 		.4byte	0x176
 268 0196 0F       		.uleb128 0xf
 269 0197 23020000 		.4byte	.LASF25
 270 019b 04       		.byte	0x4
 271 019c 7A       		.byte	0x7a
 272 019d A1010000 		.4byte	0x1a1
 273 01a1 05       		.uleb128 0x5
 274 01a2 09010000 		.4byte	0x109
 275 01a6 11       		.uleb128 0x11
 276 01a7 ED000000 		.4byte	.LASF31
 277 01ab 04       		.byte	0x4
 278 01ac A9       		.byte	0xa9
 279 01ad 6B000000 		.4byte	0x6b
 280 01b1 00       		.byte	0
 281              		.section	.debug_abbrev,"",%progbits
 282              	.Ldebug_abbrev0:
 283 0000 01       		.uleb128 0x1
 284 0001 11       		.uleb128 0x11
 285 0002 01       		.byte	0x1
 286 0003 25       		.uleb128 0x25
 287 0004 0E       		.uleb128 0xe
 288 0005 13       		.uleb128 0x13
 289 0006 0B       		.uleb128 0xb
 290 0007 03       		.uleb128 0x3
 291 0008 0E       		.uleb128 0xe
 292 0009 1B       		.uleb128 0x1b
 293 000a 0E       		.uleb128 0xe
 294 000b 55       		.uleb128 0x55
 295 000c 17       		.uleb128 0x17
 296 000d 11       		.uleb128 0x11
 297 000e 01       		.uleb128 0x1
 298 000f 10       		.uleb128 0x10
 299 0010 17       		.uleb128 0x17
 300 0011 00       		.byte	0
 301 0012 00       		.byte	0
 302 0013 02       		.uleb128 0x2
 303 0014 24       		.uleb128 0x24
 304 0015 00       		.byte	0
 305 0016 0B       		.uleb128 0xb
 306 0017 0B       		.uleb128 0xb
 307 0018 3E       		.uleb128 0x3e
 308 0019 0B       		.uleb128 0xb
 309 001a 03       		.uleb128 0x3
 310 001b 0E       		.uleb128 0xe
 311 001c 00       		.byte	0
 312 001d 00       		.byte	0
 313 001e 03       		.uleb128 0x3
 314 001f 24       		.uleb128 0x24
ARM GAS  C:\Users\miyag\AppData\Local\Temp\cckEEKEm.s 			page 8


 315 0020 00       		.byte	0
 316 0021 0B       		.uleb128 0xb
 317 0022 0B       		.uleb128 0xb
 318 0023 3E       		.uleb128 0x3e
 319 0024 0B       		.uleb128 0xb
 320 0025 03       		.uleb128 0x3
 321 0026 08       		.uleb128 0x8
 322 0027 00       		.byte	0
 323 0028 00       		.byte	0
 324 0029 04       		.uleb128 0x4
 325 002a 16       		.uleb128 0x16
 326 002b 00       		.byte	0
 327 002c 03       		.uleb128 0x3
 328 002d 0E       		.uleb128 0xe
 329 002e 3A       		.uleb128 0x3a
 330 002f 0B       		.uleb128 0xb
 331 0030 3B       		.uleb128 0x3b
 332 0031 05       		.uleb128 0x5
 333 0032 49       		.uleb128 0x49
 334 0033 13       		.uleb128 0x13
 335 0034 00       		.byte	0
 336 0035 00       		.byte	0
 337 0036 05       		.uleb128 0x5
 338 0037 35       		.uleb128 0x35
 339 0038 00       		.byte	0
 340 0039 49       		.uleb128 0x49
 341 003a 13       		.uleb128 0x13
 342 003b 00       		.byte	0
 343 003c 00       		.byte	0
 344 003d 06       		.uleb128 0x6
 345 003e 13       		.uleb128 0x13
 346 003f 01       		.byte	0x1
 347 0040 0B       		.uleb128 0xb
 348 0041 0B       		.uleb128 0xb
 349 0042 3A       		.uleb128 0x3a
 350 0043 0B       		.uleb128 0xb
 351 0044 3B       		.uleb128 0x3b
 352 0045 0B       		.uleb128 0xb
 353 0046 01       		.uleb128 0x1
 354 0047 13       		.uleb128 0x13
 355 0048 00       		.byte	0
 356 0049 00       		.byte	0
 357 004a 07       		.uleb128 0x7
 358 004b 0D       		.uleb128 0xd
 359 004c 00       		.byte	0
 360 004d 03       		.uleb128 0x3
 361 004e 0E       		.uleb128 0xe
 362 004f 3A       		.uleb128 0x3a
 363 0050 0B       		.uleb128 0xb
 364 0051 3B       		.uleb128 0x3b
 365 0052 0B       		.uleb128 0xb
 366 0053 49       		.uleb128 0x49
 367 0054 13       		.uleb128 0x13
 368 0055 38       		.uleb128 0x38
 369 0056 0B       		.uleb128 0xb
 370 0057 00       		.byte	0
 371 0058 00       		.byte	0
ARM GAS  C:\Users\miyag\AppData\Local\Temp\cckEEKEm.s 			page 9


 372 0059 08       		.uleb128 0x8
 373 005a 16       		.uleb128 0x16
 374 005b 00       		.byte	0
 375 005c 03       		.uleb128 0x3
 376 005d 0E       		.uleb128 0xe
 377 005e 3A       		.uleb128 0x3a
 378 005f 0B       		.uleb128 0xb
 379 0060 3B       		.uleb128 0x3b
 380 0061 0B       		.uleb128 0xb
 381 0062 49       		.uleb128 0x49
 382 0063 13       		.uleb128 0x13
 383 0064 00       		.byte	0
 384 0065 00       		.byte	0
 385 0066 09       		.uleb128 0x9
 386 0067 0F       		.uleb128 0xf
 387 0068 00       		.byte	0
 388 0069 0B       		.uleb128 0xb
 389 006a 0B       		.uleb128 0xb
 390 006b 49       		.uleb128 0x49
 391 006c 13       		.uleb128 0x13
 392 006d 00       		.byte	0
 393 006e 00       		.byte	0
 394 006f 0A       		.uleb128 0xa
 395 0070 01       		.uleb128 0x1
 396 0071 01       		.byte	0x1
 397 0072 49       		.uleb128 0x49
 398 0073 13       		.uleb128 0x13
 399 0074 01       		.uleb128 0x1
 400 0075 13       		.uleb128 0x13
 401 0076 00       		.byte	0
 402 0077 00       		.byte	0
 403 0078 0B       		.uleb128 0xb
 404 0079 21       		.uleb128 0x21
 405 007a 00       		.byte	0
 406 007b 49       		.uleb128 0x49
 407 007c 13       		.uleb128 0x13
 408 007d 2F       		.uleb128 0x2f
 409 007e 0B       		.uleb128 0xb
 410 007f 00       		.byte	0
 411 0080 00       		.byte	0
 412 0081 0C       		.uleb128 0xc
 413 0082 2E       		.uleb128 0x2e
 414 0083 01       		.byte	0x1
 415 0084 3F       		.uleb128 0x3f
 416 0085 19       		.uleb128 0x19
 417 0086 03       		.uleb128 0x3
 418 0087 0E       		.uleb128 0xe
 419 0088 3A       		.uleb128 0x3a
 420 0089 0B       		.uleb128 0xb
 421 008a 3B       		.uleb128 0x3b
 422 008b 0B       		.uleb128 0xb
 423 008c 27       		.uleb128 0x27
 424 008d 19       		.uleb128 0x19
 425 008e 49       		.uleb128 0x49
 426 008f 13       		.uleb128 0x13
 427 0090 11       		.uleb128 0x11
 428 0091 01       		.uleb128 0x1
ARM GAS  C:\Users\miyag\AppData\Local\Temp\cckEEKEm.s 			page 10


 429 0092 12       		.uleb128 0x12
 430 0093 06       		.uleb128 0x6
 431 0094 40       		.uleb128 0x40
 432 0095 18       		.uleb128 0x18
 433 0096 9742     		.uleb128 0x2117
 434 0098 19       		.uleb128 0x19
 435 0099 01       		.uleb128 0x1
 436 009a 13       		.uleb128 0x13
 437 009b 00       		.byte	0
 438 009c 00       		.byte	0
 439 009d 0D       		.uleb128 0xd
 440 009e 34       		.uleb128 0x34
 441 009f 00       		.byte	0
 442 00a0 03       		.uleb128 0x3
 443 00a1 0E       		.uleb128 0xe
 444 00a2 3A       		.uleb128 0x3a
 445 00a3 0B       		.uleb128 0xb
 446 00a4 3B       		.uleb128 0x3b
 447 00a5 0B       		.uleb128 0xb
 448 00a6 49       		.uleb128 0x49
 449 00a7 13       		.uleb128 0x13
 450 00a8 02       		.uleb128 0x2
 451 00a9 17       		.uleb128 0x17
 452 00aa 00       		.byte	0
 453 00ab 00       		.byte	0
 454 00ac 0E       		.uleb128 0xe
 455 00ad 898201   		.uleb128 0x4109
 456 00b0 00       		.byte	0
 457 00b1 11       		.uleb128 0x11
 458 00b2 01       		.uleb128 0x1
 459 00b3 9542     		.uleb128 0x2115
 460 00b5 19       		.uleb128 0x19
 461 00b6 31       		.uleb128 0x31
 462 00b7 13       		.uleb128 0x13
 463 00b8 00       		.byte	0
 464 00b9 00       		.byte	0
 465 00ba 0F       		.uleb128 0xf
 466 00bb 34       		.uleb128 0x34
 467 00bc 00       		.byte	0
 468 00bd 03       		.uleb128 0x3
 469 00be 0E       		.uleb128 0xe
 470 00bf 3A       		.uleb128 0x3a
 471 00c0 0B       		.uleb128 0xb
 472 00c1 3B       		.uleb128 0x3b
 473 00c2 0B       		.uleb128 0xb
 474 00c3 49       		.uleb128 0x49
 475 00c4 13       		.uleb128 0x13
 476 00c5 3F       		.uleb128 0x3f
 477 00c6 19       		.uleb128 0x19
 478 00c7 3C       		.uleb128 0x3c
 479 00c8 19       		.uleb128 0x19
 480 00c9 00       		.byte	0
 481 00ca 00       		.byte	0
 482 00cb 10       		.uleb128 0x10
 483 00cc 26       		.uleb128 0x26
 484 00cd 00       		.byte	0
 485 00ce 49       		.uleb128 0x49
ARM GAS  C:\Users\miyag\AppData\Local\Temp\cckEEKEm.s 			page 11


 486 00cf 13       		.uleb128 0x13
 487 00d0 00       		.byte	0
 488 00d1 00       		.byte	0
 489 00d2 11       		.uleb128 0x11
 490 00d3 2E       		.uleb128 0x2e
 491 00d4 00       		.byte	0
 492 00d5 3F       		.uleb128 0x3f
 493 00d6 19       		.uleb128 0x19
 494 00d7 03       		.uleb128 0x3
 495 00d8 0E       		.uleb128 0xe
 496 00d9 3A       		.uleb128 0x3a
 497 00da 0B       		.uleb128 0xb
 498 00db 3B       		.uleb128 0x3b
 499 00dc 0B       		.uleb128 0xb
 500 00dd 27       		.uleb128 0x27
 501 00de 19       		.uleb128 0x19
 502 00df 49       		.uleb128 0x49
 503 00e0 13       		.uleb128 0x13
 504 00e1 3C       		.uleb128 0x3c
 505 00e2 19       		.uleb128 0x19
 506 00e3 00       		.byte	0
 507 00e4 00       		.byte	0
 508 00e5 00       		.byte	0
 509              		.section	.debug_loc,"",%progbits
 510              	.Ldebug_loc0:
 511              	.LLST0:
 512 0000 00000000 		.4byte	.LVL0
 513 0004 1C000000 		.4byte	.LVL1
 514 0008 0200     		.2byte	0x2
 515 000a 30       		.byte	0x30
 516 000b 9F       		.byte	0x9f
 517 000c 00000000 		.4byte	0
 518 0010 00000000 		.4byte	0
 519              		.section	.debug_aranges,"",%progbits
 520 0000 1C000000 		.4byte	0x1c
 521 0004 0200     		.2byte	0x2
 522 0006 00000000 		.4byte	.Ldebug_info0
 523 000a 04       		.byte	0x4
 524 000b 00       		.byte	0
 525 000c 0000     		.2byte	0
 526 000e 0000     		.2byte	0
 527 0010 00000000 		.4byte	.LFB0
 528 0014 2C000000 		.4byte	.LFE0-.LFB0
 529 0018 00000000 		.4byte	0
 530 001c 00000000 		.4byte	0
 531              		.section	.debug_ranges,"",%progbits
 532              	.Ldebug_ranges0:
 533 0000 00000000 		.4byte	.LFB0
 534 0004 2C000000 		.4byte	.LFE0
 535 0008 00000000 		.4byte	0
 536 000c 00000000 		.4byte	0
 537              		.section	.debug_line,"",%progbits
 538              	.Ldebug_line0:
 539 0000 8B000000 		.section	.debug_str,"MS",%progbits,1
 539      02006E00 
 539      00000201 
 539      FB0E0D00 
ARM GAS  C:\Users\miyag\AppData\Local\Temp\cckEEKEm.s 			page 12


 539      01010101 
 540              	.LASF20:
 541 0000 70537461 		.ascii	"pStatusBlock\000"
 541      74757342 
 541      6C6F636B 
 541      00
 542              	.LASF21:
 543 000d 545F5553 		.ascii	"T_USBUART_1_TD\000"
 543      42554152 
 543      545F315F 
 543      544400
 544              	.LASF18:
 545 001c 636F756E 		.ascii	"count\000"
 545      7400
 546              	.LASF3:
 547 0022 73686F72 		.ascii	"short unsigned int\000"
 547      7420756E 
 547      7369676E 
 547      65642069 
 547      6E7400
 548              	.LASF15:
 549 0035 73746174 		.ascii	"status\000"
 549      757300
 550              	.LASF19:
 551 003c 70446174 		.ascii	"pData\000"
 551      6100
 552              	.LASF22:
 553 0042 65704461 		.ascii	"epData\000"
 553      746100
 554              	.LASF11:
 555 0049 666C6F61 		.ascii	"float\000"
 555      7400
 556              	.LASF1:
 557 004f 756E7369 		.ascii	"unsigned char\000"
 557      676E6564 
 557      20636861 
 557      7200
 558              	.LASF5:
 559 005d 6C6F6E67 		.ascii	"long unsigned int\000"
 559      20756E73 
 559      69676E65 
 559      6420696E 
 559      7400
 560              	.LASF9:
 561 006f 75696E74 		.ascii	"uint8\000"
 561      3800
 562              	.LASF28:
 563 0075 433A5C54 		.ascii	"C:\\TIRI\\k3g2pmpm_20211223\\trobot_psoc_v6_73\\tro"
 563      4952495C 
 563      6B336732 
 563      706D706D 
 563      5F323032 
 564 00a4 626F7436 		.ascii	"bot6_cir2_2wd.cydsn\000"
 564      5F636972 
 564      325F3277 
 564      642E6379 
 564      64736E00 
ARM GAS  C:\Users\miyag\AppData\Local\Temp\cckEEKEm.s 			page 13


 565              	.LASF12:
 566 00b8 646F7562 		.ascii	"double\000"
 566      6C6500
 567              	.LASF10:
 568 00bf 75696E74 		.ascii	"uint16\000"
 568      313600
 569              	.LASF23:
 570 00c6 55534255 		.ascii	"USBUART_1_ep0_data_struct\000"
 570      4152545F 
 570      315F6570 
 570      305F6461 
 570      74615F73 
 571              	.LASF8:
 572 00e0 756E7369 		.ascii	"unsigned int\000"
 572      676E6564 
 572      20696E74 
 572      00
 573              	.LASF31:
 574 00ed 55534255 		.ascii	"USBUART_1_InitControlRead\000"
 574      4152545F 
 574      315F496E 
 574      6974436F 
 574      6E74726F 
 575              	.LASF7:
 576 0107 6C6F6E67 		.ascii	"long long unsigned int\000"
 576      206C6F6E 
 576      6720756E 
 576      7369676E 
 576      65642069 
 577              	.LASF29:
 578 011e 55534255 		.ascii	"USBUART_1_HandleVendorRqst\000"
 578      4152545F 
 578      315F4861 
 578      6E646C65 
 578      56656E64 
 579              	.LASF14:
 580 0139 73697A65 		.ascii	"sizetype\000"
 580      74797065 
 580      00
 581              	.LASF6:
 582 0142 6C6F6E67 		.ascii	"long long int\000"
 582      206C6F6E 
 582      6720696E 
 582      7400
 583              	.LASF13:
 584 0150 63686172 		.ascii	"char\000"
 584      00
 585              	.LASF17:
 586 0155 545F5553 		.ascii	"T_USBUART_1_XFER_STATUS_BLOCK\000"
 586      42554152 
 586      545F315F 
 586      58464552 
 586      5F535441 
 587              	.LASF2:
 588 0173 73686F72 		.ascii	"short int\000"
 588      7420696E 
 588      7400
ARM GAS  C:\Users\miyag\AppData\Local\Temp\cckEEKEm.s 			page 14


 589              	.LASF26:
 590 017d 474E5520 		.ascii	"GNU C 4.9.3 20150303 (release) [ARM/embedded-4_9-br"
 590      4320342E 
 590      392E3320 
 590      32303135 
 590      30333033 
 591 01b0 616E6368 		.ascii	"anch revision 221220] -mcpu=cortex-m3 -mthumb -g -O"
 591      20726576 
 591      6973696F 
 591      6E203232 
 591      31323230 
 592 01e3 73202D66 		.ascii	"s -ffunction-sections -ffat-lto-objects\000"
 592      66756E63 
 592      74696F6E 
 592      2D736563 
 592      74696F6E 
 593              	.LASF30:
 594 020b 72657175 		.ascii	"requestHandled\000"
 594      65737448 
 594      616E646C 
 594      656400
 595              	.LASF4:
 596 021a 6C6F6E67 		.ascii	"long int\000"
 596      20696E74 
 596      00
 597              	.LASF25:
 598 0223 55534255 		.ascii	"USBUART_1_currentTD\000"
 598      4152545F 
 598      315F6375 
 598      7272656E 
 598      74544400 
 599              	.LASF0:
 600 0237 7369676E 		.ascii	"signed char\000"
 600      65642063 
 600      68617200 
 601              	.LASF24:
 602 0243 55534255 		.ascii	"USBUART_1_MSOS_CONFIGURATION_DESCR\000"
 602      4152545F 
 602      315F4D53 
 602      4F535F43 
 602      4F4E4649 
 603              	.LASF27:
 604 0266 2E5C4765 		.ascii	".\\Generated_Source\\PSoC5\\USBUART_1_vnd.c\000"
 604      6E657261 
 604      7465645F 
 604      536F7572 
 604      63655C50 
 605              	.LASF16:
 606 028f 6C656E67 		.ascii	"length\000"
 606      746800
 607              		.ident	"GCC: (GNU Tools for ARM Embedded Processors) 4.9.3 20150303 (release) [ARM/embedded-4_9-br
